[0.760s] Invoking command in '/home/bjl/bjl_ws/src/autopartol_robot': PYTHONPATH=/home/bjl/bjl_ws/build/autopartol_robot/prefix_override:/usr/lib/python3/dist-packages/colcon_core/task/python/colcon_distutils_commands:/home/bjl/bjl_ws/install/autopartol_robot/lib/python3.10/site-packages:${PYTHONPATH} /usr/bin/python3 -W ignore:setup.py install is deprecated -W ignore:easy_install command is deprecated setup.py egg_info --egg-base ../../build/autopartol_robot build --build-base /home/bjl/bjl_ws/build/autopartol_robot/build install --record /home/bjl/bjl_ws/build/autopartol_robot/install.log --single-version-externally-managed install_data
[0.942s] running egg_info
[0.943s] creating ../../build/autopartol_robot/autopartol_robot.egg-info
[0.944s] writing ../../build/autopartol_robot/autopartol_robot.egg-info/PKG-INFO
[0.944s] writing dependency_links to ../../build/autopartol_robot/autopartol_robot.egg-info/dependency_links.txt
[0.944s] writing entry points to ../../build/autopartol_robot/autopartol_robot.egg-info/entry_points.txt
[0.944s] writing requirements to ../../build/autopartol_robot/autopartol_robot.egg-info/requires.txt
[0.944s] writing top-level names to ../../build/autopartol_robot/autopartol_robot.egg-info/top_level.txt
[0.944s] writing manifest file '../../build/autopartol_robot/autopartol_robot.egg-info/SOURCES.txt'
[0.945s] reading manifest file '../../build/autopartol_robot/autopartol_robot.egg-info/SOURCES.txt'
[0.946s] writing manifest file '../../build/autopartol_robot/autopartol_robot.egg-info/SOURCES.txt'
[0.946s] running build
[0.946s] running build_py
[0.946s] creating /home/bjl/bjl_ws/build/autopartol_robot/build
[0.947s] creating /home/bjl/bjl_ws/build/autopartol_robot/build/lib
[0.947s] creating /home/bjl/bjl_ws/build/autopartol_robot/build/lib/autopartol_robot
[0.947s] copying autopartol_robot/partol_node.py -> /home/bjl/bjl_ws/build/autopartol_robot/build/lib/autopartol_robot
[0.947s] copying autopartol_robot/__init__.py -> /home/bjl/bjl_ws/build/autopartol_robot/build/lib/autopartol_robot
[0.948s] running install
[0.948s] running install_lib
[0.948s] creating /home/bjl/bjl_ws/install/autopartol_robot/lib/python3.10/site-packages/autopartol_robot
[0.948s] copying /home/bjl/bjl_ws/build/autopartol_robot/build/lib/autopartol_robot/partol_node.py -> /home/bjl/bjl_ws/install/autopartol_robot/lib/python3.10/site-packages/autopartol_robot
[0.948s] copying /home/bjl/bjl_ws/build/autopartol_robot/build/lib/autopartol_robot/__init__.py -> /home/bjl/bjl_ws/install/autopartol_robot/lib/python3.10/site-packages/autopartol_robot
[0.948s] byte-compiling /home/bjl/bjl_ws/install/autopartol_robot/lib/python3.10/site-packages/autopartol_robot/partol_node.py to partol_node.cpython-310.pyc
[0.949s] byte-compiling /home/bjl/bjl_ws/install/autopartol_robot/lib/python3.10/site-packages/autopartol_robot/__init__.py to __init__.cpython-310.pyc
[0.949s] running install_data
[0.949s] creating /home/bjl/bjl_ws/install/autopartol_robot/share/ament_index
[0.950s] creating /home/bjl/bjl_ws/install/autopartol_robot/share/ament_index/resource_index
[0.950s] creating /home/bjl/bjl_ws/install/autopartol_robot/share/ament_index/resource_index/packages
[0.950s] copying resource/autopartol_robot -> /home/bjl/bjl_ws/install/autopartol_robot/share/ament_index/resource_index/packages
[0.950s] copying package.xml -> /home/bjl/bjl_ws/install/autopartol_robot/share/autopartol_robot
[0.950s] creating /home/bjl/bjl_ws/install/autopartol_robot/share/autopartol_robot/config
[0.950s] copying config/partol_config.yaml -> /home/bjl/bjl_ws/install/autopartol_robot/share/autopartol_robot/config
[0.950s] running install_egg_info
[0.951s] Copying ../../build/autopartol_robot/autopartol_robot.egg-info to /home/bjl/bjl_ws/install/autopartol_robot/lib/python3.10/site-packages/autopartol_robot-0.0.0-py3.10.egg-info
[0.951s] running install_scripts
[0.974s] Installing partol_node script to /home/bjl/bjl_ws/install/autopartol_robot/lib/autopartol_robot
[0.974s] writing list of installed files to '/home/bjl/bjl_ws/build/autopartol_robot/install.log'
[1.009s] Invoked command in '/home/bjl/bjl_ws/src/autopartol_robot' returned '0': PYTHONPATH=/home/bjl/bjl_ws/build/autopartol_robot/prefix_override:/usr/lib/python3/dist-packages/colcon_core/task/python/colcon_distutils_commands:/home/bjl/bjl_ws/install/autopartol_robot/lib/python3.10/site-packages:${PYTHONPATH} /usr/bin/python3 -W ignore:setup.py install is deprecated -W ignore:easy_install command is deprecated setup.py egg_info --egg-base ../../build/autopartol_robot build --build-base /home/bjl/bjl_ws/build/autopartol_robot/build install --record /home/bjl/bjl_ws/build/autopartol_robot/install.log --single-version-externally-managed install_data
