-- The C compiler identification is GNU 11.4.0
-- The CXX compiler identification is GNU 11.4.0
-- Detecting C compiler ABI info
-- Detecting C compiler ABI info - done
-- Check for working C compiler: /usr/bin/cc - skipped
-- Detecting C compile features
-- Detecting C compile features - done
-- Detecting CXX compiler ABI info
-- Detecting CXX compiler ABI info - done
-- Check for working CXX compiler: /usr/bin/c++ - skipped
-- Detecting CXX compile features
-- Detecting CXX compile features - done
-- Found ament_cmake: 1.3.11 (/opt/ros/humble/share/ament_cmake/cmake)
-- Found Python3: /usr/bin/python3 (found version "3.10.12") found components: Interpreter 
-- Found face_interfaces: 0.0.0 (/home/bjl/bjl_ws/install/face_interfaces/share/face_interfaces/cmake)
-- Found rosidl_generator_c: 3.1.6 (/opt/ros/humble/share/rosidl_generator_c/cmake)
-- Found rosidl_adapter: 3.1.6 (/opt/ros/humble/share/rosidl_adapter/cmake)
-- Found rosidl_generator_cpp: 3.1.6 (/opt/ros/humble/share/rosidl_generator_cpp/cmake)
-- Using all available rosidl_typesupport_c: rosidl_typesupport_fastrtps_c;rosidl_typesupport_introspection_c
-- Using all available rosidl_typesupport_cpp: rosidl_typesupport_fastrtps_cpp;rosidl_typesupport_introspection_cpp
-- Found rclcpp: 16.0.11 (/opt/ros/humble/share/rclcpp/cmake)
-- Found rmw_implementation_cmake: 6.1.2 (/opt/ros/humble/share/rmw_implementation_cmake/cmake)
-- Found rmw_fastrtps_cpp: 6.2.7 (/opt/ros/humble/share/rmw_fastrtps_cpp/cmake)
-- Found OpenSSL: /usr/lib/x86_64-linux-gnu/libcrypto.so (found version "3.0.2")  
-- Found FastRTPS: /opt/ros/humble/include  
-- Using RMW implementation 'rmw_fastrtps_cpp' as default
-- Looking for pthread.h
-- Looking for pthread.h - found
-- Performing Test CMAKE_HAVE_LIBC_PTHREAD
-- Performing Test CMAKE_HAVE_LIBC_PTHREAD - Success
-- Found Threads: TRUE  
-- Found turtlesim: 1.4.2 (/opt/ros/humble/share/turtlesim/cmake)
-- Found ament_lint_auto: 0.12.11 (/opt/ros/humble/share/ament_lint_auto/cmake)
-- Added test 'cppcheck' to perform static code analysis on C / C++ code
-- Configured cppcheck include dirs: 
-- Configured cppcheck exclude dirs and/or files: 
-- Added test 'lint_cmake' to check CMake code style
-- Added test 'uncrustify' to check C / C++ code style
-- Configured uncrustify additional arguments: 
-- Added test 'xmllint' to check XML markup files
-- Configuring done
-- Generating done
-- Build files have been written to: /home/bjl/bjl_ws/build/patrol_control_service
[ 10%] [32mBuilding CXX object CMakeFiles/turtle_control.dir/src/turtle_control.cpp.o[0m
[ 20%] [32mBuilding CXX object CMakeFiles/turtle_control2.dir/src/turtle_control2.cpp.o[0m
[ 30%] [32mBuilding CXX object CMakeFiles/turtle_control3.dir/src/turtle_control3.cpp.o[0m
[ 40%] [32mBuilding CXX object CMakeFiles/partol_client.dir/src/partol_client.cpp.o[0m
[ 50%] [32mBuilding CXX object CMakeFiles/partol_client2.dir/src/partol_client2.cpp.o[0m
[ 60%] [32m[1mLinking CXX executable partol_client[0m
[ 60%] Built target partol_client
[ 70%] [32m[1mLinking CXX executable partol_client2[0m
[ 70%] Built target partol_client2
[ 80%] [32m[1mLinking CXX executable turtle_control2[0m
[ 90%] [32m[1mLinking CXX executable turtle_control[0m
[100%] [32m[1mLinking CXX executable turtle_control3[0m
[100%] Built target turtle_control2
[100%] Built target turtle_control
[100%] Built target turtle_control3
-- Install configuration: ""
-- Installing: /home/bjl/bjl_ws/install/patrol_control_service/lib/patrol_control_service/turtle_control
-- Set runtime path of "/home/bjl/bjl_ws/install/patrol_control_service/lib/patrol_control_service/turtle_control" to ""
-- Installing: /home/bjl/bjl_ws/install/patrol_control_service/lib/patrol_control_service/partol_client
-- Set runtime path of "/home/bjl/bjl_ws/install/patrol_control_service/lib/patrol_control_service/partol_client" to ""
-- Installing: /home/bjl/bjl_ws/install/patrol_control_service/lib/patrol_control_service/turtle_control2
-- Set runtime path of "/home/bjl/bjl_ws/install/patrol_control_service/lib/patrol_control_service/turtle_control2" to ""
-- Installing: /home/bjl/bjl_ws/install/patrol_control_service/lib/patrol_control_service/turtle_control3
-- Set runtime path of "/home/bjl/bjl_ws/install/patrol_control_service/lib/patrol_control_service/turtle_control3" to ""
-- Installing: /home/bjl/bjl_ws/install/patrol_control_service/lib/patrol_control_service/partol_client2
-- Set runtime path of "/home/bjl/bjl_ws/install/patrol_control_service/lib/patrol_control_service/partol_client2" to ""
-- Installing: /home/bjl/bjl_ws/install/patrol_control_service/share/ament_index/resource_index/package_run_dependencies/patrol_control_service
-- Installing: /home/bjl/bjl_ws/install/patrol_control_service/share/ament_index/resource_index/parent_prefix_path/patrol_control_service
-- Installing: /home/bjl/bjl_ws/install/patrol_control_service/share/patrol_control_service/environment/ament_prefix_path.sh
-- Installing: /home/bjl/bjl_ws/install/patrol_control_service/share/patrol_control_service/environment/ament_prefix_path.dsv
-- Installing: /home/bjl/bjl_ws/install/patrol_control_service/share/patrol_control_service/environment/path.sh
-- Installing: /home/bjl/bjl_ws/install/patrol_control_service/share/patrol_control_service/environment/path.dsv
-- Installing: /home/bjl/bjl_ws/install/patrol_control_service/share/patrol_control_service/local_setup.bash
-- Installing: /home/bjl/bjl_ws/install/patrol_control_service/share/patrol_control_service/local_setup.sh
-- Installing: /home/bjl/bjl_ws/install/patrol_control_service/share/patrol_control_service/local_setup.zsh
-- Installing: /home/bjl/bjl_ws/install/patrol_control_service/share/patrol_control_service/local_setup.dsv
-- Installing: /home/bjl/bjl_ws/install/patrol_control_service/share/patrol_control_service/package.dsv
-- Installing: /home/bjl/bjl_ws/install/patrol_control_service/share/ament_index/resource_index/packages/patrol_control_service
-- Installing: /home/bjl/bjl_ws/install/patrol_control_service/share/patrol_control_service/cmake/patrol_control_serviceConfig.cmake
-- Installing: /home/bjl/bjl_ws/install/patrol_control_service/share/patrol_control_service/cmake/patrol_control_serviceConfig-version.cmake
-- Installing: /home/bjl/bjl_ws/install/patrol_control_service/share/patrol_control_service/package.xml
