[0.220s] Invoking command in '/home/bjl/bjl_ws/build/patrol_control_service': AMENT_PREFIX_PATH=/home/bjl/bjl_ws/install/face_interfaces:${AMENT_PREFIX_PATH} CMAKE_PREFIX_PATH=/home/bjl/bjl_ws/install/face_interfaces:/opt/ros/humble LD_LIBRARY_PATH=/home/bjl/bjl_ws/install/face_interfaces/lib:${LD_LIBRARY_PATH} PYTHONPATH=/home/bjl/bjl_ws/install/face_interfaces/local/lib/python3.10/dist-packages:${PYTHONPATH} /usr/bin/cmake /home/bjl/bjl_ws/src/patrol_control_service -DCMAKE_INSTALL_PREFIX=/home/bjl/bjl_ws/install/patrol_control_service
[0.281s] -- The C compiler identification is GNU 11.4.0
[0.611s] -- The CXX compiler identification is GNU 11.4.0
[0.850s] -- Detecting C compiler ABI info
[0.961s] -- Detecting C compiler ABI info - done
[0.966s] -- Check for working C compiler: /usr/bin/cc - skipped
[0.966s] -- Detecting C compile features
[0.967s] -- Detecting C compile features - done
[0.968s] -- Detecting CXX compiler ABI info
[1.091s] -- Detecting CXX compiler ABI info - done
[1.100s] -- Check for working CXX compiler: /usr/bin/c++ - skipped
[1.101s] -- Detecting CXX compile features
[1.101s] -- Detecting CXX compile features - done
[1.103s] -- Found ament_cmake: 1.3.11 (/opt/ros/humble/share/ament_cmake/cmake)
[1.244s] -- Found Python3: /usr/bin/python3 (found version "3.10.12") found components: Interpreter 
[1.315s] -- Found face_interfaces: 0.0.0 (/home/bjl/bjl_ws/install/face_interfaces/share/face_interfaces/cmake)
[1.443s] -- Found rosidl_generator_c: 3.1.6 (/opt/ros/humble/share/rosidl_generator_c/cmake)
[1.448s] -- Found rosidl_adapter: 3.1.6 (/opt/ros/humble/share/rosidl_adapter/cmake)
[1.456s] -- Found rosidl_generator_cpp: 3.1.6 (/opt/ros/humble/share/rosidl_generator_cpp/cmake)
[1.464s] -- Using all available rosidl_typesupport_c: rosidl_typesupport_fastrtps_c;rosidl_typesupport_introspection_c
[1.474s] -- Using all available rosidl_typesupport_cpp: rosidl_typesupport_fastrtps_cpp;rosidl_typesupport_introspection_cpp
[1.533s] -- Found rclcpp: 16.0.11 (/opt/ros/humble/share/rclcpp/cmake)
[1.565s] -- Found rmw_implementation_cmake: 6.1.2 (/opt/ros/humble/share/rmw_implementation_cmake/cmake)
[1.567s] -- Found rmw_fastrtps_cpp: 6.2.7 (/opt/ros/humble/share/rmw_fastrtps_cpp/cmake)
[2.575s] -- Found OpenSSL: /usr/lib/x86_64-linux-gnu/libcrypto.so (found version "3.0.2")  
[3.479s] -- Found FastRTPS: /opt/ros/humble/include  
[4.930s] -- Using RMW implementation 'rmw_fastrtps_cpp' as default
[4.936s] -- Looking for pthread.h
[5.046s] -- Looking for pthread.h - found
[5.046s] -- Performing Test CMAKE_HAVE_LIBC_PTHREAD
[5.162s] -- Performing Test CMAKE_HAVE_LIBC_PTHREAD - Success
[5.163s] -- Found Threads: TRUE  
[5.196s] -- Found turtlesim: 1.4.2 (/opt/ros/humble/share/turtlesim/cmake)
[5.238s] -- Found ament_lint_auto: 0.12.11 (/opt/ros/humble/share/ament_lint_auto/cmake)
[5.305s] -- Added test 'cppcheck' to perform static code analysis on C / C++ code
[5.305s] -- Configured cppcheck include dirs: 
[5.305s] -- Configured cppcheck exclude dirs and/or files: 
[5.305s] -- Added test 'lint_cmake' to check CMake code style
[5.306s] -- Added test 'uncrustify' to check C / C++ code style
[5.306s] -- Configured uncrustify additional arguments: 
[5.307s] -- Added test 'xmllint' to check XML markup files
[5.308s] -- Configuring done
[5.330s] -- Generating done
[5.339s] -- Build files have been written to: /home/bjl/bjl_ws/build/patrol_control_service
[5.348s] Invoked command in '/home/bjl/bjl_ws/build/patrol_control_service' returned '0': AMENT_PREFIX_PATH=/home/bjl/bjl_ws/install/face_interfaces:${AMENT_PREFIX_PATH} CMAKE_PREFIX_PATH=/home/bjl/bjl_ws/install/face_interfaces:/opt/ros/humble LD_LIBRARY_PATH=/home/bjl/bjl_ws/install/face_interfaces/lib:${LD_LIBRARY_PATH} PYTHONPATH=/home/bjl/bjl_ws/install/face_interfaces/local/lib/python3.10/dist-packages:${PYTHONPATH} /usr/bin/cmake /home/bjl/bjl_ws/src/patrol_control_service -DCMAKE_INSTALL_PREFIX=/home/bjl/bjl_ws/install/patrol_control_service
[5.351s] Invoking command in '/home/bjl/bjl_ws/build/patrol_control_service': AMENT_PREFIX_PATH=/home/bjl/bjl_ws/install/face_interfaces:${AMENT_PREFIX_PATH} CMAKE_PREFIX_PATH=/home/bjl/bjl_ws/install/face_interfaces:/opt/ros/humble LD_LIBRARY_PATH=/home/bjl/bjl_ws/install/face_interfaces/lib:${LD_LIBRARY_PATH} PYTHONPATH=/home/bjl/bjl_ws/install/face_interfaces/local/lib/python3.10/dist-packages:${PYTHONPATH} /usr/bin/cmake --build /home/bjl/bjl_ws/build/patrol_control_service -- -j16 -l16
[5.388s] [ 10%] [32mBuilding CXX object CMakeFiles/turtle_control.dir/src/turtle_control.cpp.o[0m
[5.388s] [ 20%] [32mBuilding CXX object CMakeFiles/turtle_control2.dir/src/turtle_control2.cpp.o[0m
[5.389s] [ 30%] [32mBuilding CXX object CMakeFiles/turtle_control3.dir/src/turtle_control3.cpp.o[0m
[5.394s] [ 40%] [32mBuilding CXX object CMakeFiles/partol_client.dir/src/partol_client.cpp.o[0m
[5.395s] [ 50%] [32mBuilding CXX object CMakeFiles/partol_client2.dir/src/partol_client2.cpp.o[0m
[10.252s] [ 60%] [32m[1mLinking CXX executable partol_client[0m
[10.475s] [ 60%] Built target partol_client
[10.996s] [ 70%] [32m[1mLinking CXX executable partol_client2[0m
[11.291s] [ 70%] Built target partol_client2
[14.708s] [ 80%] [32m[1mLinking CXX executable turtle_control2[0m
[14.850s] [ 90%] [32m[1mLinking CXX executable turtle_control[0m
[15.029s] [100%] [32m[1mLinking CXX executable turtle_control3[0m
[15.207s] [100%] Built target turtle_control2
[15.338s] [100%] Built target turtle_control
[15.482s] [100%] Built target turtle_control3
[15.488s] Invoked command in '/home/bjl/bjl_ws/build/patrol_control_service' returned '0': AMENT_PREFIX_PATH=/home/bjl/bjl_ws/install/face_interfaces:${AMENT_PREFIX_PATH} CMAKE_PREFIX_PATH=/home/bjl/bjl_ws/install/face_interfaces:/opt/ros/humble LD_LIBRARY_PATH=/home/bjl/bjl_ws/install/face_interfaces/lib:${LD_LIBRARY_PATH} PYTHONPATH=/home/bjl/bjl_ws/install/face_interfaces/local/lib/python3.10/dist-packages:${PYTHONPATH} /usr/bin/cmake --build /home/bjl/bjl_ws/build/patrol_control_service -- -j16 -l16
[15.489s] Invoking command in '/home/bjl/bjl_ws/build/patrol_control_service': AMENT_PREFIX_PATH=/home/bjl/bjl_ws/install/face_interfaces:${AMENT_PREFIX_PATH} CMAKE_PREFIX_PATH=/home/bjl/bjl_ws/install/face_interfaces:/opt/ros/humble LD_LIBRARY_PATH=/home/bjl/bjl_ws/install/face_interfaces/lib:${LD_LIBRARY_PATH} PYTHONPATH=/home/bjl/bjl_ws/install/face_interfaces/local/lib/python3.10/dist-packages:${PYTHONPATH} /usr/bin/cmake --install /home/bjl/bjl_ws/build/patrol_control_service
[15.493s] -- Install configuration: ""
[15.493s] -- Installing: /home/bjl/bjl_ws/install/patrol_control_service/lib/patrol_control_service/turtle_control
[15.496s] -- Set runtime path of "/home/bjl/bjl_ws/install/patrol_control_service/lib/patrol_control_service/turtle_control" to ""
[15.496s] -- Installing: /home/bjl/bjl_ws/install/patrol_control_service/lib/patrol_control_service/partol_client
[15.497s] -- Set runtime path of "/home/bjl/bjl_ws/install/patrol_control_service/lib/patrol_control_service/partol_client" to ""
[15.497s] -- Installing: /home/bjl/bjl_ws/install/patrol_control_service/lib/patrol_control_service/turtle_control2
[15.499s] -- Set runtime path of "/home/bjl/bjl_ws/install/patrol_control_service/lib/patrol_control_service/turtle_control2" to ""
[15.499s] -- Installing: /home/bjl/bjl_ws/install/patrol_control_service/lib/patrol_control_service/turtle_control3
[15.501s] -- Set runtime path of "/home/bjl/bjl_ws/install/patrol_control_service/lib/patrol_control_service/turtle_control3" to ""
[15.501s] -- Installing: /home/bjl/bjl_ws/install/patrol_control_service/lib/patrol_control_service/partol_client2
[15.502s] -- Set runtime path of "/home/bjl/bjl_ws/install/patrol_control_service/lib/patrol_control_service/partol_client2" to ""
[15.502s] -- Installing: /home/bjl/bjl_ws/install/patrol_control_service/share/ament_index/resource_index/package_run_dependencies/patrol_control_service
[15.502s] -- Installing: /home/bjl/bjl_ws/install/patrol_control_service/share/ament_index/resource_index/parent_prefix_path/patrol_control_service
[15.502s] -- Installing: /home/bjl/bjl_ws/install/patrol_control_service/share/patrol_control_service/environment/ament_prefix_path.sh
[15.502s] -- Installing: /home/bjl/bjl_ws/install/patrol_control_service/share/patrol_control_service/environment/ament_prefix_path.dsv
[15.503s] -- Installing: /home/bjl/bjl_ws/install/patrol_control_service/share/patrol_control_service/environment/path.sh
[15.503s] -- Installing: /home/bjl/bjl_ws/install/patrol_control_service/share/patrol_control_service/environment/path.dsv
[15.503s] -- Installing: /home/bjl/bjl_ws/install/patrol_control_service/share/patrol_control_service/local_setup.bash
[15.503s] -- Installing: /home/bjl/bjl_ws/install/patrol_control_service/share/patrol_control_service/local_setup.sh
[15.503s] -- Installing: /home/bjl/bjl_ws/install/patrol_control_service/share/patrol_control_service/local_setup.zsh
[15.503s] -- Installing: /home/bjl/bjl_ws/install/patrol_control_service/share/patrol_control_service/local_setup.dsv
[15.503s] -- Installing: /home/bjl/bjl_ws/install/patrol_control_service/share/patrol_control_service/package.dsv
[15.503s] -- Installing: /home/bjl/bjl_ws/install/patrol_control_service/share/ament_index/resource_index/packages/patrol_control_service
[15.503s] -- Installing: /home/bjl/bjl_ws/install/patrol_control_service/share/patrol_control_service/cmake/patrol_control_serviceConfig.cmake
[15.503s] -- Installing: /home/bjl/bjl_ws/install/patrol_control_service/share/patrol_control_service/cmake/patrol_control_serviceConfig-version.cmake
[15.503s] -- Installing: /home/bjl/bjl_ws/install/patrol_control_service/share/patrol_control_service/package.xml
[15.504s] Invoked command in '/home/bjl/bjl_ws/build/patrol_control_service' returned '0': AMENT_PREFIX_PATH=/home/bjl/bjl_ws/install/face_interfaces:${AMENT_PREFIX_PATH} CMAKE_PREFIX_PATH=/home/bjl/bjl_ws/install/face_interfaces:/opt/ros/humble LD_LIBRARY_PATH=/home/bjl/bjl_ws/install/face_interfaces/lib:${LD_LIBRARY_PATH} PYTHONPATH=/home/bjl/bjl_ws/install/face_interfaces/local/lib/python3.10/dist-packages:${PYTHONPATH} /usr/bin/cmake --install /home/bjl/bjl_ws/build/patrol_control_service
