-- Found ament_cmake: 1.3.11 (/opt/ros/humble/share/ament_cmake/cmake)
-- Found rosidl_default_generators: 1.2.0 (/opt/ros/humble/share/rosidl_default_generators/cmake)
-- Using all available rosidl_typesupport_c: rosidl_typesupport_fastrtps_c;rosidl_typesupport_introspection_c
-- Found rosidl_adapter: 3.1.6 (/opt/ros/humble/share/rosidl_adapter/cmake)
-- Using all available rosidl_typesupport_cpp: rosidl_typesupport_fastrtps_cpp;rosidl_typesupport_introspection_cpp
-- Found ament_cmake_ros: 0.10.0 (/opt/ros/humble/share/ament_cmake_ros/cmake)
-- Using all available rosidl_typesupport_c: rosidl_typesupport_fastrtps_c;rosidl_typesupport_introspection_c
-- Using all available rosidl_typesupport_cpp: rosidl_typesupport_fastrtps_cpp;rosidl_typesupport_introspection_cpp
-- Found PythonInterp: /usr/bin/python3 (found suitable version "3.10.12", minimum required is "3.6") 
-- Found python_cmake_module: 0.10.0 (/opt/ros/humble/share/python_cmake_module/cmake)
-- Found PythonLibs: /usr/lib/x86_64-linux-gnu/libpython3.10.so (found suitable version "3.10.12", minimum required is "3.5") 
-- Using PYTHON_EXECUTABLE: /usr/bin/python3
-- Using PYTHON_INCLUDE_DIRS: /usr/include/python3.10
-- Using PYTHON_LIBRARIES: /usr/lib/x86_64-linux-gnu/libpython3.10.so
-- Found PythonExtra: .so  
-- Found ament_lint_auto: 0.12.11 (/opt/ros/humble/share/ament_lint_auto/cmake)
-- Added test 'lint_cmake' to check CMake code style
-- Added test 'xmllint' to check XML markup files
-- Configuring done
-- Generating done
-- Build files have been written to: /home/bjl/bjl_ws/build/autopartol_interface
[  3%] [34m[1mGenerating C code for ROS interfaces[0m
[  6%] [34m[1mGenerating C++ code for ROS interfaces[0m
[  6%] Built target ament_cmake_python_copy_autopartol_interface
running egg_info
creating autopartol_interface.egg-info
writing autopartol_interface.egg-info/PKG-INFO
writing dependency_links to autopartol_interface.egg-info/dependency_links.txt
writing top-level names to autopartol_interface.egg-info/top_level.txt
writing manifest file 'autopartol_interface.egg-info/SOURCES.txt'
reading manifest file 'autopartol_interface.egg-info/SOURCES.txt'
writing manifest file 'autopartol_interface.egg-info/SOURCES.txt'
[  6%] Built target ament_cmake_python_build_autopartol_interface_egg
[  9%] [32mBuilding C object CMakeFiles/autopartol_interface__rosidl_generator_c.dir/rosidl_generator_c/autopartol_interface/srv/detail/speech_text__functions.c.o[0m
[  9%] Built target autopartol_interface__cpp
[ 16%] [34m[1mGenerating C++ type support dispatch for ROS interfaces[0m
[ 16%] [34m[1mGenerating C++ type support for eProsima Fast-RTPS[0m
[ 19%] [34m[1mGenerating C++ introspection for ROS interfaces[0m
[ 22%] [32m[1mLinking C shared library libautopartol_interface__rosidl_generator_c.so[0m
[ 25%] [32mBuilding CXX object CMakeFiles/autopartol_interface__rosidl_typesupport_cpp.dir/rosidl_typesupport_cpp/autopartol_interface/srv/speech_text__type_support.cpp.o[0m
[ 29%] [32mBuilding CXX object CMakeFiles/autopartol_interface__rosidl_typesupport_introspection_cpp.dir/rosidl_typesupport_introspection_cpp/autopartol_interface/srv/detail/speech_text__type_support.cpp.o[0m
[ 32%] [32mBuilding CXX object CMakeFiles/autopartol_interface__rosidl_typesupport_fastrtps_cpp.dir/rosidl_typesupport_fastrtps_cpp/autopartol_interface/srv/detail/dds_fastrtps/speech_text__type_support.cpp.o[0m
[ 32%] Built target autopartol_interface__rosidl_generator_c
[ 38%] [34m[1mGenerating C type support dispatch for ROS interfaces[0m
[ 38%] [34m[1mGenerating C introspection for ROS interfaces[0m
[ 41%] [34m[1mGenerating C type support for eProsima Fast-RTPS[0m
[ 45%] [32mBuilding CXX object CMakeFiles/autopartol_interface__rosidl_typesupport_c.dir/rosidl_typesupport_c/autopartol_interface/srv/speech_text__type_support.cpp.o[0m
[ 48%] [32mBuilding C object CMakeFiles/autopartol_interface__rosidl_typesupport_introspection_c.dir/rosidl_typesupport_introspection_c/autopartol_interface/srv/detail/speech_text__type_support.c.o[0m
[ 51%] [32m[1mLinking CXX shared library libautopartol_interface__rosidl_typesupport_c.so[0m
[ 54%] [32m[1mLinking CXX shared library libautopartol_interface__rosidl_typesupport_cpp.so[0m
[ 61%] [32mBuilding CXX object CMakeFiles/autopartol_interface__rosidl_typesupport_fastrtps_c.dir/rosidl_typesupport_fastrtps_c/autopartol_interface/srv/detail/speech_text__type_support_c.cpp.o[0m
[ 61%] [32m[1mLinking C shared library libautopartol_interface__rosidl_typesupport_introspection_c.so[0m
[ 61%] Built target autopartol_interface__rosidl_typesupport_cpp
[ 61%] Built target autopartol_interface__rosidl_typesupport_introspection_c
[ 61%] Built target autopartol_interface__rosidl_typesupport_c
[ 64%] [32m[1mLinking CXX shared library libautopartol_interface__rosidl_typesupport_fastrtps_cpp.so[0m
[ 67%] [32m[1mLinking CXX shared library libautopartol_interface__rosidl_typesupport_introspection_cpp.so[0m
[ 67%] Built target autopartol_interface__rosidl_typesupport_introspection_cpp
[ 67%] Built target autopartol_interface__rosidl_typesupport_fastrtps_cpp
[ 70%] [32m[1mLinking CXX shared library libautopartol_interface__rosidl_typesupport_fastrtps_c.so[0m
[ 70%] Built target autopartol_interface__rosidl_typesupport_fastrtps_c
[ 70%] Built target autopartol_interface
[ 74%] [34m[1mGenerating Python code for ROS interfaces[0m
[ 74%] Built target autopartol_interface__py
[ 77%] [32mBuilding C object CMakeFiles/autopartol_interface__rosidl_generator_py.dir/rosidl_generator_py/autopartol_interface/srv/_speech_text_s.c.o[0m
[ 80%] [32m[1mLinking C shared library rosidl_generator_py/autopartol_interface/libautopartol_interface__rosidl_generator_py.so[0m
[ 80%] Built target autopartol_interface__rosidl_generator_py
[ 87%] [32mBuilding C object CMakeFiles/autopartol_interface__rosidl_typesupport_introspection_c__pyext.dir/rosidl_generator_py/autopartol_interface/_autopartol_interface_s.ep.rosidl_typesupport_introspection_c.c.o[0m
[ 87%] [32mBuilding C object CMakeFiles/autopartol_interface__rosidl_typesupport_c__pyext.dir/rosidl_generator_py/autopartol_interface/_autopartol_interface_s.ep.rosidl_typesupport_c.c.o[0m
[ 90%] [32mBuilding C object CMakeFiles/autopartol_interface__rosidl_typesupport_fastrtps_c__pyext.dir/rosidl_generator_py/autopartol_interface/_autopartol_interface_s.ep.rosidl_typesupport_fastrtps_c.c.o[0m
[ 93%] [32m[1mLinking C shared library rosidl_generator_py/autopartol_interface/autopartol_interface_s__rosidl_typesupport_introspection_c.cpython-310-x86_64-linux-gnu.so[0m
[ 96%] [32m[1mLinking C shared library rosidl_generator_py/autopartol_interface/autopartol_interface_s__rosidl_typesupport_fastrtps_c.cpython-310-x86_64-linux-gnu.so[0m
[100%] [32m[1mLinking C shared library rosidl_generator_py/autopartol_interface/autopartol_interface_s__rosidl_typesupport_c.cpython-310-x86_64-linux-gnu.so[0m
[100%] Built target autopartol_interface__rosidl_typesupport_c__pyext
[100%] Built target autopartol_interface__rosidl_typesupport_fastrtps_c__pyext
[100%] Built target autopartol_interface__rosidl_typesupport_introspection_c__pyext
-- Install configuration: ""
-- Installing: /home/bjl/bjl_ws/install/autopartol_interface/share/ament_index/resource_index/rosidl_interfaces/autopartol_interface
-- Installing: /home/bjl/bjl_ws/install/autopartol_interface/include/autopartol_interface/autopartol_interface
-- Installing: /home/bjl/bjl_ws/install/autopartol_interface/include/autopartol_interface/autopartol_interface/msg
-- Installing: /home/bjl/bjl_ws/install/autopartol_interface/include/autopartol_interface/autopartol_interface/msg/rosidl_generator_c__visibility_control.h
-- Installing: /home/bjl/bjl_ws/install/autopartol_interface/include/autopartol_interface/autopartol_interface/srv
-- Installing: /home/bjl/bjl_ws/install/autopartol_interface/include/autopartol_interface/autopartol_interface/srv/speech_text.h
-- Installing: /home/bjl/bjl_ws/install/autopartol_interface/include/autopartol_interface/autopartol_interface/srv/detail
-- Installing: /home/bjl/bjl_ws/install/autopartol_interface/include/autopartol_interface/autopartol_interface/srv/detail/speech_text__type_support.h
-- Installing: /home/bjl/bjl_ws/install/autopartol_interface/include/autopartol_interface/autopartol_interface/srv/detail/speech_text__functions.h
-- Installing: /home/bjl/bjl_ws/install/autopartol_interface/include/autopartol_interface/autopartol_interface/srv/detail/speech_text__struct.h
-- Installing: /home/bjl/bjl_ws/install/autopartol_interface/include/autopartol_interface/autopartol_interface/srv/detail/speech_text__functions.c
-- Installing: /home/bjl/bjl_ws/install/autopartol_interface/share/autopartol_interface/environment/library_path.sh
-- Installing: /home/bjl/bjl_ws/install/autopartol_interface/share/autopartol_interface/environment/library_path.dsv
-- Installing: /home/bjl/bjl_ws/install/autopartol_interface/lib/libautopartol_interface__rosidl_generator_c.so
-- Set runtime path of "/home/bjl/bjl_ws/install/autopartol_interface/lib/libautopartol_interface__rosidl_generator_c.so" to ""
-- Up-to-date: /home/bjl/bjl_ws/install/autopartol_interface/include/autopartol_interface/autopartol_interface
-- Up-to-date: /home/bjl/bjl_ws/install/autopartol_interface/include/autopartol_interface/autopartol_interface/msg
-- Installing: /home/bjl/bjl_ws/install/autopartol_interface/include/autopartol_interface/autopartol_interface/msg/rosidl_typesupport_fastrtps_c__visibility_control.h
-- Up-to-date: /home/bjl/bjl_ws/install/autopartol_interface/include/autopartol_interface/autopartol_interface/srv
-- Up-to-date: /home/bjl/bjl_ws/install/autopartol_interface/include/autopartol_interface/autopartol_interface/srv/detail
-- Installing: /home/bjl/bjl_ws/install/autopartol_interface/include/autopartol_interface/autopartol_interface/srv/detail/speech_text__rosidl_typesupport_fastrtps_c.h
-- Installing: /home/bjl/bjl_ws/install/autopartol_interface/lib/libautopartol_interface__rosidl_typesupport_fastrtps_c.so
-- Set runtime path of "/home/bjl/bjl_ws/install/autopartol_interface/lib/libautopartol_interface__rosidl_typesupport_fastrtps_c.so" to ""
-- Up-to-date: /home/bjl/bjl_ws/install/autopartol_interface/include/autopartol_interface/autopartol_interface
-- Up-to-date: /home/bjl/bjl_ws/install/autopartol_interface/include/autopartol_interface/autopartol_interface/msg
-- Installing: /home/bjl/bjl_ws/install/autopartol_interface/include/autopartol_interface/autopartol_interface/msg/rosidl_typesupport_introspection_c__visibility_control.h
-- Up-to-date: /home/bjl/bjl_ws/install/autopartol_interface/include/autopartol_interface/autopartol_interface/srv
-- Up-to-date: /home/bjl/bjl_ws/install/autopartol_interface/include/autopartol_interface/autopartol_interface/srv/detail
-- Installing: /home/bjl/bjl_ws/install/autopartol_interface/include/autopartol_interface/autopartol_interface/srv/detail/speech_text__type_support.c
-- Installing: /home/bjl/bjl_ws/install/autopartol_interface/include/autopartol_interface/autopartol_interface/srv/detail/speech_text__rosidl_typesupport_introspection_c.h
-- Installing: /home/bjl/bjl_ws/install/autopartol_interface/lib/libautopartol_interface__rosidl_typesupport_introspection_c.so
-- Set runtime path of "/home/bjl/bjl_ws/install/autopartol_interface/lib/libautopartol_interface__rosidl_typesupport_introspection_c.so" to ""
-- Installing: /home/bjl/bjl_ws/install/autopartol_interface/lib/libautopartol_interface__rosidl_typesupport_c.so
-- Set runtime path of "/home/bjl/bjl_ws/install/autopartol_interface/lib/libautopartol_interface__rosidl_typesupport_c.so" to ""
-- Up-to-date: /home/bjl/bjl_ws/install/autopartol_interface/include/autopartol_interface/autopartol_interface
-- Up-to-date: /home/bjl/bjl_ws/install/autopartol_interface/include/autopartol_interface/autopartol_interface/msg
-- Installing: /home/bjl/bjl_ws/install/autopartol_interface/include/autopartol_interface/autopartol_interface/msg/rosidl_generator_cpp__visibility_control.hpp
-- Up-to-date: /home/bjl/bjl_ws/install/autopartol_interface/include/autopartol_interface/autopartol_interface/srv
-- Up-to-date: /home/bjl/bjl_ws/install/autopartol_interface/include/autopartol_interface/autopartol_interface/srv/detail
-- Installing: /home/bjl/bjl_ws/install/autopartol_interface/include/autopartol_interface/autopartol_interface/srv/detail/speech_text__struct.hpp
-- Installing: /home/bjl/bjl_ws/install/autopartol_interface/include/autopartol_interface/autopartol_interface/srv/detail/speech_text__builder.hpp
-- Installing: /home/bjl/bjl_ws/install/autopartol_interface/include/autopartol_interface/autopartol_interface/srv/detail/speech_text__type_support.hpp
-- Installing: /home/bjl/bjl_ws/install/autopartol_interface/include/autopartol_interface/autopartol_interface/srv/detail/speech_text__traits.hpp
-- Installing: /home/bjl/bjl_ws/install/autopartol_interface/include/autopartol_interface/autopartol_interface/srv/speech_text.hpp
-- Up-to-date: /home/bjl/bjl_ws/install/autopartol_interface/include/autopartol_interface/autopartol_interface
-- Up-to-date: /home/bjl/bjl_ws/install/autopartol_interface/include/autopartol_interface/autopartol_interface/msg
-- Installing: /home/bjl/bjl_ws/install/autopartol_interface/include/autopartol_interface/autopartol_interface/msg/rosidl_typesupport_fastrtps_cpp__visibility_control.h
-- Up-to-date: /home/bjl/bjl_ws/install/autopartol_interface/include/autopartol_interface/autopartol_interface/srv
-- Up-to-date: /home/bjl/bjl_ws/install/autopartol_interface/include/autopartol_interface/autopartol_interface/srv/detail
-- Installing: /home/bjl/bjl_ws/install/autopartol_interface/include/autopartol_interface/autopartol_interface/srv/detail/dds_fastrtps
-- Installing: /home/bjl/bjl_ws/install/autopartol_interface/include/autopartol_interface/autopartol_interface/srv/detail/speech_text__rosidl_typesupport_fastrtps_cpp.hpp
-- Installing: /home/bjl/bjl_ws/install/autopartol_interface/lib/libautopartol_interface__rosidl_typesupport_fastrtps_cpp.so
-- Set runtime path of "/home/bjl/bjl_ws/install/autopartol_interface/lib/libautopartol_interface__rosidl_typesupport_fastrtps_cpp.so" to ""
-- Up-to-date: /home/bjl/bjl_ws/install/autopartol_interface/include/autopartol_interface/autopartol_interface
-- Up-to-date: /home/bjl/bjl_ws/install/autopartol_interface/include/autopartol_interface/autopartol_interface/srv
-- Up-to-date: /home/bjl/bjl_ws/install/autopartol_interface/include/autopartol_interface/autopartol_interface/srv/detail
-- Installing: /home/bjl/bjl_ws/install/autopartol_interface/include/autopartol_interface/autopartol_interface/srv/detail/speech_text__rosidl_typesupport_introspection_cpp.hpp
-- Installing: /home/bjl/bjl_ws/install/autopartol_interface/include/autopartol_interface/autopartol_interface/srv/detail/speech_text__type_support.cpp
-- Installing: /home/bjl/bjl_ws/install/autopartol_interface/lib/libautopartol_interface__rosidl_typesupport_introspection_cpp.so
-- Set runtime path of "/home/bjl/bjl_ws/install/autopartol_interface/lib/libautopartol_interface__rosidl_typesupport_introspection_cpp.so" to ""
-- Installing: /home/bjl/bjl_ws/install/autopartol_interface/lib/libautopartol_interface__rosidl_typesupport_cpp.so
-- Set runtime path of "/home/bjl/bjl_ws/install/autopartol_interface/lib/libautopartol_interface__rosidl_typesupport_cpp.so" to ""
-- Installing: /home/bjl/bjl_ws/install/autopartol_interface/share/autopartol_interface/environment/pythonpath.sh
-- Installing: /home/bjl/bjl_ws/install/autopartol_interface/share/autopartol_interface/environment/pythonpath.dsv
-- Installing: /home/bjl/bjl_ws/install/autopartol_interface/local/lib/python3.10/dist-packages/autopartol_interface-0.0.0-py3.10.egg-info
-- Installing: /home/bjl/bjl_ws/install/autopartol_interface/local/lib/python3.10/dist-packages/autopartol_interface-0.0.0-py3.10.egg-info/dependency_links.txt
-- Installing: /home/bjl/bjl_ws/install/autopartol_interface/local/lib/python3.10/dist-packages/autopartol_interface-0.0.0-py3.10.egg-info/SOURCES.txt
-- Installing: /home/bjl/bjl_ws/install/autopartol_interface/local/lib/python3.10/dist-packages/autopartol_interface-0.0.0-py3.10.egg-info/top_level.txt
-- Installing: /home/bjl/bjl_ws/install/autopartol_interface/local/lib/python3.10/dist-packages/autopartol_interface-0.0.0-py3.10.egg-info/PKG-INFO
-- Installing: /home/bjl/bjl_ws/install/autopartol_interface/local/lib/python3.10/dist-packages/autopartol_interface
-- Installing: /home/bjl/bjl_ws/install/autopartol_interface/local/lib/python3.10/dist-packages/autopartol_interface/autopartol_interface_s__rosidl_typesupport_fastrtps_c.cpython-310-x86_64-linux-gnu.so
-- Installing: /home/bjl/bjl_ws/install/autopartol_interface/local/lib/python3.10/dist-packages/autopartol_interface/_autopartol_interface_s.ep.rosidl_typesupport_c.c
-- Installing: /home/bjl/bjl_ws/install/autopartol_interface/local/lib/python3.10/dist-packages/autopartol_interface/_autopartol_interface_s.ep.rosidl_typesupport_introspection_c.c
-- Installing: /home/bjl/bjl_ws/install/autopartol_interface/local/lib/python3.10/dist-packages/autopartol_interface/libautopartol_interface__rosidl_generator_py.so
-- Installing: /home/bjl/bjl_ws/install/autopartol_interface/local/lib/python3.10/dist-packages/autopartol_interface/_autopartol_interface_s.ep.rosidl_typesupport_fastrtps_c.c
-- Installing: /home/bjl/bjl_ws/install/autopartol_interface/local/lib/python3.10/dist-packages/autopartol_interface/srv
-- Installing: /home/bjl/bjl_ws/install/autopartol_interface/local/lib/python3.10/dist-packages/autopartol_interface/srv/_speech_text.py
-- Installing: /home/bjl/bjl_ws/install/autopartol_interface/local/lib/python3.10/dist-packages/autopartol_interface/srv/_speech_text_s.c
-- Installing: /home/bjl/bjl_ws/install/autopartol_interface/local/lib/python3.10/dist-packages/autopartol_interface/srv/__init__.py
-- Installing: /home/bjl/bjl_ws/install/autopartol_interface/local/lib/python3.10/dist-packages/autopartol_interface/autopartol_interface_s__rosidl_typesupport_introspection_c.cpython-310-x86_64-linux-gnu.so
-- Installing: /home/bjl/bjl_ws/install/autopartol_interface/local/lib/python3.10/dist-packages/autopartol_interface/autopartol_interface_s__rosidl_typesupport_c.cpython-310-x86_64-linux-gnu.so
-- Installing: /home/bjl/bjl_ws/install/autopartol_interface/local/lib/python3.10/dist-packages/autopartol_interface/__init__.py
Listing '/home/bjl/bjl_ws/install/autopartol_interface/local/lib/python3.10/dist-packages/autopartol_interface'...
Compiling '/home/bjl/bjl_ws/install/autopartol_interface/local/lib/python3.10/dist-packages/autopartol_interface/__init__.py'...
Listing '/home/bjl/bjl_ws/install/autopartol_interface/local/lib/python3.10/dist-packages/autopartol_interface/srv'...
Compiling '/home/bjl/bjl_ws/install/autopartol_interface/local/lib/python3.10/dist-packages/autopartol_interface/srv/__init__.py'...
Compiling '/home/bjl/bjl_ws/install/autopartol_interface/local/lib/python3.10/dist-packages/autopartol_interface/srv/_speech_text.py'...
-- Installing: /home/bjl/bjl_ws/install/autopartol_interface/local/lib/python3.10/dist-packages/autopartol_interface/autopartol_interface_s__rosidl_typesupport_fastrtps_c.cpython-310-x86_64-linux-gnu.so
-- Set runtime path of "/home/bjl/bjl_ws/install/autopartol_interface/local/lib/python3.10/dist-packages/autopartol_interface/autopartol_interface_s__rosidl_typesupport_fastrtps_c.cpython-310-x86_64-linux-gnu.so" to ""
-- Installing: /home/bjl/bjl_ws/install/autopartol_interface/local/lib/python3.10/dist-packages/autopartol_interface/autopartol_interface_s__rosidl_typesupport_introspection_c.cpython-310-x86_64-linux-gnu.so
-- Set runtime path of "/home/bjl/bjl_ws/install/autopartol_interface/local/lib/python3.10/dist-packages/autopartol_interface/autopartol_interface_s__rosidl_typesupport_introspection_c.cpython-310-x86_64-linux-gnu.so" to ""
-- Installing: /home/bjl/bjl_ws/install/autopartol_interface/local/lib/python3.10/dist-packages/autopartol_interface/autopartol_interface_s__rosidl_typesupport_c.cpython-310-x86_64-linux-gnu.so
-- Set runtime path of "/home/bjl/bjl_ws/install/autopartol_interface/local/lib/python3.10/dist-packages/autopartol_interface/autopartol_interface_s__rosidl_typesupport_c.cpython-310-x86_64-linux-gnu.so" to ""
-- Installing: /home/bjl/bjl_ws/install/autopartol_interface/lib/libautopartol_interface__rosidl_generator_py.so
-- Set runtime path of "/home/bjl/bjl_ws/install/autopartol_interface/lib/libautopartol_interface__rosidl_generator_py.so" to ""
-- Installing: /home/bjl/bjl_ws/install/autopartol_interface/share/autopartol_interface/srv/SpeechText.idl
-- Installing: /home/bjl/bjl_ws/install/autopartol_interface/share/autopartol_interface/srv/SpeechText.srv
-- Installing: /home/bjl/bjl_ws/install/autopartol_interface/share/autopartol_interface/srv/SpeechText_Request.msg
-- Installing: /home/bjl/bjl_ws/install/autopartol_interface/share/autopartol_interface/srv/SpeechText_Response.msg
-- Installing: /home/bjl/bjl_ws/install/autopartol_interface/share/ament_index/resource_index/package_run_dependencies/autopartol_interface
-- Installing: /home/bjl/bjl_ws/install/autopartol_interface/share/ament_index/resource_index/parent_prefix_path/autopartol_interface
-- Installing: /home/bjl/bjl_ws/install/autopartol_interface/share/autopartol_interface/environment/ament_prefix_path.sh
-- Installing: /home/bjl/bjl_ws/install/autopartol_interface/share/autopartol_interface/environment/ament_prefix_path.dsv
-- Installing: /home/bjl/bjl_ws/install/autopartol_interface/share/autopartol_interface/environment/path.sh
-- Installing: /home/bjl/bjl_ws/install/autopartol_interface/share/autopartol_interface/environment/path.dsv
-- Installing: /home/bjl/bjl_ws/install/autopartol_interface/share/autopartol_interface/local_setup.bash
-- Installing: /home/bjl/bjl_ws/install/autopartol_interface/share/autopartol_interface/local_setup.sh
-- Installing: /home/bjl/bjl_ws/install/autopartol_interface/share/autopartol_interface/local_setup.zsh
-- Installing: /home/bjl/bjl_ws/install/autopartol_interface/share/autopartol_interface/local_setup.dsv
-- Installing: /home/bjl/bjl_ws/install/autopartol_interface/share/autopartol_interface/package.dsv
-- Installing: /home/bjl/bjl_ws/install/autopartol_interface/share/ament_index/resource_index/packages/autopartol_interface
-- Installing: /home/bjl/bjl_ws/install/autopartol_interface/share/autopartol_interface/cmake/export_autopartol_interface__rosidl_generator_cExport.cmake
-- Installing: /home/bjl/bjl_ws/install/autopartol_interface/share/autopartol_interface/cmake/export_autopartol_interface__rosidl_generator_cExport-noconfig.cmake
-- Installing: /home/bjl/bjl_ws/install/autopartol_interface/share/autopartol_interface/cmake/export_autopartol_interface__rosidl_typesupport_fastrtps_cExport.cmake
-- Installing: /home/bjl/bjl_ws/install/autopartol_interface/share/autopartol_interface/cmake/export_autopartol_interface__rosidl_typesupport_fastrtps_cExport-noconfig.cmake
-- Installing: /home/bjl/bjl_ws/install/autopartol_interface/share/autopartol_interface/cmake/autopartol_interface__rosidl_typesupport_introspection_cExport.cmake
-- Installing: /home/bjl/bjl_ws/install/autopartol_interface/share/autopartol_interface/cmake/autopartol_interface__rosidl_typesupport_introspection_cExport-noconfig.cmake
-- Installing: /home/bjl/bjl_ws/install/autopartol_interface/share/autopartol_interface/cmake/autopartol_interface__rosidl_typesupport_cExport.cmake
-- Installing: /home/bjl/bjl_ws/install/autopartol_interface/share/autopartol_interface/cmake/autopartol_interface__rosidl_typesupport_cExport-noconfig.cmake
-- Installing: /home/bjl/bjl_ws/install/autopartol_interface/share/autopartol_interface/cmake/export_autopartol_interface__rosidl_generator_cppExport.cmake
-- Installing: /home/bjl/bjl_ws/install/autopartol_interface/share/autopartol_interface/cmake/export_autopartol_interface__rosidl_typesupport_fastrtps_cppExport.cmake
-- Installing: /home/bjl/bjl_ws/install/autopartol_interface/share/autopartol_interface/cmake/export_autopartol_interface__rosidl_typesupport_fastrtps_cppExport-noconfig.cmake
-- Installing: /home/bjl/bjl_ws/install/autopartol_interface/share/autopartol_interface/cmake/autopartol_interface__rosidl_typesupport_introspection_cppExport.cmake
-- Installing: /home/bjl/bjl_ws/install/autopartol_interface/share/autopartol_interface/cmake/autopartol_interface__rosidl_typesupport_introspection_cppExport-noconfig.cmake
-- Installing: /home/bjl/bjl_ws/install/autopartol_interface/share/autopartol_interface/cmake/autopartol_interface__rosidl_typesupport_cppExport.cmake
-- Installing: /home/bjl/bjl_ws/install/autopartol_interface/share/autopartol_interface/cmake/autopartol_interface__rosidl_typesupport_cppExport-noconfig.cmake
-- Installing: /home/bjl/bjl_ws/install/autopartol_interface/share/autopartol_interface/cmake/export_autopartol_interface__rosidl_generator_pyExport.cmake
-- Installing: /home/bjl/bjl_ws/install/autopartol_interface/share/autopartol_interface/cmake/export_autopartol_interface__rosidl_generator_pyExport-noconfig.cmake
-- Installing: /home/bjl/bjl_ws/install/autopartol_interface/share/autopartol_interface/cmake/rosidl_cmake-extras.cmake
-- Installing: /home/bjl/bjl_ws/install/autopartol_interface/share/autopartol_interface/cmake/ament_cmake_export_include_directories-extras.cmake
-- Installing: /home/bjl/bjl_ws/install/autopartol_interface/share/autopartol_interface/cmake/ament_cmake_export_libraries-extras.cmake
-- Installing: /home/bjl/bjl_ws/install/autopartol_interface/share/autopartol_interface/cmake/ament_cmake_export_targets-extras.cmake
-- Installing: /home/bjl/bjl_ws/install/autopartol_interface/share/autopartol_interface/cmake/rosidl_cmake_export_typesupport_targets-extras.cmake
-- Installing: /home/bjl/bjl_ws/install/autopartol_interface/share/autopartol_interface/cmake/ament_cmake_export_dependencies-extras.cmake
-- Installing: /home/bjl/bjl_ws/install/autopartol_interface/share/autopartol_interface/cmake/rosidl_cmake_export_typesupport_libraries-extras.cmake
-- Installing: /home/bjl/bjl_ws/install/autopartol_interface/share/autopartol_interface/cmake/autopartol_interfaceConfig.cmake
-- Installing: /home/bjl/bjl_ws/install/autopartol_interface/share/autopartol_interface/cmake/autopartol_interfaceConfig-version.cmake
-- Installing: /home/bjl/bjl_ws/install/autopartol_interface/share/autopartol_interface/package.xml
