[0.042s] Invoking command in '/home/bjl/bjl_ws/build/autopartol_interface': CMAKE_PREFIX_PATH=/opt/ros/humble /usr/bin/cmake /home/bjl/bjl_ws/src/autopartol_interface -DCMAKE_INSTALL_PREFIX=/home/bjl/bjl_ws/install/autopartol_interface
[0.546s] -- Found ament_cmake: 1.3.11 (/opt/ros/humble/share/ament_cmake/cmake)
[0.546s] -- Found rosidl_default_generators: 1.2.0 (/opt/ros/humble/share/rosidl_default_generators/cmake)
[0.546s] -- Using all available rosidl_typesupport_c: rosidl_typesupport_fastrtps_c;rosidl_typesupport_introspection_c
[0.546s] -- Found rosidl_adapter: 3.1.6 (/opt/ros/humble/share/rosidl_adapter/cmake)
[0.546s] -- Using all available rosidl_typesupport_cpp: rosidl_typesupport_fastrtps_cpp;rosidl_typesupport_introspection_cpp
[0.547s] -- Found ament_cmake_ros: 0.10.0 (/opt/ros/humble/share/ament_cmake_ros/cmake)
[0.675s] -- Using all available rosidl_typesupport_c: rosidl_typesupport_fastrtps_c;rosidl_typesupport_introspection_c
[0.848s] -- Using all available rosidl_typesupport_cpp: rosidl_typesupport_fastrtps_cpp;rosidl_typesupport_introspection_cpp
[0.922s] -- Found PythonInterp: /usr/bin/python3 (found suitable version "3.10.12", minimum required is "3.6") 
[0.924s] -- Found python_cmake_module: 0.10.0 (/opt/ros/humble/share/python_cmake_module/cmake)
[1.180s] -- Found PythonLibs: /usr/lib/x86_64-linux-gnu/libpython3.10.so (found suitable version "3.10.12", minimum required is "3.5") 
[1.180s] -- Using PYTHON_EXECUTABLE: /usr/bin/python3
[1.180s] -- Using PYTHON_INCLUDE_DIRS: /usr/include/python3.10
[1.180s] -- Using PYTHON_LIBRARIES: /usr/lib/x86_64-linux-gnu/libpython3.10.so
[1.199s] -- Found PythonExtra: .so  
[1.254s] -- Found ament_lint_auto: 0.12.11 (/opt/ros/humble/share/ament_lint_auto/cmake)
[1.291s] -- Added test 'lint_cmake' to check CMake code style
[1.294s] -- Added test 'xmllint' to check XML markup files
[1.297s] -- Configuring done
[1.335s] -- Generating done
[1.345s] -- Build files have been written to: /home/bjl/bjl_ws/build/autopartol_interface
[1.352s] Invoked command in '/home/bjl/bjl_ws/build/autopartol_interface' returned '0': CMAKE_PREFIX_PATH=/opt/ros/humble /usr/bin/cmake /home/bjl/bjl_ws/src/autopartol_interface -DCMAKE_INSTALL_PREFIX=/home/bjl/bjl_ws/install/autopartol_interface
[1.355s] Invoking command in '/home/bjl/bjl_ws/build/autopartol_interface': CMAKE_PREFIX_PATH=/opt/ros/humble /usr/bin/cmake --build /home/bjl/bjl_ws/build/autopartol_interface -- -j16 -l16
[1.383s] [  3%] [34m[1mGenerating C code for ROS interfaces[0m
[1.389s] [  6%] [34m[1mGenerating C++ code for ROS interfaces[0m
[1.393s] [  6%] Built target ament_cmake_python_copy_autopartol_interface
[1.566s] running egg_info
[1.567s] creating autopartol_interface.egg-info
[1.567s] writing autopartol_interface.egg-info/PKG-INFO
[1.567s] writing dependency_links to autopartol_interface.egg-info/dependency_links.txt
[1.568s] writing top-level names to autopartol_interface.egg-info/top_level.txt
[1.568s] writing manifest file 'autopartol_interface.egg-info/SOURCES.txt'
[1.570s] reading manifest file 'autopartol_interface.egg-info/SOURCES.txt'
[1.570s] writing manifest file 'autopartol_interface.egg-info/SOURCES.txt'
[1.590s] [  6%] Built target ament_cmake_python_build_autopartol_interface_egg
[1.618s] [  9%] [32mBuilding C object CMakeFiles/autopartol_interface__rosidl_generator_c.dir/rosidl_generator_c/autopartol_interface/srv/detail/speech_text__functions.c.o[0m
[1.618s] [  9%] Built target autopartol_interface__cpp
[1.624s] [ 16%] [34m[1mGenerating C++ type support dispatch for ROS interfaces[0m
[1.624s] [ 16%] [34m[1mGenerating C++ type support for eProsima Fast-RTPS[0m
[1.627s] [ 19%] [34m[1mGenerating C++ introspection for ROS interfaces[0m
[1.759s] [ 22%] [32m[1mLinking C shared library libautopartol_interface__rosidl_generator_c.so[0m
[1.792s] [ 25%] [32mBuilding CXX object CMakeFiles/autopartol_interface__rosidl_typesupport_cpp.dir/rosidl_typesupport_cpp/autopartol_interface/srv/speech_text__type_support.cpp.o[0m
[1.799s] [ 29%] [32mBuilding CXX object CMakeFiles/autopartol_interface__rosidl_typesupport_introspection_cpp.dir/rosidl_typesupport_introspection_cpp/autopartol_interface/srv/detail/speech_text__type_support.cpp.o[0m
[1.829s] [ 32%] [32mBuilding CXX object CMakeFiles/autopartol_interface__rosidl_typesupport_fastrtps_cpp.dir/rosidl_typesupport_fastrtps_cpp/autopartol_interface/srv/detail/dds_fastrtps/speech_text__type_support.cpp.o[0m
[1.850s] [ 32%] Built target autopartol_interface__rosidl_generator_c
[1.857s] [ 38%] [34m[1mGenerating C type support dispatch for ROS interfaces[0m
[1.857s] [ 38%] [34m[1mGenerating C introspection for ROS interfaces[0m
[1.859s] [ 41%] [34m[1mGenerating C type support for eProsima Fast-RTPS[0m
[2.018s] [ 45%] [32mBuilding CXX object CMakeFiles/autopartol_interface__rosidl_typesupport_c.dir/rosidl_typesupport_c/autopartol_interface/srv/speech_text__type_support.cpp.o[0m
[2.036s] [ 48%] [32mBuilding C object CMakeFiles/autopartol_interface__rosidl_typesupport_introspection_c.dir/rosidl_typesupport_introspection_c/autopartol_interface/srv/detail/speech_text__type_support.c.o[0m
[2.051s] [ 51%] [32m[1mLinking CXX shared library libautopartol_interface__rosidl_typesupport_c.so[0m
[2.058s] [ 54%] [32m[1mLinking CXX shared library libautopartol_interface__rosidl_typesupport_cpp.so[0m
[2.063s] [ 61%] [32mBuilding CXX object CMakeFiles/autopartol_interface__rosidl_typesupport_fastrtps_c.dir/rosidl_typesupport_fastrtps_c/autopartol_interface/srv/detail/speech_text__type_support_c.cpp.o[0m
[2.063s] [ 61%] [32m[1mLinking C shared library libautopartol_interface__rosidl_typesupport_introspection_c.so[0m
[2.132s] [ 61%] Built target autopartol_interface__rosidl_typesupport_cpp
[2.135s] [ 61%] Built target autopartol_interface__rosidl_typesupport_introspection_c
[2.137s] [ 61%] Built target autopartol_interface__rosidl_typesupport_c
[2.142s] [ 64%] [32m[1mLinking CXX shared library libautopartol_interface__rosidl_typesupport_fastrtps_cpp.so[0m
[2.144s] [ 67%] [32m[1mLinking CXX shared library libautopartol_interface__rosidl_typesupport_introspection_cpp.so[0m
[2.216s] [ 67%] Built target autopartol_interface__rosidl_typesupport_introspection_cpp
[2.225s] [ 67%] Built target autopartol_interface__rosidl_typesupport_fastrtps_cpp
[2.281s] [ 70%] [32m[1mLinking CXX shared library libautopartol_interface__rosidl_typesupport_fastrtps_c.so[0m
[2.375s] [ 70%] Built target autopartol_interface__rosidl_typesupport_fastrtps_c
[2.387s] [ 70%] Built target autopartol_interface
[2.398s] [ 74%] [34m[1mGenerating Python code for ROS interfaces[0m
[2.598s] [ 74%] Built target autopartol_interface__py
[2.609s] [ 77%] [32mBuilding C object CMakeFiles/autopartol_interface__rosidl_generator_py.dir/rosidl_generator_py/autopartol_interface/srv/_speech_text_s.c.o[0m
[2.691s] [ 80%] [32m[1mLinking C shared library rosidl_generator_py/autopartol_interface/libautopartol_interface__rosidl_generator_py.so[0m
[2.745s] [ 80%] Built target autopartol_interface__rosidl_generator_py
[2.756s] [ 87%] [32mBuilding C object CMakeFiles/autopartol_interface__rosidl_typesupport_introspection_c__pyext.dir/rosidl_generator_py/autopartol_interface/_autopartol_interface_s.ep.rosidl_typesupport_introspection_c.c.o[0m
[2.756s] [ 87%] [32mBuilding C object CMakeFiles/autopartol_interface__rosidl_typesupport_c__pyext.dir/rosidl_generator_py/autopartol_interface/_autopartol_interface_s.ep.rosidl_typesupport_c.c.o[0m
[2.757s] [ 90%] [32mBuilding C object CMakeFiles/autopartol_interface__rosidl_typesupport_fastrtps_c__pyext.dir/rosidl_generator_py/autopartol_interface/_autopartol_interface_s.ep.rosidl_typesupport_fastrtps_c.c.o[0m
[2.808s] [ 93%] [32m[1mLinking C shared library rosidl_generator_py/autopartol_interface/autopartol_interface_s__rosidl_typesupport_introspection_c.cpython-310-x86_64-linux-gnu.so[0m
[2.808s] [ 96%] [32m[1mLinking C shared library rosidl_generator_py/autopartol_interface/autopartol_interface_s__rosidl_typesupport_fastrtps_c.cpython-310-x86_64-linux-gnu.so[0m
[2.808s] [100%] [32m[1mLinking C shared library rosidl_generator_py/autopartol_interface/autopartol_interface_s__rosidl_typesupport_c.cpython-310-x86_64-linux-gnu.so[0m
[2.857s] [100%] Built target autopartol_interface__rosidl_typesupport_c__pyext
[2.857s] [100%] Built target autopartol_interface__rosidl_typesupport_fastrtps_c__pyext
[2.858s] [100%] Built target autopartol_interface__rosidl_typesupport_introspection_c__pyext
[2.864s] Invoked command in '/home/bjl/bjl_ws/build/autopartol_interface' returned '0': CMAKE_PREFIX_PATH=/opt/ros/humble /usr/bin/cmake --build /home/bjl/bjl_ws/build/autopartol_interface -- -j16 -l16
[2.866s] Invoking command in '/home/bjl/bjl_ws/build/autopartol_interface': CMAKE_PREFIX_PATH=/opt/ros/humble /usr/bin/cmake --install /home/bjl/bjl_ws/build/autopartol_interface
[2.870s] -- Install configuration: ""
[2.870s] -- Installing: /home/bjl/bjl_ws/install/autopartol_interface/share/ament_index/resource_index/rosidl_interfaces/autopartol_interface
[2.870s] -- Installing: /home/bjl/bjl_ws/install/autopartol_interface/include/autopartol_interface/autopartol_interface
[2.870s] -- Installing: /home/bjl/bjl_ws/install/autopartol_interface/include/autopartol_interface/autopartol_interface/msg
[2.870s] -- Installing: /home/bjl/bjl_ws/install/autopartol_interface/include/autopartol_interface/autopartol_interface/msg/rosidl_generator_c__visibility_control.h
[2.870s] -- Installing: /home/bjl/bjl_ws/install/autopartol_interface/include/autopartol_interface/autopartol_interface/srv
[2.871s] -- Installing: /home/bjl/bjl_ws/install/autopartol_interface/include/autopartol_interface/autopartol_interface/srv/speech_text.h
[2.871s] -- Installing: /home/bjl/bjl_ws/install/autopartol_interface/include/autopartol_interface/autopartol_interface/srv/detail
[2.871s] -- Installing: /home/bjl/bjl_ws/install/autopartol_interface/include/autopartol_interface/autopartol_interface/srv/detail/speech_text__type_support.h
[2.871s] -- Installing: /home/bjl/bjl_ws/install/autopartol_interface/include/autopartol_interface/autopartol_interface/srv/detail/speech_text__functions.h
[2.871s] -- Installing: /home/bjl/bjl_ws/install/autopartol_interface/include/autopartol_interface/autopartol_interface/srv/detail/speech_text__struct.h
[2.871s] -- Installing: /home/bjl/bjl_ws/install/autopartol_interface/include/autopartol_interface/autopartol_interface/srv/detail/speech_text__functions.c
[2.871s] -- Installing: /home/bjl/bjl_ws/install/autopartol_interface/share/autopartol_interface/environment/library_path.sh
[2.871s] -- Installing: /home/bjl/bjl_ws/install/autopartol_interface/share/autopartol_interface/environment/library_path.dsv
[2.871s] -- Installing: /home/bjl/bjl_ws/install/autopartol_interface/lib/libautopartol_interface__rosidl_generator_c.so
[2.872s] -- Set runtime path of "/home/bjl/bjl_ws/install/autopartol_interface/lib/libautopartol_interface__rosidl_generator_c.so" to ""
[2.872s] -- Up-to-date: /home/bjl/bjl_ws/install/autopartol_interface/include/autopartol_interface/autopartol_interface
[2.872s] -- Up-to-date: /home/bjl/bjl_ws/install/autopartol_interface/include/autopartol_interface/autopartol_interface/msg
[2.872s] -- Installing: /home/bjl/bjl_ws/install/autopartol_interface/include/autopartol_interface/autopartol_interface/msg/rosidl_typesupport_fastrtps_c__visibility_control.h
[2.872s] -- Up-to-date: /home/bjl/bjl_ws/install/autopartol_interface/include/autopartol_interface/autopartol_interface/srv
[2.872s] -- Up-to-date: /home/bjl/bjl_ws/install/autopartol_interface/include/autopartol_interface/autopartol_interface/srv/detail
[2.872s] -- Installing: /home/bjl/bjl_ws/install/autopartol_interface/include/autopartol_interface/autopartol_interface/srv/detail/speech_text__rosidl_typesupport_fastrtps_c.h
[2.872s] -- Installing: /home/bjl/bjl_ws/install/autopartol_interface/lib/libautopartol_interface__rosidl_typesupport_fastrtps_c.so
[2.872s] -- Set runtime path of "/home/bjl/bjl_ws/install/autopartol_interface/lib/libautopartol_interface__rosidl_typesupport_fastrtps_c.so" to ""
[2.873s] -- Up-to-date: /home/bjl/bjl_ws/install/autopartol_interface/include/autopartol_interface/autopartol_interface
[2.873s] -- Up-to-date: /home/bjl/bjl_ws/install/autopartol_interface/include/autopartol_interface/autopartol_interface/msg
[2.873s] -- Installing: /home/bjl/bjl_ws/install/autopartol_interface/include/autopartol_interface/autopartol_interface/msg/rosidl_typesupport_introspection_c__visibility_control.h
[2.873s] -- Up-to-date: /home/bjl/bjl_ws/install/autopartol_interface/include/autopartol_interface/autopartol_interface/srv
[2.873s] -- Up-to-date: /home/bjl/bjl_ws/install/autopartol_interface/include/autopartol_interface/autopartol_interface/srv/detail
[2.873s] -- Installing: /home/bjl/bjl_ws/install/autopartol_interface/include/autopartol_interface/autopartol_interface/srv/detail/speech_text__type_support.c
[2.873s] -- Installing: /home/bjl/bjl_ws/install/autopartol_interface/include/autopartol_interface/autopartol_interface/srv/detail/speech_text__rosidl_typesupport_introspection_c.h
[2.873s] -- Installing: /home/bjl/bjl_ws/install/autopartol_interface/lib/libautopartol_interface__rosidl_typesupport_introspection_c.so
[2.874s] -- Set runtime path of "/home/bjl/bjl_ws/install/autopartol_interface/lib/libautopartol_interface__rosidl_typesupport_introspection_c.so" to ""
[2.874s] -- Installing: /home/bjl/bjl_ws/install/autopartol_interface/lib/libautopartol_interface__rosidl_typesupport_c.so
[2.874s] -- Set runtime path of "/home/bjl/bjl_ws/install/autopartol_interface/lib/libautopartol_interface__rosidl_typesupport_c.so" to ""
[2.874s] -- Up-to-date: /home/bjl/bjl_ws/install/autopartol_interface/include/autopartol_interface/autopartol_interface
[2.874s] -- Up-to-date: /home/bjl/bjl_ws/install/autopartol_interface/include/autopartol_interface/autopartol_interface/msg
[2.874s] -- Installing: /home/bjl/bjl_ws/install/autopartol_interface/include/autopartol_interface/autopartol_interface/msg/rosidl_generator_cpp__visibility_control.hpp
[2.874s] -- Up-to-date: /home/bjl/bjl_ws/install/autopartol_interface/include/autopartol_interface/autopartol_interface/srv
[2.874s] -- Up-to-date: /home/bjl/bjl_ws/install/autopartol_interface/include/autopartol_interface/autopartol_interface/srv/detail
[2.874s] -- Installing: /home/bjl/bjl_ws/install/autopartol_interface/include/autopartol_interface/autopartol_interface/srv/detail/speech_text__struct.hpp
[2.874s] -- Installing: /home/bjl/bjl_ws/install/autopartol_interface/include/autopartol_interface/autopartol_interface/srv/detail/speech_text__builder.hpp
[2.874s] -- Installing: /home/bjl/bjl_ws/install/autopartol_interface/include/autopartol_interface/autopartol_interface/srv/detail/speech_text__type_support.hpp
[2.875s] -- Installing: /home/bjl/bjl_ws/install/autopartol_interface/include/autopartol_interface/autopartol_interface/srv/detail/speech_text__traits.hpp
[2.875s] -- Installing: /home/bjl/bjl_ws/install/autopartol_interface/include/autopartol_interface/autopartol_interface/srv/speech_text.hpp
[2.875s] -- Up-to-date: /home/bjl/bjl_ws/install/autopartol_interface/include/autopartol_interface/autopartol_interface
[2.875s] -- Up-to-date: /home/bjl/bjl_ws/install/autopartol_interface/include/autopartol_interface/autopartol_interface/msg
[2.875s] -- Installing: /home/bjl/bjl_ws/install/autopartol_interface/include/autopartol_interface/autopartol_interface/msg/rosidl_typesupport_fastrtps_cpp__visibility_control.h
[2.875s] -- Up-to-date: /home/bjl/bjl_ws/install/autopartol_interface/include/autopartol_interface/autopartol_interface/srv
[2.875s] -- Up-to-date: /home/bjl/bjl_ws/install/autopartol_interface/include/autopartol_interface/autopartol_interface/srv/detail
[2.875s] -- Installing: /home/bjl/bjl_ws/install/autopartol_interface/include/autopartol_interface/autopartol_interface/srv/detail/dds_fastrtps
[2.875s] -- Installing: /home/bjl/bjl_ws/install/autopartol_interface/include/autopartol_interface/autopartol_interface/srv/detail/speech_text__rosidl_typesupport_fastrtps_cpp.hpp
[2.875s] -- Installing: /home/bjl/bjl_ws/install/autopartol_interface/lib/libautopartol_interface__rosidl_typesupport_fastrtps_cpp.so
[2.876s] -- Set runtime path of "/home/bjl/bjl_ws/install/autopartol_interface/lib/libautopartol_interface__rosidl_typesupport_fastrtps_cpp.so" to ""
[2.876s] -- Up-to-date: /home/bjl/bjl_ws/install/autopartol_interface/include/autopartol_interface/autopartol_interface
[2.876s] -- Up-to-date: /home/bjl/bjl_ws/install/autopartol_interface/include/autopartol_interface/autopartol_interface/srv
[2.876s] -- Up-to-date: /home/bjl/bjl_ws/install/autopartol_interface/include/autopartol_interface/autopartol_interface/srv/detail
[2.876s] -- Installing: /home/bjl/bjl_ws/install/autopartol_interface/include/autopartol_interface/autopartol_interface/srv/detail/speech_text__rosidl_typesupport_introspection_cpp.hpp
[2.876s] -- Installing: /home/bjl/bjl_ws/install/autopartol_interface/include/autopartol_interface/autopartol_interface/srv/detail/speech_text__type_support.cpp
[2.876s] -- Installing: /home/bjl/bjl_ws/install/autopartol_interface/lib/libautopartol_interface__rosidl_typesupport_introspection_cpp.so
[2.876s] -- Set runtime path of "/home/bjl/bjl_ws/install/autopartol_interface/lib/libautopartol_interface__rosidl_typesupport_introspection_cpp.so" to ""
[2.876s] -- Installing: /home/bjl/bjl_ws/install/autopartol_interface/lib/libautopartol_interface__rosidl_typesupport_cpp.so
[2.876s] -- Set runtime path of "/home/bjl/bjl_ws/install/autopartol_interface/lib/libautopartol_interface__rosidl_typesupport_cpp.so" to ""
[2.876s] -- Installing: /home/bjl/bjl_ws/install/autopartol_interface/share/autopartol_interface/environment/pythonpath.sh
[2.876s] -- Installing: /home/bjl/bjl_ws/install/autopartol_interface/share/autopartol_interface/environment/pythonpath.dsv
[2.876s] -- Installing: /home/bjl/bjl_ws/install/autopartol_interface/local/lib/python3.10/dist-packages/autopartol_interface-0.0.0-py3.10.egg-info
[2.876s] -- Installing: /home/bjl/bjl_ws/install/autopartol_interface/local/lib/python3.10/dist-packages/autopartol_interface-0.0.0-py3.10.egg-info/dependency_links.txt
[2.876s] -- Installing: /home/bjl/bjl_ws/install/autopartol_interface/local/lib/python3.10/dist-packages/autopartol_interface-0.0.0-py3.10.egg-info/SOURCES.txt
[2.876s] -- Installing: /home/bjl/bjl_ws/install/autopartol_interface/local/lib/python3.10/dist-packages/autopartol_interface-0.0.0-py3.10.egg-info/top_level.txt
[2.876s] -- Installing: /home/bjl/bjl_ws/install/autopartol_interface/local/lib/python3.10/dist-packages/autopartol_interface-0.0.0-py3.10.egg-info/PKG-INFO
[2.876s] -- Installing: /home/bjl/bjl_ws/install/autopartol_interface/local/lib/python3.10/dist-packages/autopartol_interface
[2.876s] -- Installing: /home/bjl/bjl_ws/install/autopartol_interface/local/lib/python3.10/dist-packages/autopartol_interface/autopartol_interface_s__rosidl_typesupport_fastrtps_c.cpython-310-x86_64-linux-gnu.so
[2.876s] -- Installing: /home/bjl/bjl_ws/install/autopartol_interface/local/lib/python3.10/dist-packages/autopartol_interface/_autopartol_interface_s.ep.rosidl_typesupport_c.c
[2.876s] -- Installing: /home/bjl/bjl_ws/install/autopartol_interface/local/lib/python3.10/dist-packages/autopartol_interface/_autopartol_interface_s.ep.rosidl_typesupport_introspection_c.c
[2.876s] -- Installing: /home/bjl/bjl_ws/install/autopartol_interface/local/lib/python3.10/dist-packages/autopartol_interface/libautopartol_interface__rosidl_generator_py.so
[2.876s] -- Installing: /home/bjl/bjl_ws/install/autopartol_interface/local/lib/python3.10/dist-packages/autopartol_interface/_autopartol_interface_s.ep.rosidl_typesupport_fastrtps_c.c
[2.876s] -- Installing: /home/bjl/bjl_ws/install/autopartol_interface/local/lib/python3.10/dist-packages/autopartol_interface/srv
[2.876s] -- Installing: /home/bjl/bjl_ws/install/autopartol_interface/local/lib/python3.10/dist-packages/autopartol_interface/srv/_speech_text.py
[2.876s] -- Installing: /home/bjl/bjl_ws/install/autopartol_interface/local/lib/python3.10/dist-packages/autopartol_interface/srv/_speech_text_s.c
[2.876s] -- Installing: /home/bjl/bjl_ws/install/autopartol_interface/local/lib/python3.10/dist-packages/autopartol_interface/srv/__init__.py
[2.876s] -- Installing: /home/bjl/bjl_ws/install/autopartol_interface/local/lib/python3.10/dist-packages/autopartol_interface/autopartol_interface_s__rosidl_typesupport_introspection_c.cpython-310-x86_64-linux-gnu.so
[2.876s] -- Installing: /home/bjl/bjl_ws/install/autopartol_interface/local/lib/python3.10/dist-packages/autopartol_interface/autopartol_interface_s__rosidl_typesupport_c.cpython-310-x86_64-linux-gnu.so
[2.876s] -- Installing: /home/bjl/bjl_ws/install/autopartol_interface/local/lib/python3.10/dist-packages/autopartol_interface/__init__.py
[2.897s] Listing '/home/bjl/bjl_ws/install/autopartol_interface/local/lib/python3.10/dist-packages/autopartol_interface'...
[2.897s] Compiling '/home/bjl/bjl_ws/install/autopartol_interface/local/lib/python3.10/dist-packages/autopartol_interface/__init__.py'...
[2.897s] Listing '/home/bjl/bjl_ws/install/autopartol_interface/local/lib/python3.10/dist-packages/autopartol_interface/srv'...
[2.897s] Compiling '/home/bjl/bjl_ws/install/autopartol_interface/local/lib/python3.10/dist-packages/autopartol_interface/srv/__init__.py'...
[2.897s] Compiling '/home/bjl/bjl_ws/install/autopartol_interface/local/lib/python3.10/dist-packages/autopartol_interface/srv/_speech_text.py'...
[2.900s] -- Installing: /home/bjl/bjl_ws/install/autopartol_interface/local/lib/python3.10/dist-packages/autopartol_interface/autopartol_interface_s__rosidl_typesupport_fastrtps_c.cpython-310-x86_64-linux-gnu.so
[2.900s] -- Set runtime path of "/home/bjl/bjl_ws/install/autopartol_interface/local/lib/python3.10/dist-packages/autopartol_interface/autopartol_interface_s__rosidl_typesupport_fastrtps_c.cpython-310-x86_64-linux-gnu.so" to ""
[2.900s] -- Installing: /home/bjl/bjl_ws/install/autopartol_interface/local/lib/python3.10/dist-packages/autopartol_interface/autopartol_interface_s__rosidl_typesupport_introspection_c.cpython-310-x86_64-linux-gnu.so
[2.900s] -- Set runtime path of "/home/bjl/bjl_ws/install/autopartol_interface/local/lib/python3.10/dist-packages/autopartol_interface/autopartol_interface_s__rosidl_typesupport_introspection_c.cpython-310-x86_64-linux-gnu.so" to ""
[2.900s] -- Installing: /home/bjl/bjl_ws/install/autopartol_interface/local/lib/python3.10/dist-packages/autopartol_interface/autopartol_interface_s__rosidl_typesupport_c.cpython-310-x86_64-linux-gnu.so
[2.901s] -- Set runtime path of "/home/bjl/bjl_ws/install/autopartol_interface/local/lib/python3.10/dist-packages/autopartol_interface/autopartol_interface_s__rosidl_typesupport_c.cpython-310-x86_64-linux-gnu.so" to ""
[2.901s] -- Installing: /home/bjl/bjl_ws/install/autopartol_interface/lib/libautopartol_interface__rosidl_generator_py.so
[2.901s] -- Set runtime path of "/home/bjl/bjl_ws/install/autopartol_interface/lib/libautopartol_interface__rosidl_generator_py.so" to ""
[2.901s] -- Installing: /home/bjl/bjl_ws/install/autopartol_interface/share/autopartol_interface/srv/SpeechText.idl
[2.901s] -- Installing: /home/bjl/bjl_ws/install/autopartol_interface/share/autopartol_interface/srv/SpeechText.srv
[2.901s] -- Installing: /home/bjl/bjl_ws/install/autopartol_interface/share/autopartol_interface/srv/SpeechText_Request.msg
[2.901s] -- Installing: /home/bjl/bjl_ws/install/autopartol_interface/share/autopartol_interface/srv/SpeechText_Response.msg
[2.901s] -- Installing: /home/bjl/bjl_ws/install/autopartol_interface/share/ament_index/resource_index/package_run_dependencies/autopartol_interface
[2.902s] -- Installing: /home/bjl/bjl_ws/install/autopartol_interface/share/ament_index/resource_index/parent_prefix_path/autopartol_interface
[2.902s] -- Installing: /home/bjl/bjl_ws/install/autopartol_interface/share/autopartol_interface/environment/ament_prefix_path.sh
[2.902s] -- Installing: /home/bjl/bjl_ws/install/autopartol_interface/share/autopartol_interface/environment/ament_prefix_path.dsv
[2.902s] -- Installing: /home/bjl/bjl_ws/install/autopartol_interface/share/autopartol_interface/environment/path.sh
[2.902s] -- Installing: /home/bjl/bjl_ws/install/autopartol_interface/share/autopartol_interface/environment/path.dsv
[2.902s] -- Installing: /home/bjl/bjl_ws/install/autopartol_interface/share/autopartol_interface/local_setup.bash
[2.902s] -- Installing: /home/bjl/bjl_ws/install/autopartol_interface/share/autopartol_interface/local_setup.sh
[2.903s] -- Installing: /home/bjl/bjl_ws/install/autopartol_interface/share/autopartol_interface/local_setup.zsh
[2.903s] -- Installing: /home/bjl/bjl_ws/install/autopartol_interface/share/autopartol_interface/local_setup.dsv
[2.903s] -- Installing: /home/bjl/bjl_ws/install/autopartol_interface/share/autopartol_interface/package.dsv
[2.903s] -- Installing: /home/bjl/bjl_ws/install/autopartol_interface/share/ament_index/resource_index/packages/autopartol_interface
[2.903s] -- Installing: /home/bjl/bjl_ws/install/autopartol_interface/share/autopartol_interface/cmake/export_autopartol_interface__rosidl_generator_cExport.cmake
[2.903s] -- Installing: /home/bjl/bjl_ws/install/autopartol_interface/share/autopartol_interface/cmake/export_autopartol_interface__rosidl_generator_cExport-noconfig.cmake
[2.904s] -- Installing: /home/bjl/bjl_ws/install/autopartol_interface/share/autopartol_interface/cmake/export_autopartol_interface__rosidl_typesupport_fastrtps_cExport.cmake
[2.904s] -- Installing: /home/bjl/bjl_ws/install/autopartol_interface/share/autopartol_interface/cmake/export_autopartol_interface__rosidl_typesupport_fastrtps_cExport-noconfig.cmake
[2.904s] -- Installing: /home/bjl/bjl_ws/install/autopartol_interface/share/autopartol_interface/cmake/autopartol_interface__rosidl_typesupport_introspection_cExport.cmake
[2.904s] -- Installing: /home/bjl/bjl_ws/install/autopartol_interface/share/autopartol_interface/cmake/autopartol_interface__rosidl_typesupport_introspection_cExport-noconfig.cmake
[2.904s] -- Installing: /home/bjl/bjl_ws/install/autopartol_interface/share/autopartol_interface/cmake/autopartol_interface__rosidl_typesupport_cExport.cmake
[2.904s] -- Installing: /home/bjl/bjl_ws/install/autopartol_interface/share/autopartol_interface/cmake/autopartol_interface__rosidl_typesupport_cExport-noconfig.cmake
[2.904s] -- Installing: /home/bjl/bjl_ws/install/autopartol_interface/share/autopartol_interface/cmake/export_autopartol_interface__rosidl_generator_cppExport.cmake
[2.904s] -- Installing: /home/bjl/bjl_ws/install/autopartol_interface/share/autopartol_interface/cmake/export_autopartol_interface__rosidl_typesupport_fastrtps_cppExport.cmake
[2.904s] -- Installing: /home/bjl/bjl_ws/install/autopartol_interface/share/autopartol_interface/cmake/export_autopartol_interface__rosidl_typesupport_fastrtps_cppExport-noconfig.cmake
[2.904s] -- Installing: /home/bjl/bjl_ws/install/autopartol_interface/share/autopartol_interface/cmake/autopartol_interface__rosidl_typesupport_introspection_cppExport.cmake
[2.904s] -- Installing: /home/bjl/bjl_ws/install/autopartol_interface/share/autopartol_interface/cmake/autopartol_interface__rosidl_typesupport_introspection_cppExport-noconfig.cmake
[2.904s] -- Installing: /home/bjl/bjl_ws/install/autopartol_interface/share/autopartol_interface/cmake/autopartol_interface__rosidl_typesupport_cppExport.cmake
[2.904s] -- Installing: /home/bjl/bjl_ws/install/autopartol_interface/share/autopartol_interface/cmake/autopartol_interface__rosidl_typesupport_cppExport-noconfig.cmake
[2.904s] -- Installing: /home/bjl/bjl_ws/install/autopartol_interface/share/autopartol_interface/cmake/export_autopartol_interface__rosidl_generator_pyExport.cmake
[2.904s] -- Installing: /home/bjl/bjl_ws/install/autopartol_interface/share/autopartol_interface/cmake/export_autopartol_interface__rosidl_generator_pyExport-noconfig.cmake
[2.904s] -- Installing: /home/bjl/bjl_ws/install/autopartol_interface/share/autopartol_interface/cmake/rosidl_cmake-extras.cmake
[2.905s] -- Installing: /home/bjl/bjl_ws/install/autopartol_interface/share/autopartol_interface/cmake/ament_cmake_export_include_directories-extras.cmake
[2.905s] -- Installing: /home/bjl/bjl_ws/install/autopartol_interface/share/autopartol_interface/cmake/ament_cmake_export_libraries-extras.cmake
[2.905s] -- Installing: /home/bjl/bjl_ws/install/autopartol_interface/share/autopartol_interface/cmake/ament_cmake_export_targets-extras.cmake
[2.905s] -- Installing: /home/bjl/bjl_ws/install/autopartol_interface/share/autopartol_interface/cmake/rosidl_cmake_export_typesupport_targets-extras.cmake
[2.905s] -- Installing: /home/bjl/bjl_ws/install/autopartol_interface/share/autopartol_interface/cmake/ament_cmake_export_dependencies-extras.cmake
[2.905s] -- Installing: /home/bjl/bjl_ws/install/autopartol_interface/share/autopartol_interface/cmake/rosidl_cmake_export_typesupport_libraries-extras.cmake
[2.905s] -- Installing: /home/bjl/bjl_ws/install/autopartol_interface/share/autopartol_interface/cmake/autopartol_interfaceConfig.cmake
[2.905s] -- Installing: /home/bjl/bjl_ws/install/autopartol_interface/share/autopartol_interface/cmake/autopartol_interfaceConfig-version.cmake
[2.905s] -- Installing: /home/bjl/bjl_ws/install/autopartol_interface/share/autopartol_interface/package.xml
[2.906s] Invoked command in '/home/bjl/bjl_ws/build/autopartol_interface' returned '0': CMAKE_PREFIX_PATH=/opt/ros/humble /usr/bin/cmake --install /home/bjl/bjl_ws/build/autopartol_interface
