[0.234s] Invoking command in '/home/bjl/bjl_ws/build/status_display': AMENT_PREFIX_PATH=/home/bjl/bjl_ws/install/status_interfaces:${AMENT_PREFIX_PATH} CMAKE_PREFIX_PATH=/home/bjl/bjl_ws/install/status_interfaces:/opt/ros/humble LD_LIBRARY_PATH=/home/bjl/bjl_ws/install/status_interfaces/lib:${LD_LIBRARY_PATH} PYTHONPATH=/home/bjl/bjl_ws/install/status_interfaces/local/lib/python3.10/dist-packages:${PYTHONPATH} /usr/bin/cmake --build /home/bjl/bjl_ws/build/status_display -- -j16 -l16
[0.397s] [ 50%] Built target hello_qt
[0.397s] [100%] Built target sys_status_display
[0.406s] Invoked command in '/home/bjl/bjl_ws/build/status_display' returned '0': AMENT_PREFIX_PATH=/home/bjl/bjl_ws/install/status_interfaces:${AMENT_PREFIX_PATH} CMAKE_PREFIX_PATH=/home/bjl/bjl_ws/install/status_interfaces:/opt/ros/humble LD_LIBRARY_PATH=/home/bjl/bjl_ws/install/status_interfaces/lib:${LD_LIBRARY_PATH} PYTHONPATH=/home/bjl/bjl_ws/install/status_interfaces/local/lib/python3.10/dist-packages:${PYTHONPATH} /usr/bin/cmake --build /home/bjl/bjl_ws/build/status_display -- -j16 -l16
[0.413s] Invoking command in '/home/bjl/bjl_ws/build/status_display': AMENT_PREFIX_PATH=/home/bjl/bjl_ws/install/status_interfaces:${AMENT_PREFIX_PATH} CMAKE_PREFIX_PATH=/home/bjl/bjl_ws/install/status_interfaces:/opt/ros/humble LD_LIBRARY_PATH=/home/bjl/bjl_ws/install/status_interfaces/lib:${LD_LIBRARY_PATH} PYTHONPATH=/home/bjl/bjl_ws/install/status_interfaces/local/lib/python3.10/dist-packages:${PYTHONPATH} /usr/bin/cmake --install /home/bjl/bjl_ws/build/status_display
[0.418s] -- Install configuration: ""
[0.420s] -- Up-to-date: /home/bjl/bjl_ws/install/status_display/lib/status_display/hello_qt
[0.421s] -- Up-to-date: /home/bjl/bjl_ws/install/status_display/lib/status_display/sys_status_display
[0.421s] -- Up-to-date: /home/bjl/bjl_ws/install/status_display/share/ament_index/resource_index/package_run_dependencies/status_display
[0.421s] -- Up-to-date: /home/bjl/bjl_ws/install/status_display/share/ament_index/resource_index/parent_prefix_path/status_display
[0.421s] -- Up-to-date: /home/bjl/bjl_ws/install/status_display/share/status_display/environment/ament_prefix_path.sh
[0.421s] -- Up-to-date: /home/bjl/bjl_ws/install/status_display/share/status_display/environment/ament_prefix_path.dsv
[0.421s] -- Up-to-date: /home/bjl/bjl_ws/install/status_display/share/status_display/environment/path.sh
[0.421s] -- Up-to-date: /home/bjl/bjl_ws/install/status_display/share/status_display/environment/path.dsv
[0.421s] -- Up-to-date: /home/bjl/bjl_ws/install/status_display/share/status_display/local_setup.bash
[0.421s] -- Up-to-date: /home/bjl/bjl_ws/install/status_display/share/status_display/local_setup.sh
[0.421s] -- Up-to-date: /home/bjl/bjl_ws/install/status_display/share/status_display/local_setup.zsh
[0.421s] -- Up-to-date: /home/bjl/bjl_ws/install/status_display/share/status_display/local_setup.dsv
[0.422s] -- Installing: /home/bjl/bjl_ws/install/status_display/share/status_display/package.dsv
[0.422s] -- Up-to-date: /home/bjl/bjl_ws/install/status_display/share/ament_index/resource_index/packages/status_display
[0.423s] -- Up-to-date: /home/bjl/bjl_ws/install/status_display/share/status_display/cmake/status_displayConfig.cmake
[0.424s] -- Up-to-date: /home/bjl/bjl_ws/install/status_display/share/status_display/cmake/status_displayConfig-version.cmake
[0.424s] -- Up-to-date: /home/bjl/bjl_ws/install/status_display/share/status_display/package.xml
[0.438s] Invoked command in '/home/bjl/bjl_ws/build/status_display' returned '0': AMENT_PREFIX_PATH=/home/bjl/bjl_ws/install/status_interfaces:${AMENT_PREFIX_PATH} CMAKE_PREFIX_PATH=/home/bjl/bjl_ws/install/status_interfaces:/opt/ros/humble LD_LIBRARY_PATH=/home/bjl/bjl_ws/install/status_interfaces/lib:${LD_LIBRARY_PATH} PYTHONPATH=/home/bjl/bjl_ws/install/status_interfaces/local/lib/python3.10/dist-packages:${PYTHONPATH} /usr/bin/cmake --install /home/bjl/bjl_ws/build/status_display
