[0.382s] Invoking command in '/home/bjl/bjl_ws/build/birdbot_navigation2': CMAKE_PREFIX_PATH=/opt/ros/humble /usr/bin/cmake --build /home/bjl/bjl_ws/build/birdbot_navigation2 -- -j16 -l16
[0.564s] Invoked command in '/home/bjl/bjl_ws/build/birdbot_navigation2' returned '0': CMAKE_PREFIX_PATH=/opt/ros/humble /usr/bin/cmake --build /home/bjl/bjl_ws/build/birdbot_navigation2 -- -j16 -l16
[0.566s] Invoking command in '/home/bjl/bjl_ws/build/birdbot_navigation2': CMAKE_PREFIX_PATH=/opt/ros/humble /usr/bin/cmake --install /home/bjl/bjl_ws/build/birdbot_navigation2
[0.586s] -- Install configuration: ""
[0.586s] -- Up-to-date: /home/bjl/bjl_ws/install/birdbot_navigation2/share/birdbot_navigation2/launch
[0.586s] -- Up-to-date: /home/bjl/bjl_ws/install/birdbot_navigation2/share/birdbot_navigation2/launch/navigation2.launch.py
[0.586s] -- Up-to-date: /home/bjl/bjl_ws/install/birdbot_navigation2/share/birdbot_navigation2/config
[0.586s] -- Up-to-date: /home/bjl/bjl_ws/install/birdbot_navigation2/share/birdbot_navigation2/config/nav2_params.yaml
[0.587s] -- Up-to-date: /home/bjl/bjl_ws/install/birdbot_navigation2/share/birdbot_navigation2/maps
[0.587s] -- Up-to-date: /home/bjl/bjl_ws/install/birdbot_navigation2/share/birdbot_navigation2/maps/room2.pgm
[0.587s] -- Up-to-date: /home/bjl/bjl_ws/install/birdbot_navigation2/share/birdbot_navigation2/maps/room2.yaml
[0.587s] -- Up-to-date: /home/bjl/bjl_ws/install/birdbot_navigation2/share/ament_index/resource_index/package_run_dependencies/birdbot_navigation2
[0.587s] -- Up-to-date: /home/bjl/bjl_ws/install/birdbot_navigation2/share/ament_index/resource_index/parent_prefix_path/birdbot_navigation2
[0.587s] -- Up-to-date: /home/bjl/bjl_ws/install/birdbot_navigation2/share/birdbot_navigation2/environment/ament_prefix_path.sh
[0.587s] -- Up-to-date: /home/bjl/bjl_ws/install/birdbot_navigation2/share/birdbot_navigation2/environment/ament_prefix_path.dsv
[0.587s] -- Up-to-date: /home/bjl/bjl_ws/install/birdbot_navigation2/share/birdbot_navigation2/environment/path.sh
[0.587s] -- Up-to-date: /home/bjl/bjl_ws/install/birdbot_navigation2/share/birdbot_navigation2/environment/path.dsv
[0.587s] -- Up-to-date: /home/bjl/bjl_ws/install/birdbot_navigation2/share/birdbot_navigation2/local_setup.bash
[0.587s] -- Up-to-date: /home/bjl/bjl_ws/install/birdbot_navigation2/share/birdbot_navigation2/local_setup.sh
[0.587s] -- Up-to-date: /home/bjl/bjl_ws/install/birdbot_navigation2/share/birdbot_navigation2/local_setup.zsh
[0.587s] -- Up-to-date: /home/bjl/bjl_ws/install/birdbot_navigation2/share/birdbot_navigation2/local_setup.dsv
[0.587s] -- Installing: /home/bjl/bjl_ws/install/birdbot_navigation2/share/birdbot_navigation2/package.dsv
[0.587s] -- Up-to-date: /home/bjl/bjl_ws/install/birdbot_navigation2/share/ament_index/resource_index/packages/birdbot_navigation2
[0.587s] -- Up-to-date: /home/bjl/bjl_ws/install/birdbot_navigation2/share/birdbot_navigation2/cmake/birdbot_navigation2Config.cmake
[0.587s] -- Up-to-date: /home/bjl/bjl_ws/install/birdbot_navigation2/share/birdbot_navigation2/cmake/birdbot_navigation2Config-version.cmake
[0.587s] -- Up-to-date: /home/bjl/bjl_ws/install/birdbot_navigation2/share/birdbot_navigation2/package.xml
[0.659s] Invoked command in '/home/bjl/bjl_ws/build/birdbot_navigation2' returned '0': CMAKE_PREFIX_PATH=/opt/ros/humble /usr/bin/cmake --install /home/bjl/bjl_ws/build/birdbot_navigation2
