[0.763s] Invoking command in '/home/bjl/bjl_ws/src/birdbot_application': PYTHONPATH=/home/bjl/bjl_ws/build/birdbot_application/prefix_override:/usr/lib/python3/dist-packages/colcon_core/task/python/colcon_distutils_commands:/home/bjl/bjl_ws/install/birdbot_application/lib/python3.10/site-packages:${PYTHONPATH} /usr/bin/python3 -W ignore:setup.py install is deprecated -W ignore:easy_install command is deprecated setup.py egg_info --egg-base ../../build/birdbot_application build --build-base /home/bjl/bjl_ws/build/birdbot_application/build install --record /home/bjl/bjl_ws/build/birdbot_application/install.log --single-version-externally-managed install_data
[0.944s] running egg_info
[0.945s] creating ../../build/birdbot_application/birdbot_application.egg-info
[0.946s] writing ../../build/birdbot_application/birdbot_application.egg-info/PKG-INFO
[0.946s] writing dependency_links to ../../build/birdbot_application/birdbot_application.egg-info/dependency_links.txt
[0.946s] writing entry points to ../../build/birdbot_application/birdbot_application.egg-info/entry_points.txt
[0.947s] writing requirements to ../../build/birdbot_application/birdbot_application.egg-info/requires.txt
[0.947s] writing top-level names to ../../build/birdbot_application/birdbot_application.egg-info/top_level.txt
[0.947s] writing manifest file '../../build/birdbot_application/birdbot_application.egg-info/SOURCES.txt'
[0.949s] reading manifest file '../../build/birdbot_application/birdbot_application.egg-info/SOURCES.txt'
[0.949s] writing manifest file '../../build/birdbot_application/birdbot_application.egg-info/SOURCES.txt'
[0.949s] running build
[0.950s] running build_py
[0.950s] creating /home/bjl/bjl_ws/build/birdbot_application/build
[0.950s] creating /home/bjl/bjl_ws/build/birdbot_application/build/lib
[0.950s] creating /home/bjl/bjl_ws/build/birdbot_application/build/lib/birdbot_application
[0.951s] copying birdbot_application/nav_to_pose.py -> /home/bjl/bjl_ws/build/birdbot_application/build/lib/birdbot_application
[0.951s] copying birdbot_application/get_robot_pose.py -> /home/bjl/bjl_ws/build/birdbot_application/build/lib/birdbot_application
[0.951s] copying birdbot_application/init_robot_pose.py -> /home/bjl/bjl_ws/build/birdbot_application/build/lib/birdbot_application
[0.951s] copying birdbot_application/waypoint_follower.py -> /home/bjl/bjl_ws/build/birdbot_application/build/lib/birdbot_application
[0.952s] copying birdbot_application/__init__.py -> /home/bjl/bjl_ws/build/birdbot_application/build/lib/birdbot_application
[0.952s] running install
[0.952s] running install_lib
[0.952s] creating /home/bjl/bjl_ws/install/birdbot_application/lib/python3.10/site-packages/birdbot_application
[0.953s] copying /home/bjl/bjl_ws/build/birdbot_application/build/lib/birdbot_application/nav_to_pose.py -> /home/bjl/bjl_ws/install/birdbot_application/lib/python3.10/site-packages/birdbot_application
[0.953s] copying /home/bjl/bjl_ws/build/birdbot_application/build/lib/birdbot_application/get_robot_pose.py -> /home/bjl/bjl_ws/install/birdbot_application/lib/python3.10/site-packages/birdbot_application
[0.953s] copying /home/bjl/bjl_ws/build/birdbot_application/build/lib/birdbot_application/init_robot_pose.py -> /home/bjl/bjl_ws/install/birdbot_application/lib/python3.10/site-packages/birdbot_application
[0.953s] copying /home/bjl/bjl_ws/build/birdbot_application/build/lib/birdbot_application/waypoint_follower.py -> /home/bjl/bjl_ws/install/birdbot_application/lib/python3.10/site-packages/birdbot_application
[0.953s] copying /home/bjl/bjl_ws/build/birdbot_application/build/lib/birdbot_application/__init__.py -> /home/bjl/bjl_ws/install/birdbot_application/lib/python3.10/site-packages/birdbot_application
[0.953s] byte-compiling /home/bjl/bjl_ws/install/birdbot_application/lib/python3.10/site-packages/birdbot_application/nav_to_pose.py to nav_to_pose.cpython-310.pyc
[0.953s] byte-compiling /home/bjl/bjl_ws/install/birdbot_application/lib/python3.10/site-packages/birdbot_application/get_robot_pose.py to get_robot_pose.cpython-310.pyc
[0.954s] byte-compiling /home/bjl/bjl_ws/install/birdbot_application/lib/python3.10/site-packages/birdbot_application/init_robot_pose.py to init_robot_pose.cpython-310.pyc
[0.954s] byte-compiling /home/bjl/bjl_ws/install/birdbot_application/lib/python3.10/site-packages/birdbot_application/waypoint_follower.py to waypoint_follower.cpython-310.pyc
[0.954s] byte-compiling /home/bjl/bjl_ws/install/birdbot_application/lib/python3.10/site-packages/birdbot_application/__init__.py to __init__.cpython-310.pyc
[0.954s] running install_data
[0.954s] creating /home/bjl/bjl_ws/install/birdbot_application/share/ament_index
[0.954s] creating /home/bjl/bjl_ws/install/birdbot_application/share/ament_index/resource_index
[0.954s] creating /home/bjl/bjl_ws/install/birdbot_application/share/ament_index/resource_index/packages
[0.954s] copying resource/birdbot_application -> /home/bjl/bjl_ws/install/birdbot_application/share/ament_index/resource_index/packages
[0.954s] copying package.xml -> /home/bjl/bjl_ws/install/birdbot_application/share/birdbot_application
[0.954s] running install_egg_info
[0.955s] Copying ../../build/birdbot_application/birdbot_application.egg-info to /home/bjl/bjl_ws/install/birdbot_application/lib/python3.10/site-packages/birdbot_application-0.0.0-py3.10.egg-info
[0.955s] running install_scripts
[0.976s] Installing get_robot_pose script to /home/bjl/bjl_ws/install/birdbot_application/lib/birdbot_application
[0.976s] Installing init_robot_pose script to /home/bjl/bjl_ws/install/birdbot_application/lib/birdbot_application
[0.977s] Installing nav_to_pose script to /home/bjl/bjl_ws/install/birdbot_application/lib/birdbot_application
[0.977s] Installing waypoint_follower script to /home/bjl/bjl_ws/install/birdbot_application/lib/birdbot_application
[0.977s] writing list of installed files to '/home/bjl/bjl_ws/build/birdbot_application/install.log'
[1.019s] Invoked command in '/home/bjl/bjl_ws/src/birdbot_application' returned '0': PYTHONPATH=/home/bjl/bjl_ws/build/birdbot_application/prefix_override:/usr/lib/python3/dist-packages/colcon_core/task/python/colcon_distutils_commands:/home/bjl/bjl_ws/install/birdbot_application/lib/python3.10/site-packages:${PYTHONPATH} /usr/bin/python3 -W ignore:setup.py install is deprecated -W ignore:easy_install command is deprecated setup.py egg_info --egg-base ../../build/birdbot_application build --build-base /home/bjl/bjl_ws/build/birdbot_application/build install --record /home/bjl/bjl_ws/build/birdbot_application/install.log --single-version-externally-managed install_data
