[0.359s] Invoking command in '/home/bjl/bjl_ws/build/demo_cpp_topic': CMAKE_PREFIX_PATH=/opt/ros/humble /usr/bin/cmake --build /home/bjl/bjl_ws/build/demo_cpp_topic -- -j16 -l16
[0.526s] [100%] Built target turtle_circle
[0.527s] [100%] Built target turtle_circle_sub
[0.546s] Invoked command in '/home/bjl/bjl_ws/build/demo_cpp_topic' returned '0': CMAKE_PREFIX_PATH=/opt/ros/humble /usr/bin/cmake --build /home/bjl/bjl_ws/build/demo_cpp_topic -- -j16 -l16
[0.608s] Invoking command in '/home/bjl/bjl_ws/build/demo_cpp_topic': CMAKE_PREFIX_PATH=/opt/ros/humble /usr/bin/cmake --install /home/bjl/bjl_ws/build/demo_cpp_topic
[0.611s] -- Install configuration: ""
[0.612s] -- Up-to-date: /home/bjl/bjl_ws/install/demo_cpp_topic/lib/demo_cpp_topic/turtle_circle
[0.612s] -- Up-to-date: /home/bjl/bjl_ws/install/demo_cpp_topic/lib/demo_cpp_topic/turtle_circle_sub
[0.612s] -- Up-to-date: /home/bjl/bjl_ws/install/demo_cpp_topic/share/demo_cpp_topic/launch
[0.612s] -- Up-to-date: /home/bjl/bjl_ws/install/demo_cpp_topic/share/demo_cpp_topic/launch/actions2.launch.py
[0.612s] -- Up-to-date: /home/bjl/bjl_ws/install/demo_cpp_topic/share/demo_cpp_topic/launch/demo2.launch.py
[0.613s] -- Up-to-date: /home/bjl/bjl_ws/install/demo_cpp_topic/share/demo_cpp_topic/launch/actions.launch.py
[0.613s] -- Up-to-date: /home/bjl/bjl_ws/install/demo_cpp_topic/share/demo_cpp_topic/launch/demo.launch.py
[0.613s] -- Up-to-date: /home/bjl/bjl_ws/install/demo_cpp_topic/share/ament_index/resource_index/package_run_dependencies/demo_cpp_topic
[0.613s] -- Up-to-date: /home/bjl/bjl_ws/install/demo_cpp_topic/share/ament_index/resource_index/parent_prefix_path/demo_cpp_topic
[0.613s] -- Up-to-date: /home/bjl/bjl_ws/install/demo_cpp_topic/share/demo_cpp_topic/environment/ament_prefix_path.sh
[0.614s] -- Up-to-date: /home/bjl/bjl_ws/install/demo_cpp_topic/share/demo_cpp_topic/environment/ament_prefix_path.dsv
[0.614s] -- Up-to-date: /home/bjl/bjl_ws/install/demo_cpp_topic/share/demo_cpp_topic/environment/path.sh
[0.614s] -- Up-to-date: /home/bjl/bjl_ws/install/demo_cpp_topic/share/demo_cpp_topic/environment/path.dsv
[0.614s] -- Up-to-date: /home/bjl/bjl_ws/install/demo_cpp_topic/share/demo_cpp_topic/local_setup.bash
[0.614s] -- Up-to-date: /home/bjl/bjl_ws/install/demo_cpp_topic/share/demo_cpp_topic/local_setup.sh
[0.615s] -- Up-to-date: /home/bjl/bjl_ws/install/demo_cpp_topic/share/demo_cpp_topic/local_setup.zsh
[0.616s] -- Up-to-date: /home/bjl/bjl_ws/install/demo_cpp_topic/share/demo_cpp_topic/local_setup.dsv
[0.616s] -- Installing: /home/bjl/bjl_ws/install/demo_cpp_topic/share/demo_cpp_topic/package.dsv
[0.616s] -- Up-to-date: /home/bjl/bjl_ws/install/demo_cpp_topic/share/ament_index/resource_index/packages/demo_cpp_topic
[0.616s] -- Up-to-date: /home/bjl/bjl_ws/install/demo_cpp_topic/share/demo_cpp_topic/cmake/demo_cpp_topicConfig.cmake
[0.617s] -- Up-to-date: /home/bjl/bjl_ws/install/demo_cpp_topic/share/demo_cpp_topic/cmake/demo_cpp_topicConfig-version.cmake
[0.617s] -- Up-to-date: /home/bjl/bjl_ws/install/demo_cpp_topic/share/demo_cpp_topic/package.xml
[0.673s] Invoked command in '/home/bjl/bjl_ws/build/demo_cpp_topic' returned '0': CMAKE_PREFIX_PATH=/opt/ros/humble /usr/bin/cmake --install /home/bjl/bjl_ws/build/demo_cpp_topic
