[0.235s] Invoking command in '/home/bjl/bjl_ws/build/status_display': CMAKE_PREFIX_PATH=/home/bjl/bjl_ws/install/status_interfaces:/home/bjl/bjl_ws/install/status_display:/home/bjl/bjl_ws/install/patrol_control_service:/home/bjl/bjl_ws/install/face_interfaces:/home/bjl/bjl_ws/install/demo_cpp_topic:/home/bjl/bjl_ws/install/birdbot_navigation2:/home/bjl/bjl_ws/install/birdbot_description:/home/bjl/bjl_ws/install/autopartol_interface:/home/bjl/bjl_ws/install/status_publisher:/home/bjl/bjl_ws/install/face_python_service:/home/bjl/bjl_ws/install/demo_python_topic:/home/bjl/bjl_ws/install/birdbot_application:/home/bjl/bjl_ws/install/autopartol_robot:/opt/ros/humble /usr/bin/cmake --build /home/bjl/bjl_ws/build/status_display -- -j16 -l16
[0.450s] [ 50%] Built target hello_qt
[0.451s] [100%] Built target sys_status_display
[0.464s] Invoked command in '/home/bjl/bjl_ws/build/status_display' returned '0': CMAKE_PREFIX_PATH=/home/bjl/bjl_ws/install/status_interfaces:/home/bjl/bjl_ws/install/status_display:/home/bjl/bjl_ws/install/patrol_control_service:/home/bjl/bjl_ws/install/face_interfaces:/home/bjl/bjl_ws/install/demo_cpp_topic:/home/bjl/bjl_ws/install/birdbot_navigation2:/home/bjl/bjl_ws/install/birdbot_description:/home/bjl/bjl_ws/install/autopartol_interface:/home/bjl/bjl_ws/install/status_publisher:/home/bjl/bjl_ws/install/face_python_service:/home/bjl/bjl_ws/install/demo_python_topic:/home/bjl/bjl_ws/install/birdbot_application:/home/bjl/bjl_ws/install/autopartol_robot:/opt/ros/humble /usr/bin/cmake --build /home/bjl/bjl_ws/build/status_display -- -j16 -l16
[0.465s] Invoking command in '/home/bjl/bjl_ws/build/status_display': CMAKE_PREFIX_PATH=/home/bjl/bjl_ws/install/status_interfaces:/home/bjl/bjl_ws/install/status_display:/home/bjl/bjl_ws/install/patrol_control_service:/home/bjl/bjl_ws/install/face_interfaces:/home/bjl/bjl_ws/install/demo_cpp_topic:/home/bjl/bjl_ws/install/birdbot_navigation2:/home/bjl/bjl_ws/install/birdbot_description:/home/bjl/bjl_ws/install/autopartol_interface:/home/bjl/bjl_ws/install/status_publisher:/home/bjl/bjl_ws/install/face_python_service:/home/bjl/bjl_ws/install/demo_python_topic:/home/bjl/bjl_ws/install/birdbot_application:/home/bjl/bjl_ws/install/autopartol_robot:/opt/ros/humble /usr/bin/cmake --install /home/bjl/bjl_ws/build/status_display
[0.469s] -- Install configuration: ""
[0.470s] -- Up-to-date: /home/bjl/bjl_ws/install/status_display/lib/status_display/hello_qt
[0.470s] -- Up-to-date: /home/bjl/bjl_ws/install/status_display/lib/status_display/sys_status_display
[0.471s] -- Up-to-date: /home/bjl/bjl_ws/install/status_display/share/ament_index/resource_index/package_run_dependencies/status_display
[0.471s] -- Up-to-date: /home/bjl/bjl_ws/install/status_display/share/ament_index/resource_index/parent_prefix_path/status_display
[0.471s] -- Up-to-date: /home/bjl/bjl_ws/install/status_display/share/status_display/environment/ament_prefix_path.sh
[0.471s] -- Up-to-date: /home/bjl/bjl_ws/install/status_display/share/status_display/environment/ament_prefix_path.dsv
[0.471s] -- Up-to-date: /home/bjl/bjl_ws/install/status_display/share/status_display/environment/path.sh
[0.472s] -- Up-to-date: /home/bjl/bjl_ws/install/status_display/share/status_display/environment/path.dsv
[0.472s] -- Up-to-date: /home/bjl/bjl_ws/install/status_display/share/status_display/local_setup.bash
[0.472s] -- Up-to-date: /home/bjl/bjl_ws/install/status_display/share/status_display/local_setup.sh
[0.472s] -- Up-to-date: /home/bjl/bjl_ws/install/status_display/share/status_display/local_setup.zsh
[0.472s] -- Up-to-date: /home/bjl/bjl_ws/install/status_display/share/status_display/local_setup.dsv
[0.472s] -- Installing: /home/bjl/bjl_ws/install/status_display/share/status_display/package.dsv
[0.472s] -- Up-to-date: /home/bjl/bjl_ws/install/status_display/share/ament_index/resource_index/packages/status_display
[0.473s] -- Up-to-date: /home/bjl/bjl_ws/install/status_display/share/status_display/cmake/status_displayConfig.cmake
[0.473s] -- Up-to-date: /home/bjl/bjl_ws/install/status_display/share/status_display/cmake/status_displayConfig-version.cmake
[0.473s] -- Up-to-date: /home/bjl/bjl_ws/install/status_display/share/status_display/package.xml
[0.500s] Invoked command in '/home/bjl/bjl_ws/build/status_display' returned '0': CMAKE_PREFIX_PATH=/home/bjl/bjl_ws/install/status_interfaces:/home/bjl/bjl_ws/install/status_display:/home/bjl/bjl_ws/install/patrol_control_service:/home/bjl/bjl_ws/install/face_interfaces:/home/bjl/bjl_ws/install/demo_cpp_topic:/home/bjl/bjl_ws/install/birdbot_navigation2:/home/bjl/bjl_ws/install/birdbot_description:/home/bjl/bjl_ws/install/autopartol_interface:/home/bjl/bjl_ws/install/status_publisher:/home/bjl/bjl_ws/install/face_python_service:/home/bjl/bjl_ws/install/demo_python_topic:/home/bjl/bjl_ws/install/birdbot_application:/home/bjl/bjl_ws/install/autopartol_robot:/opt/ros/humble /usr/bin/cmake --install /home/bjl/bjl_ws/build/status_display
