[0.392s] Invoking command in '/home/bjl/bjl_ws/build/status_display': AMENT_PREFIX_PATH=/home/bjl/bjl_ws/install/status_interfaces:${AMENT_PREFIX_PATH} CMAKE_PREFIX_PATH=/home/bjl/bjl_ws/install/status_interfaces:/opt/ros/humble LD_LIBRARY_PATH=/home/bjl/bjl_ws/install/status_interfaces/lib:${LD_LIBRARY_PATH} PYTHONPATH=/home/bjl/bjl_ws/install/status_interfaces/local/lib/python3.10/dist-packages:${PYTHONPATH} /usr/bin/cmake --build /home/bjl/bjl_ws/build/status_display -- -j16 -l16
[0.424s] [35m[1mConsolidate compiler generated dependencies of target hello_qt[0m
[0.425s] [35m[1mConsolidate compiler generated dependencies of target sys_status_display[0m
[0.434s] [ 50%] Built target hello_qt
[0.439s] [100%] Built target sys_status_display
[0.450s] Invoked command in '/home/bjl/bjl_ws/build/status_display' returned '0': AMENT_PREFIX_PATH=/home/bjl/bjl_ws/install/status_interfaces:${AMENT_PREFIX_PATH} CMAKE_PREFIX_PATH=/home/bjl/bjl_ws/install/status_interfaces:/opt/ros/humble LD_LIBRARY_PATH=/home/bjl/bjl_ws/install/status_interfaces/lib:${LD_LIBRARY_PATH} PYTHONPATH=/home/bjl/bjl_ws/install/status_interfaces/local/lib/python3.10/dist-packages:${PYTHONPATH} /usr/bin/cmake --build /home/bjl/bjl_ws/build/status_display -- -j16 -l16
[0.454s] Invoking command in '/home/bjl/bjl_ws/build/status_display': AMENT_PREFIX_PATH=/home/bjl/bjl_ws/install/status_interfaces:${AMENT_PREFIX_PATH} CMAKE_PREFIX_PATH=/home/bjl/bjl_ws/install/status_interfaces:/opt/ros/humble LD_LIBRARY_PATH=/home/bjl/bjl_ws/install/status_interfaces/lib:${LD_LIBRARY_PATH} PYTHONPATH=/home/bjl/bjl_ws/install/status_interfaces/local/lib/python3.10/dist-packages:${PYTHONPATH} /usr/bin/cmake --install /home/bjl/bjl_ws/build/status_display
[0.460s] -- Install configuration: ""
[0.461s] -- Up-to-date: /home/bjl/bjl_ws/install/status_display/lib/status_display/hello_qt
[0.462s] -- Up-to-date: /home/bjl/bjl_ws/install/status_display/lib/status_display/sys_status_display
[0.462s] -- Up-to-date: /home/bjl/bjl_ws/install/status_display/share/ament_index/resource_index/package_run_dependencies/status_display
[0.463s] -- Up-to-date: /home/bjl/bjl_ws/install/status_display/share/ament_index/resource_index/parent_prefix_path/status_display
[0.463s] -- Up-to-date: /home/bjl/bjl_ws/install/status_display/share/status_display/environment/ament_prefix_path.sh
[0.463s] -- Up-to-date: /home/bjl/bjl_ws/install/status_display/share/status_display/environment/ament_prefix_path.dsv
[0.463s] -- Up-to-date: /home/bjl/bjl_ws/install/status_display/share/status_display/environment/path.sh
[0.463s] -- Up-to-date: /home/bjl/bjl_ws/install/status_display/share/status_display/environment/path.dsv
[0.463s] -- Up-to-date: /home/bjl/bjl_ws/install/status_display/share/status_display/local_setup.bash
[0.463s] -- Up-to-date: /home/bjl/bjl_ws/install/status_display/share/status_display/local_setup.sh
[0.463s] -- Up-to-date: /home/bjl/bjl_ws/install/status_display/share/status_display/local_setup.zsh
[0.463s] -- Up-to-date: /home/bjl/bjl_ws/install/status_display/share/status_display/local_setup.dsv
[0.465s] -- Installing: /home/bjl/bjl_ws/install/status_display/share/status_display/package.dsv
[0.465s] -- Up-to-date: /home/bjl/bjl_ws/install/status_display/share/ament_index/resource_index/packages/status_display
[0.466s] -- Up-to-date: /home/bjl/bjl_ws/install/status_display/share/status_display/cmake/status_displayConfig.cmake
[0.466s] -- Up-to-date: /home/bjl/bjl_ws/install/status_display/share/status_display/cmake/status_displayConfig-version.cmake
[0.466s] -- Up-to-date: /home/bjl/bjl_ws/install/status_display/share/status_display/package.xml
[0.471s] Invoked command in '/home/bjl/bjl_ws/build/status_display' returned '0': AMENT_PREFIX_PATH=/home/bjl/bjl_ws/install/status_interfaces:${AMENT_PREFIX_PATH} CMAKE_PREFIX_PATH=/home/bjl/bjl_ws/install/status_interfaces:/opt/ros/humble LD_LIBRARY_PATH=/home/bjl/bjl_ws/install/status_interfaces/lib:${LD_LIBRARY_PATH} PYTHONPATH=/home/bjl/bjl_ws/install/status_interfaces/local/lib/python3.10/dist-packages:${PYTHONPATH} /usr/bin/cmake --install /home/bjl/bjl_ws/build/status_display
