[0.235s] Invoking command in '/home/bjl/bjl_ws/build/patrol_control_service': AMENT_PREFIX_PATH=/home/bjl/bjl_ws/install/face_interfaces:${AMENT_PREFIX_PATH} CMAKE_PREFIX_PATH=/home/bjl/bjl_ws/install/face_interfaces:/opt/ros/humble LD_LIBRARY_PATH=/home/bjl/bjl_ws/install/face_interfaces/lib:${LD_LIBRARY_PATH} PYTHONPATH=/home/bjl/bjl_ws/install/face_interfaces/local/lib/python3.10/dist-packages:${PYTHONPATH} /usr/bin/cmake --build /home/bjl/bjl_ws/build/patrol_control_service -- -j16 -l16
[0.271s] [ 40%] Built target turtle_control
[0.271s] [ 40%] Built target partol_client
[0.272s] [ 60%] Built target turtle_control2
[0.273s] [ 80%] Built target partol_client2
[0.275s] [100%] Built target turtle_control3
[0.401s] Invoked command in '/home/bjl/bjl_ws/build/patrol_control_service' returned '0': AMENT_PREFIX_PATH=/home/bjl/bjl_ws/install/face_interfaces:${AMENT_PREFIX_PATH} CMAKE_PREFIX_PATH=/home/bjl/bjl_ws/install/face_interfaces:/opt/ros/humble LD_LIBRARY_PATH=/home/bjl/bjl_ws/install/face_interfaces/lib:${LD_LIBRARY_PATH} PYTHONPATH=/home/bjl/bjl_ws/install/face_interfaces/local/lib/python3.10/dist-packages:${PYTHONPATH} /usr/bin/cmake --build /home/bjl/bjl_ws/build/patrol_control_service -- -j16 -l16
[0.403s] Invoking command in '/home/bjl/bjl_ws/build/patrol_control_service': AMENT_PREFIX_PATH=/home/bjl/bjl_ws/install/face_interfaces:${AMENT_PREFIX_PATH} CMAKE_PREFIX_PATH=/home/bjl/bjl_ws/install/face_interfaces:/opt/ros/humble LD_LIBRARY_PATH=/home/bjl/bjl_ws/install/face_interfaces/lib:${LD_LIBRARY_PATH} PYTHONPATH=/home/bjl/bjl_ws/install/face_interfaces/local/lib/python3.10/dist-packages:${PYTHONPATH} /usr/bin/cmake --install /home/bjl/bjl_ws/build/patrol_control_service
[0.412s] -- Install configuration: ""
[0.412s] -- Up-to-date: /home/bjl/bjl_ws/install/patrol_control_service/lib/patrol_control_service/turtle_control
[0.413s] -- Up-to-date: /home/bjl/bjl_ws/install/patrol_control_service/lib/patrol_control_service/partol_client
[0.417s] -- Up-to-date: /home/bjl/bjl_ws/install/patrol_control_service/lib/patrol_control_service/turtle_control2
[0.418s] -- Up-to-date: /home/bjl/bjl_ws/install/patrol_control_service/lib/patrol_control_service/turtle_control3
[0.420s] -- Up-to-date: /home/bjl/bjl_ws/install/patrol_control_service/lib/patrol_control_service/partol_client2
[0.420s] -- Up-to-date: /home/bjl/bjl_ws/install/patrol_control_service/share/ament_index/resource_index/package_run_dependencies/patrol_control_service
[0.420s] -- Up-to-date: /home/bjl/bjl_ws/install/patrol_control_service/share/ament_index/resource_index/parent_prefix_path/patrol_control_service
[0.420s] -- Up-to-date: /home/bjl/bjl_ws/install/patrol_control_service/share/patrol_control_service/environment/ament_prefix_path.sh
[0.420s] -- Up-to-date: /home/bjl/bjl_ws/install/patrol_control_service/share/patrol_control_service/environment/ament_prefix_path.dsv
[0.420s] -- Up-to-date: /home/bjl/bjl_ws/install/patrol_control_service/share/patrol_control_service/environment/path.sh
[0.421s] -- Up-to-date: /home/bjl/bjl_ws/install/patrol_control_service/share/patrol_control_service/environment/path.dsv
[0.421s] -- Up-to-date: /home/bjl/bjl_ws/install/patrol_control_service/share/patrol_control_service/local_setup.bash
[0.421s] -- Up-to-date: /home/bjl/bjl_ws/install/patrol_control_service/share/patrol_control_service/local_setup.sh
[0.421s] -- Up-to-date: /home/bjl/bjl_ws/install/patrol_control_service/share/patrol_control_service/local_setup.zsh
[0.421s] -- Up-to-date: /home/bjl/bjl_ws/install/patrol_control_service/share/patrol_control_service/local_setup.dsv
[0.421s] -- Installing: /home/bjl/bjl_ws/install/patrol_control_service/share/patrol_control_service/package.dsv
[0.421s] -- Up-to-date: /home/bjl/bjl_ws/install/patrol_control_service/share/ament_index/resource_index/packages/patrol_control_service
[0.421s] -- Up-to-date: /home/bjl/bjl_ws/install/patrol_control_service/share/patrol_control_service/cmake/patrol_control_serviceConfig.cmake
[0.422s] -- Up-to-date: /home/bjl/bjl_ws/install/patrol_control_service/share/patrol_control_service/cmake/patrol_control_serviceConfig-version.cmake
[0.422s] -- Up-to-date: /home/bjl/bjl_ws/install/patrol_control_service/share/patrol_control_service/package.xml
[0.424s] Invoked command in '/home/bjl/bjl_ws/build/patrol_control_service' returned '0': AMENT_PREFIX_PATH=/home/bjl/bjl_ws/install/face_interfaces:${AMENT_PREFIX_PATH} CMAKE_PREFIX_PATH=/home/bjl/bjl_ws/install/face_interfaces:/opt/ros/humble LD_LIBRARY_PATH=/home/bjl/bjl_ws/install/face_interfaces/lib:${LD_LIBRARY_PATH} PYTHONPATH=/home/bjl/bjl_ws/install/face_interfaces/local/lib/python3.10/dist-packages:${PYTHONPATH} /usr/bin/cmake --install /home/bjl/bjl_ws/build/patrol_control_service
