-- Install configuration: ""
-- Up-to-date: /home/bjl/bjl_ws/install/birdbot_description/share/birdbot_description/launch
-- Up-to-date: /home/bjl/bjl_ws/install/birdbot_description/share/birdbot_description/launch/display_robot.launch.py
-- Up-to-date: /home/bjl/bjl_ws/install/birdbot_description/share/birdbot_description/launch/display_robot2.launch.py
-- Up-to-date: /home/bjl/bjl_ws/install/birdbot_description/share/birdbot_description/launch/gazebo_sim.launch.py
-- Up-to-date: /home/bjl/bjl_ws/install/birdbot_description/share/birdbot_description/urdf
-- Up-to-date: /home/bjl/bjl_ws/install/birdbot_description/share/birdbot_description/urdf/first_robot.gv
-- Up-to-date: /home/bjl/bjl_ws/install/birdbot_description/share/birdbot_description/urdf/birdbot
-- Up-to-date: /home/bjl/bjl_ws/install/birdbot_description/share/birdbot_description/urdf/birdbot/sensor
-- Up-to-date: /home/bjl/bjl_ws/install/birdbot_description/share/birdbot_description/urdf/birdbot/sensor/imu.urdf.xacro
-- Up-to-date: /home/bjl/bjl_ws/install/birdbot_description/share/birdbot_description/urdf/birdbot/sensor/camera.urdf.xacro
-- Up-to-date: /home/bjl/bjl_ws/install/birdbot_description/share/birdbot_description/urdf/birdbot/sensor/laser.urdf.xacro
-- Up-to-date: /home/bjl/bjl_ws/install/birdbot_description/share/birdbot_description/urdf/birdbot/actuator
-- Up-to-date: /home/bjl/bjl_ws/install/birdbot_description/share/birdbot_description/urdf/birdbot/actuator/caster.urdf.xacro
-- Up-to-date: /home/bjl/bjl_ws/install/birdbot_description/share/birdbot_description/urdf/birdbot/actuator/wheel.urdf.xacro
-- Up-to-date: /home/bjl/bjl_ws/install/birdbot_description/share/birdbot_description/urdf/birdbot/base.urdf.xacro
-- Up-to-date: /home/bjl/bjl_ws/install/birdbot_description/share/birdbot_description/urdf/birdbot/birdbot.urdf.xacro
-- Up-to-date: /home/bjl/bjl_ws/install/birdbot_description/share/birdbot_description/urdf/birdbot/common_inertial.xacro
-- Up-to-date: /home/bjl/bjl_ws/install/birdbot_description/share/birdbot_description/urdf/birdbot/plugins
-- Up-to-date: /home/bjl/bjl_ws/install/birdbot_description/share/birdbot_description/urdf/birdbot/plugins/gazebo_control_plugin.xacro
-- Up-to-date: /home/bjl/bjl_ws/install/birdbot_description/share/birdbot_description/urdf/birdbot/plugins/birdbot.ros2_control.xacro
-- Up-to-date: /home/bjl/bjl_ws/install/birdbot_description/share/birdbot_description/urdf/birdbot/plugins/gazebo_sensor_plugin.xacro
-- Up-to-date: /home/bjl/bjl_ws/install/birdbot_description/share/birdbot_description/urdf/first_robot.pdf
-- Up-to-date: /home/bjl/bjl_ws/install/birdbot_description/share/birdbot_description/urdf/first_robot.xacro
-- Up-to-date: /home/bjl/bjl_ws/install/birdbot_description/share/birdbot_description/urdf/first_robot.urdf
-- Up-to-date: /home/bjl/bjl_ws/install/birdbot_description/share/birdbot_description/config
-- Up-to-date: /home/bjl/bjl_ws/install/birdbot_description/share/birdbot_description/config/display_robot_model.rviz
-- Up-to-date: /home/bjl/bjl_ws/install/birdbot_description/share/birdbot_description/config/birdbot_ros2_controller.yaml
-- Up-to-date: /home/bjl/bjl_ws/install/birdbot_description/share/birdbot_description/world
-- Up-to-date: /home/bjl/bjl_ws/install/birdbot_description/share/birdbot_description/world/custom_room2.world
-- Up-to-date: /home/bjl/bjl_ws/install/birdbot_description/share/birdbot_description/world/custom_room.world
-- Up-to-date: /home/bjl/bjl_ws/install/birdbot_description/share/birdbot_description/world/room
-- Up-to-date: /home/bjl/bjl_ws/install/birdbot_description/share/birdbot_description/world/room/model.sdf
-- Up-to-date: /home/bjl/bjl_ws/install/birdbot_description/share/birdbot_description/world/room/model.config
-- Up-to-date: /home/bjl/bjl_ws/install/birdbot_description/share/ament_index/resource_index/package_run_dependencies/birdbot_description
-- Up-to-date: /home/bjl/bjl_ws/install/birdbot_description/share/ament_index/resource_index/parent_prefix_path/birdbot_description
-- Up-to-date: /home/bjl/bjl_ws/install/birdbot_description/share/birdbot_description/environment/ament_prefix_path.sh
-- Up-to-date: /home/bjl/bjl_ws/install/birdbot_description/share/birdbot_description/environment/ament_prefix_path.dsv
-- Up-to-date: /home/bjl/bjl_ws/install/birdbot_description/share/birdbot_description/environment/path.sh
-- Up-to-date: /home/bjl/bjl_ws/install/birdbot_description/share/birdbot_description/environment/path.dsv
-- Up-to-date: /home/bjl/bjl_ws/install/birdbot_description/share/birdbot_description/local_setup.bash
-- Up-to-date: /home/bjl/bjl_ws/install/birdbot_description/share/birdbot_description/local_setup.sh
-- Up-to-date: /home/bjl/bjl_ws/install/birdbot_description/share/birdbot_description/local_setup.zsh
-- Up-to-date: /home/bjl/bjl_ws/install/birdbot_description/share/birdbot_description/local_setup.dsv
-- Installing: /home/bjl/bjl_ws/install/birdbot_description/share/birdbot_description/package.dsv
-- Up-to-date: /home/bjl/bjl_ws/install/birdbot_description/share/ament_index/resource_index/packages/birdbot_description
-- Up-to-date: /home/bjl/bjl_ws/install/birdbot_description/share/birdbot_description/cmake/birdbot_descriptionConfig.cmake
-- Up-to-date: /home/bjl/bjl_ws/install/birdbot_description/share/birdbot_description/cmake/birdbot_descriptionConfig-version.cmake
-- Up-to-date: /home/bjl/bjl_ws/install/birdbot_description/share/birdbot_description/package.xml
