[0.031s] Invoking command in '/home/bjl/bjl_ws/build/face_interfaces': CMAKE_PREFIX_PATH=/opt/ros/humble /usr/bin/cmake /home/bjl/bjl_ws/src/face_interfaces -DCMAKE_INSTALL_PREFIX=/home/bjl/bjl_ws/install/face_interfaces
[0.337s] -- The C compiler identification is GNU 11.4.0
[0.359s] -- The CXX compiler identification is GNU 11.4.0
[0.556s] -- Detecting C compiler ABI info
[0.662s] -- Detecting C compiler ABI info - done
[0.667s] -- Check for working C compiler: /usr/bin/cc - skipped
[0.668s] -- Detecting C compile features
[0.669s] -- Detecting C compile features - done
[0.672s] -- Detecting CXX compiler ABI info
[0.785s] -- Detecting CXX compiler ABI info - done
[0.790s] -- Check for working CXX compiler: /usr/bin/c++ - skipped
[0.790s] -- Detecting CXX compile features
[0.791s] -- Detecting CXX compile features - done
[0.797s] -- Found ament_cmake: 1.3.11 (/opt/ros/humble/share/ament_cmake/cmake)
[0.929s] -- Found Python3: /usr/bin/python3 (found version "3.10.12") found components: Interpreter 
[1.040s] -- Found sensor_msgs: 4.2.4 (/opt/ros/humble/share/sensor_msgs/cmake)
[1.181s] -- Found rosidl_generator_c: 3.1.6 (/opt/ros/humble/share/rosidl_generator_c/cmake)
[1.188s] -- Found rosidl_adapter: 3.1.6 (/opt/ros/humble/share/rosidl_adapter/cmake)
[1.201s] -- Found rosidl_generator_cpp: 3.1.6 (/opt/ros/humble/share/rosidl_generator_cpp/cmake)
[1.225s] -- Using all available rosidl_typesupport_c: rosidl_typesupport_fastrtps_c;rosidl_typesupport_introspection_c
[1.251s] -- Using all available rosidl_typesupport_cpp: rosidl_typesupport_fastrtps_cpp;rosidl_typesupport_introspection_cpp
[1.333s] -- Found rosidl_default_generators: 1.2.0 (/opt/ros/humble/share/rosidl_default_generators/cmake)
[1.568s] -- Found ament_cmake_ros: 0.10.0 (/opt/ros/humble/share/ament_cmake_ros/cmake)
[1.902s] -- Using all available rosidl_typesupport_c: rosidl_typesupport_fastrtps_c;rosidl_typesupport_introspection_c
[2.029s] -- Using all available rosidl_typesupport_cpp: rosidl_typesupport_fastrtps_cpp;rosidl_typesupport_introspection_cpp
[2.090s] -- Found PythonInterp: /usr/bin/python3 (found suitable version "3.10.12", minimum required is "3.6") 
[2.090s] -- Found python_cmake_module: 0.10.0 (/opt/ros/humble/share/python_cmake_module/cmake)
[2.303s] -- Found PythonLibs: /usr/lib/x86_64-linux-gnu/libpython3.10.so (found suitable version "3.10.12", minimum required is "3.5") 
[2.303s] -- Using PYTHON_EXECUTABLE: /usr/bin/python3
[2.303s] -- Using PYTHON_INCLUDE_DIRS: /usr/include/python3.10
[2.303s] -- Using PYTHON_LIBRARIES: /usr/lib/x86_64-linux-gnu/libpython3.10.so
[2.322s] -- Found PythonExtra: .so  
[2.414s] -- Found ament_lint_auto: 0.12.11 (/opt/ros/humble/share/ament_lint_auto/cmake)
[2.431s] -- Added test 'lint_cmake' to check CMake code style
[2.431s] -- Added test 'xmllint' to check XML markup files
[2.433s] -- Configuring done
[2.470s] -- Generating done
[2.486s] -- Build files have been written to: /home/bjl/bjl_ws/build/face_interfaces
[2.502s] Invoked command in '/home/bjl/bjl_ws/build/face_interfaces' returned '0': CMAKE_PREFIX_PATH=/opt/ros/humble /usr/bin/cmake /home/bjl/bjl_ws/src/face_interfaces -DCMAKE_INSTALL_PREFIX=/home/bjl/bjl_ws/install/face_interfaces
[2.505s] Invoking command in '/home/bjl/bjl_ws/build/face_interfaces': CMAKE_PREFIX_PATH=/opt/ros/humble /usr/bin/cmake --build /home/bjl/bjl_ws/build/face_interfaces -- -j16 -l16
[2.530s] [  2%] [34m[1mGenerating C code for ROS interfaces[0m
[2.539s] [  5%] [34m[1mGenerating C++ code for ROS interfaces[0m
[2.546s] [  5%] Built target ament_cmake_python_copy_face_interfaces
[2.760s] running egg_info
[2.761s] creating face_interfaces.egg-info
[2.762s] writing face_interfaces.egg-info/PKG-INFO
[2.762s] writing dependency_links to face_interfaces.egg-info/dependency_links.txt
[2.762s] writing top-level names to face_interfaces.egg-info/top_level.txt
[2.762s] writing manifest file 'face_interfaces.egg-info/SOURCES.txt'
[2.765s] reading manifest file 'face_interfaces.egg-info/SOURCES.txt'
[2.765s] writing manifest file 'face_interfaces.egg-info/SOURCES.txt'
[2.803s] [  5%] Built target ament_cmake_python_build_face_interfaces_egg
[2.933s] [  7%] [32mBuilding C object CMakeFiles/face_interfaces__rosidl_generator_c.dir/rosidl_generator_c/face_interfaces/srv/detail/partol__functions.c.o[0m
[2.933s] [ 10%] [32mBuilding C object CMakeFiles/face_interfaces__rosidl_generator_c.dir/rosidl_generator_c/face_interfaces/srv/detail/face_detector__functions.c.o[0m
[2.981s] [ 10%] Built target face_interfaces__cpp
[2.992s] [ 12%] [34m[1mGenerating C++ introspection for ROS interfaces[0m
[2.993s] [ 15%] [34m[1mGenerating C++ type support for eProsima Fast-RTPS[0m
[2.995s] [ 17%] [34m[1mGenerating C++ type support dispatch for ROS interfaces[0m
[3.012s] [ 20%] [32m[1mLinking C shared library libface_interfaces__rosidl_generator_c.so[0m
[3.106s] [ 20%] Built target face_interfaces__rosidl_generator_c
[3.115s] [ 25%] [34m[1mGenerating C type support dispatch for ROS interfaces[0m
[3.115s] [ 25%] [34m[1mGenerating C type support for eProsima Fast-RTPS[0m
[3.116s] [ 28%] [34m[1mGenerating C introspection for ROS interfaces[0m
[3.374s] [ 30%] [32mBuilding CXX object CMakeFiles/face_interfaces__rosidl_typesupport_cpp.dir/rosidl_typesupport_cpp/face_interfaces/srv/face_detector__type_support.cpp.o[0m
[3.377s] [ 33%] [32mBuilding CXX object CMakeFiles/face_interfaces__rosidl_typesupport_cpp.dir/rosidl_typesupport_cpp/face_interfaces/srv/partol__type_support.cpp.o[0m
[3.407s] [ 35%] [32mBuilding CXX object CMakeFiles/face_interfaces__rosidl_typesupport_introspection_cpp.dir/rosidl_typesupport_introspection_cpp/face_interfaces/srv/detail/partol__type_support.cpp.o[0m
[3.407s] [ 38%] [32mBuilding CXX object CMakeFiles/face_interfaces__rosidl_typesupport_introspection_cpp.dir/rosidl_typesupport_introspection_cpp/face_interfaces/srv/detail/face_detector__type_support.cpp.o[0m
[3.428s] [ 43%] [32mBuilding CXX object CMakeFiles/face_interfaces__rosidl_typesupport_fastrtps_cpp.dir/rosidl_typesupport_fastrtps_cpp/face_interfaces/srv/detail/dds_fastrtps/partol__type_support.cpp.o[0m
[3.429s] [ 43%] [32mBuilding CXX object CMakeFiles/face_interfaces__rosidl_typesupport_fastrtps_cpp.dir/rosidl_typesupport_fastrtps_cpp/face_interfaces/srv/detail/dds_fastrtps/face_detector__type_support.cpp.o[0m
[3.475s] [ 48%] [32mBuilding CXX object CMakeFiles/face_interfaces__rosidl_typesupport_c.dir/rosidl_typesupport_c/face_interfaces/srv/partol__type_support.cpp.o[0m
[3.476s] [ 48%] [32mBuilding CXX object CMakeFiles/face_interfaces__rosidl_typesupport_c.dir/rosidl_typesupport_c/face_interfaces/srv/face_detector__type_support.cpp.o[0m
[3.511s] [ 51%] [32m[1mLinking CXX shared library libface_interfaces__rosidl_typesupport_c.so[0m
[3.537s] [ 53%] [32mBuilding C object CMakeFiles/face_interfaces__rosidl_typesupport_introspection_c.dir/rosidl_typesupport_introspection_c/face_interfaces/srv/detail/face_detector__type_support.c.o[0m
[3.538s] [ 56%] [32mBuilding C object CMakeFiles/face_interfaces__rosidl_typesupport_introspection_c.dir/rosidl_typesupport_introspection_c/face_interfaces/srv/detail/partol__type_support.c.o[0m
[3.550s] [ 58%] [32mBuilding CXX object CMakeFiles/face_interfaces__rosidl_typesupport_fastrtps_c.dir/rosidl_typesupport_fastrtps_c/face_interfaces/srv/detail/partol__type_support_c.cpp.o[0m
[3.550s] [ 61%] [32mBuilding CXX object CMakeFiles/face_interfaces__rosidl_typesupport_fastrtps_c.dir/rosidl_typesupport_fastrtps_c/face_interfaces/srv/detail/face_detector__type_support_c.cpp.o[0m
[3.584s] [ 64%] [32m[1mLinking C shared library libface_interfaces__rosidl_typesupport_introspection_c.so[0m
[3.606s] [ 64%] Built target face_interfaces__rosidl_typesupport_c
[3.669s] [ 64%] Built target face_interfaces__rosidl_typesupport_introspection_c
[3.677s] [ 66%] [32m[1mLinking CXX shared library libface_interfaces__rosidl_typesupport_cpp.so[0m
[3.774s] [ 66%] Built target face_interfaces__rosidl_typesupport_cpp
[3.882s] [ 69%] [32m[1mLinking CXX shared library libface_interfaces__rosidl_typesupport_introspection_cpp.so[0m
[3.893s] [ 71%] [32m[1mLinking CXX shared library libface_interfaces__rosidl_typesupport_fastrtps_cpp.so[0m
[3.911s] [ 74%] [32m[1mLinking CXX shared library libface_interfaces__rosidl_typesupport_fastrtps_c.so[0m
[3.990s] [ 74%] Built target face_interfaces__rosidl_typesupport_introspection_cpp
[4.020s] [ 74%] Built target face_interfaces__rosidl_typesupport_fastrtps_cpp
[4.020s] [ 74%] Built target face_interfaces__rosidl_typesupport_fastrtps_c
[4.034s] [ 74%] Built target face_interfaces
[4.046s] [ 76%] [34m[1mGenerating Python code for ROS interfaces[0m
[4.402s] [ 76%] Built target face_interfaces__py
[4.416s] [ 79%] [32mBuilding C object CMakeFiles/face_interfaces__rosidl_generator_py.dir/rosidl_generator_py/face_interfaces/srv/_partol_s.c.o[0m
[4.416s] [ 82%] [32mBuilding C object CMakeFiles/face_interfaces__rosidl_generator_py.dir/rosidl_generator_py/face_interfaces/srv/_face_detector_s.c.o[0m
[4.510s] [ 84%] [32m[1mLinking C shared library rosidl_generator_py/face_interfaces/libface_interfaces__rosidl_generator_py.so[0m
[4.590s] [ 84%] Built target face_interfaces__rosidl_generator_py
[4.601s] [ 87%] [32mBuilding C object CMakeFiles/face_interfaces__rosidl_typesupport_c__pyext.dir/rosidl_generator_py/face_interfaces/_face_interfaces_s.ep.rosidl_typesupport_c.c.o[0m
[4.601s] [ 89%] [32mBuilding C object CMakeFiles/face_interfaces__rosidl_typesupport_introspection_c__pyext.dir/rosidl_generator_py/face_interfaces/_face_interfaces_s.ep.rosidl_typesupport_introspection_c.c.o[0m
[4.605s] [ 92%] [32mBuilding C object CMakeFiles/face_interfaces__rosidl_typesupport_fastrtps_c__pyext.dir/rosidl_generator_py/face_interfaces/_face_interfaces_s.ep.rosidl_typesupport_fastrtps_c.c.o[0m
[4.674s] [ 94%] [32m[1mLinking C shared library rosidl_generator_py/face_interfaces/face_interfaces_s__rosidl_typesupport_c.cpython-310-x86_64-linux-gnu.so[0m
[4.680s] [ 97%] [32m[1mLinking C shared library rosidl_generator_py/face_interfaces/face_interfaces_s__rosidl_typesupport_fastrtps_c.cpython-310-x86_64-linux-gnu.so[0m
[4.696s] [100%] [32m[1mLinking C shared library rosidl_generator_py/face_interfaces/face_interfaces_s__rosidl_typesupport_introspection_c.cpython-310-x86_64-linux-gnu.so[0m
[4.755s] [100%] Built target face_interfaces__rosidl_typesupport_c__pyext
[4.766s] [100%] Built target face_interfaces__rosidl_typesupport_fastrtps_c__pyext
[4.769s] [100%] Built target face_interfaces__rosidl_typesupport_introspection_c__pyext
[4.777s] Invoked command in '/home/bjl/bjl_ws/build/face_interfaces' returned '0': CMAKE_PREFIX_PATH=/opt/ros/humble /usr/bin/cmake --build /home/bjl/bjl_ws/build/face_interfaces -- -j16 -l16
[4.779s] Invoking command in '/home/bjl/bjl_ws/build/face_interfaces': CMAKE_PREFIX_PATH=/opt/ros/humble /usr/bin/cmake --install /home/bjl/bjl_ws/build/face_interfaces
[4.783s] -- Install configuration: ""
[4.783s] -- Installing: /home/bjl/bjl_ws/install/face_interfaces/share/ament_index/resource_index/rosidl_interfaces/face_interfaces
[4.783s] -- Installing: /home/bjl/bjl_ws/install/face_interfaces/include/face_interfaces/face_interfaces
[4.784s] -- Installing: /home/bjl/bjl_ws/install/face_interfaces/include/face_interfaces/face_interfaces/msg
[4.784s] -- Installing: /home/bjl/bjl_ws/install/face_interfaces/include/face_interfaces/face_interfaces/msg/rosidl_generator_c__visibility_control.h
[4.784s] -- Installing: /home/bjl/bjl_ws/install/face_interfaces/include/face_interfaces/face_interfaces/srv
[4.784s] -- Installing: /home/bjl/bjl_ws/install/face_interfaces/include/face_interfaces/face_interfaces/srv/detail
[4.785s] -- Installing: /home/bjl/bjl_ws/install/face_interfaces/include/face_interfaces/face_interfaces/srv/detail/partol__type_support.h
[4.785s] -- Installing: /home/bjl/bjl_ws/install/face_interfaces/include/face_interfaces/face_interfaces/srv/detail/partol__functions.h
[4.785s] -- Installing: /home/bjl/bjl_ws/install/face_interfaces/include/face_interfaces/face_interfaces/srv/detail/face_detector__functions.h
[4.785s] -- Installing: /home/bjl/bjl_ws/install/face_interfaces/include/face_interfaces/face_interfaces/srv/detail/partol__struct.h
[4.786s] -- Installing: /home/bjl/bjl_ws/install/face_interfaces/include/face_interfaces/face_interfaces/srv/detail/face_detector__struct.h
[4.786s] -- Installing: /home/bjl/bjl_ws/install/face_interfaces/include/face_interfaces/face_interfaces/srv/detail/partol__functions.c
[4.786s] -- Installing: /home/bjl/bjl_ws/install/face_interfaces/include/face_interfaces/face_interfaces/srv/detail/face_detector__type_support.h
[4.787s] -- Installing: /home/bjl/bjl_ws/install/face_interfaces/include/face_interfaces/face_interfaces/srv/detail/face_detector__functions.c
[4.787s] -- Installing: /home/bjl/bjl_ws/install/face_interfaces/include/face_interfaces/face_interfaces/srv/face_detector.h
[4.787s] -- Installing: /home/bjl/bjl_ws/install/face_interfaces/include/face_interfaces/face_interfaces/srv/partol.h
[4.787s] -- Installing: /home/bjl/bjl_ws/install/face_interfaces/share/face_interfaces/environment/library_path.sh
[4.788s] -- Installing: /home/bjl/bjl_ws/install/face_interfaces/share/face_interfaces/environment/library_path.dsv
[4.788s] -- Installing: /home/bjl/bjl_ws/install/face_interfaces/lib/libface_interfaces__rosidl_generator_c.so
[4.788s] -- Set runtime path of "/home/bjl/bjl_ws/install/face_interfaces/lib/libface_interfaces__rosidl_generator_c.so" to ""
[4.788s] -- Up-to-date: /home/bjl/bjl_ws/install/face_interfaces/include/face_interfaces/face_interfaces
[4.788s] -- Up-to-date: /home/bjl/bjl_ws/install/face_interfaces/include/face_interfaces/face_interfaces/msg
[4.789s] -- Installing: /home/bjl/bjl_ws/install/face_interfaces/include/face_interfaces/face_interfaces/msg/rosidl_typesupport_fastrtps_c__visibility_control.h
[4.789s] -- Up-to-date: /home/bjl/bjl_ws/install/face_interfaces/include/face_interfaces/face_interfaces/srv
[4.789s] -- Up-to-date: /home/bjl/bjl_ws/install/face_interfaces/include/face_interfaces/face_interfaces/srv/detail
[4.789s] -- Installing: /home/bjl/bjl_ws/install/face_interfaces/include/face_interfaces/face_interfaces/srv/detail/partol__rosidl_typesupport_fastrtps_c.h
[4.789s] -- Installing: /home/bjl/bjl_ws/install/face_interfaces/include/face_interfaces/face_interfaces/srv/detail/face_detector__rosidl_typesupport_fastrtps_c.h
[4.790s] -- Installing: /home/bjl/bjl_ws/install/face_interfaces/lib/libface_interfaces__rosidl_typesupport_fastrtps_c.so
[4.790s] -- Set runtime path of "/home/bjl/bjl_ws/install/face_interfaces/lib/libface_interfaces__rosidl_typesupport_fastrtps_c.so" to ""
[4.790s] -- Up-to-date: /home/bjl/bjl_ws/install/face_interfaces/include/face_interfaces/face_interfaces
[4.790s] -- Up-to-date: /home/bjl/bjl_ws/install/face_interfaces/include/face_interfaces/face_interfaces/msg
[4.790s] -- Installing: /home/bjl/bjl_ws/install/face_interfaces/include/face_interfaces/face_interfaces/msg/rosidl_generator_cpp__visibility_control.hpp
[4.790s] -- Up-to-date: /home/bjl/bjl_ws/install/face_interfaces/include/face_interfaces/face_interfaces/srv
[4.790s] -- Installing: /home/bjl/bjl_ws/install/face_interfaces/include/face_interfaces/face_interfaces/srv/partol.hpp
[4.791s] -- Up-to-date: /home/bjl/bjl_ws/install/face_interfaces/include/face_interfaces/face_interfaces/srv/detail
[4.791s] -- Installing: /home/bjl/bjl_ws/install/face_interfaces/include/face_interfaces/face_interfaces/srv/detail/face_detector__builder.hpp
[4.791s] -- Installing: /home/bjl/bjl_ws/install/face_interfaces/include/face_interfaces/face_interfaces/srv/detail/face_detector__struct.hpp
[4.791s] -- Installing: /home/bjl/bjl_ws/install/face_interfaces/include/face_interfaces/face_interfaces/srv/detail/partol__traits.hpp
[4.791s] -- Installing: /home/bjl/bjl_ws/install/face_interfaces/include/face_interfaces/face_interfaces/srv/detail/partol__type_support.hpp
[4.791s] -- Installing: /home/bjl/bjl_ws/install/face_interfaces/include/face_interfaces/face_interfaces/srv/detail/face_detector__type_support.hpp
[4.791s] -- Installing: /home/bjl/bjl_ws/install/face_interfaces/include/face_interfaces/face_interfaces/srv/detail/partol__builder.hpp
[4.791s] -- Installing: /home/bjl/bjl_ws/install/face_interfaces/include/face_interfaces/face_interfaces/srv/detail/face_detector__traits.hpp
[4.791s] -- Installing: /home/bjl/bjl_ws/install/face_interfaces/include/face_interfaces/face_interfaces/srv/detail/partol__struct.hpp
[4.791s] -- Installing: /home/bjl/bjl_ws/install/face_interfaces/include/face_interfaces/face_interfaces/srv/face_detector.hpp
[4.791s] -- Up-to-date: /home/bjl/bjl_ws/install/face_interfaces/include/face_interfaces/face_interfaces
[4.791s] -- Up-to-date: /home/bjl/bjl_ws/install/face_interfaces/include/face_interfaces/face_interfaces/msg
[4.791s] -- Installing: /home/bjl/bjl_ws/install/face_interfaces/include/face_interfaces/face_interfaces/msg/rosidl_typesupport_fastrtps_cpp__visibility_control.h
[4.791s] -- Up-to-date: /home/bjl/bjl_ws/install/face_interfaces/include/face_interfaces/face_interfaces/srv
[4.791s] -- Up-to-date: /home/bjl/bjl_ws/install/face_interfaces/include/face_interfaces/face_interfaces/srv/detail
[4.791s] -- Installing: /home/bjl/bjl_ws/install/face_interfaces/include/face_interfaces/face_interfaces/srv/detail/partol__rosidl_typesupport_fastrtps_cpp.hpp
[4.791s] -- Installing: /home/bjl/bjl_ws/install/face_interfaces/include/face_interfaces/face_interfaces/srv/detail/face_detector__rosidl_typesupport_fastrtps_cpp.hpp
[4.791s] -- Installing: /home/bjl/bjl_ws/install/face_interfaces/include/face_interfaces/face_interfaces/srv/detail/dds_fastrtps
[4.791s] -- Installing: /home/bjl/bjl_ws/install/face_interfaces/lib/libface_interfaces__rosidl_typesupport_fastrtps_cpp.so
[4.791s] -- Set runtime path of "/home/bjl/bjl_ws/install/face_interfaces/lib/libface_interfaces__rosidl_typesupport_fastrtps_cpp.so" to ""
[4.791s] -- Up-to-date: /home/bjl/bjl_ws/install/face_interfaces/include/face_interfaces/face_interfaces
[4.792s] -- Up-to-date: /home/bjl/bjl_ws/install/face_interfaces/include/face_interfaces/face_interfaces/msg
[4.792s] -- Installing: /home/bjl/bjl_ws/install/face_interfaces/include/face_interfaces/face_interfaces/msg/rosidl_typesupport_introspection_c__visibility_control.h
[4.792s] -- Up-to-date: /home/bjl/bjl_ws/install/face_interfaces/include/face_interfaces/face_interfaces/srv
[4.792s] -- Up-to-date: /home/bjl/bjl_ws/install/face_interfaces/include/face_interfaces/face_interfaces/srv/detail
[4.792s] -- Installing: /home/bjl/bjl_ws/install/face_interfaces/include/face_interfaces/face_interfaces/srv/detail/partol__type_support.c
[4.792s] -- Installing: /home/bjl/bjl_ws/install/face_interfaces/include/face_interfaces/face_interfaces/srv/detail/partol__rosidl_typesupport_introspection_c.h
[4.792s] -- Installing: /home/bjl/bjl_ws/install/face_interfaces/include/face_interfaces/face_interfaces/srv/detail/face_detector__rosidl_typesupport_introspection_c.h
[4.792s] -- Installing: /home/bjl/bjl_ws/install/face_interfaces/include/face_interfaces/face_interfaces/srv/detail/face_detector__type_support.c
[4.792s] -- Installing: /home/bjl/bjl_ws/install/face_interfaces/lib/libface_interfaces__rosidl_typesupport_introspection_c.so
[4.792s] -- Set runtime path of "/home/bjl/bjl_ws/install/face_interfaces/lib/libface_interfaces__rosidl_typesupport_introspection_c.so" to ""
[4.792s] -- Installing: /home/bjl/bjl_ws/install/face_interfaces/lib/libface_interfaces__rosidl_typesupport_c.so
[4.792s] -- Set runtime path of "/home/bjl/bjl_ws/install/face_interfaces/lib/libface_interfaces__rosidl_typesupport_c.so" to ""
[4.792s] -- Up-to-date: /home/bjl/bjl_ws/install/face_interfaces/include/face_interfaces/face_interfaces
[4.792s] -- Up-to-date: /home/bjl/bjl_ws/install/face_interfaces/include/face_interfaces/face_interfaces/srv
[4.792s] -- Up-to-date: /home/bjl/bjl_ws/install/face_interfaces/include/face_interfaces/face_interfaces/srv/detail
[4.792s] -- Installing: /home/bjl/bjl_ws/install/face_interfaces/include/face_interfaces/face_interfaces/srv/detail/face_detector__type_support.cpp
[4.792s] -- Installing: /home/bjl/bjl_ws/install/face_interfaces/include/face_interfaces/face_interfaces/srv/detail/face_detector__rosidl_typesupport_introspection_cpp.hpp
[4.792s] -- Installing: /home/bjl/bjl_ws/install/face_interfaces/include/face_interfaces/face_interfaces/srv/detail/partol__rosidl_typesupport_introspection_cpp.hpp
[4.792s] -- Installing: /home/bjl/bjl_ws/install/face_interfaces/include/face_interfaces/face_interfaces/srv/detail/partol__type_support.cpp
[4.792s] -- Installing: /home/bjl/bjl_ws/install/face_interfaces/lib/libface_interfaces__rosidl_typesupport_introspection_cpp.so
[4.792s] -- Set runtime path of "/home/bjl/bjl_ws/install/face_interfaces/lib/libface_interfaces__rosidl_typesupport_introspection_cpp.so" to ""
[4.792s] -- Installing: /home/bjl/bjl_ws/install/face_interfaces/lib/libface_interfaces__rosidl_typesupport_cpp.so
[4.792s] -- Set runtime path of "/home/bjl/bjl_ws/install/face_interfaces/lib/libface_interfaces__rosidl_typesupport_cpp.so" to ""
[4.792s] -- Installing: /home/bjl/bjl_ws/install/face_interfaces/share/face_interfaces/environment/pythonpath.sh
[4.792s] -- Installing: /home/bjl/bjl_ws/install/face_interfaces/share/face_interfaces/environment/pythonpath.dsv
[4.792s] -- Installing: /home/bjl/bjl_ws/install/face_interfaces/local/lib/python3.10/dist-packages/face_interfaces-0.0.0-py3.10.egg-info
[4.792s] -- Installing: /home/bjl/bjl_ws/install/face_interfaces/local/lib/python3.10/dist-packages/face_interfaces-0.0.0-py3.10.egg-info/dependency_links.txt
[4.792s] -- Installing: /home/bjl/bjl_ws/install/face_interfaces/local/lib/python3.10/dist-packages/face_interfaces-0.0.0-py3.10.egg-info/SOURCES.txt
[4.792s] -- Installing: /home/bjl/bjl_ws/install/face_interfaces/local/lib/python3.10/dist-packages/face_interfaces-0.0.0-py3.10.egg-info/top_level.txt
[4.792s] -- Installing: /home/bjl/bjl_ws/install/face_interfaces/local/lib/python3.10/dist-packages/face_interfaces-0.0.0-py3.10.egg-info/PKG-INFO
[4.792s] -- Installing: /home/bjl/bjl_ws/install/face_interfaces/local/lib/python3.10/dist-packages/face_interfaces
[4.792s] -- Installing: /home/bjl/bjl_ws/install/face_interfaces/local/lib/python3.10/dist-packages/face_interfaces/_face_interfaces_s.ep.rosidl_typesupport_fastrtps_c.c
[4.792s] -- Installing: /home/bjl/bjl_ws/install/face_interfaces/local/lib/python3.10/dist-packages/face_interfaces/libface_interfaces__rosidl_generator_py.so
[4.792s] -- Installing: /home/bjl/bjl_ws/install/face_interfaces/local/lib/python3.10/dist-packages/face_interfaces/srv
[4.792s] -- Installing: /home/bjl/bjl_ws/install/face_interfaces/local/lib/python3.10/dist-packages/face_interfaces/srv/_face_detector_s.c
[4.792s] -- Installing: /home/bjl/bjl_ws/install/face_interfaces/local/lib/python3.10/dist-packages/face_interfaces/srv/_partol_s.c
[4.792s] -- Installing: /home/bjl/bjl_ws/install/face_interfaces/local/lib/python3.10/dist-packages/face_interfaces/srv/_partol.py
[4.793s] -- Installing: /home/bjl/bjl_ws/install/face_interfaces/local/lib/python3.10/dist-packages/face_interfaces/srv/_face_detector.py
[4.793s] -- Installing: /home/bjl/bjl_ws/install/face_interfaces/local/lib/python3.10/dist-packages/face_interfaces/srv/__init__.py
[4.793s] -- Installing: /home/bjl/bjl_ws/install/face_interfaces/local/lib/python3.10/dist-packages/face_interfaces/face_interfaces_s__rosidl_typesupport_fastrtps_c.cpython-310-x86_64-linux-gnu.so
[4.793s] -- Installing: /home/bjl/bjl_ws/install/face_interfaces/local/lib/python3.10/dist-packages/face_interfaces/_face_interfaces_s.ep.rosidl_typesupport_introspection_c.c
[4.793s] -- Installing: /home/bjl/bjl_ws/install/face_interfaces/local/lib/python3.10/dist-packages/face_interfaces/face_interfaces_s__rosidl_typesupport_c.cpython-310-x86_64-linux-gnu.so
[4.793s] -- Installing: /home/bjl/bjl_ws/install/face_interfaces/local/lib/python3.10/dist-packages/face_interfaces/_face_interfaces_s.ep.rosidl_typesupport_c.c
[4.793s] -- Installing: /home/bjl/bjl_ws/install/face_interfaces/local/lib/python3.10/dist-packages/face_interfaces/face_interfaces_s__rosidl_typesupport_introspection_c.cpython-310-x86_64-linux-gnu.so
[4.793s] -- Installing: /home/bjl/bjl_ws/install/face_interfaces/local/lib/python3.10/dist-packages/face_interfaces/__init__.py
[4.816s] Listing '/home/bjl/bjl_ws/install/face_interfaces/local/lib/python3.10/dist-packages/face_interfaces'...
[4.816s] Compiling '/home/bjl/bjl_ws/install/face_interfaces/local/lib/python3.10/dist-packages/face_interfaces/__init__.py'...
[4.816s] Listing '/home/bjl/bjl_ws/install/face_interfaces/local/lib/python3.10/dist-packages/face_interfaces/srv'...
[4.816s] Compiling '/home/bjl/bjl_ws/install/face_interfaces/local/lib/python3.10/dist-packages/face_interfaces/srv/__init__.py'...
[4.816s] Compiling '/home/bjl/bjl_ws/install/face_interfaces/local/lib/python3.10/dist-packages/face_interfaces/srv/_face_detector.py'...
[4.816s] Compiling '/home/bjl/bjl_ws/install/face_interfaces/local/lib/python3.10/dist-packages/face_interfaces/srv/_partol.py'...
[4.820s] -- Installing: /home/bjl/bjl_ws/install/face_interfaces/local/lib/python3.10/dist-packages/face_interfaces/face_interfaces_s__rosidl_typesupport_fastrtps_c.cpython-310-x86_64-linux-gnu.so
[4.820s] -- Set runtime path of "/home/bjl/bjl_ws/install/face_interfaces/local/lib/python3.10/dist-packages/face_interfaces/face_interfaces_s__rosidl_typesupport_fastrtps_c.cpython-310-x86_64-linux-gnu.so" to ""
[4.821s] -- Installing: /home/bjl/bjl_ws/install/face_interfaces/local/lib/python3.10/dist-packages/face_interfaces/face_interfaces_s__rosidl_typesupport_introspection_c.cpython-310-x86_64-linux-gnu.so
[4.821s] -- Set runtime path of "/home/bjl/bjl_ws/install/face_interfaces/local/lib/python3.10/dist-packages/face_interfaces/face_interfaces_s__rosidl_typesupport_introspection_c.cpython-310-x86_64-linux-gnu.so" to ""
[4.821s] -- Installing: /home/bjl/bjl_ws/install/face_interfaces/local/lib/python3.10/dist-packages/face_interfaces/face_interfaces_s__rosidl_typesupport_c.cpython-310-x86_64-linux-gnu.so
[4.821s] -- Set runtime path of "/home/bjl/bjl_ws/install/face_interfaces/local/lib/python3.10/dist-packages/face_interfaces/face_interfaces_s__rosidl_typesupport_c.cpython-310-x86_64-linux-gnu.so" to ""
[4.821s] -- Installing: /home/bjl/bjl_ws/install/face_interfaces/lib/libface_interfaces__rosidl_generator_py.so
[4.822s] -- Set runtime path of "/home/bjl/bjl_ws/install/face_interfaces/lib/libface_interfaces__rosidl_generator_py.so" to ""
[4.822s] -- Installing: /home/bjl/bjl_ws/install/face_interfaces/share/face_interfaces/srv/FaceDetector.idl
[4.822s] -- Installing: /home/bjl/bjl_ws/install/face_interfaces/share/face_interfaces/srv/Partol.idl
[4.822s] -- Installing: /home/bjl/bjl_ws/install/face_interfaces/share/face_interfaces/srv/FaceDetector.srv
[4.822s] -- Installing: /home/bjl/bjl_ws/install/face_interfaces/share/face_interfaces/srv/FaceDetector_Request.msg
[4.822s] -- Installing: /home/bjl/bjl_ws/install/face_interfaces/share/face_interfaces/srv/FaceDetector_Response.msg
[4.822s] -- Installing: /home/bjl/bjl_ws/install/face_interfaces/share/face_interfaces/srv/Partol.srv
[4.822s] -- Installing: /home/bjl/bjl_ws/install/face_interfaces/share/face_interfaces/srv/Partol_Request.msg
[4.822s] -- Installing: /home/bjl/bjl_ws/install/face_interfaces/share/face_interfaces/srv/Partol_Response.msg
[4.823s] -- Installing: /home/bjl/bjl_ws/install/face_interfaces/share/ament_index/resource_index/package_run_dependencies/face_interfaces
[4.823s] -- Installing: /home/bjl/bjl_ws/install/face_interfaces/share/ament_index/resource_index/parent_prefix_path/face_interfaces
[4.823s] -- Installing: /home/bjl/bjl_ws/install/face_interfaces/share/face_interfaces/environment/ament_prefix_path.sh
[4.823s] -- Installing: /home/bjl/bjl_ws/install/face_interfaces/share/face_interfaces/environment/ament_prefix_path.dsv
[4.823s] -- Installing: /home/bjl/bjl_ws/install/face_interfaces/share/face_interfaces/environment/path.sh
[4.823s] -- Installing: /home/bjl/bjl_ws/install/face_interfaces/share/face_interfaces/environment/path.dsv
[4.823s] -- Installing: /home/bjl/bjl_ws/install/face_interfaces/share/face_interfaces/local_setup.bash
[4.823s] -- Installing: /home/bjl/bjl_ws/install/face_interfaces/share/face_interfaces/local_setup.sh
[4.824s] -- Installing: /home/bjl/bjl_ws/install/face_interfaces/share/face_interfaces/local_setup.zsh
[4.824s] -- Installing: /home/bjl/bjl_ws/install/face_interfaces/share/face_interfaces/local_setup.dsv
[4.824s] -- Installing: /home/bjl/bjl_ws/install/face_interfaces/share/face_interfaces/package.dsv
[4.824s] -- Installing: /home/bjl/bjl_ws/install/face_interfaces/share/ament_index/resource_index/packages/face_interfaces
[4.825s] -- Installing: /home/bjl/bjl_ws/install/face_interfaces/share/face_interfaces/cmake/export_face_interfaces__rosidl_generator_cExport.cmake
[4.825s] -- Installing: /home/bjl/bjl_ws/install/face_interfaces/share/face_interfaces/cmake/export_face_interfaces__rosidl_generator_cExport-noconfig.cmake
[4.825s] -- Installing: /home/bjl/bjl_ws/install/face_interfaces/share/face_interfaces/cmake/export_face_interfaces__rosidl_typesupport_fastrtps_cExport.cmake
[4.825s] -- Installing: /home/bjl/bjl_ws/install/face_interfaces/share/face_interfaces/cmake/export_face_interfaces__rosidl_typesupport_fastrtps_cExport-noconfig.cmake
[4.825s] -- Installing: /home/bjl/bjl_ws/install/face_interfaces/share/face_interfaces/cmake/export_face_interfaces__rosidl_generator_cppExport.cmake
[4.825s] -- Installing: /home/bjl/bjl_ws/install/face_interfaces/share/face_interfaces/cmake/export_face_interfaces__rosidl_typesupport_fastrtps_cppExport.cmake
[4.825s] -- Installing: /home/bjl/bjl_ws/install/face_interfaces/share/face_interfaces/cmake/export_face_interfaces__rosidl_typesupport_fastrtps_cppExport-noconfig.cmake
[4.825s] -- Installing: /home/bjl/bjl_ws/install/face_interfaces/share/face_interfaces/cmake/face_interfaces__rosidl_typesupport_introspection_cExport.cmake
[4.825s] -- Installing: /home/bjl/bjl_ws/install/face_interfaces/share/face_interfaces/cmake/face_interfaces__rosidl_typesupport_introspection_cExport-noconfig.cmake
[4.826s] -- Installing: /home/bjl/bjl_ws/install/face_interfaces/share/face_interfaces/cmake/face_interfaces__rosidl_typesupport_cExport.cmake
[4.826s] -- Installing: /home/bjl/bjl_ws/install/face_interfaces/share/face_interfaces/cmake/face_interfaces__rosidl_typesupport_cExport-noconfig.cmake
[4.826s] -- Installing: /home/bjl/bjl_ws/install/face_interfaces/share/face_interfaces/cmake/face_interfaces__rosidl_typesupport_introspection_cppExport.cmake
[4.826s] -- Installing: /home/bjl/bjl_ws/install/face_interfaces/share/face_interfaces/cmake/face_interfaces__rosidl_typesupport_introspection_cppExport-noconfig.cmake
[4.826s] -- Installing: /home/bjl/bjl_ws/install/face_interfaces/share/face_interfaces/cmake/face_interfaces__rosidl_typesupport_cppExport.cmake
[4.826s] -- Installing: /home/bjl/bjl_ws/install/face_interfaces/share/face_interfaces/cmake/face_interfaces__rosidl_typesupport_cppExport-noconfig.cmake
[4.826s] -- Installing: /home/bjl/bjl_ws/install/face_interfaces/share/face_interfaces/cmake/export_face_interfaces__rosidl_generator_pyExport.cmake
[4.826s] -- Installing: /home/bjl/bjl_ws/install/face_interfaces/share/face_interfaces/cmake/export_face_interfaces__rosidl_generator_pyExport-noconfig.cmake
[4.826s] -- Installing: /home/bjl/bjl_ws/install/face_interfaces/share/face_interfaces/cmake/rosidl_cmake-extras.cmake
[4.826s] -- Installing: /home/bjl/bjl_ws/install/face_interfaces/share/face_interfaces/cmake/ament_cmake_export_dependencies-extras.cmake
[4.826s] -- Installing: /home/bjl/bjl_ws/install/face_interfaces/share/face_interfaces/cmake/ament_cmake_export_include_directories-extras.cmake
[4.827s] -- Installing: /home/bjl/bjl_ws/install/face_interfaces/share/face_interfaces/cmake/ament_cmake_export_libraries-extras.cmake
[4.827s] -- Installing: /home/bjl/bjl_ws/install/face_interfaces/share/face_interfaces/cmake/ament_cmake_export_targets-extras.cmake
[4.827s] -- Installing: /home/bjl/bjl_ws/install/face_interfaces/share/face_interfaces/cmake/rosidl_cmake_export_typesupport_targets-extras.cmake
[4.827s] -- Installing: /home/bjl/bjl_ws/install/face_interfaces/share/face_interfaces/cmake/rosidl_cmake_export_typesupport_libraries-extras.cmake
[4.828s] -- Installing: /home/bjl/bjl_ws/install/face_interfaces/share/face_interfaces/cmake/face_interfacesConfig.cmake
[4.828s] -- Installing: /home/bjl/bjl_ws/install/face_interfaces/share/face_interfaces/cmake/face_interfacesConfig-version.cmake
[4.828s] -- Installing: /home/bjl/bjl_ws/install/face_interfaces/share/face_interfaces/package.xml
[4.830s] Invoked command in '/home/bjl/bjl_ws/build/face_interfaces' returned '0': CMAKE_PREFIX_PATH=/opt/ros/humble /usr/bin/cmake --install /home/bjl/bjl_ws/build/face_interfaces
