[  3%] Built target autopartol_interface__cpp
[ 12%] Built target autopartol_interface__rosidl_generator_c
[ 12%] Built target ament_cmake_python_copy_autopartol_interface
[ 22%] Built target autopartol_interface__rosidl_typesupport_introspection_cpp
[ 32%] Built target autopartol_interface__rosidl_typesupport_c
[ 41%] Built target autopartol_interface__rosidl_typesupport_cpp
[ 51%] Built target autopartol_interface__rosidl_typesupport_introspection_c
[ 61%] Built target autopartol_interface__rosidl_typesupport_fastrtps_c
[ 70%] Built target autopartol_interface__rosidl_typesupport_fastrtps_cpp
[ 70%] Built target autopartol_interface
[ 74%] Built target autopartol_interface__py
[ 80%] Built target autopartol_interface__rosidl_generator_py
[ 87%] Built target autopartol_interface__rosidl_typesupport_c__pyext
[ 93%] Built target autopartol_interface__rosidl_typesupport_introspection_c__pyext
[100%] Built target autopartol_interface__rosidl_typesupport_fastrtps_c__pyext
running egg_info
writing autopartol_interface.egg-info/PKG-INFO
writing dependency_links to autopartol_interface.egg-info/dependency_links.txt
writing top-level names to autopartol_interface.egg-info/top_level.txt
reading manifest file 'autopartol_interface.egg-info/SOURCES.txt'
writing manifest file 'autopartol_interface.egg-info/SOURCES.txt'
[100%] Built target ament_cmake_python_build_autopartol_interface_egg
-- Install configuration: ""
-- Up-to-date: /home/bjl/bjl_ws/install/autopartol_interface/share/ament_index/resource_index/rosidl_interfaces/autopartol_interface
-- Up-to-date: /home/bjl/bjl_ws/install/autopartol_interface/include/autopartol_interface/autopartol_interface
-- Up-to-date: /home/bjl/bjl_ws/install/autopartol_interface/include/autopartol_interface/autopartol_interface/msg
-- Up-to-date: /home/bjl/bjl_ws/install/autopartol_interface/include/autopartol_interface/autopartol_interface/msg/rosidl_generator_c__visibility_control.h
-- Up-to-date: /home/bjl/bjl_ws/install/autopartol_interface/include/autopartol_interface/autopartol_interface/srv
-- Up-to-date: /home/bjl/bjl_ws/install/autopartol_interface/include/autopartol_interface/autopartol_interface/srv/speech_text.h
-- Up-to-date: /home/bjl/bjl_ws/install/autopartol_interface/include/autopartol_interface/autopartol_interface/srv/detail
-- Up-to-date: /home/bjl/bjl_ws/install/autopartol_interface/include/autopartol_interface/autopartol_interface/srv/detail/speech_text__type_support.h
-- Up-to-date: /home/bjl/bjl_ws/install/autopartol_interface/include/autopartol_interface/autopartol_interface/srv/detail/speech_text__functions.h
-- Up-to-date: /home/bjl/bjl_ws/install/autopartol_interface/include/autopartol_interface/autopartol_interface/srv/detail/speech_text__struct.h
-- Up-to-date: /home/bjl/bjl_ws/install/autopartol_interface/include/autopartol_interface/autopartol_interface/srv/detail/speech_text__functions.c
-- Up-to-date: /home/bjl/bjl_ws/install/autopartol_interface/share/autopartol_interface/environment/library_path.sh
-- Up-to-date: /home/bjl/bjl_ws/install/autopartol_interface/share/autopartol_interface/environment/library_path.dsv
-- Up-to-date: /home/bjl/bjl_ws/install/autopartol_interface/lib/libautopartol_interface__rosidl_generator_c.so
-- Up-to-date: /home/bjl/bjl_ws/install/autopartol_interface/include/autopartol_interface/autopartol_interface
-- Up-to-date: /home/bjl/bjl_ws/install/autopartol_interface/include/autopartol_interface/autopartol_interface/msg
-- Up-to-date: /home/bjl/bjl_ws/install/autopartol_interface/include/autopartol_interface/autopartol_interface/msg/rosidl_typesupport_fastrtps_c__visibility_control.h
-- Up-to-date: /home/bjl/bjl_ws/install/autopartol_interface/include/autopartol_interface/autopartol_interface/srv
-- Up-to-date: /home/bjl/bjl_ws/install/autopartol_interface/include/autopartol_interface/autopartol_interface/srv/detail
-- Up-to-date: /home/bjl/bjl_ws/install/autopartol_interface/include/autopartol_interface/autopartol_interface/srv/detail/speech_text__rosidl_typesupport_fastrtps_c.h
-- Up-to-date: /home/bjl/bjl_ws/install/autopartol_interface/lib/libautopartol_interface__rosidl_typesupport_fastrtps_c.so
-- Up-to-date: /home/bjl/bjl_ws/install/autopartol_interface/include/autopartol_interface/autopartol_interface
-- Up-to-date: /home/bjl/bjl_ws/install/autopartol_interface/include/autopartol_interface/autopartol_interface/msg
-- Up-to-date: /home/bjl/bjl_ws/install/autopartol_interface/include/autopartol_interface/autopartol_interface/msg/rosidl_typesupport_introspection_c__visibility_control.h
-- Up-to-date: /home/bjl/bjl_ws/install/autopartol_interface/include/autopartol_interface/autopartol_interface/srv
-- Up-to-date: /home/bjl/bjl_ws/install/autopartol_interface/include/autopartol_interface/autopartol_interface/srv/detail
-- Up-to-date: /home/bjl/bjl_ws/install/autopartol_interface/include/autopartol_interface/autopartol_interface/srv/detail/speech_text__type_support.c
-- Up-to-date: /home/bjl/bjl_ws/install/autopartol_interface/include/autopartol_interface/autopartol_interface/srv/detail/speech_text__rosidl_typesupport_introspection_c.h
-- Up-to-date: /home/bjl/bjl_ws/install/autopartol_interface/lib/libautopartol_interface__rosidl_typesupport_introspection_c.so
-- Up-to-date: /home/bjl/bjl_ws/install/autopartol_interface/lib/libautopartol_interface__rosidl_typesupport_c.so
-- Up-to-date: /home/bjl/bjl_ws/install/autopartol_interface/include/autopartol_interface/autopartol_interface
-- Up-to-date: /home/bjl/bjl_ws/install/autopartol_interface/include/autopartol_interface/autopartol_interface/msg
-- Up-to-date: /home/bjl/bjl_ws/install/autopartol_interface/include/autopartol_interface/autopartol_interface/msg/rosidl_generator_cpp__visibility_control.hpp
-- Up-to-date: /home/bjl/bjl_ws/install/autopartol_interface/include/autopartol_interface/autopartol_interface/srv
-- Up-to-date: /home/bjl/bjl_ws/install/autopartol_interface/include/autopartol_interface/autopartol_interface/srv/detail
-- Up-to-date: /home/bjl/bjl_ws/install/autopartol_interface/include/autopartol_interface/autopartol_interface/srv/detail/speech_text__struct.hpp
-- Up-to-date: /home/bjl/bjl_ws/install/autopartol_interface/include/autopartol_interface/autopartol_interface/srv/detail/speech_text__builder.hpp
-- Up-to-date: /home/bjl/bjl_ws/install/autopartol_interface/include/autopartol_interface/autopartol_interface/srv/detail/speech_text__type_support.hpp
-- Up-to-date: /home/bjl/bjl_ws/install/autopartol_interface/include/autopartol_interface/autopartol_interface/srv/detail/speech_text__traits.hpp
-- Up-to-date: /home/bjl/bjl_ws/install/autopartol_interface/include/autopartol_interface/autopartol_interface/srv/speech_text.hpp
-- Up-to-date: /home/bjl/bjl_ws/install/autopartol_interface/include/autopartol_interface/autopartol_interface
-- Up-to-date: /home/bjl/bjl_ws/install/autopartol_interface/include/autopartol_interface/autopartol_interface/msg
-- Up-to-date: /home/bjl/bjl_ws/install/autopartol_interface/include/autopartol_interface/autopartol_interface/msg/rosidl_typesupport_fastrtps_cpp__visibility_control.h
-- Up-to-date: /home/bjl/bjl_ws/install/autopartol_interface/include/autopartol_interface/autopartol_interface/srv
-- Up-to-date: /home/bjl/bjl_ws/install/autopartol_interface/include/autopartol_interface/autopartol_interface/srv/detail
-- Up-to-date: /home/bjl/bjl_ws/install/autopartol_interface/include/autopartol_interface/autopartol_interface/srv/detail/dds_fastrtps
-- Up-to-date: /home/bjl/bjl_ws/install/autopartol_interface/include/autopartol_interface/autopartol_interface/srv/detail/speech_text__rosidl_typesupport_fastrtps_cpp.hpp
-- Up-to-date: /home/bjl/bjl_ws/install/autopartol_interface/lib/libautopartol_interface__rosidl_typesupport_fastrtps_cpp.so
-- Up-to-date: /home/bjl/bjl_ws/install/autopartol_interface/include/autopartol_interface/autopartol_interface
-- Up-to-date: /home/bjl/bjl_ws/install/autopartol_interface/include/autopartol_interface/autopartol_interface/srv
-- Up-to-date: /home/bjl/bjl_ws/install/autopartol_interface/include/autopartol_interface/autopartol_interface/srv/detail
-- Up-to-date: /home/bjl/bjl_ws/install/autopartol_interface/include/autopartol_interface/autopartol_interface/srv/detail/speech_text__rosidl_typesupport_introspection_cpp.hpp
-- Up-to-date: /home/bjl/bjl_ws/install/autopartol_interface/include/autopartol_interface/autopartol_interface/srv/detail/speech_text__type_support.cpp
-- Up-to-date: /home/bjl/bjl_ws/install/autopartol_interface/lib/libautopartol_interface__rosidl_typesupport_introspection_cpp.so
-- Up-to-date: /home/bjl/bjl_ws/install/autopartol_interface/lib/libautopartol_interface__rosidl_typesupport_cpp.so
-- Up-to-date: /home/bjl/bjl_ws/install/autopartol_interface/share/autopartol_interface/environment/pythonpath.sh
-- Up-to-date: /home/bjl/bjl_ws/install/autopartol_interface/share/autopartol_interface/environment/pythonpath.dsv
-- Up-to-date: /home/bjl/bjl_ws/install/autopartol_interface/local/lib/python3.10/dist-packages/autopartol_interface-0.0.0-py3.10.egg-info
-- Installing: /home/bjl/bjl_ws/install/autopartol_interface/local/lib/python3.10/dist-packages/autopartol_interface-0.0.0-py3.10.egg-info/dependency_links.txt
-- Installing: /home/bjl/bjl_ws/install/autopartol_interface/local/lib/python3.10/dist-packages/autopartol_interface-0.0.0-py3.10.egg-info/SOURCES.txt
-- Installing: /home/bjl/bjl_ws/install/autopartol_interface/local/lib/python3.10/dist-packages/autopartol_interface-0.0.0-py3.10.egg-info/top_level.txt
-- Installing: /home/bjl/bjl_ws/install/autopartol_interface/local/lib/python3.10/dist-packages/autopartol_interface-0.0.0-py3.10.egg-info/PKG-INFO
-- Up-to-date: /home/bjl/bjl_ws/install/autopartol_interface/local/lib/python3.10/dist-packages/autopartol_interface
-- Up-to-date: /home/bjl/bjl_ws/install/autopartol_interface/local/lib/python3.10/dist-packages/autopartol_interface/autopartol_interface_s__rosidl_typesupport_fastrtps_c.cpython-310-x86_64-linux-gnu.so
-- Up-to-date: /home/bjl/bjl_ws/install/autopartol_interface/local/lib/python3.10/dist-packages/autopartol_interface/_autopartol_interface_s.ep.rosidl_typesupport_c.c
-- Up-to-date: /home/bjl/bjl_ws/install/autopartol_interface/local/lib/python3.10/dist-packages/autopartol_interface/_autopartol_interface_s.ep.rosidl_typesupport_introspection_c.c
-- Up-to-date: /home/bjl/bjl_ws/install/autopartol_interface/local/lib/python3.10/dist-packages/autopartol_interface/libautopartol_interface__rosidl_generator_py.so
-- Up-to-date: /home/bjl/bjl_ws/install/autopartol_interface/local/lib/python3.10/dist-packages/autopartol_interface/_autopartol_interface_s.ep.rosidl_typesupport_fastrtps_c.c
-- Up-to-date: /home/bjl/bjl_ws/install/autopartol_interface/local/lib/python3.10/dist-packages/autopartol_interface/srv
-- Up-to-date: /home/bjl/bjl_ws/install/autopartol_interface/local/lib/python3.10/dist-packages/autopartol_interface/srv/_speech_text.py
-- Up-to-date: /home/bjl/bjl_ws/install/autopartol_interface/local/lib/python3.10/dist-packages/autopartol_interface/srv/_speech_text_s.c
-- Up-to-date: /home/bjl/bjl_ws/install/autopartol_interface/local/lib/python3.10/dist-packages/autopartol_interface/srv/__init__.py
-- Up-to-date: /home/bjl/bjl_ws/install/autopartol_interface/local/lib/python3.10/dist-packages/autopartol_interface/autopartol_interface_s__rosidl_typesupport_introspection_c.cpython-310-x86_64-linux-gnu.so
-- Up-to-date: /home/bjl/bjl_ws/install/autopartol_interface/local/lib/python3.10/dist-packages/autopartol_interface/autopartol_interface_s__rosidl_typesupport_c.cpython-310-x86_64-linux-gnu.so
-- Up-to-date: /home/bjl/bjl_ws/install/autopartol_interface/local/lib/python3.10/dist-packages/autopartol_interface/__init__.py
Listing '/home/bjl/bjl_ws/install/autopartol_interface/local/lib/python3.10/dist-packages/autopartol_interface'...
Listing '/home/bjl/bjl_ws/install/autopartol_interface/local/lib/python3.10/dist-packages/autopartol_interface/srv'...
-- Up-to-date: /home/bjl/bjl_ws/install/autopartol_interface/local/lib/python3.10/dist-packages/autopartol_interface/autopartol_interface_s__rosidl_typesupport_fastrtps_c.cpython-310-x86_64-linux-gnu.so
-- Up-to-date: /home/bjl/bjl_ws/install/autopartol_interface/local/lib/python3.10/dist-packages/autopartol_interface/autopartol_interface_s__rosidl_typesupport_introspection_c.cpython-310-x86_64-linux-gnu.so
-- Up-to-date: /home/bjl/bjl_ws/install/autopartol_interface/local/lib/python3.10/dist-packages/autopartol_interface/autopartol_interface_s__rosidl_typesupport_c.cpython-310-x86_64-linux-gnu.so
-- Up-to-date: /home/bjl/bjl_ws/install/autopartol_interface/lib/libautopartol_interface__rosidl_generator_py.so
-- Up-to-date: /home/bjl/bjl_ws/install/autopartol_interface/share/autopartol_interface/srv/SpeechText.idl
-- Up-to-date: /home/bjl/bjl_ws/install/autopartol_interface/share/autopartol_interface/srv/SpeechText.srv
-- Up-to-date: /home/bjl/bjl_ws/install/autopartol_interface/share/autopartol_interface/srv/SpeechText_Request.msg
-- Up-to-date: /home/bjl/bjl_ws/install/autopartol_interface/share/autopartol_interface/srv/SpeechText_Response.msg
-- Up-to-date: /home/bjl/bjl_ws/install/autopartol_interface/share/ament_index/resource_index/package_run_dependencies/autopartol_interface
-- Up-to-date: /home/bjl/bjl_ws/install/autopartol_interface/share/ament_index/resource_index/parent_prefix_path/autopartol_interface
-- Up-to-date: /home/bjl/bjl_ws/install/autopartol_interface/share/autopartol_interface/environment/ament_prefix_path.sh
-- Up-to-date: /home/bjl/bjl_ws/install/autopartol_interface/share/autopartol_interface/environment/ament_prefix_path.dsv
-- Up-to-date: /home/bjl/bjl_ws/install/autopartol_interface/share/autopartol_interface/environment/path.sh
-- Up-to-date: /home/bjl/bjl_ws/install/autopartol_interface/share/autopartol_interface/environment/path.dsv
-- Up-to-date: /home/bjl/bjl_ws/install/autopartol_interface/share/autopartol_interface/local_setup.bash
-- Up-to-date: /home/bjl/bjl_ws/install/autopartol_interface/share/autopartol_interface/local_setup.sh
-- Up-to-date: /home/bjl/bjl_ws/install/autopartol_interface/share/autopartol_interface/local_setup.zsh
-- Up-to-date: /home/bjl/bjl_ws/install/autopartol_interface/share/autopartol_interface/local_setup.dsv
-- Installing: /home/bjl/bjl_ws/install/autopartol_interface/share/autopartol_interface/package.dsv
-- Up-to-date: /home/bjl/bjl_ws/install/autopartol_interface/share/ament_index/resource_index/packages/autopartol_interface
-- Up-to-date: /home/bjl/bjl_ws/install/autopartol_interface/share/autopartol_interface/cmake/export_autopartol_interface__rosidl_generator_cExport.cmake
-- Up-to-date: /home/bjl/bjl_ws/install/autopartol_interface/share/autopartol_interface/cmake/export_autopartol_interface__rosidl_generator_cExport-noconfig.cmake
-- Up-to-date: /home/bjl/bjl_ws/install/autopartol_interface/share/autopartol_interface/cmake/export_autopartol_interface__rosidl_typesupport_fastrtps_cExport.cmake
-- Up-to-date: /home/bjl/bjl_ws/install/autopartol_interface/share/autopartol_interface/cmake/export_autopartol_interface__rosidl_typesupport_fastrtps_cExport-noconfig.cmake
-- Up-to-date: /home/bjl/bjl_ws/install/autopartol_interface/share/autopartol_interface/cmake/autopartol_interface__rosidl_typesupport_introspection_cExport.cmake
-- Up-to-date: /home/bjl/bjl_ws/install/autopartol_interface/share/autopartol_interface/cmake/autopartol_interface__rosidl_typesupport_introspection_cExport-noconfig.cmake
-- Up-to-date: /home/bjl/bjl_ws/install/autopartol_interface/share/autopartol_interface/cmake/autopartol_interface__rosidl_typesupport_cExport.cmake
-- Up-to-date: /home/bjl/bjl_ws/install/autopartol_interface/share/autopartol_interface/cmake/autopartol_interface__rosidl_typesupport_cExport-noconfig.cmake
-- Up-to-date: /home/bjl/bjl_ws/install/autopartol_interface/share/autopartol_interface/cmake/export_autopartol_interface__rosidl_generator_cppExport.cmake
-- Up-to-date: /home/bjl/bjl_ws/install/autopartol_interface/share/autopartol_interface/cmake/export_autopartol_interface__rosidl_typesupport_fastrtps_cppExport.cmake
-- Up-to-date: /home/bjl/bjl_ws/install/autopartol_interface/share/autopartol_interface/cmake/export_autopartol_interface__rosidl_typesupport_fastrtps_cppExport-noconfig.cmake
-- Up-to-date: /home/bjl/bjl_ws/install/autopartol_interface/share/autopartol_interface/cmake/autopartol_interface__rosidl_typesupport_introspection_cppExport.cmake
-- Up-to-date: /home/bjl/bjl_ws/install/autopartol_interface/share/autopartol_interface/cmake/autopartol_interface__rosidl_typesupport_introspection_cppExport-noconfig.cmake
-- Up-to-date: /home/bjl/bjl_ws/install/autopartol_interface/share/autopartol_interface/cmake/autopartol_interface__rosidl_typesupport_cppExport.cmake
-- Up-to-date: /home/bjl/bjl_ws/install/autopartol_interface/share/autopartol_interface/cmake/autopartol_interface__rosidl_typesupport_cppExport-noconfig.cmake
-- Up-to-date: /home/bjl/bjl_ws/install/autopartol_interface/share/autopartol_interface/cmake/export_autopartol_interface__rosidl_generator_pyExport.cmake
-- Up-to-date: /home/bjl/bjl_ws/install/autopartol_interface/share/autopartol_interface/cmake/export_autopartol_interface__rosidl_generator_pyExport-noconfig.cmake
-- Up-to-date: /home/bjl/bjl_ws/install/autopartol_interface/share/autopartol_interface/cmake/rosidl_cmake-extras.cmake
-- Up-to-date: /home/bjl/bjl_ws/install/autopartol_interface/share/autopartol_interface/cmake/ament_cmake_export_include_directories-extras.cmake
-- Up-to-date: /home/bjl/bjl_ws/install/autopartol_interface/share/autopartol_interface/cmake/ament_cmake_export_libraries-extras.cmake
-- Up-to-date: /home/bjl/bjl_ws/install/autopartol_interface/share/autopartol_interface/cmake/ament_cmake_export_targets-extras.cmake
-- Up-to-date: /home/bjl/bjl_ws/install/autopartol_interface/share/autopartol_interface/cmake/rosidl_cmake_export_typesupport_targets-extras.cmake
-- Up-to-date: /home/bjl/bjl_ws/install/autopartol_interface/share/autopartol_interface/cmake/ament_cmake_export_dependencies-extras.cmake
-- Up-to-date: /home/bjl/bjl_ws/install/autopartol_interface/share/autopartol_interface/cmake/rosidl_cmake_export_typesupport_libraries-extras.cmake
-- Up-to-date: /home/bjl/bjl_ws/install/autopartol_interface/share/autopartol_interface/cmake/autopartol_interfaceConfig.cmake
-- Up-to-date: /home/bjl/bjl_ws/install/autopartol_interface/share/autopartol_interface/cmake/autopartol_interfaceConfig-version.cmake
-- Up-to-date: /home/bjl/bjl_ws/install/autopartol_interface/share/autopartol_interface/package.xml
