[0.716s] Invoking command in '/home/bjl/bjl_ws/build/birdbot_navigation2': CMAKE_PREFIX_PATH=${CMAKE_PREFIX_PATH}:/home/bjl/bjl_ws/install/status_publisher:/home/bjl/bjl_ws/install/face_python_service:/home/bjl/bjl_ws/install/demo_python_topic:/home/bjl/bjl_ws/install/birdbot_application:/home/bjl/bjl_ws/install/autopartol_robot:/opt/ros/humble /usr/bin/cmake --build /home/bjl/bjl_ws/build/birdbot_navigation2 -- -j16 -l16
[1.110s] Invoked command in '/home/bjl/bjl_ws/build/birdbot_navigation2' returned '0': CMAKE_PREFIX_PATH=${CMAKE_PREFIX_PATH}:/home/bjl/bjl_ws/install/status_publisher:/home/bjl/bjl_ws/install/face_python_service:/home/bjl/bjl_ws/install/demo_python_topic:/home/bjl/bjl_ws/install/birdbot_application:/home/bjl/bjl_ws/install/autopartol_robot:/opt/ros/humble /usr/bin/cmake --build /home/bjl/bjl_ws/build/birdbot_navigation2 -- -j16 -l16
[1.111s] Invoking command in '/home/bjl/bjl_ws/build/birdbot_navigation2': CMAKE_PREFIX_PATH=${CMAKE_PREFIX_PATH}:/home/bjl/bjl_ws/install/status_publisher:/home/bjl/bjl_ws/install/face_python_service:/home/bjl/bjl_ws/install/demo_python_topic:/home/bjl/bjl_ws/install/birdbot_application:/home/bjl/bjl_ws/install/autopartol_robot:/opt/ros/humble /usr/bin/cmake --install /home/bjl/bjl_ws/build/birdbot_navigation2
[1.127s] -- Install configuration: ""
[1.127s] -- Up-to-date: /home/bjl/bjl_ws/install/birdbot_navigation2/share/birdbot_navigation2/launch
[1.127s] -- Up-to-date: /home/bjl/bjl_ws/install/birdbot_navigation2/share/birdbot_navigation2/launch/navigation2.launch.py
[1.127s] -- Up-to-date: /home/bjl/bjl_ws/install/birdbot_navigation2/share/birdbot_navigation2/config
[1.127s] -- Up-to-date: /home/bjl/bjl_ws/install/birdbot_navigation2/share/birdbot_navigation2/config/nav2_params.yaml
[1.128s] -- Up-to-date: /home/bjl/bjl_ws/install/birdbot_navigation2/share/birdbot_navigation2/maps
[1.128s] -- Up-to-date: /home/bjl/bjl_ws/install/birdbot_navigation2/share/birdbot_navigation2/maps/room2.pgm
[1.128s] -- Up-to-date: /home/bjl/bjl_ws/install/birdbot_navigation2/share/birdbot_navigation2/maps/room2.yaml
[1.129s] -- Up-to-date: /home/bjl/bjl_ws/install/birdbot_navigation2/share/ament_index/resource_index/package_run_dependencies/birdbot_navigation2
[1.135s] -- Up-to-date: /home/bjl/bjl_ws/install/birdbot_navigation2/share/ament_index/resource_index/parent_prefix_path/birdbot_navigation2
[1.135s] -- Up-to-date: /home/bjl/bjl_ws/install/birdbot_navigation2/share/birdbot_navigation2/environment/ament_prefix_path.sh
[1.136s] -- Up-to-date: /home/bjl/bjl_ws/install/birdbot_navigation2/share/birdbot_navigation2/environment/ament_prefix_path.dsv
[1.136s] -- Up-to-date: /home/bjl/bjl_ws/install/birdbot_navigation2/share/birdbot_navigation2/environment/path.sh
[1.136s] -- Up-to-date: /home/bjl/bjl_ws/install/birdbot_navigation2/share/birdbot_navigation2/environment/path.dsv
[1.136s] -- Up-to-date: /home/bjl/bjl_ws/install/birdbot_navigation2/share/birdbot_navigation2/local_setup.bash
[1.136s] -- Up-to-date: /home/bjl/bjl_ws/install/birdbot_navigation2/share/birdbot_navigation2/local_setup.sh
[1.136s] -- Up-to-date: /home/bjl/bjl_ws/install/birdbot_navigation2/share/birdbot_navigation2/local_setup.zsh
[1.136s] -- Up-to-date: /home/bjl/bjl_ws/install/birdbot_navigation2/share/birdbot_navigation2/local_setup.dsv
[1.136s] -- Installing: /home/bjl/bjl_ws/install/birdbot_navigation2/share/birdbot_navigation2/package.dsv
[1.136s] -- Up-to-date: /home/bjl/bjl_ws/install/birdbot_navigation2/share/ament_index/resource_index/packages/birdbot_navigation2
[1.136s] -- Up-to-date: /home/bjl/bjl_ws/install/birdbot_navigation2/share/birdbot_navigation2/cmake/birdbot_navigation2Config.cmake
[1.137s] -- Up-to-date: /home/bjl/bjl_ws/install/birdbot_navigation2/share/birdbot_navigation2/cmake/birdbot_navigation2Config-version.cmake
[1.137s] -- Up-to-date: /home/bjl/bjl_ws/install/birdbot_navigation2/share/birdbot_navigation2/package.xml
[1.206s] Invoked command in '/home/bjl/bjl_ws/build/birdbot_navigation2' returned '0': CMAKE_PREFIX_PATH=${CMAKE_PREFIX_PATH}:/home/bjl/bjl_ws/install/status_publisher:/home/bjl/bjl_ws/install/face_python_service:/home/bjl/bjl_ws/install/demo_python_topic:/home/bjl/bjl_ws/install/birdbot_application:/home/bjl/bjl_ws/install/autopartol_robot:/opt/ros/humble /usr/bin/cmake --install /home/bjl/bjl_ws/build/birdbot_navigation2
