[0.541s] Invoking command in '/home/bjl/bjl_ws/src/face_python_service': AMENT_PREFIX_PATH=/home/bjl/bjl_ws/install/face_interfaces:${AMENT_PREFIX_PATH} CMAKE_PREFIX_PATH=/home/bjl/bjl_ws/install/face_interfaces LD_LIBRARY_PATH=/home/bjl/bjl_ws/install/face_interfaces/lib:${LD_LIBRARY_PATH} PYTHONPATH=/home/bjl/bjl_ws/build/face_python_service/prefix_override:/usr/lib/python3/dist-packages/colcon_core/task/python/colcon_distutils_commands:/home/bjl/bjl_ws/install/face_python_service/lib/python3.10/site-packages:/home/bjl/bjl_ws/install/face_interfaces/local/lib/python3.10/dist-packages:${PYTHONPATH} /usr/bin/python3 -W ignore:setup.py install is deprecated -W ignore:easy_install command is deprecated setup.py egg_info --egg-base ../../build/face_python_service build --build-base /home/bjl/bjl_ws/build/face_python_service/build install --record /home/bjl/bjl_ws/build/face_python_service/install.log --single-version-externally-managed install_data
[0.722s] running egg_info
[0.722s] creating ../../build/face_python_service/face_python_service.egg-info
[0.723s] writing ../../build/face_python_service/face_python_service.egg-info/PKG-INFO
[0.723s] writing dependency_links to ../../build/face_python_service/face_python_service.egg-info/dependency_links.txt
[0.723s] writing entry points to ../../build/face_python_service/face_python_service.egg-info/entry_points.txt
[0.723s] writing requirements to ../../build/face_python_service/face_python_service.egg-info/requires.txt
[0.724s] writing top-level names to ../../build/face_python_service/face_python_service.egg-info/top_level.txt
[0.724s] writing manifest file '../../build/face_python_service/face_python_service.egg-info/SOURCES.txt'
[0.725s] reading manifest file '../../build/face_python_service/face_python_service.egg-info/SOURCES.txt'
[0.725s] writing manifest file '../../build/face_python_service/face_python_service.egg-info/SOURCES.txt'
[0.725s] running build
[0.726s] running build_py
[0.726s] creating /home/bjl/bjl_ws/build/face_python_service/build
[0.726s] creating /home/bjl/bjl_ws/build/face_python_service/build/lib
[0.726s] creating /home/bjl/bjl_ws/build/face_python_service/build/lib/face_python_service
[0.726s] copying face_python_service/face_detect_node.py -> /home/bjl/bjl_ws/build/face_python_service/build/lib/face_python_service
[0.726s] copying face_python_service/face_detect_client_node.py -> /home/bjl/bjl_ws/build/face_python_service/build/lib/face_python_service
[0.726s] copying face_python_service/learn_face_detect.py -> /home/bjl/bjl_ws/build/face_python_service/build/lib/face_python_service
[0.727s] copying face_python_service/face_detect_client_node2.py -> /home/bjl/bjl_ws/build/face_python_service/build/lib/face_python_service
[0.727s] copying face_python_service/__init__.py -> /home/bjl/bjl_ws/build/face_python_service/build/lib/face_python_service
[0.727s] running install
[0.727s] running install_lib
[0.727s] creating /home/bjl/bjl_ws/install/face_python_service/lib/python3.10/site-packages/face_python_service
[0.728s] copying /home/bjl/bjl_ws/build/face_python_service/build/lib/face_python_service/face_detect_node.py -> /home/bjl/bjl_ws/install/face_python_service/lib/python3.10/site-packages/face_python_service
[0.728s] copying /home/bjl/bjl_ws/build/face_python_service/build/lib/face_python_service/face_detect_client_node.py -> /home/bjl/bjl_ws/install/face_python_service/lib/python3.10/site-packages/face_python_service
[0.728s] copying /home/bjl/bjl_ws/build/face_python_service/build/lib/face_python_service/learn_face_detect.py -> /home/bjl/bjl_ws/install/face_python_service/lib/python3.10/site-packages/face_python_service
[0.728s] copying /home/bjl/bjl_ws/build/face_python_service/build/lib/face_python_service/face_detect_client_node2.py -> /home/bjl/bjl_ws/install/face_python_service/lib/python3.10/site-packages/face_python_service
[0.728s] copying /home/bjl/bjl_ws/build/face_python_service/build/lib/face_python_service/__init__.py -> /home/bjl/bjl_ws/install/face_python_service/lib/python3.10/site-packages/face_python_service
[0.728s] byte-compiling /home/bjl/bjl_ws/install/face_python_service/lib/python3.10/site-packages/face_python_service/face_detect_node.py to face_detect_node.cpython-310.pyc
[0.728s] byte-compiling /home/bjl/bjl_ws/install/face_python_service/lib/python3.10/site-packages/face_python_service/face_detect_client_node.py to face_detect_client_node.cpython-310.pyc
[0.729s] byte-compiling /home/bjl/bjl_ws/install/face_python_service/lib/python3.10/site-packages/face_python_service/learn_face_detect.py to learn_face_detect.cpython-310.pyc
[0.729s] byte-compiling /home/bjl/bjl_ws/install/face_python_service/lib/python3.10/site-packages/face_python_service/face_detect_client_node2.py to face_detect_client_node2.cpython-310.pyc
[0.729s] byte-compiling /home/bjl/bjl_ws/install/face_python_service/lib/python3.10/site-packages/face_python_service/__init__.py to __init__.cpython-310.pyc
[0.730s] running install_data
[0.730s] creating /home/bjl/bjl_ws/install/face_python_service/share/ament_index
[0.730s] creating /home/bjl/bjl_ws/install/face_python_service/share/ament_index/resource_index
[0.730s] creating /home/bjl/bjl_ws/install/face_python_service/share/ament_index/resource_index/packages
[0.730s] copying resource/face_python_service -> /home/bjl/bjl_ws/install/face_python_service/share/ament_index/resource_index/packages
[0.730s] copying package.xml -> /home/bjl/bjl_ws/install/face_python_service/share/face_python_service
[0.730s] creating /home/bjl/bjl_ws/install/face_python_service/share/face_python_service/resource
[0.730s] copying resource/default.jpg -> /home/bjl/bjl_ws/install/face_python_service/share/face_python_service/resource
[0.731s] copying resource/test1.jpg -> /home/bjl/bjl_ws/install/face_python_service/share/face_python_service/resource
[0.734s] running install_egg_info
[0.735s] Copying ../../build/face_python_service/face_python_service.egg-info to /home/bjl/bjl_ws/install/face_python_service/lib/python3.10/site-packages/face_python_service-0.0.0-py3.10.egg-info
[0.736s] running install_scripts
[0.753s] Installing face_detect_client_node script to /home/bjl/bjl_ws/install/face_python_service/lib/face_python_service
[0.753s] Installing face_detect_client_node2 script to /home/bjl/bjl_ws/install/face_python_service/lib/face_python_service
[0.753s] Installing face_detect_node script to /home/bjl/bjl_ws/install/face_python_service/lib/face_python_service
[0.753s] Installing learn_face_detect script to /home/bjl/bjl_ws/install/face_python_service/lib/face_python_service
[0.754s] writing list of installed files to '/home/bjl/bjl_ws/build/face_python_service/install.log'
[0.780s] Invoked command in '/home/bjl/bjl_ws/src/face_python_service' returned '0': AMENT_PREFIX_PATH=/home/bjl/bjl_ws/install/face_interfaces:${AMENT_PREFIX_PATH} CMAKE_PREFIX_PATH=/home/bjl/bjl_ws/install/face_interfaces LD_LIBRARY_PATH=/home/bjl/bjl_ws/install/face_interfaces/lib:${LD_LIBRARY_PATH} PYTHONPATH=/home/bjl/bjl_ws/build/face_python_service/prefix_override:/usr/lib/python3/dist-packages/colcon_core/task/python/colcon_distutils_commands:/home/bjl/bjl_ws/install/face_python_service/lib/python3.10/site-packages:/home/bjl/bjl_ws/install/face_interfaces/local/lib/python3.10/dist-packages:${PYTHONPATH} /usr/bin/python3 -W ignore:setup.py install is deprecated -W ignore:easy_install command is deprecated setup.py egg_info --egg-base ../../build/face_python_service build --build-base /home/bjl/bjl_ws/build/face_python_service/build install --record /home/bjl/bjl_ws/build/face_python_service/install.log --single-version-externally-managed install_data
