-- Install configuration: ""
-- Up-to-date: /home/bjl/bjl_ws/install/birdbot_navigation2/share/birdbot_navigation2/launch
-- Up-to-date: /home/bjl/bjl_ws/install/birdbot_navigation2/share/birdbot_navigation2/launch/navigation2.launch.py
-- Up-to-date: /home/bjl/bjl_ws/install/birdbot_navigation2/share/birdbot_navigation2/config
-- Up-to-date: /home/bjl/bjl_ws/install/birdbot_navigation2/share/birdbot_navigation2/config/nav2_params.yaml
-- Up-to-date: /home/bjl/bjl_ws/install/birdbot_navigation2/share/birdbot_navigation2/maps
-- Up-to-date: /home/bjl/bjl_ws/install/birdbot_navigation2/share/birdbot_navigation2/maps/room2.pgm
-- Up-to-date: /home/bjl/bjl_ws/install/birdbot_navigation2/share/birdbot_navigation2/maps/room2.yaml
-- Up-to-date: /home/bjl/bjl_ws/install/birdbot_navigation2/share/ament_index/resource_index/package_run_dependencies/birdbot_navigation2
-- Up-to-date: /home/bjl/bjl_ws/install/birdbot_navigation2/share/ament_index/resource_index/parent_prefix_path/birdbot_navigation2
-- Up-to-date: /home/bjl/bjl_ws/install/birdbot_navigation2/share/birdbot_navigation2/environment/ament_prefix_path.sh
-- Up-to-date: /home/bjl/bjl_ws/install/birdbot_navigation2/share/birdbot_navigation2/environment/ament_prefix_path.dsv
-- Up-to-date: /home/bjl/bjl_ws/install/birdbot_navigation2/share/birdbot_navigation2/environment/path.sh
-- Up-to-date: /home/bjl/bjl_ws/install/birdbot_navigation2/share/birdbot_navigation2/environment/path.dsv
-- Up-to-date: /home/bjl/bjl_ws/install/birdbot_navigation2/share/birdbot_navigation2/local_setup.bash
-- Up-to-date: /home/bjl/bjl_ws/install/birdbot_navigation2/share/birdbot_navigation2/local_setup.sh
-- Up-to-date: /home/bjl/bjl_ws/install/birdbot_navigation2/share/birdbot_navigation2/local_setup.zsh
-- Up-to-date: /home/bjl/bjl_ws/install/birdbot_navigation2/share/birdbot_navigation2/local_setup.dsv
-- Installing: /home/bjl/bjl_ws/install/birdbot_navigation2/share/birdbot_navigation2/package.dsv
-- Up-to-date: /home/bjl/bjl_ws/install/birdbot_navigation2/share/ament_index/resource_index/packages/birdbot_navigation2
-- Up-to-date: /home/bjl/bjl_ws/install/birdbot_navigation2/share/birdbot_navigation2/cmake/birdbot_navigation2Config.cmake
-- Up-to-date: /home/bjl/bjl_ws/install/birdbot_navigation2/share/birdbot_navigation2/cmake/birdbot_navigation2Config-version.cmake
-- Up-to-date: /home/bjl/bjl_ws/install/birdbot_navigation2/share/birdbot_navigation2/package.xml
