[1.974s] Invoking command in '/home/bjl/bjl_ws/src/autopartol_robot': PYTHONPATH=/home/bjl/bjl_ws/build/autopartol_robot/prefix_override:/usr/lib/python3/dist-packages/colcon_core/task/python/colcon_distutils_commands:/home/bjl/bjl_ws/install/autopartol_robot/lib/python3.10/site-packages:${PYTHONPATH} /usr/bin/python3 -W ignore:setup.py install is deprecated -W ignore:easy_install command is deprecated setup.py egg_info --egg-base ../../build/autopartol_robot build --build-base /home/bjl/bjl_ws/build/autopartol_robot/build install --record /home/bjl/bjl_ws/build/autopartol_robot/install.log --single-version-externally-managed install_data
[2.291s] running egg_info
[2.292s] writing ../../build/autopartol_robot/autopartol_robot.egg-info/PKG-INFO
[2.292s] writing dependency_links to ../../build/autopartol_robot/autopartol_robot.egg-info/dependency_links.txt
[2.293s] writing entry points to ../../build/autopartol_robot/autopartol_robot.egg-info/entry_points.txt
[2.293s] writing requirements to ../../build/autopartol_robot/autopartol_robot.egg-info/requires.txt
[2.293s] writing top-level names to ../../build/autopartol_robot/autopartol_robot.egg-info/top_level.txt
[2.296s] reading manifest file '../../build/autopartol_robot/autopartol_robot.egg-info/SOURCES.txt'
[2.297s] writing manifest file '../../build/autopartol_robot/autopartol_robot.egg-info/SOURCES.txt'
[2.297s] running build
[2.297s] running build_py
[2.298s] running install
[2.298s] running install_lib
[2.300s] byte-compiling /home/bjl/bjl_ws/install/autopartol_robot/lib/python3.10/site-packages/autopartol_robot/partol_node.py to partol_node.cpython-310.pyc
[2.302s] running install_data
[2.302s] running install_egg_info
[2.304s] removing '/home/bjl/bjl_ws/install/autopartol_robot/lib/python3.10/site-packages/autopartol_robot-0.0.0-py3.10.egg-info' (and everything under it)
[2.305s] Copying ../../build/autopartol_robot/autopartol_robot.egg-info to /home/bjl/bjl_ws/install/autopartol_robot/lib/python3.10/site-packages/autopartol_robot-0.0.0-py3.10.egg-info
[2.305s] running install_scripts
[2.331s] Installing partol_node script to /home/bjl/bjl_ws/install/autopartol_robot/lib/autopartol_robot
[2.333s] Installing speaker script to /home/bjl/bjl_ws/install/autopartol_robot/lib/autopartol_robot
[2.333s] writing list of installed files to '/home/bjl/bjl_ws/build/autopartol_robot/install.log'
[2.366s] Invoked command in '/home/bjl/bjl_ws/src/autopartol_robot' returned '0': PYTHONPATH=/home/bjl/bjl_ws/build/autopartol_robot/prefix_override:/usr/lib/python3/dist-packages/colcon_core/task/python/colcon_distutils_commands:/home/bjl/bjl_ws/install/autopartol_robot/lib/python3.10/site-packages:${PYTHONPATH} /usr/bin/python3 -W ignore:setup.py install is deprecated -W ignore:easy_install command is deprecated setup.py egg_info --egg-base ../../build/autopartol_robot build --build-base /home/bjl/bjl_ws/build/autopartol_robot/build install --record /home/bjl/bjl_ws/build/autopartol_robot/install.log --single-version-externally-managed install_data
