[1.155s] Invoking command in '/home/bjl/bjl_ws/src/status_publisher': CMAKE_PREFIX_PATH=/home/bjl/bjl_ws/install/status_interfaces:/home/bjl/bjl_ws/install/status_display:/home/bjl/bjl_ws/install/patrol_control_service:/home/bjl/bjl_ws/install/face_interfaces:/home/bjl/bjl_ws/install/demo_cpp_topic:/home/bjl/bjl_ws/install/birdbot_navigation2:/home/bjl/bjl_ws/install/birdbot_description:/home/bjl/bjl_ws/install/autopartol_interface PYTHONPATH=/home/bjl/bjl_ws/build/status_publisher/prefix_override:/usr/lib/python3/dist-packages/colcon_core/task/python/colcon_distutils_commands:/home/bjl/bjl_ws/install/status_publisher/lib/python3.10/site-packages:${PYTHONPATH} /usr/bin/python3 -W ignore:setup.py install is deprecated -W ignore:easy_install command is deprecated setup.py egg_info --egg-base ../../build/status_publisher build --build-base /home/bjl/bjl_ws/build/status_publisher/build install --record /home/bjl/bjl_ws/build/status_publisher/install.log --single-version-externally-managed install_data
[1.437s] running egg_info
[1.438s] writing ../../build/status_publisher/status_publisher.egg-info/PKG-INFO
[1.438s] writing dependency_links to ../../build/status_publisher/status_publisher.egg-info/dependency_links.txt
[1.438s] writing entry points to ../../build/status_publisher/status_publisher.egg-info/entry_points.txt
[1.438s] writing requirements to ../../build/status_publisher/status_publisher.egg-info/requires.txt
[1.439s] writing top-level names to ../../build/status_publisher/status_publisher.egg-info/top_level.txt
[1.441s] reading manifest file '../../build/status_publisher/status_publisher.egg-info/SOURCES.txt'
[1.442s] writing manifest file '../../build/status_publisher/status_publisher.egg-info/SOURCES.txt'
[1.442s] running build
[1.442s] running build_py
[1.442s] running install
[1.443s] running install_lib
[1.444s] running install_data
[1.445s] running install_egg_info
[1.448s] removing '/home/bjl/bjl_ws/install/status_publisher/lib/python3.10/site-packages/status_publisher-0.0.0-py3.10.egg-info' (and everything under it)
[1.448s] Copying ../../build/status_publisher/status_publisher.egg-info to /home/bjl/bjl_ws/install/status_publisher/lib/python3.10/site-packages/status_publisher-0.0.0-py3.10.egg-info
[1.449s] running install_scripts
[1.486s] Installing sys_status_pub script to /home/bjl/bjl_ws/install/status_publisher/lib/status_publisher
[1.486s] writing list of installed files to '/home/bjl/bjl_ws/build/status_publisher/install.log'
[1.529s] Invoked command in '/home/bjl/bjl_ws/src/status_publisher' returned '0': CMAKE_PREFIX_PATH=/home/bjl/bjl_ws/install/status_interfaces:/home/bjl/bjl_ws/install/status_display:/home/bjl/bjl_ws/install/patrol_control_service:/home/bjl/bjl_ws/install/face_interfaces:/home/bjl/bjl_ws/install/demo_cpp_topic:/home/bjl/bjl_ws/install/birdbot_navigation2:/home/bjl/bjl_ws/install/birdbot_description:/home/bjl/bjl_ws/install/autopartol_interface PYTHONPATH=/home/bjl/bjl_ws/build/status_publisher/prefix_override:/usr/lib/python3/dist-packages/colcon_core/task/python/colcon_distutils_commands:/home/bjl/bjl_ws/install/status_publisher/lib/python3.10/site-packages:${PYTHONPATH} /usr/bin/python3 -W ignore:setup.py install is deprecated -W ignore:easy_install command is deprecated setup.py egg_info --egg-base ../../build/status_publisher build --build-base /home/bjl/bjl_ws/build/status_publisher/build install --record /home/bjl/bjl_ws/build/status_publisher/install.log --single-version-externally-managed install_data
