[0.358s] Invoking command in '/home/bjl/bjl_ws/build/birdbot_description': CMAKE_PREFIX_PATH=/opt/ros/humble /usr/bin/cmake --build /home/bjl/bjl_ws/build/birdbot_description -- -j16 -l16
[0.546s] Invoked command in '/home/bjl/bjl_ws/build/birdbot_description' returned '0': CMAKE_PREFIX_PATH=/opt/ros/humble /usr/bin/cmake --build /home/bjl/bjl_ws/build/birdbot_description -- -j16 -l16
[0.548s] Invoking command in '/home/bjl/bjl_ws/build/birdbot_description': CMAKE_PREFIX_PATH=/opt/ros/humble /usr/bin/cmake --install /home/bjl/bjl_ws/build/birdbot_description
[0.584s] -- Install configuration: ""
[0.585s] -- Up-to-date: /home/bjl/bjl_ws/install/birdbot_description/share/birdbot_description/launch
[0.585s] -- Up-to-date: /home/bjl/bjl_ws/install/birdbot_description/share/birdbot_description/launch/display_robot.launch.py
[0.585s] -- Up-to-date: /home/bjl/bjl_ws/install/birdbot_description/share/birdbot_description/launch/display_robot2.launch.py
[0.585s] -- Up-to-date: /home/bjl/bjl_ws/install/birdbot_description/share/birdbot_description/launch/gazebo_sim.launch.py
[0.585s] -- Up-to-date: /home/bjl/bjl_ws/install/birdbot_description/share/birdbot_description/urdf
[0.585s] -- Up-to-date: /home/bjl/bjl_ws/install/birdbot_description/share/birdbot_description/urdf/first_robot.gv
[0.585s] -- Up-to-date: /home/bjl/bjl_ws/install/birdbot_description/share/birdbot_description/urdf/birdbot
[0.585s] -- Up-to-date: /home/bjl/bjl_ws/install/birdbot_description/share/birdbot_description/urdf/birdbot/sensor
[0.585s] -- Up-to-date: /home/bjl/bjl_ws/install/birdbot_description/share/birdbot_description/urdf/birdbot/sensor/imu.urdf.xacro
[0.585s] -- Up-to-date: /home/bjl/bjl_ws/install/birdbot_description/share/birdbot_description/urdf/birdbot/sensor/camera.urdf.xacro
[0.586s] -- Up-to-date: /home/bjl/bjl_ws/install/birdbot_description/share/birdbot_description/urdf/birdbot/sensor/laser.urdf.xacro
[0.586s] -- Up-to-date: /home/bjl/bjl_ws/install/birdbot_description/share/birdbot_description/urdf/birdbot/actuator
[0.586s] -- Up-to-date: /home/bjl/bjl_ws/install/birdbot_description/share/birdbot_description/urdf/birdbot/actuator/caster.urdf.xacro
[0.586s] -- Up-to-date: /home/bjl/bjl_ws/install/birdbot_description/share/birdbot_description/urdf/birdbot/actuator/wheel.urdf.xacro
[0.586s] -- Up-to-date: /home/bjl/bjl_ws/install/birdbot_description/share/birdbot_description/urdf/birdbot/base.urdf.xacro
[0.586s] -- Up-to-date: /home/bjl/bjl_ws/install/birdbot_description/share/birdbot_description/urdf/birdbot/birdbot.urdf.xacro
[0.586s] -- Up-to-date: /home/bjl/bjl_ws/install/birdbot_description/share/birdbot_description/urdf/birdbot/common_inertial.xacro
[0.586s] -- Up-to-date: /home/bjl/bjl_ws/install/birdbot_description/share/birdbot_description/urdf/birdbot/plugins
[0.586s] -- Up-to-date: /home/bjl/bjl_ws/install/birdbot_description/share/birdbot_description/urdf/birdbot/plugins/gazebo_control_plugin.xacro
[0.586s] -- Up-to-date: /home/bjl/bjl_ws/install/birdbot_description/share/birdbot_description/urdf/birdbot/plugins/birdbot.ros2_control.xacro
[0.587s] -- Up-to-date: /home/bjl/bjl_ws/install/birdbot_description/share/birdbot_description/urdf/birdbot/plugins/gazebo_sensor_plugin.xacro
[0.587s] -- Up-to-date: /home/bjl/bjl_ws/install/birdbot_description/share/birdbot_description/urdf/first_robot.pdf
[0.587s] -- Up-to-date: /home/bjl/bjl_ws/install/birdbot_description/share/birdbot_description/urdf/first_robot.xacro
[0.587s] -- Up-to-date: /home/bjl/bjl_ws/install/birdbot_description/share/birdbot_description/urdf/first_robot.urdf
[0.587s] -- Up-to-date: /home/bjl/bjl_ws/install/birdbot_description/share/birdbot_description/config
[0.588s] -- Up-to-date: /home/bjl/bjl_ws/install/birdbot_description/share/birdbot_description/config/display_robot_model.rviz
[0.589s] -- Up-to-date: /home/bjl/bjl_ws/install/birdbot_description/share/birdbot_description/config/birdbot_ros2_controller.yaml
[0.589s] -- Up-to-date: /home/bjl/bjl_ws/install/birdbot_description/share/birdbot_description/world
[0.589s] -- Up-to-date: /home/bjl/bjl_ws/install/birdbot_description/share/birdbot_description/world/custom_room2.world
[0.589s] -- Up-to-date: /home/bjl/bjl_ws/install/birdbot_description/share/birdbot_description/world/custom_room.world
[0.589s] -- Up-to-date: /home/bjl/bjl_ws/install/birdbot_description/share/birdbot_description/world/room
[0.589s] -- Up-to-date: /home/bjl/bjl_ws/install/birdbot_description/share/birdbot_description/world/room/model.sdf
[0.589s] -- Up-to-date: /home/bjl/bjl_ws/install/birdbot_description/share/birdbot_description/world/room/model.config
[0.590s] -- Up-to-date: /home/bjl/bjl_ws/install/birdbot_description/share/ament_index/resource_index/package_run_dependencies/birdbot_description
[0.590s] -- Up-to-date: /home/bjl/bjl_ws/install/birdbot_description/share/ament_index/resource_index/parent_prefix_path/birdbot_description
[0.590s] -- Up-to-date: /home/bjl/bjl_ws/install/birdbot_description/share/birdbot_description/environment/ament_prefix_path.sh
[0.590s] -- Up-to-date: /home/bjl/bjl_ws/install/birdbot_description/share/birdbot_description/environment/ament_prefix_path.dsv
[0.590s] -- Up-to-date: /home/bjl/bjl_ws/install/birdbot_description/share/birdbot_description/environment/path.sh
[0.590s] -- Up-to-date: /home/bjl/bjl_ws/install/birdbot_description/share/birdbot_description/environment/path.dsv
[0.590s] -- Up-to-date: /home/bjl/bjl_ws/install/birdbot_description/share/birdbot_description/local_setup.bash
[0.590s] -- Up-to-date: /home/bjl/bjl_ws/install/birdbot_description/share/birdbot_description/local_setup.sh
[0.590s] -- Up-to-date: /home/bjl/bjl_ws/install/birdbot_description/share/birdbot_description/local_setup.zsh
[0.591s] -- Up-to-date: /home/bjl/bjl_ws/install/birdbot_description/share/birdbot_description/local_setup.dsv
[0.591s] -- Installing: /home/bjl/bjl_ws/install/birdbot_description/share/birdbot_description/package.dsv
[0.594s] -- Up-to-date: /home/bjl/bjl_ws/install/birdbot_description/share/ament_index/resource_index/packages/birdbot_description
[0.594s] -- Up-to-date: /home/bjl/bjl_ws/install/birdbot_description/share/birdbot_description/cmake/birdbot_descriptionConfig.cmake
[0.595s] -- Up-to-date: /home/bjl/bjl_ws/install/birdbot_description/share/birdbot_description/cmake/birdbot_descriptionConfig-version.cmake
[0.595s] -- Up-to-date: /home/bjl/bjl_ws/install/birdbot_description/share/birdbot_description/package.xml
[0.619s] Invoked command in '/home/bjl/bjl_ws/build/birdbot_description' returned '0': CMAKE_PREFIX_PATH=/opt/ros/humble /usr/bin/cmake --install /home/bjl/bjl_ws/build/birdbot_description
