[0.044s] Invoking command in '/home/bjl/bjl_ws/build/face_interfaces': CMAKE_PREFIX_PATH=/opt/ros/humble /usr/bin/cmake --build /home/bjl/bjl_ws/build/face_interfaces -- -j16 -l16
[0.582s] [35m[1mConsolidate compiler generated dependencies of target face_interfaces__rosidl_generator_c[0m
[0.584s] [ 10%] Built target face_interfaces__rosidl_generator_c
[0.585s] [ 12%] Built target face_interfaces__cpp
[0.586s] [35m[1mConsolidate compiler generated dependencies of target face_interfaces__rosidl_typesupport_fastrtps_c[0m
[0.586s] [35m[1mConsolidate compiler generated dependencies of target face_interfaces__rosidl_typesupport_cpp[0m
[0.586s] [35m[1mConsolidate compiler generated dependencies of target face_interfaces__rosidl_typesupport_introspection_c[0m
[0.586s] [ 12%] Built target ament_cmake_python_copy_face_interfaces
[0.587s] [35m[1mConsolidate compiler generated dependencies of target face_interfaces__rosidl_typesupport_fastrtps_cpp[0m
[0.587s] [35m[1mConsolidate compiler generated dependencies of target face_interfaces__rosidl_typesupport_c[0m
[0.587s] [35m[1mConsolidate compiler generated dependencies of target face_interfaces__rosidl_typesupport_introspection_cpp[0m
[0.587s] [ 23%] Built target face_interfaces__rosidl_typesupport_introspection_c
[0.587s] [ 33%] Built target face_interfaces__rosidl_typesupport_fastrtps_c
[0.588s] [ 43%] Built target face_interfaces__rosidl_typesupport_cpp
[0.589s] [ 53%] Built target face_interfaces__rosidl_typesupport_fastrtps_cpp
[0.589s] [ 64%] Built target face_interfaces__rosidl_typesupport_introspection_cpp
[0.590s] [ 74%] Built target face_interfaces__rosidl_typesupport_c
[0.590s] [ 74%] Built target face_interfaces
[0.590s] [ 76%] Built target face_interfaces__py
[0.590s] [35m[1mConsolidate compiler generated dependencies of target face_interfaces__rosidl_generator_py[0m
[0.591s] [ 84%] Built target face_interfaces__rosidl_generator_py
[0.591s] [35m[1mConsolidate compiler generated dependencies of target face_interfaces__rosidl_typesupport_fastrtps_c__pyext[0m
[0.591s] [35m[1mConsolidate compiler generated dependencies of target face_interfaces__rosidl_typesupport_c__pyext[0m
[0.591s] [35m[1mConsolidate compiler generated dependencies of target face_interfaces__rosidl_typesupport_introspection_c__pyext[0m
[0.591s] [ 89%] Built target face_interfaces__rosidl_typesupport_introspection_c__pyext
[0.591s] [ 94%] Built target face_interfaces__rosidl_typesupport_c__pyext
[0.591s] [100%] Built target face_interfaces__rosidl_typesupport_fastrtps_c__pyext
[0.591s] running egg_info
[0.591s] writing face_interfaces.egg-info/PKG-INFO
[0.592s] writing dependency_links to face_interfaces.egg-info/dependency_links.txt
[0.592s] writing top-level names to face_interfaces.egg-info/top_level.txt
[0.592s] reading manifest file 'face_interfaces.egg-info/SOURCES.txt'
[0.592s] writing manifest file 'face_interfaces.egg-info/SOURCES.txt'
[0.592s] [100%] Built target ament_cmake_python_build_face_interfaces_egg
[0.594s] Invoked command in '/home/bjl/bjl_ws/build/face_interfaces' returned '0': CMAKE_PREFIX_PATH=/opt/ros/humble /usr/bin/cmake --build /home/bjl/bjl_ws/build/face_interfaces -- -j16 -l16
[0.603s] Invoking command in '/home/bjl/bjl_ws/build/face_interfaces': CMAKE_PREFIX_PATH=/opt/ros/humble /usr/bin/cmake --install /home/bjl/bjl_ws/build/face_interfaces
[0.620s] -- Install configuration: ""
[0.620s] -- Up-to-date: /home/bjl/bjl_ws/install/face_interfaces/share/ament_index/resource_index/rosidl_interfaces/face_interfaces
[0.621s] -- Up-to-date: /home/bjl/bjl_ws/install/face_interfaces/include/face_interfaces/face_interfaces
[0.621s] -- Up-to-date: /home/bjl/bjl_ws/install/face_interfaces/include/face_interfaces/face_interfaces/msg
[0.622s] -- Up-to-date: /home/bjl/bjl_ws/install/face_interfaces/include/face_interfaces/face_interfaces/msg/rosidl_generator_c__visibility_control.h
[0.622s] -- Up-to-date: /home/bjl/bjl_ws/install/face_interfaces/include/face_interfaces/face_interfaces/srv
[0.623s] -- Up-to-date: /home/bjl/bjl_ws/install/face_interfaces/include/face_interfaces/face_interfaces/srv/detail
[0.623s] -- Up-to-date: /home/bjl/bjl_ws/install/face_interfaces/include/face_interfaces/face_interfaces/srv/detail/partol__type_support.h
[0.623s] -- Up-to-date: /home/bjl/bjl_ws/install/face_interfaces/include/face_interfaces/face_interfaces/srv/detail/partol__functions.h
[0.624s] -- Up-to-date: /home/bjl/bjl_ws/install/face_interfaces/include/face_interfaces/face_interfaces/srv/detail/face_detector__functions.h
[0.627s] -- Up-to-date: /home/bjl/bjl_ws/install/face_interfaces/include/face_interfaces/face_interfaces/srv/detail/partol__struct.h
[0.629s] -- Up-to-date: /home/bjl/bjl_ws/install/face_interfaces/include/face_interfaces/face_interfaces/srv/detail/face_detector__struct.h
[0.631s] -- Up-to-date: /home/bjl/bjl_ws/install/face_interfaces/include/face_interfaces/face_interfaces/srv/detail/partol__functions.c
[0.632s] -- Up-to-date: /home/bjl/bjl_ws/install/face_interfaces/include/face_interfaces/face_interfaces/srv/detail/face_detector__type_support.h
[0.632s] -- Up-to-date: /home/bjl/bjl_ws/install/face_interfaces/include/face_interfaces/face_interfaces/srv/detail/face_detector__functions.c
[0.633s] -- Up-to-date: /home/bjl/bjl_ws/install/face_interfaces/include/face_interfaces/face_interfaces/srv/face_detector.h
[0.634s] -- Up-to-date: /home/bjl/bjl_ws/install/face_interfaces/include/face_interfaces/face_interfaces/srv/partol.h
[0.634s] -- Up-to-date: /home/bjl/bjl_ws/install/face_interfaces/share/face_interfaces/environment/library_path.sh
[0.634s] -- Up-to-date: /home/bjl/bjl_ws/install/face_interfaces/share/face_interfaces/environment/library_path.dsv
[0.634s] -- Up-to-date: /home/bjl/bjl_ws/install/face_interfaces/lib/libface_interfaces__rosidl_generator_c.so
[0.634s] -- Up-to-date: /home/bjl/bjl_ws/install/face_interfaces/include/face_interfaces/face_interfaces
[0.634s] -- Up-to-date: /home/bjl/bjl_ws/install/face_interfaces/include/face_interfaces/face_interfaces/msg
[0.634s] -- Up-to-date: /home/bjl/bjl_ws/install/face_interfaces/include/face_interfaces/face_interfaces/msg/rosidl_typesupport_fastrtps_c__visibility_control.h
[0.634s] -- Up-to-date: /home/bjl/bjl_ws/install/face_interfaces/include/face_interfaces/face_interfaces/srv
[0.634s] -- Up-to-date: /home/bjl/bjl_ws/install/face_interfaces/include/face_interfaces/face_interfaces/srv/detail
[0.634s] -- Up-to-date: /home/bjl/bjl_ws/install/face_interfaces/include/face_interfaces/face_interfaces/srv/detail/partol__rosidl_typesupport_fastrtps_c.h
[0.635s] -- Up-to-date: /home/bjl/bjl_ws/install/face_interfaces/include/face_interfaces/face_interfaces/srv/detail/face_detector__rosidl_typesupport_fastrtps_c.h
[0.635s] -- Up-to-date: /home/bjl/bjl_ws/install/face_interfaces/lib/libface_interfaces__rosidl_typesupport_fastrtps_c.so
[0.636s] -- Up-to-date: /home/bjl/bjl_ws/install/face_interfaces/include/face_interfaces/face_interfaces
[0.636s] -- Up-to-date: /home/bjl/bjl_ws/install/face_interfaces/include/face_interfaces/face_interfaces/msg
[0.636s] -- Up-to-date: /home/bjl/bjl_ws/install/face_interfaces/include/face_interfaces/face_interfaces/msg/rosidl_generator_cpp__visibility_control.hpp
[0.637s] -- Up-to-date: /home/bjl/bjl_ws/install/face_interfaces/include/face_interfaces/face_interfaces/srv
[0.637s] -- Up-to-date: /home/bjl/bjl_ws/install/face_interfaces/include/face_interfaces/face_interfaces/srv/partol.hpp
[0.637s] -- Up-to-date: /home/bjl/bjl_ws/install/face_interfaces/include/face_interfaces/face_interfaces/srv/detail
[0.637s] -- Up-to-date: /home/bjl/bjl_ws/install/face_interfaces/include/face_interfaces/face_interfaces/srv/detail/face_detector__builder.hpp
[0.637s] -- Up-to-date: /home/bjl/bjl_ws/install/face_interfaces/include/face_interfaces/face_interfaces/srv/detail/face_detector__struct.hpp
[0.637s] -- Up-to-date: /home/bjl/bjl_ws/install/face_interfaces/include/face_interfaces/face_interfaces/srv/detail/partol__traits.hpp
[0.637s] -- Up-to-date: /home/bjl/bjl_ws/install/face_interfaces/include/face_interfaces/face_interfaces/srv/detail/partol__type_support.hpp
[0.638s] -- Up-to-date: /home/bjl/bjl_ws/install/face_interfaces/include/face_interfaces/face_interfaces/srv/detail/face_detector__type_support.hpp
[0.638s] -- Up-to-date: /home/bjl/bjl_ws/install/face_interfaces/include/face_interfaces/face_interfaces/srv/detail/partol__builder.hpp
[0.638s] -- Up-to-date: /home/bjl/bjl_ws/install/face_interfaces/include/face_interfaces/face_interfaces/srv/detail/face_detector__traits.hpp
[0.638s] -- Up-to-date: /home/bjl/bjl_ws/install/face_interfaces/include/face_interfaces/face_interfaces/srv/detail/partol__struct.hpp
[0.639s] -- Up-to-date: /home/bjl/bjl_ws/install/face_interfaces/include/face_interfaces/face_interfaces/srv/face_detector.hpp
[0.639s] -- Up-to-date: /home/bjl/bjl_ws/install/face_interfaces/include/face_interfaces/face_interfaces
[0.641s] -- Up-to-date: /home/bjl/bjl_ws/install/face_interfaces/include/face_interfaces/face_interfaces/msg
[0.643s] -- Up-to-date: /home/bjl/bjl_ws/install/face_interfaces/include/face_interfaces/face_interfaces/msg/rosidl_typesupport_fastrtps_cpp__visibility_control.h
[0.644s] -- Up-to-date: /home/bjl/bjl_ws/install/face_interfaces/include/face_interfaces/face_interfaces/srv
[0.644s] -- Up-to-date: /home/bjl/bjl_ws/install/face_interfaces/include/face_interfaces/face_interfaces/srv/detail
[0.645s] -- Up-to-date: /home/bjl/bjl_ws/install/face_interfaces/include/face_interfaces/face_interfaces/srv/detail/partol__rosidl_typesupport_fastrtps_cpp.hpp
[0.645s] -- Up-to-date: /home/bjl/bjl_ws/install/face_interfaces/include/face_interfaces/face_interfaces/srv/detail/face_detector__rosidl_typesupport_fastrtps_cpp.hpp
[0.646s] -- Up-to-date: /home/bjl/bjl_ws/install/face_interfaces/include/face_interfaces/face_interfaces/srv/detail/dds_fastrtps
[0.652s] -- Up-to-date: /home/bjl/bjl_ws/install/face_interfaces/lib/libface_interfaces__rosidl_typesupport_fastrtps_cpp.so
[0.652s] -- Up-to-date: /home/bjl/bjl_ws/install/face_interfaces/include/face_interfaces/face_interfaces
[0.652s] -- Up-to-date: /home/bjl/bjl_ws/install/face_interfaces/include/face_interfaces/face_interfaces/msg
[0.652s] -- Up-to-date: /home/bjl/bjl_ws/install/face_interfaces/include/face_interfaces/face_interfaces/msg/rosidl_typesupport_introspection_c__visibility_control.h
[0.652s] -- Up-to-date: /home/bjl/bjl_ws/install/face_interfaces/include/face_interfaces/face_interfaces/srv
[0.652s] -- Up-to-date: /home/bjl/bjl_ws/install/face_interfaces/include/face_interfaces/face_interfaces/srv/detail
[0.652s] -- Up-to-date: /home/bjl/bjl_ws/install/face_interfaces/include/face_interfaces/face_interfaces/srv/detail/partol__type_support.c
[0.652s] -- Up-to-date: /home/bjl/bjl_ws/install/face_interfaces/include/face_interfaces/face_interfaces/srv/detail/partol__rosidl_typesupport_introspection_c.h
[0.653s] -- Up-to-date: /home/bjl/bjl_ws/install/face_interfaces/include/face_interfaces/face_interfaces/srv/detail/face_detector__rosidl_typesupport_introspection_c.h
[0.653s] -- Up-to-date: /home/bjl/bjl_ws/install/face_interfaces/include/face_interfaces/face_interfaces/srv/detail/face_detector__type_support.c
[0.659s] -- Up-to-date: /home/bjl/bjl_ws/install/face_interfaces/lib/libface_interfaces__rosidl_typesupport_introspection_c.so
[0.659s] -- Up-to-date: /home/bjl/bjl_ws/install/face_interfaces/lib/libface_interfaces__rosidl_typesupport_c.so
[0.659s] -- Up-to-date: /home/bjl/bjl_ws/install/face_interfaces/include/face_interfaces/face_interfaces
[0.659s] -- Up-to-date: /home/bjl/bjl_ws/install/face_interfaces/include/face_interfaces/face_interfaces/srv
[0.660s] -- Up-to-date: /home/bjl/bjl_ws/install/face_interfaces/include/face_interfaces/face_interfaces/srv/detail
[0.660s] -- Up-to-date: /home/bjl/bjl_ws/install/face_interfaces/include/face_interfaces/face_interfaces/srv/detail/face_detector__type_support.cpp
[0.660s] -- Up-to-date: /home/bjl/bjl_ws/install/face_interfaces/include/face_interfaces/face_interfaces/srv/detail/face_detector__rosidl_typesupport_introspection_cpp.hpp
[0.660s] -- Up-to-date: /home/bjl/bjl_ws/install/face_interfaces/include/face_interfaces/face_interfaces/srv/detail/partol__rosidl_typesupport_introspection_cpp.hpp
[0.660s] -- Up-to-date: /home/bjl/bjl_ws/install/face_interfaces/include/face_interfaces/face_interfaces/srv/detail/partol__type_support.cpp
[0.661s] -- Up-to-date: /home/bjl/bjl_ws/install/face_interfaces/lib/libface_interfaces__rosidl_typesupport_introspection_cpp.so
[0.661s] -- Up-to-date: /home/bjl/bjl_ws/install/face_interfaces/lib/libface_interfaces__rosidl_typesupport_cpp.so
[0.661s] -- Up-to-date: /home/bjl/bjl_ws/install/face_interfaces/share/face_interfaces/environment/pythonpath.sh
[0.661s] -- Up-to-date: /home/bjl/bjl_ws/install/face_interfaces/share/face_interfaces/environment/pythonpath.dsv
[0.661s] -- Up-to-date: /home/bjl/bjl_ws/install/face_interfaces/local/lib/python3.10/dist-packages/face_interfaces-0.0.0-py3.10.egg-info
[0.661s] -- Installing: /home/bjl/bjl_ws/install/face_interfaces/local/lib/python3.10/dist-packages/face_interfaces-0.0.0-py3.10.egg-info/dependency_links.txt
[0.663s] -- Installing: /home/bjl/bjl_ws/install/face_interfaces/local/lib/python3.10/dist-packages/face_interfaces-0.0.0-py3.10.egg-info/SOURCES.txt
[0.663s] -- Installing: /home/bjl/bjl_ws/install/face_interfaces/local/lib/python3.10/dist-packages/face_interfaces-0.0.0-py3.10.egg-info/top_level.txt
[0.663s] -- Installing: /home/bjl/bjl_ws/install/face_interfaces/local/lib/python3.10/dist-packages/face_interfaces-0.0.0-py3.10.egg-info/PKG-INFO
[0.664s] -- Up-to-date: /home/bjl/bjl_ws/install/face_interfaces/local/lib/python3.10/dist-packages/face_interfaces
[0.664s] -- Up-to-date: /home/bjl/bjl_ws/install/face_interfaces/local/lib/python3.10/dist-packages/face_interfaces/_face_interfaces_s.ep.rosidl_typesupport_fastrtps_c.c
[0.664s] -- Up-to-date: /home/bjl/bjl_ws/install/face_interfaces/local/lib/python3.10/dist-packages/face_interfaces/libface_interfaces__rosidl_generator_py.so
[0.664s] -- Up-to-date: /home/bjl/bjl_ws/install/face_interfaces/local/lib/python3.10/dist-packages/face_interfaces/srv
[0.664s] -- Up-to-date: /home/bjl/bjl_ws/install/face_interfaces/local/lib/python3.10/dist-packages/face_interfaces/srv/_face_detector_s.c
[0.664s] -- Up-to-date: /home/bjl/bjl_ws/install/face_interfaces/local/lib/python3.10/dist-packages/face_interfaces/srv/_partol_s.c
[0.665s] -- Up-to-date: /home/bjl/bjl_ws/install/face_interfaces/local/lib/python3.10/dist-packages/face_interfaces/srv/_partol.py
[0.665s] -- Up-to-date: /home/bjl/bjl_ws/install/face_interfaces/local/lib/python3.10/dist-packages/face_interfaces/srv/_face_detector.py
[0.665s] -- Up-to-date: /home/bjl/bjl_ws/install/face_interfaces/local/lib/python3.10/dist-packages/face_interfaces/srv/__init__.py
[0.665s] -- Up-to-date: /home/bjl/bjl_ws/install/face_interfaces/local/lib/python3.10/dist-packages/face_interfaces/face_interfaces_s__rosidl_typesupport_fastrtps_c.cpython-310-x86_64-linux-gnu.so
[0.666s] -- Up-to-date: /home/bjl/bjl_ws/install/face_interfaces/local/lib/python3.10/dist-packages/face_interfaces/_face_interfaces_s.ep.rosidl_typesupport_introspection_c.c
[0.666s] -- Up-to-date: /home/bjl/bjl_ws/install/face_interfaces/local/lib/python3.10/dist-packages/face_interfaces/face_interfaces_s__rosidl_typesupport_c.cpython-310-x86_64-linux-gnu.so
[0.666s] -- Up-to-date: /home/bjl/bjl_ws/install/face_interfaces/local/lib/python3.10/dist-packages/face_interfaces/_face_interfaces_s.ep.rosidl_typesupport_c.c
[0.666s] -- Up-to-date: /home/bjl/bjl_ws/install/face_interfaces/local/lib/python3.10/dist-packages/face_interfaces/face_interfaces_s__rosidl_typesupport_introspection_c.cpython-310-x86_64-linux-gnu.so
[0.668s] -- Up-to-date: /home/bjl/bjl_ws/install/face_interfaces/local/lib/python3.10/dist-packages/face_interfaces/__init__.py
[0.680s] Listing '/home/bjl/bjl_ws/install/face_interfaces/local/lib/python3.10/dist-packages/face_interfaces'...
[0.681s] Listing '/home/bjl/bjl_ws/install/face_interfaces/local/lib/python3.10/dist-packages/face_interfaces/srv'...
[0.684s] -- Up-to-date: /home/bjl/bjl_ws/install/face_interfaces/local/lib/python3.10/dist-packages/face_interfaces/face_interfaces_s__rosidl_typesupport_fastrtps_c.cpython-310-x86_64-linux-gnu.so
[0.684s] -- Up-to-date: /home/bjl/bjl_ws/install/face_interfaces/local/lib/python3.10/dist-packages/face_interfaces/face_interfaces_s__rosidl_typesupport_introspection_c.cpython-310-x86_64-linux-gnu.so
[0.685s] -- Up-to-date: /home/bjl/bjl_ws/install/face_interfaces/local/lib/python3.10/dist-packages/face_interfaces/face_interfaces_s__rosidl_typesupport_c.cpython-310-x86_64-linux-gnu.so
[0.686s] -- Up-to-date: /home/bjl/bjl_ws/install/face_interfaces/lib/libface_interfaces__rosidl_generator_py.so
[0.686s] -- Up-to-date: /home/bjl/bjl_ws/install/face_interfaces/share/face_interfaces/srv/FaceDetector.idl
[0.686s] -- Up-to-date: /home/bjl/bjl_ws/install/face_interfaces/share/face_interfaces/srv/Partol.idl
[0.686s] -- Up-to-date: /home/bjl/bjl_ws/install/face_interfaces/share/face_interfaces/srv/FaceDetector.srv
[0.686s] -- Up-to-date: /home/bjl/bjl_ws/install/face_interfaces/share/face_interfaces/srv/FaceDetector_Request.msg
[0.686s] -- Up-to-date: /home/bjl/bjl_ws/install/face_interfaces/share/face_interfaces/srv/FaceDetector_Response.msg
[0.687s] -- Up-to-date: /home/bjl/bjl_ws/install/face_interfaces/share/face_interfaces/srv/Partol.srv
[0.687s] -- Up-to-date: /home/bjl/bjl_ws/install/face_interfaces/share/face_interfaces/srv/Partol_Request.msg
[0.687s] -- Up-to-date: /home/bjl/bjl_ws/install/face_interfaces/share/face_interfaces/srv/Partol_Response.msg
[0.688s] -- Up-to-date: /home/bjl/bjl_ws/install/face_interfaces/share/ament_index/resource_index/package_run_dependencies/face_interfaces
[0.689s] -- Up-to-date: /home/bjl/bjl_ws/install/face_interfaces/share/ament_index/resource_index/parent_prefix_path/face_interfaces
[0.689s] -- Up-to-date: /home/bjl/bjl_ws/install/face_interfaces/share/face_interfaces/environment/ament_prefix_path.sh
[0.690s] -- Up-to-date: /home/bjl/bjl_ws/install/face_interfaces/share/face_interfaces/environment/ament_prefix_path.dsv
[0.690s] -- Up-to-date: /home/bjl/bjl_ws/install/face_interfaces/share/face_interfaces/environment/path.sh
[0.691s] -- Up-to-date: /home/bjl/bjl_ws/install/face_interfaces/share/face_interfaces/environment/path.dsv
[0.691s] -- Up-to-date: /home/bjl/bjl_ws/install/face_interfaces/share/face_interfaces/local_setup.bash
[0.691s] -- Up-to-date: /home/bjl/bjl_ws/install/face_interfaces/share/face_interfaces/local_setup.sh
[0.692s] -- Up-to-date: /home/bjl/bjl_ws/install/face_interfaces/share/face_interfaces/local_setup.zsh
[0.693s] -- Up-to-date: /home/bjl/bjl_ws/install/face_interfaces/share/face_interfaces/local_setup.dsv
[0.693s] -- Installing: /home/bjl/bjl_ws/install/face_interfaces/share/face_interfaces/package.dsv
[0.693s] -- Up-to-date: /home/bjl/bjl_ws/install/face_interfaces/share/ament_index/resource_index/packages/face_interfaces
[0.693s] -- Up-to-date: /home/bjl/bjl_ws/install/face_interfaces/share/face_interfaces/cmake/export_face_interfaces__rosidl_generator_cExport.cmake
[0.694s] -- Up-to-date: /home/bjl/bjl_ws/install/face_interfaces/share/face_interfaces/cmake/export_face_interfaces__rosidl_generator_cExport-noconfig.cmake
[0.694s] -- Up-to-date: /home/bjl/bjl_ws/install/face_interfaces/share/face_interfaces/cmake/export_face_interfaces__rosidl_typesupport_fastrtps_cExport.cmake
[0.694s] -- Up-to-date: /home/bjl/bjl_ws/install/face_interfaces/share/face_interfaces/cmake/export_face_interfaces__rosidl_typesupport_fastrtps_cExport-noconfig.cmake
[0.694s] -- Up-to-date: /home/bjl/bjl_ws/install/face_interfaces/share/face_interfaces/cmake/export_face_interfaces__rosidl_generator_cppExport.cmake
[0.695s] -- Up-to-date: /home/bjl/bjl_ws/install/face_interfaces/share/face_interfaces/cmake/export_face_interfaces__rosidl_typesupport_fastrtps_cppExport.cmake
[0.695s] -- Up-to-date: /home/bjl/bjl_ws/install/face_interfaces/share/face_interfaces/cmake/export_face_interfaces__rosidl_typesupport_fastrtps_cppExport-noconfig.cmake
[0.695s] -- Up-to-date: /home/bjl/bjl_ws/install/face_interfaces/share/face_interfaces/cmake/face_interfaces__rosidl_typesupport_introspection_cExport.cmake
[0.696s] -- Up-to-date: /home/bjl/bjl_ws/install/face_interfaces/share/face_interfaces/cmake/face_interfaces__rosidl_typesupport_introspection_cExport-noconfig.cmake
[0.696s] -- Up-to-date: /home/bjl/bjl_ws/install/face_interfaces/share/face_interfaces/cmake/face_interfaces__rosidl_typesupport_cExport.cmake
[0.696s] -- Up-to-date: /home/bjl/bjl_ws/install/face_interfaces/share/face_interfaces/cmake/face_interfaces__rosidl_typesupport_cExport-noconfig.cmake
[0.697s] -- Up-to-date: /home/bjl/bjl_ws/install/face_interfaces/share/face_interfaces/cmake/face_interfaces__rosidl_typesupport_introspection_cppExport.cmake
[0.697s] -- Up-to-date: /home/bjl/bjl_ws/install/face_interfaces/share/face_interfaces/cmake/face_interfaces__rosidl_typesupport_introspection_cppExport-noconfig.cmake
[0.698s] -- Up-to-date: /home/bjl/bjl_ws/install/face_interfaces/share/face_interfaces/cmake/face_interfaces__rosidl_typesupport_cppExport.cmake
[0.698s] -- Up-to-date: /home/bjl/bjl_ws/install/face_interfaces/share/face_interfaces/cmake/face_interfaces__rosidl_typesupport_cppExport-noconfig.cmake
[0.698s] -- Up-to-date: /home/bjl/bjl_ws/install/face_interfaces/share/face_interfaces/cmake/export_face_interfaces__rosidl_generator_pyExport.cmake
[0.699s] -- Up-to-date: /home/bjl/bjl_ws/install/face_interfaces/share/face_interfaces/cmake/export_face_interfaces__rosidl_generator_pyExport-noconfig.cmake
[0.699s] -- Up-to-date: /home/bjl/bjl_ws/install/face_interfaces/share/face_interfaces/cmake/rosidl_cmake-extras.cmake
[0.700s] -- Up-to-date: /home/bjl/bjl_ws/install/face_interfaces/share/face_interfaces/cmake/ament_cmake_export_dependencies-extras.cmake
[0.700s] -- Up-to-date: /home/bjl/bjl_ws/install/face_interfaces/share/face_interfaces/cmake/ament_cmake_export_include_directories-extras.cmake
[0.700s] -- Up-to-date: /home/bjl/bjl_ws/install/face_interfaces/share/face_interfaces/cmake/ament_cmake_export_libraries-extras.cmake
[0.700s] -- Up-to-date: /home/bjl/bjl_ws/install/face_interfaces/share/face_interfaces/cmake/ament_cmake_export_targets-extras.cmake
[0.701s] -- Up-to-date: /home/bjl/bjl_ws/install/face_interfaces/share/face_interfaces/cmake/rosidl_cmake_export_typesupport_targets-extras.cmake
[0.701s] -- Up-to-date: /home/bjl/bjl_ws/install/face_interfaces/share/face_interfaces/cmake/rosidl_cmake_export_typesupport_libraries-extras.cmake
[0.702s] -- Up-to-date: /home/bjl/bjl_ws/install/face_interfaces/share/face_interfaces/cmake/face_interfacesConfig.cmake
[0.702s] -- Up-to-date: /home/bjl/bjl_ws/install/face_interfaces/share/face_interfaces/cmake/face_interfacesConfig-version.cmake
[0.702s] -- Up-to-date: /home/bjl/bjl_ws/install/face_interfaces/share/face_interfaces/package.xml
[0.754s] Invoked command in '/home/bjl/bjl_ws/build/face_interfaces' returned '0': CMAKE_PREFIX_PATH=/opt/ros/humble /usr/bin/cmake --install /home/bjl/bjl_ws/build/face_interfaces
