[1.014s] Invoking command in '/home/bjl/bjl_ws/src/autopartol_robot': PYTHONPATH=/home/bjl/bjl_ws/build/autopartol_robot/prefix_override:/usr/lib/python3/dist-packages/colcon_core/task/python/colcon_distutils_commands:/home/bjl/bjl_ws/install/autopartol_robot/lib/python3.10/site-packages:${PYTHONPATH} /usr/bin/python3 -W ignore:setup.py install is deprecated -W ignore:easy_install command is deprecated setup.py egg_info --egg-base ../../build/autopartol_robot build --build-base /home/bjl/bjl_ws/build/autopartol_robot/build install --record /home/bjl/bjl_ws/build/autopartol_robot/install.log --single-version-externally-managed install_data
[1.260s] running egg_info
[1.261s] writing ../../build/autopartol_robot/autopartol_robot.egg-info/PKG-INFO
[1.261s] writing dependency_links to ../../build/autopartol_robot/autopartol_robot.egg-info/dependency_links.txt
[1.262s] writing entry points to ../../build/autopartol_robot/autopartol_robot.egg-info/entry_points.txt
[1.262s] writing requirements to ../../build/autopartol_robot/autopartol_robot.egg-info/requires.txt
[1.263s] writing top-level names to ../../build/autopartol_robot/autopartol_robot.egg-info/top_level.txt
[1.263s] reading manifest file '../../build/autopartol_robot/autopartol_robot.egg-info/SOURCES.txt'
[1.264s] writing manifest file '../../build/autopartol_robot/autopartol_robot.egg-info/SOURCES.txt'
[1.265s] running build
[1.267s] running build_py
[1.269s] copying autopartol_robot/speaker.py -> /home/bjl/bjl_ws/build/autopartol_robot/build/lib/autopartol_robot
[1.270s] running install
[1.271s] running install_lib
[1.272s] copying /home/bjl/bjl_ws/build/autopartol_robot/build/lib/autopartol_robot/speaker.py -> /home/bjl/bjl_ws/install/autopartol_robot/lib/python3.10/site-packages/autopartol_robot
[1.274s] byte-compiling /home/bjl/bjl_ws/install/autopartol_robot/lib/python3.10/site-packages/autopartol_robot/speaker.py to speaker.cpython-310.pyc
[1.275s] running install_data
[1.276s] running install_egg_info
[1.276s] removing '/home/bjl/bjl_ws/install/autopartol_robot/lib/python3.10/site-packages/autopartol_robot-0.0.0-py3.10.egg-info' (and everything under it)
[1.276s] Copying ../../build/autopartol_robot/autopartol_robot.egg-info to /home/bjl/bjl_ws/install/autopartol_robot/lib/python3.10/site-packages/autopartol_robot-0.0.0-py3.10.egg-info
[1.277s] running install_scripts
[1.300s] Installing partol_node script to /home/bjl/bjl_ws/install/autopartol_robot/lib/autopartol_robot
[1.301s] Installing speaker script to /home/bjl/bjl_ws/install/autopartol_robot/lib/autopartol_robot
[1.301s] writing list of installed files to '/home/bjl/bjl_ws/build/autopartol_robot/install.log'
[1.349s] Invoked command in '/home/bjl/bjl_ws/src/autopartol_robot' returned '0': PYTHONPATH=/home/bjl/bjl_ws/build/autopartol_robot/prefix_override:/usr/lib/python3/dist-packages/colcon_core/task/python/colcon_distutils_commands:/home/bjl/bjl_ws/install/autopartol_robot/lib/python3.10/site-packages:${PYTHONPATH} /usr/bin/python3 -W ignore:setup.py install is deprecated -W ignore:easy_install command is deprecated setup.py egg_info --egg-base ../../build/autopartol_robot build --build-base /home/bjl/bjl_ws/build/autopartol_robot/build install --record /home/bjl/bjl_ws/build/autopartol_robot/install.log --single-version-externally-managed install_data
