[0.060s] Invoking command in '/home/bjl/bjl_ws/build/patrol_control_service': CMAKE_PREFIX_PATH=/home/bjl/bjl_ws/install/face_interfaces:/home/bjl/bjl_ws/install/status_display:/home/bjl/bjl_ws/install/status_interfaces:/home/bjl/bjl_ws/install/patrol_control_service:/home/bjl/bjl_ws/install/demo_cpp_topic:/home/bjl/bjl_ws/install/birdbot_navigation2:/home/bjl/bjl_ws/install/birdbot_description:/home/bjl/bjl_ws/install/autopartol_interface:/home/bjl/bjl_ws/install/status_publisher:/home/bjl/bjl_ws/install/face_python_service:/home/bjl/bjl_ws/install/demo_python_topic:/home/bjl/bjl_ws/install/birdbot_application:/home/bjl/bjl_ws/install/autopartol_robot:/opt/ros/humble LD_LIBRARY_PATH=/home/bjl/bjl_ws/install/face_interfaces/lib:/home/bjl/bjl_ws/install/status_interfaces/lib:/home/bjl/bjl_ws/install/autopartol_interface/lib:/usr/lib/x86_64-linux-gnu/gazebo-11/plugins:/opt/ros/humble/opt/rviz_ogre_vendor/lib:/opt/ros/humble/lib/x86_64-linux-gnu:/opt/ros/humble/lib /usr/bin/cmake --build /home/bjl/bjl_ws/build/patrol_control_service -- -j16 -l16
[0.121s] [ 20%] Built target turtle_control2
[0.122s] [ 40%] Built target turtle_control3
[0.127s] [ 70%] Built target partol_client
[0.127s] [ 90%] Built target turtle_control
[0.128s] [100%] Built target partol_client2
[0.655s] Invoked command in '/home/bjl/bjl_ws/build/patrol_control_service' returned '0': CMAKE_PREFIX_PATH=/home/bjl/bjl_ws/install/face_interfaces:/home/bjl/bjl_ws/install/status_display:/home/bjl/bjl_ws/install/status_interfaces:/home/bjl/bjl_ws/install/patrol_control_service:/home/bjl/bjl_ws/install/demo_cpp_topic:/home/bjl/bjl_ws/install/birdbot_navigation2:/home/bjl/bjl_ws/install/birdbot_description:/home/bjl/bjl_ws/install/autopartol_interface:/home/bjl/bjl_ws/install/status_publisher:/home/bjl/bjl_ws/install/face_python_service:/home/bjl/bjl_ws/install/demo_python_topic:/home/bjl/bjl_ws/install/birdbot_application:/home/bjl/bjl_ws/install/autopartol_robot:/opt/ros/humble LD_LIBRARY_PATH=/home/bjl/bjl_ws/install/face_interfaces/lib:/home/bjl/bjl_ws/install/status_interfaces/lib:/home/bjl/bjl_ws/install/autopartol_interface/lib:/usr/lib/x86_64-linux-gnu/gazebo-11/plugins:/opt/ros/humble/opt/rviz_ogre_vendor/lib:/opt/ros/humble/lib/x86_64-linux-gnu:/opt/ros/humble/lib /usr/bin/cmake --build /home/bjl/bjl_ws/build/patrol_control_service -- -j16 -l16
[0.657s] Invoking command in '/home/bjl/bjl_ws/build/patrol_control_service': CMAKE_PREFIX_PATH=/home/bjl/bjl_ws/install/face_interfaces:/home/bjl/bjl_ws/install/status_display:/home/bjl/bjl_ws/install/status_interfaces:/home/bjl/bjl_ws/install/patrol_control_service:/home/bjl/bjl_ws/install/demo_cpp_topic:/home/bjl/bjl_ws/install/birdbot_navigation2:/home/bjl/bjl_ws/install/birdbot_description:/home/bjl/bjl_ws/install/autopartol_interface:/home/bjl/bjl_ws/install/status_publisher:/home/bjl/bjl_ws/install/face_python_service:/home/bjl/bjl_ws/install/demo_python_topic:/home/bjl/bjl_ws/install/birdbot_application:/home/bjl/bjl_ws/install/autopartol_robot:/opt/ros/humble LD_LIBRARY_PATH=/home/bjl/bjl_ws/install/face_interfaces/lib:/home/bjl/bjl_ws/install/status_interfaces/lib:/home/bjl/bjl_ws/install/autopartol_interface/lib:/usr/lib/x86_64-linux-gnu/gazebo-11/plugins:/opt/ros/humble/opt/rviz_ogre_vendor/lib:/opt/ros/humble/lib/x86_64-linux-gnu:/opt/ros/humble/lib /usr/bin/cmake --install /home/bjl/bjl_ws/build/patrol_control_service
[0.660s] -- Install configuration: ""
[0.660s] -- Up-to-date: /home/bjl/bjl_ws/install/patrol_control_service/lib/patrol_control_service/turtle_control
[0.660s] -- Up-to-date: /home/bjl/bjl_ws/install/patrol_control_service/lib/patrol_control_service/partol_client
[0.660s] -- Up-to-date: /home/bjl/bjl_ws/install/patrol_control_service/lib/patrol_control_service/turtle_control2
[0.660s] -- Up-to-date: /home/bjl/bjl_ws/install/patrol_control_service/lib/patrol_control_service/turtle_control3
[0.660s] -- Up-to-date: /home/bjl/bjl_ws/install/patrol_control_service/lib/patrol_control_service/partol_client2
[0.669s] -- Up-to-date: /home/bjl/bjl_ws/install/patrol_control_service/share/ament_index/resource_index/package_run_dependencies/patrol_control_service
[0.669s] -- Up-to-date: /home/bjl/bjl_ws/install/patrol_control_service/share/ament_index/resource_index/parent_prefix_path/patrol_control_service
[0.676s] -- Up-to-date: /home/bjl/bjl_ws/install/patrol_control_service/share/patrol_control_service/environment/ament_prefix_path.sh
[0.676s] -- Up-to-date: /home/bjl/bjl_ws/install/patrol_control_service/share/patrol_control_service/environment/ament_prefix_path.dsv
[0.676s] -- Up-to-date: /home/bjl/bjl_ws/install/patrol_control_service/share/patrol_control_service/environment/path.sh
[0.676s] -- Up-to-date: /home/bjl/bjl_ws/install/patrol_control_service/share/patrol_control_service/environment/path.dsv
[0.676s] -- Up-to-date: /home/bjl/bjl_ws/install/patrol_control_service/share/patrol_control_service/local_setup.bash
[0.677s] -- Up-to-date: /home/bjl/bjl_ws/install/patrol_control_service/share/patrol_control_service/local_setup.sh
[0.677s] -- Up-to-date: /home/bjl/bjl_ws/install/patrol_control_service/share/patrol_control_service/local_setup.zsh
[0.677s] -- Up-to-date: /home/bjl/bjl_ws/install/patrol_control_service/share/patrol_control_service/local_setup.dsv
[0.677s] -- Installing: /home/bjl/bjl_ws/install/patrol_control_service/share/patrol_control_service/package.dsv
[0.677s] -- Up-to-date: /home/bjl/bjl_ws/install/patrol_control_service/share/ament_index/resource_index/packages/patrol_control_service
[0.677s] -- Up-to-date: /home/bjl/bjl_ws/install/patrol_control_service/share/patrol_control_service/cmake/patrol_control_serviceConfig.cmake
[0.677s] -- Up-to-date: /home/bjl/bjl_ws/install/patrol_control_service/share/patrol_control_service/cmake/patrol_control_serviceConfig-version.cmake
[0.678s] -- Up-to-date: /home/bjl/bjl_ws/install/patrol_control_service/share/patrol_control_service/package.xml
[0.683s] Invoked command in '/home/bjl/bjl_ws/build/patrol_control_service' returned '0': CMAKE_PREFIX_PATH=/home/bjl/bjl_ws/install/face_interfaces:/home/bjl/bjl_ws/install/status_display:/home/bjl/bjl_ws/install/status_interfaces:/home/bjl/bjl_ws/install/patrol_control_service:/home/bjl/bjl_ws/install/demo_cpp_topic:/home/bjl/bjl_ws/install/birdbot_navigation2:/home/bjl/bjl_ws/install/birdbot_description:/home/bjl/bjl_ws/install/autopartol_interface:/home/bjl/bjl_ws/install/status_publisher:/home/bjl/bjl_ws/install/face_python_service:/home/bjl/bjl_ws/install/demo_python_topic:/home/bjl/bjl_ws/install/birdbot_application:/home/bjl/bjl_ws/install/autopartol_robot:/opt/ros/humble LD_LIBRARY_PATH=/home/bjl/bjl_ws/install/face_interfaces/lib:/home/bjl/bjl_ws/install/status_interfaces/lib:/home/bjl/bjl_ws/install/autopartol_interface/lib:/usr/lib/x86_64-linux-gnu/gazebo-11/plugins:/opt/ros/humble/opt/rviz_ogre_vendor/lib:/opt/ros/humble/lib/x86_64-linux-gnu:/opt/ros/humble/lib /usr/bin/cmake --install /home/bjl/bjl_ws/build/patrol_control_service
