[0.040s] Invoking command in '/home/bjl/bjl_ws/build/autopartol_interface': CMAKE_PREFIX_PATH=/opt/ros/humble /usr/bin/cmake /home/bjl/bjl_ws/src/autopartol_interface -DCMAKE_INSTALL_PREFIX=/home/bjl/bjl_ws/install/autopartol_interface
[0.581s] -- The C compiler identification is GNU 11.4.0
[0.581s] -- The CXX compiler identification is GNU 11.4.0
[0.752s] -- Detecting C compiler ABI info
[0.870s] -- Detecting C compiler ABI info - done
[0.874s] -- Check for working C compiler: /usr/bin/cc - skipped
[0.875s] -- Detecting C compile features
[0.876s] -- Detecting C compile features - done
[0.879s] -- Detecting CXX compiler ABI info
[0.976s] -- Detecting CXX compiler ABI info - done
[0.981s] -- Check for working CXX compiler: /usr/bin/c++ - skipped
[0.981s] -- Detecting CXX compile features
[0.981s] -- Detecting CXX compile features - done
[0.994s] -- Found ament_cmake: 1.3.11 (/opt/ros/humble/share/ament_cmake/cmake)
[1.121s] -- Found Python3: /usr/bin/python3 (found version "3.10.12") found components: Interpreter 
[1.203s] -- Found rosidl_default_generators: 1.2.0 (/opt/ros/humble/share/rosidl_default_generators/cmake)
[1.210s] -- Using all available rosidl_typesupport_c: rosidl_typesupport_fastrtps_c;rosidl_typesupport_introspection_c
[1.220s] -- Found rosidl_adapter: 3.1.6 (/opt/ros/humble/share/rosidl_adapter/cmake)
[1.386s] -- Using all available rosidl_typesupport_cpp: rosidl_typesupport_fastrtps_cpp;rosidl_typesupport_introspection_cpp
[1.440s] -- Configuring incomplete, errors occurred!
[1.440s] See also "/home/bjl/bjl_ws/build/autopartol_interface/CMakeFiles/CMakeOutput.log".
[1.440s] [31mCMake Error at CMakeLists.txt:11 (rosidl_default_generators):
[1.441s]   Unknown CMake command "rosidl_default_generators".
[1.441s] 
[1.441s] [0m
[1.455s] Invoked command in '/home/bjl/bjl_ws/build/autopartol_interface' returned '1': CMAKE_PREFIX_PATH=/opt/ros/humble /usr/bin/cmake /home/bjl/bjl_ws/src/autopartol_interface -DCMAKE_INSTALL_PREFIX=/home/bjl/bjl_ws/install/autopartol_interface
