[0.034s] Invoking command in '/home/bjl/bjl_ws/build/status_interfaces': CMAKE_PREFIX_PATH=/opt/ros/humble /usr/bin/cmake /home/bjl/bjl_ws/src/status_interfaces -DCMAKE_INSTALL_PREFIX=/home/bjl/bjl_ws/install/status_interfaces
[0.335s] -- The C compiler identification is GNU 11.4.0
[0.358s] -- The CXX compiler identification is GNU 11.4.0
[0.548s] -- Detecting C compiler ABI info
[0.659s] -- Detecting C compiler ABI info - done
[0.664s] -- Check for working C compiler: /usr/bin/cc - skipped
[0.665s] -- Detecting C compile features
[0.666s] -- Detecting C compile features - done
[0.669s] -- Detecting CXX compiler ABI info
[0.779s] -- Detecting CXX compiler ABI info - done
[0.784s] -- Check for working CXX compiler: /usr/bin/c++ - skipped
[0.784s] -- Detecting CXX compile features
[0.785s] -- Detecting CXX compile features - done
[0.794s] -- Found ament_cmake: 1.3.11 (/opt/ros/humble/share/ament_cmake/cmake)
[0.937s] -- Found Python3: /usr/bin/python3 (found version "3.10.12") found components: Interpreter 
[1.037s] -- Found builtin_interfaces: 1.2.1 (/opt/ros/humble/share/builtin_interfaces/cmake)
[1.178s] -- Found rosidl_generator_c: 3.1.6 (/opt/ros/humble/share/rosidl_generator_c/cmake)
[1.185s] -- Found rosidl_adapter: 3.1.6 (/opt/ros/humble/share/rosidl_adapter/cmake)
[1.197s] -- Found rosidl_generator_cpp: 3.1.6 (/opt/ros/humble/share/rosidl_generator_cpp/cmake)
[1.222s] -- Using all available rosidl_typesupport_c: rosidl_typesupport_fastrtps_c;rosidl_typesupport_introspection_c
[1.248s] -- Using all available rosidl_typesupport_cpp: rosidl_typesupport_fastrtps_cpp;rosidl_typesupport_introspection_cpp
[1.267s] -- Found rosidl_default_generators: 1.2.0 (/opt/ros/humble/share/rosidl_default_generators/cmake)
[1.484s] -- Found ament_cmake_ros: 0.10.0 (/opt/ros/humble/share/ament_cmake_ros/cmake)
[1.707s] -- Using all available rosidl_typesupport_c: rosidl_typesupport_fastrtps_c;rosidl_typesupport_introspection_c
[1.794s] -- Using all available rosidl_typesupport_cpp: rosidl_typesupport_fastrtps_cpp;rosidl_typesupport_introspection_cpp
[1.888s] -- Found PythonInterp: /usr/bin/python3 (found suitable version "3.10.12", minimum required is "3.6") 
[1.890s] -- Found python_cmake_module: 0.10.0 (/opt/ros/humble/share/python_cmake_module/cmake)
[2.086s] -- Found PythonLibs: /usr/lib/x86_64-linux-gnu/libpython3.10.so (found suitable version "3.10.12", minimum required is "3.5") 
[2.087s] -- Using PYTHON_EXECUTABLE: /usr/bin/python3
[2.087s] -- Using PYTHON_INCLUDE_DIRS: /usr/include/python3.10
[2.087s] -- Using PYTHON_LIBRARIES: /usr/lib/x86_64-linux-gnu/libpython3.10.so
[2.101s] -- Found PythonExtra: .so  
[2.148s] -- Found ament_lint_auto: 0.12.11 (/opt/ros/humble/share/ament_lint_auto/cmake)
[2.164s] -- Added test 'lint_cmake' to check CMake code style
[2.164s] -- Added test 'xmllint' to check XML markup files
[2.166s] -- Configuring done
[2.195s] -- Generating done
[2.202s] -- Build files have been written to: /home/bjl/bjl_ws/build/status_interfaces
[2.209s] Invoked command in '/home/bjl/bjl_ws/build/status_interfaces' returned '0': CMAKE_PREFIX_PATH=/opt/ros/humble /usr/bin/cmake /home/bjl/bjl_ws/src/status_interfaces -DCMAKE_INSTALL_PREFIX=/home/bjl/bjl_ws/install/status_interfaces
[2.211s] Invoking command in '/home/bjl/bjl_ws/build/status_interfaces': CMAKE_PREFIX_PATH=/opt/ros/humble /usr/bin/cmake --build /home/bjl/bjl_ws/build/status_interfaces -- -j16 -l16
[2.238s] [  3%] [34m[1mGenerating C code for ROS interfaces[0m
[2.248s] [  6%] [34m[1mGenerating C++ code for ROS interfaces[0m
[2.255s] [  6%] Built target ament_cmake_python_copy_status_interfaces
[2.462s] running egg_info
[2.463s] creating status_interfaces.egg-info
[2.463s] writing status_interfaces.egg-info/PKG-INFO
[2.463s] writing dependency_links to status_interfaces.egg-info/dependency_links.txt
[2.463s] writing top-level names to status_interfaces.egg-info/top_level.txt
[2.464s] writing manifest file 'status_interfaces.egg-info/SOURCES.txt'
[2.466s] reading manifest file 'status_interfaces.egg-info/SOURCES.txt'
[2.466s] writing manifest file 'status_interfaces.egg-info/SOURCES.txt'
[2.498s] [  6%] Built target ament_cmake_python_build_status_interfaces_egg
[2.532s] [  6%] Built target status_interfaces__cpp
[2.540s] [  9%] [34m[1mGenerating C++ type support dispatch for ROS interfaces[0m
[2.541s] [ 12%] [34m[1mGenerating C++ introspection for ROS interfaces[0m
[2.542s] [ 16%] [34m[1mGenerating C++ type support for eProsima Fast-RTPS[0m
[2.561s] [ 19%] [32mBuilding C object CMakeFiles/status_interfaces__rosidl_generator_c.dir/rosidl_generator_c/status_interfaces/msg/detail/system_status__functions.c.o[0m
[2.626s] [ 22%] [32m[1mLinking C shared library libstatus_interfaces__rosidl_generator_c.so[0m
[2.736s] [ 22%] Built target status_interfaces__rosidl_generator_c
[2.745s] [ 25%] [34m[1mGenerating C type support for eProsima Fast-RTPS[0m
[2.746s] [ 32%] [34m[1mGenerating C introspection for ROS interfaces[0m
[2.746s] [ 32%] [34m[1mGenerating C type support dispatch for ROS interfaces[0m
[2.858s] [ 35%] [32mBuilding CXX object CMakeFiles/status_interfaces__rosidl_typesupport_introspection_cpp.dir/rosidl_typesupport_introspection_cpp/status_interfaces/msg/detail/system_status__type_support.cpp.o[0m
[2.866s] [ 38%] [32mBuilding CXX object CMakeFiles/status_interfaces__rosidl_typesupport_fastrtps_cpp.dir/rosidl_typesupport_fastrtps_cpp/status_interfaces/msg/detail/dds_fastrtps/system_status__type_support.cpp.o[0m
[2.869s] [ 41%] [32mBuilding CXX object CMakeFiles/status_interfaces__rosidl_typesupport_cpp.dir/rosidl_typesupport_cpp/status_interfaces/msg/system_status__type_support.cpp.o[0m
[3.061s] [ 45%] [32mBuilding CXX object CMakeFiles/status_interfaces__rosidl_typesupport_c.dir/rosidl_typesupport_c/status_interfaces/msg/system_status__type_support.cpp.o[0m
[3.092s] [ 51%] [32m[1mLinking CXX shared library libstatus_interfaces__rosidl_typesupport_c.so[0m
[3.092s] [ 51%] [32mBuilding C object CMakeFiles/status_interfaces__rosidl_typesupport_introspection_c.dir/rosidl_typesupport_introspection_c/status_interfaces/msg/detail/system_status__type_support.c.o[0m
[3.116s] [ 54%] [32mBuilding CXX object CMakeFiles/status_interfaces__rosidl_typesupport_fastrtps_c.dir/rosidl_typesupport_fastrtps_c/status_interfaces/msg/detail/system_status__type_support_c.cpp.o[0m
[3.132s] [ 58%] [32m[1mLinking C shared library libstatus_interfaces__rosidl_typesupport_introspection_c.so[0m
[3.179s] [ 58%] Built target status_interfaces__rosidl_typesupport_c
[3.182s] [ 61%] [32m[1mLinking CXX shared library libstatus_interfaces__rosidl_typesupport_cpp.so[0m
[3.197s] [ 61%] Built target status_interfaces__rosidl_typesupport_introspection_c
[3.281s] [ 64%] [32m[1mLinking CXX shared library libstatus_interfaces__rosidl_typesupport_introspection_cpp.so[0m
[3.283s] [ 64%] Built target status_interfaces__rosidl_typesupport_cpp
[3.333s] [ 67%] [32m[1mLinking CXX shared library libstatus_interfaces__rosidl_typesupport_fastrtps_cpp.so[0m
[3.408s] [ 67%] Built target status_interfaces__rosidl_typesupport_introspection_cpp
[3.492s] [ 67%] Built target status_interfaces__rosidl_typesupport_fastrtps_cpp
[3.520s] [ 70%] [32m[1mLinking CXX shared library libstatus_interfaces__rosidl_typesupport_fastrtps_c.so[0m
[3.666s] [ 70%] Built target status_interfaces__rosidl_typesupport_fastrtps_c
[3.684s] [ 70%] Built target status_interfaces
[3.705s] [ 74%] [34m[1mGenerating Python code for ROS interfaces[0m
[4.063s] [ 74%] Built target status_interfaces__py
[4.074s] [ 77%] [32mBuilding C object CMakeFiles/status_interfaces__rosidl_generator_py.dir/rosidl_generator_py/status_interfaces/msg/_system_status_s.c.o[0m
[4.137s] [ 80%] [32m[1mLinking C shared library rosidl_generator_py/status_interfaces/libstatus_interfaces__rosidl_generator_py.so[0m
[4.201s] [ 80%] Built target status_interfaces__rosidl_generator_py
[4.214s] [ 83%] [32mBuilding C object CMakeFiles/status_interfaces__rosidl_typesupport_c__pyext.dir/rosidl_generator_py/status_interfaces/_status_interfaces_s.ep.rosidl_typesupport_c.c.o[0m
[4.214s] [ 87%] [32mBuilding C object CMakeFiles/status_interfaces__rosidl_typesupport_introspection_c__pyext.dir/rosidl_generator_py/status_interfaces/_status_interfaces_s.ep.rosidl_typesupport_introspection_c.c.o[0m
[4.218s] [ 90%] [32mBuilding C object CMakeFiles/status_interfaces__rosidl_typesupport_fastrtps_c__pyext.dir/rosidl_generator_py/status_interfaces/_status_interfaces_s.ep.rosidl_typesupport_fastrtps_c.c.o[0m
[4.275s] [ 93%] [32m[1mLinking C shared library rosidl_generator_py/status_interfaces/status_interfaces_s__rosidl_typesupport_introspection_c.cpython-310-x86_64-linux-gnu.so[0m
[4.283s] [ 96%] [32m[1mLinking C shared library rosidl_generator_py/status_interfaces/status_interfaces_s__rosidl_typesupport_c.cpython-310-x86_64-linux-gnu.so[0m
[4.289s] [100%] [32m[1mLinking C shared library rosidl_generator_py/status_interfaces/status_interfaces_s__rosidl_typesupport_fastrtps_c.cpython-310-x86_64-linux-gnu.so[0m
[4.347s] [100%] Built target status_interfaces__rosidl_typesupport_introspection_c__pyext
[4.350s] [100%] Built target status_interfaces__rosidl_typesupport_c__pyext
[4.353s] [100%] Built target status_interfaces__rosidl_typesupport_fastrtps_c__pyext
[4.360s] Invoked command in '/home/bjl/bjl_ws/build/status_interfaces' returned '0': CMAKE_PREFIX_PATH=/opt/ros/humble /usr/bin/cmake --build /home/bjl/bjl_ws/build/status_interfaces -- -j16 -l16
[4.362s] Invoking command in '/home/bjl/bjl_ws/build/status_interfaces': CMAKE_PREFIX_PATH=/opt/ros/humble /usr/bin/cmake --install /home/bjl/bjl_ws/build/status_interfaces
[4.366s] -- Install configuration: ""
[4.366s] -- Installing: /home/bjl/bjl_ws/install/status_interfaces/share/ament_index/resource_index/rosidl_interfaces/status_interfaces
[4.366s] -- Installing: /home/bjl/bjl_ws/install/status_interfaces/include/status_interfaces/status_interfaces
[4.366s] -- Installing: /home/bjl/bjl_ws/install/status_interfaces/include/status_interfaces/status_interfaces/msg
[4.366s] -- Installing: /home/bjl/bjl_ws/install/status_interfaces/include/status_interfaces/status_interfaces/msg/rosidl_generator_c__visibility_control.h
[4.367s] -- Installing: /home/bjl/bjl_ws/install/status_interfaces/include/status_interfaces/status_interfaces/msg/system_status.h
[4.367s] -- Installing: /home/bjl/bjl_ws/install/status_interfaces/include/status_interfaces/status_interfaces/msg/detail
[4.367s] -- Installing: /home/bjl/bjl_ws/install/status_interfaces/include/status_interfaces/status_interfaces/msg/detail/system_status__functions.h
[4.367s] -- Installing: /home/bjl/bjl_ws/install/status_interfaces/include/status_interfaces/status_interfaces/msg/detail/system_status__type_support.h
[4.367s] -- Installing: /home/bjl/bjl_ws/install/status_interfaces/include/status_interfaces/status_interfaces/msg/detail/system_status__struct.h
[4.367s] -- Installing: /home/bjl/bjl_ws/install/status_interfaces/include/status_interfaces/status_interfaces/msg/detail/system_status__functions.c
[4.367s] -- Installing: /home/bjl/bjl_ws/install/status_interfaces/share/status_interfaces/environment/library_path.sh
[4.367s] -- Installing: /home/bjl/bjl_ws/install/status_interfaces/share/status_interfaces/environment/library_path.dsv
[4.367s] -- Installing: /home/bjl/bjl_ws/install/status_interfaces/lib/libstatus_interfaces__rosidl_generator_c.so
[4.368s] -- Set runtime path of "/home/bjl/bjl_ws/install/status_interfaces/lib/libstatus_interfaces__rosidl_generator_c.so" to ""
[4.368s] -- Up-to-date: /home/bjl/bjl_ws/install/status_interfaces/include/status_interfaces/status_interfaces
[4.368s] -- Up-to-date: /home/bjl/bjl_ws/install/status_interfaces/include/status_interfaces/status_interfaces/msg
[4.368s] -- Up-to-date: /home/bjl/bjl_ws/install/status_interfaces/include/status_interfaces/status_interfaces/msg/detail
[4.368s] -- Installing: /home/bjl/bjl_ws/install/status_interfaces/include/status_interfaces/status_interfaces/msg/detail/system_status__rosidl_typesupport_fastrtps_c.h
[4.368s] -- Installing: /home/bjl/bjl_ws/install/status_interfaces/include/status_interfaces/status_interfaces/msg/rosidl_typesupport_fastrtps_c__visibility_control.h
[4.368s] -- Installing: /home/bjl/bjl_ws/install/status_interfaces/lib/libstatus_interfaces__rosidl_typesupport_fastrtps_c.so
[4.369s] -- Set runtime path of "/home/bjl/bjl_ws/install/status_interfaces/lib/libstatus_interfaces__rosidl_typesupport_fastrtps_c.so" to ""
[4.369s] -- Up-to-date: /home/bjl/bjl_ws/install/status_interfaces/include/status_interfaces/status_interfaces
[4.369s] -- Up-to-date: /home/bjl/bjl_ws/install/status_interfaces/include/status_interfaces/status_interfaces/msg
[4.369s] -- Installing: /home/bjl/bjl_ws/install/status_interfaces/include/status_interfaces/status_interfaces/msg/rosidl_generator_cpp__visibility_control.hpp
[4.369s] -- Up-to-date: /home/bjl/bjl_ws/install/status_interfaces/include/status_interfaces/status_interfaces/msg/detail
[4.370s] -- Installing: /home/bjl/bjl_ws/install/status_interfaces/include/status_interfaces/status_interfaces/msg/detail/system_status__struct.hpp
[4.370s] -- Installing: /home/bjl/bjl_ws/install/status_interfaces/include/status_interfaces/status_interfaces/msg/detail/system_status__traits.hpp
[4.370s] -- Installing: /home/bjl/bjl_ws/install/status_interfaces/include/status_interfaces/status_interfaces/msg/detail/system_status__type_support.hpp
[4.370s] -- Installing: /home/bjl/bjl_ws/install/status_interfaces/include/status_interfaces/status_interfaces/msg/detail/system_status__builder.hpp
[4.370s] -- Installing: /home/bjl/bjl_ws/install/status_interfaces/include/status_interfaces/status_interfaces/msg/system_status.hpp
[4.370s] -- Up-to-date: /home/bjl/bjl_ws/install/status_interfaces/include/status_interfaces/status_interfaces
[4.370s] -- Up-to-date: /home/bjl/bjl_ws/install/status_interfaces/include/status_interfaces/status_interfaces/msg
[4.370s] -- Up-to-date: /home/bjl/bjl_ws/install/status_interfaces/include/status_interfaces/status_interfaces/msg/detail
[4.370s] -- Installing: /home/bjl/bjl_ws/install/status_interfaces/include/status_interfaces/status_interfaces/msg/detail/dds_fastrtps
[4.371s] -- Installing: /home/bjl/bjl_ws/install/status_interfaces/include/status_interfaces/status_interfaces/msg/detail/system_status__rosidl_typesupport_fastrtps_cpp.hpp
[4.371s] -- Installing: /home/bjl/bjl_ws/install/status_interfaces/include/status_interfaces/status_interfaces/msg/rosidl_typesupport_fastrtps_cpp__visibility_control.h
[4.371s] -- Installing: /home/bjl/bjl_ws/install/status_interfaces/lib/libstatus_interfaces__rosidl_typesupport_fastrtps_cpp.so
[4.371s] -- Set runtime path of "/home/bjl/bjl_ws/install/status_interfaces/lib/libstatus_interfaces__rosidl_typesupport_fastrtps_cpp.so" to ""
[4.371s] -- Up-to-date: /home/bjl/bjl_ws/install/status_interfaces/include/status_interfaces/status_interfaces
[4.371s] -- Up-to-date: /home/bjl/bjl_ws/install/status_interfaces/include/status_interfaces/status_interfaces/msg
[4.371s] -- Up-to-date: /home/bjl/bjl_ws/install/status_interfaces/include/status_interfaces/status_interfaces/msg/detail
[4.371s] -- Installing: /home/bjl/bjl_ws/install/status_interfaces/include/status_interfaces/status_interfaces/msg/detail/system_status__rosidl_typesupport_introspection_c.h
[4.371s] -- Installing: /home/bjl/bjl_ws/install/status_interfaces/include/status_interfaces/status_interfaces/msg/detail/system_status__type_support.c
[4.371s] -- Installing: /home/bjl/bjl_ws/install/status_interfaces/include/status_interfaces/status_interfaces/msg/rosidl_typesupport_introspection_c__visibility_control.h
[4.371s] -- Installing: /home/bjl/bjl_ws/install/status_interfaces/lib/libstatus_interfaces__rosidl_typesupport_introspection_c.so
[4.371s] -- Set runtime path of "/home/bjl/bjl_ws/install/status_interfaces/lib/libstatus_interfaces__rosidl_typesupport_introspection_c.so" to ""
[4.371s] -- Installing: /home/bjl/bjl_ws/install/status_interfaces/lib/libstatus_interfaces__rosidl_typesupport_c.so
[4.371s] -- Set runtime path of "/home/bjl/bjl_ws/install/status_interfaces/lib/libstatus_interfaces__rosidl_typesupport_c.so" to ""
[4.371s] -- Up-to-date: /home/bjl/bjl_ws/install/status_interfaces/include/status_interfaces/status_interfaces
[4.372s] -- Up-to-date: /home/bjl/bjl_ws/install/status_interfaces/include/status_interfaces/status_interfaces/msg
[4.372s] -- Up-to-date: /home/bjl/bjl_ws/install/status_interfaces/include/status_interfaces/status_interfaces/msg/detail
[4.372s] -- Installing: /home/bjl/bjl_ws/install/status_interfaces/include/status_interfaces/status_interfaces/msg/detail/system_status__type_support.cpp
[4.372s] -- Installing: /home/bjl/bjl_ws/install/status_interfaces/include/status_interfaces/status_interfaces/msg/detail/system_status__rosidl_typesupport_introspection_cpp.hpp
[4.372s] -- Installing: /home/bjl/bjl_ws/install/status_interfaces/lib/libstatus_interfaces__rosidl_typesupport_introspection_cpp.so
[4.372s] -- Set runtime path of "/home/bjl/bjl_ws/install/status_interfaces/lib/libstatus_interfaces__rosidl_typesupport_introspection_cpp.so" to ""
[4.372s] -- Installing: /home/bjl/bjl_ws/install/status_interfaces/lib/libstatus_interfaces__rosidl_typesupport_cpp.so
[4.373s] -- Set runtime path of "/home/bjl/bjl_ws/install/status_interfaces/lib/libstatus_interfaces__rosidl_typesupport_cpp.so" to ""
[4.373s] -- Installing: /home/bjl/bjl_ws/install/status_interfaces/share/status_interfaces/environment/pythonpath.sh
[4.373s] -- Installing: /home/bjl/bjl_ws/install/status_interfaces/share/status_interfaces/environment/pythonpath.dsv
[4.373s] -- Installing: /home/bjl/bjl_ws/install/status_interfaces/local/lib/python3.10/dist-packages/status_interfaces-0.0.0-py3.10.egg-info
[4.374s] -- Installing: /home/bjl/bjl_ws/install/status_interfaces/local/lib/python3.10/dist-packages/status_interfaces-0.0.0-py3.10.egg-info/dependency_links.txt
[4.374s] -- Installing: /home/bjl/bjl_ws/install/status_interfaces/local/lib/python3.10/dist-packages/status_interfaces-0.0.0-py3.10.egg-info/SOURCES.txt
[4.374s] -- Installing: /home/bjl/bjl_ws/install/status_interfaces/local/lib/python3.10/dist-packages/status_interfaces-0.0.0-py3.10.egg-info/top_level.txt
[4.375s] -- Installing: /home/bjl/bjl_ws/install/status_interfaces/local/lib/python3.10/dist-packages/status_interfaces-0.0.0-py3.10.egg-info/PKG-INFO
[4.375s] -- Installing: /home/bjl/bjl_ws/install/status_interfaces/local/lib/python3.10/dist-packages/status_interfaces
[4.375s] -- Installing: /home/bjl/bjl_ws/install/status_interfaces/local/lib/python3.10/dist-packages/status_interfaces/status_interfaces_s__rosidl_typesupport_introspection_c.cpython-310-x86_64-linux-gnu.so
[4.375s] -- Installing: /home/bjl/bjl_ws/install/status_interfaces/local/lib/python3.10/dist-packages/status_interfaces/status_interfaces_s__rosidl_typesupport_fastrtps_c.cpython-310-x86_64-linux-gnu.so
[4.376s] -- Installing: /home/bjl/bjl_ws/install/status_interfaces/local/lib/python3.10/dist-packages/status_interfaces/_status_interfaces_s.ep.rosidl_typesupport_c.c
[4.376s] -- Installing: /home/bjl/bjl_ws/install/status_interfaces/local/lib/python3.10/dist-packages/status_interfaces/_status_interfaces_s.ep.rosidl_typesupport_introspection_c.c
[4.376s] -- Installing: /home/bjl/bjl_ws/install/status_interfaces/local/lib/python3.10/dist-packages/status_interfaces/_status_interfaces_s.ep.rosidl_typesupport_fastrtps_c.c
[4.376s] -- Installing: /home/bjl/bjl_ws/install/status_interfaces/local/lib/python3.10/dist-packages/status_interfaces/msg
[4.376s] -- Installing: /home/bjl/bjl_ws/install/status_interfaces/local/lib/python3.10/dist-packages/status_interfaces/msg/_system_status_s.c
[4.376s] -- Installing: /home/bjl/bjl_ws/install/status_interfaces/local/lib/python3.10/dist-packages/status_interfaces/msg/_system_status.py
[4.376s] -- Installing: /home/bjl/bjl_ws/install/status_interfaces/local/lib/python3.10/dist-packages/status_interfaces/msg/__init__.py
[4.376s] -- Installing: /home/bjl/bjl_ws/install/status_interfaces/local/lib/python3.10/dist-packages/status_interfaces/status_interfaces_s__rosidl_typesupport_c.cpython-310-x86_64-linux-gnu.so
[4.376s] -- Installing: /home/bjl/bjl_ws/install/status_interfaces/local/lib/python3.10/dist-packages/status_interfaces/libstatus_interfaces__rosidl_generator_py.so
[4.376s] -- Installing: /home/bjl/bjl_ws/install/status_interfaces/local/lib/python3.10/dist-packages/status_interfaces/__init__.py
[4.402s] Listing '/home/bjl/bjl_ws/install/status_interfaces/local/lib/python3.10/dist-packages/status_interfaces'...
[4.402s] Compiling '/home/bjl/bjl_ws/install/status_interfaces/local/lib/python3.10/dist-packages/status_interfaces/__init__.py'...
[4.402s] Listing '/home/bjl/bjl_ws/install/status_interfaces/local/lib/python3.10/dist-packages/status_interfaces/msg'...
[4.402s] Compiling '/home/bjl/bjl_ws/install/status_interfaces/local/lib/python3.10/dist-packages/status_interfaces/msg/__init__.py'...
[4.402s] Compiling '/home/bjl/bjl_ws/install/status_interfaces/local/lib/python3.10/dist-packages/status_interfaces/msg/_system_status.py'...
[4.406s] -- Installing: /home/bjl/bjl_ws/install/status_interfaces/local/lib/python3.10/dist-packages/status_interfaces/status_interfaces_s__rosidl_typesupport_fastrtps_c.cpython-310-x86_64-linux-gnu.so
[4.406s] -- Set runtime path of "/home/bjl/bjl_ws/install/status_interfaces/local/lib/python3.10/dist-packages/status_interfaces/status_interfaces_s__rosidl_typesupport_fastrtps_c.cpython-310-x86_64-linux-gnu.so" to ""
[4.407s] -- Installing: /home/bjl/bjl_ws/install/status_interfaces/local/lib/python3.10/dist-packages/status_interfaces/status_interfaces_s__rosidl_typesupport_introspection_c.cpython-310-x86_64-linux-gnu.so
[4.407s] -- Set runtime path of "/home/bjl/bjl_ws/install/status_interfaces/local/lib/python3.10/dist-packages/status_interfaces/status_interfaces_s__rosidl_typesupport_introspection_c.cpython-310-x86_64-linux-gnu.so" to ""
[4.407s] -- Installing: /home/bjl/bjl_ws/install/status_interfaces/local/lib/python3.10/dist-packages/status_interfaces/status_interfaces_s__rosidl_typesupport_c.cpython-310-x86_64-linux-gnu.so
[4.408s] -- Set runtime path of "/home/bjl/bjl_ws/install/status_interfaces/local/lib/python3.10/dist-packages/status_interfaces/status_interfaces_s__rosidl_typesupport_c.cpython-310-x86_64-linux-gnu.so" to ""
[4.408s] -- Installing: /home/bjl/bjl_ws/install/status_interfaces/lib/libstatus_interfaces__rosidl_generator_py.so
[4.408s] -- Set runtime path of "/home/bjl/bjl_ws/install/status_interfaces/lib/libstatus_interfaces__rosidl_generator_py.so" to ""
[4.409s] -- Installing: /home/bjl/bjl_ws/install/status_interfaces/share/status_interfaces/msg/SystemStatus.idl
[4.409s] -- Installing: /home/bjl/bjl_ws/install/status_interfaces/share/status_interfaces/msg/SystemStatus.msg
[4.410s] -- Installing: /home/bjl/bjl_ws/install/status_interfaces/share/ament_index/resource_index/package_run_dependencies/status_interfaces
[4.411s] -- Installing: /home/bjl/bjl_ws/install/status_interfaces/share/ament_index/resource_index/parent_prefix_path/status_interfaces
[4.411s] -- Installing: /home/bjl/bjl_ws/install/status_interfaces/share/status_interfaces/environment/ament_prefix_path.sh
[4.411s] -- Installing: /home/bjl/bjl_ws/install/status_interfaces/share/status_interfaces/environment/ament_prefix_path.dsv
[4.412s] -- Installing: /home/bjl/bjl_ws/install/status_interfaces/share/status_interfaces/environment/path.sh
[4.412s] -- Installing: /home/bjl/bjl_ws/install/status_interfaces/share/status_interfaces/environment/path.dsv
[4.413s] -- Installing: /home/bjl/bjl_ws/install/status_interfaces/share/status_interfaces/local_setup.bash
[4.413s] -- Installing: /home/bjl/bjl_ws/install/status_interfaces/share/status_interfaces/local_setup.sh
[4.414s] -- Installing: /home/bjl/bjl_ws/install/status_interfaces/share/status_interfaces/local_setup.zsh
[4.415s] -- Installing: /home/bjl/bjl_ws/install/status_interfaces/share/status_interfaces/local_setup.dsv
[4.415s] -- Installing: /home/bjl/bjl_ws/install/status_interfaces/share/status_interfaces/package.dsv
[4.415s] -- Installing: /home/bjl/bjl_ws/install/status_interfaces/share/ament_index/resource_index/packages/status_interfaces
[4.416s] -- Installing: /home/bjl/bjl_ws/install/status_interfaces/share/status_interfaces/cmake/export_status_interfaces__rosidl_generator_cExport.cmake
[4.416s] -- Installing: /home/bjl/bjl_ws/install/status_interfaces/share/status_interfaces/cmake/export_status_interfaces__rosidl_generator_cExport-noconfig.cmake
[4.419s] -- Installing: /home/bjl/bjl_ws/install/status_interfaces/share/status_interfaces/cmake/export_status_interfaces__rosidl_typesupport_fastrtps_cExport.cmake
[4.419s] -- Installing: /home/bjl/bjl_ws/install/status_interfaces/share/status_interfaces/cmake/export_status_interfaces__rosidl_typesupport_fastrtps_cExport-noconfig.cmake
[4.419s] -- Installing: /home/bjl/bjl_ws/install/status_interfaces/share/status_interfaces/cmake/export_status_interfaces__rosidl_generator_cppExport.cmake
[4.419s] -- Installing: /home/bjl/bjl_ws/install/status_interfaces/share/status_interfaces/cmake/export_status_interfaces__rosidl_typesupport_fastrtps_cppExport.cmake
[4.419s] -- Installing: /home/bjl/bjl_ws/install/status_interfaces/share/status_interfaces/cmake/export_status_interfaces__rosidl_typesupport_fastrtps_cppExport-noconfig.cmake
[4.419s] -- Installing: /home/bjl/bjl_ws/install/status_interfaces/share/status_interfaces/cmake/status_interfaces__rosidl_typesupport_introspection_cExport.cmake
[4.419s] -- Installing: /home/bjl/bjl_ws/install/status_interfaces/share/status_interfaces/cmake/status_interfaces__rosidl_typesupport_introspection_cExport-noconfig.cmake
[4.419s] -- Installing: /home/bjl/bjl_ws/install/status_interfaces/share/status_interfaces/cmake/status_interfaces__rosidl_typesupport_cExport.cmake
[4.420s] -- Installing: /home/bjl/bjl_ws/install/status_interfaces/share/status_interfaces/cmake/status_interfaces__rosidl_typesupport_cExport-noconfig.cmake
[4.420s] -- Installing: /home/bjl/bjl_ws/install/status_interfaces/share/status_interfaces/cmake/status_interfaces__rosidl_typesupport_introspection_cppExport.cmake
[4.420s] -- Installing: /home/bjl/bjl_ws/install/status_interfaces/share/status_interfaces/cmake/status_interfaces__rosidl_typesupport_introspection_cppExport-noconfig.cmake
[4.420s] -- Installing: /home/bjl/bjl_ws/install/status_interfaces/share/status_interfaces/cmake/status_interfaces__rosidl_typesupport_cppExport.cmake
[4.420s] -- Installing: /home/bjl/bjl_ws/install/status_interfaces/share/status_interfaces/cmake/status_interfaces__rosidl_typesupport_cppExport-noconfig.cmake
[4.421s] -- Installing: /home/bjl/bjl_ws/install/status_interfaces/share/status_interfaces/cmake/export_status_interfaces__rosidl_generator_pyExport.cmake
[4.421s] -- Installing: /home/bjl/bjl_ws/install/status_interfaces/share/status_interfaces/cmake/export_status_interfaces__rosidl_generator_pyExport-noconfig.cmake
[4.421s] -- Installing: /home/bjl/bjl_ws/install/status_interfaces/share/status_interfaces/cmake/rosidl_cmake-extras.cmake
[4.421s] -- Installing: /home/bjl/bjl_ws/install/status_interfaces/share/status_interfaces/cmake/ament_cmake_export_dependencies-extras.cmake
[4.422s] -- Installing: /home/bjl/bjl_ws/install/status_interfaces/share/status_interfaces/cmake/ament_cmake_export_include_directories-extras.cmake
[4.422s] -- Installing: /home/bjl/bjl_ws/install/status_interfaces/share/status_interfaces/cmake/ament_cmake_export_libraries-extras.cmake
[4.423s] -- Installing: /home/bjl/bjl_ws/install/status_interfaces/share/status_interfaces/cmake/ament_cmake_export_targets-extras.cmake
[4.423s] -- Installing: /home/bjl/bjl_ws/install/status_interfaces/share/status_interfaces/cmake/rosidl_cmake_export_typesupport_targets-extras.cmake
[4.423s] -- Installing: /home/bjl/bjl_ws/install/status_interfaces/share/status_interfaces/cmake/rosidl_cmake_export_typesupport_libraries-extras.cmake
[4.424s] -- Installing: /home/bjl/bjl_ws/install/status_interfaces/share/status_interfaces/cmake/status_interfacesConfig.cmake
[4.424s] -- Installing: /home/bjl/bjl_ws/install/status_interfaces/share/status_interfaces/cmake/status_interfacesConfig-version.cmake
[4.425s] -- Installing: /home/bjl/bjl_ws/install/status_interfaces/share/status_interfaces/package.xml
[4.425s] Invoked command in '/home/bjl/bjl_ws/build/status_interfaces' returned '0': CMAKE_PREFIX_PATH=/opt/ros/humble /usr/bin/cmake --install /home/bjl/bjl_ws/build/status_interfaces
