[1.941s] Invoking command in '/home/bjl/bjl_ws/src/demo_python_topic': PYTHONPATH=/home/bjl/bjl_ws/build/demo_python_topic/prefix_override:/usr/lib/python3/dist-packages/colcon_core/task/python/colcon_distutils_commands:/home/bjl/bjl_ws/install/demo_python_topic/lib/python3.10/site-packages:${PYTHONPATH} /usr/bin/python3 -W ignore:setup.py install is deprecated -W ignore:easy_install command is deprecated setup.py egg_info --egg-base ../../build/demo_python_topic build --build-base /home/bjl/bjl_ws/build/demo_python_topic/build install --record /home/bjl/bjl_ws/build/demo_python_topic/install.log --single-version-externally-managed install_data
[2.271s] running egg_info
[2.272s] writing ../../build/demo_python_topic/demo_python_topic.egg-info/PKG-INFO
[2.273s] writing dependency_links to ../../build/demo_python_topic/demo_python_topic.egg-info/dependency_links.txt
[2.273s] writing entry points to ../../build/demo_python_topic/demo_python_topic.egg-info/entry_points.txt
[2.273s] writing requirements to ../../build/demo_python_topic/demo_python_topic.egg-info/requires.txt
[2.274s] writing top-level names to ../../build/demo_python_topic/demo_python_topic.egg-info/top_level.txt
[2.276s] reading manifest file '../../build/demo_python_topic/demo_python_topic.egg-info/SOURCES.txt'
[2.277s] writing manifest file '../../build/demo_python_topic/demo_python_topic.egg-info/SOURCES.txt'
[2.278s] running build
[2.278s] running build_py
[2.278s] running install
[2.279s] running install_lib
[2.280s] running install_data
[2.281s] running install_egg_info
[2.283s] removing '/home/bjl/bjl_ws/install/demo_python_topic/lib/python3.10/site-packages/demo_python_topic-0.0.0-py3.10.egg-info' (and everything under it)
[2.284s] Copying ../../build/demo_python_topic/demo_python_topic.egg-info to /home/bjl/bjl_ws/install/demo_python_topic/lib/python3.10/site-packages/demo_python_topic-0.0.0-py3.10.egg-info
[2.285s] running install_scripts
[2.311s] Installing novel_pub_node script to /home/bjl/bjl_ws/install/demo_python_topic/lib/demo_python_topic
[2.311s] Installing novel_sub_node script to /home/bjl/bjl_ws/install/demo_python_topic/lib/demo_python_topic
[2.311s] writing list of installed files to '/home/bjl/bjl_ws/build/demo_python_topic/install.log'
[2.347s] Invoked command in '/home/bjl/bjl_ws/src/demo_python_topic' returned '0': PYTHONPATH=/home/bjl/bjl_ws/build/demo_python_topic/prefix_override:/usr/lib/python3/dist-packages/colcon_core/task/python/colcon_distutils_commands:/home/bjl/bjl_ws/install/demo_python_topic/lib/python3.10/site-packages:${PYTHONPATH} /usr/bin/python3 -W ignore:setup.py install is deprecated -W ignore:easy_install command is deprecated setup.py egg_info --egg-base ../../build/demo_python_topic build --build-base /home/bjl/bjl_ws/build/demo_python_topic/build install --record /home/bjl/bjl_ws/build/demo_python_topic/install.log --single-version-externally-managed install_data
