[0.043s] Invoking command in '/home/bjl/bjl_ws/build/autopartol_interface': CMAKE_PREFIX_PATH=${CMAKE_PREFIX_PATH}:/home/bjl/bjl_ws/install/status_publisher:/home/bjl/bjl_ws/install/face_python_service:/home/bjl/bjl_ws/install/demo_python_topic:/home/bjl/bjl_ws/install/birdbot_application:/home/bjl/bjl_ws/install/autopartol_robot:/opt/ros/humble /usr/bin/cmake --build /home/bjl/bjl_ws/build/autopartol_interface -- -j16 -l16
[0.619s] [  9%] Built target autopartol_interface__rosidl_generator_c
[0.619s] [ 12%] Built target autopartol_interface__cpp
[0.619s] [ 12%] Built target ament_cmake_python_copy_autopartol_interface
[0.619s] [ 32%] Built target autopartol_interface__rosidl_typesupport_introspection_c
[0.619s] [ 32%] Built target autopartol_interface__rosidl_typesupport_fastrtps_cpp
[0.619s] [ 41%] Built target autopartol_interface__rosidl_typesupport_fastrtps_c
[0.619s] [ 51%] Built target autopartol_interface__rosidl_typesupport_introspection_cpp
[0.619s] [ 61%] Built target autopartol_interface__rosidl_typesupport_c
[0.619s] [ 70%] Built target autopartol_interface__rosidl_typesupport_cpp
[0.620s] [ 70%] Built target autopartol_interface
[0.620s] [ 74%] Built target autopartol_interface__py
[0.620s] [ 80%] Built target autopartol_interface__rosidl_generator_py
[0.620s] [ 87%] Built target autopartol_interface__rosidl_typesupport_c__pyext
[0.620s] [ 93%] Built target autopartol_interface__rosidl_typesupport_fastrtps_c__pyext
[0.620s] [100%] Built target autopartol_interface__rosidl_typesupport_introspection_c__pyext
[0.620s] running egg_info
[0.620s] writing autopartol_interface.egg-info/PKG-INFO
[0.620s] writing dependency_links to autopartol_interface.egg-info/dependency_links.txt
[0.620s] writing top-level names to autopartol_interface.egg-info/top_level.txt
[0.620s] reading manifest file 'autopartol_interface.egg-info/SOURCES.txt'
[0.620s] writing manifest file 'autopartol_interface.egg-info/SOURCES.txt'
[0.620s] [100%] Built target ament_cmake_python_build_autopartol_interface_egg
[0.625s] Invoked command in '/home/bjl/bjl_ws/build/autopartol_interface' returned '0': CMAKE_PREFIX_PATH=${CMAKE_PREFIX_PATH}:/home/bjl/bjl_ws/install/status_publisher:/home/bjl/bjl_ws/install/face_python_service:/home/bjl/bjl_ws/install/demo_python_topic:/home/bjl/bjl_ws/install/birdbot_application:/home/bjl/bjl_ws/install/autopartol_robot:/opt/ros/humble /usr/bin/cmake --build /home/bjl/bjl_ws/build/autopartol_interface -- -j16 -l16
[0.628s] Invoking command in '/home/bjl/bjl_ws/build/autopartol_interface': CMAKE_PREFIX_PATH=${CMAKE_PREFIX_PATH}:/home/bjl/bjl_ws/install/status_publisher:/home/bjl/bjl_ws/install/face_python_service:/home/bjl/bjl_ws/install/demo_python_topic:/home/bjl/bjl_ws/install/birdbot_application:/home/bjl/bjl_ws/install/autopartol_robot:/opt/ros/humble /usr/bin/cmake --install /home/bjl/bjl_ws/build/autopartol_interface
[0.688s] -- Install configuration: ""
[0.688s] -- Up-to-date: /home/bjl/bjl_ws/install/autopartol_interface/share/ament_index/resource_index/rosidl_interfaces/autopartol_interface
[0.688s] -- Up-to-date: /home/bjl/bjl_ws/install/autopartol_interface/include/autopartol_interface/autopartol_interface
[0.688s] -- Up-to-date: /home/bjl/bjl_ws/install/autopartol_interface/include/autopartol_interface/autopartol_interface/msg
[0.688s] -- Up-to-date: /home/bjl/bjl_ws/install/autopartol_interface/include/autopartol_interface/autopartol_interface/msg/rosidl_generator_c__visibility_control.h
[0.688s] -- Up-to-date: /home/bjl/bjl_ws/install/autopartol_interface/include/autopartol_interface/autopartol_interface/srv
[0.689s] -- Up-to-date: /home/bjl/bjl_ws/install/autopartol_interface/include/autopartol_interface/autopartol_interface/srv/speech_text.h
[0.689s] -- Up-to-date: /home/bjl/bjl_ws/install/autopartol_interface/include/autopartol_interface/autopartol_interface/srv/detail
[0.689s] -- Up-to-date: /home/bjl/bjl_ws/install/autopartol_interface/include/autopartol_interface/autopartol_interface/srv/detail/speech_text__type_support.h
[0.689s] -- Up-to-date: /home/bjl/bjl_ws/install/autopartol_interface/include/autopartol_interface/autopartol_interface/srv/detail/speech_text__functions.h
[0.689s] -- Up-to-date: /home/bjl/bjl_ws/install/autopartol_interface/include/autopartol_interface/autopartol_interface/srv/detail/speech_text__struct.h
[0.690s] -- Up-to-date: /home/bjl/bjl_ws/install/autopartol_interface/include/autopartol_interface/autopartol_interface/srv/detail/speech_text__functions.c
[0.690s] -- Up-to-date: /home/bjl/bjl_ws/install/autopartol_interface/share/autopartol_interface/environment/library_path.sh
[0.690s] -- Up-to-date: /home/bjl/bjl_ws/install/autopartol_interface/share/autopartol_interface/environment/library_path.dsv
[0.690s] -- Up-to-date: /home/bjl/bjl_ws/install/autopartol_interface/lib/libautopartol_interface__rosidl_generator_c.so
[0.691s] -- Up-to-date: /home/bjl/bjl_ws/install/autopartol_interface/include/autopartol_interface/autopartol_interface
[0.691s] -- Up-to-date: /home/bjl/bjl_ws/install/autopartol_interface/include/autopartol_interface/autopartol_interface/msg
[0.691s] -- Up-to-date: /home/bjl/bjl_ws/install/autopartol_interface/include/autopartol_interface/autopartol_interface/msg/rosidl_typesupport_fastrtps_c__visibility_control.h
[0.691s] -- Up-to-date: /home/bjl/bjl_ws/install/autopartol_interface/include/autopartol_interface/autopartol_interface/srv
[0.691s] -- Up-to-date: /home/bjl/bjl_ws/install/autopartol_interface/include/autopartol_interface/autopartol_interface/srv/detail
[0.692s] -- Up-to-date: /home/bjl/bjl_ws/install/autopartol_interface/include/autopartol_interface/autopartol_interface/srv/detail/speech_text__rosidl_typesupport_fastrtps_c.h
[0.692s] -- Up-to-date: /home/bjl/bjl_ws/install/autopartol_interface/lib/libautopartol_interface__rosidl_typesupport_fastrtps_c.so
[0.692s] -- Up-to-date: /home/bjl/bjl_ws/install/autopartol_interface/include/autopartol_interface/autopartol_interface
[0.692s] -- Up-to-date: /home/bjl/bjl_ws/install/autopartol_interface/include/autopartol_interface/autopartol_interface/msg
[0.693s] -- Up-to-date: /home/bjl/bjl_ws/install/autopartol_interface/include/autopartol_interface/autopartol_interface/msg/rosidl_typesupport_introspection_c__visibility_control.h
[0.693s] -- Up-to-date: /home/bjl/bjl_ws/install/autopartol_interface/include/autopartol_interface/autopartol_interface/srv
[0.693s] -- Up-to-date: /home/bjl/bjl_ws/install/autopartol_interface/include/autopartol_interface/autopartol_interface/srv/detail
[0.694s] -- Up-to-date: /home/bjl/bjl_ws/install/autopartol_interface/include/autopartol_interface/autopartol_interface/srv/detail/speech_text__type_support.c
[0.695s] -- Up-to-date: /home/bjl/bjl_ws/install/autopartol_interface/include/autopartol_interface/autopartol_interface/srv/detail/speech_text__rosidl_typesupport_introspection_c.h
[0.695s] -- Up-to-date: /home/bjl/bjl_ws/install/autopartol_interface/lib/libautopartol_interface__rosidl_typesupport_introspection_c.so
[0.695s] -- Up-to-date: /home/bjl/bjl_ws/install/autopartol_interface/lib/libautopartol_interface__rosidl_typesupport_c.so
[0.695s] -- Up-to-date: /home/bjl/bjl_ws/install/autopartol_interface/include/autopartol_interface/autopartol_interface
[0.695s] -- Up-to-date: /home/bjl/bjl_ws/install/autopartol_interface/include/autopartol_interface/autopartol_interface/msg
[0.695s] -- Up-to-date: /home/bjl/bjl_ws/install/autopartol_interface/include/autopartol_interface/autopartol_interface/msg/rosidl_generator_cpp__visibility_control.hpp
[0.695s] -- Up-to-date: /home/bjl/bjl_ws/install/autopartol_interface/include/autopartol_interface/autopartol_interface/srv
[0.695s] -- Up-to-date: /home/bjl/bjl_ws/install/autopartol_interface/include/autopartol_interface/autopartol_interface/srv/detail
[0.695s] -- Up-to-date: /home/bjl/bjl_ws/install/autopartol_interface/include/autopartol_interface/autopartol_interface/srv/detail/speech_text__struct.hpp
[0.695s] -- Up-to-date: /home/bjl/bjl_ws/install/autopartol_interface/include/autopartol_interface/autopartol_interface/srv/detail/speech_text__builder.hpp
[0.695s] -- Up-to-date: /home/bjl/bjl_ws/install/autopartol_interface/include/autopartol_interface/autopartol_interface/srv/detail/speech_text__type_support.hpp
[0.696s] -- Up-to-date: /home/bjl/bjl_ws/install/autopartol_interface/include/autopartol_interface/autopartol_interface/srv/detail/speech_text__traits.hpp
[0.696s] -- Up-to-date: /home/bjl/bjl_ws/install/autopartol_interface/include/autopartol_interface/autopartol_interface/srv/speech_text.hpp
[0.696s] -- Up-to-date: /home/bjl/bjl_ws/install/autopartol_interface/include/autopartol_interface/autopartol_interface
[0.696s] -- Up-to-date: /home/bjl/bjl_ws/install/autopartol_interface/include/autopartol_interface/autopartol_interface/msg
[0.697s] -- Up-to-date: /home/bjl/bjl_ws/install/autopartol_interface/include/autopartol_interface/autopartol_interface/msg/rosidl_typesupport_fastrtps_cpp__visibility_control.h
[0.697s] -- Up-to-date: /home/bjl/bjl_ws/install/autopartol_interface/include/autopartol_interface/autopartol_interface/srv
[0.697s] -- Up-to-date: /home/bjl/bjl_ws/install/autopartol_interface/include/autopartol_interface/autopartol_interface/srv/detail
[0.697s] -- Up-to-date: /home/bjl/bjl_ws/install/autopartol_interface/include/autopartol_interface/autopartol_interface/srv/detail/dds_fastrtps
[0.698s] -- Up-to-date: /home/bjl/bjl_ws/install/autopartol_interface/include/autopartol_interface/autopartol_interface/srv/detail/speech_text__rosidl_typesupport_fastrtps_cpp.hpp
[0.698s] -- Up-to-date: /home/bjl/bjl_ws/install/autopartol_interface/lib/libautopartol_interface__rosidl_typesupport_fastrtps_cpp.so
[0.698s] -- Up-to-date: /home/bjl/bjl_ws/install/autopartol_interface/include/autopartol_interface/autopartol_interface
[0.698s] -- Up-to-date: /home/bjl/bjl_ws/install/autopartol_interface/include/autopartol_interface/autopartol_interface/srv
[0.698s] -- Up-to-date: /home/bjl/bjl_ws/install/autopartol_interface/include/autopartol_interface/autopartol_interface/srv/detail
[0.699s] -- Up-to-date: /home/bjl/bjl_ws/install/autopartol_interface/include/autopartol_interface/autopartol_interface/srv/detail/speech_text__rosidl_typesupport_introspection_cpp.hpp
[0.699s] -- Up-to-date: /home/bjl/bjl_ws/install/autopartol_interface/include/autopartol_interface/autopartol_interface/srv/detail/speech_text__type_support.cpp
[0.699s] -- Up-to-date: /home/bjl/bjl_ws/install/autopartol_interface/lib/libautopartol_interface__rosidl_typesupport_introspection_cpp.so
[0.700s] -- Up-to-date: /home/bjl/bjl_ws/install/autopartol_interface/lib/libautopartol_interface__rosidl_typesupport_cpp.so
[0.700s] -- Up-to-date: /home/bjl/bjl_ws/install/autopartol_interface/share/autopartol_interface/environment/pythonpath.sh
[0.700s] -- Up-to-date: /home/bjl/bjl_ws/install/autopartol_interface/share/autopartol_interface/environment/pythonpath.dsv
[0.700s] -- Up-to-date: /home/bjl/bjl_ws/install/autopartol_interface/local/lib/python3.10/dist-packages/autopartol_interface-0.0.0-py3.10.egg-info
[0.701s] -- Installing: /home/bjl/bjl_ws/install/autopartol_interface/local/lib/python3.10/dist-packages/autopartol_interface-0.0.0-py3.10.egg-info/dependency_links.txt
[0.701s] -- Installing: /home/bjl/bjl_ws/install/autopartol_interface/local/lib/python3.10/dist-packages/autopartol_interface-0.0.0-py3.10.egg-info/SOURCES.txt
[0.701s] -- Installing: /home/bjl/bjl_ws/install/autopartol_interface/local/lib/python3.10/dist-packages/autopartol_interface-0.0.0-py3.10.egg-info/top_level.txt
[0.701s] -- Installing: /home/bjl/bjl_ws/install/autopartol_interface/local/lib/python3.10/dist-packages/autopartol_interface-0.0.0-py3.10.egg-info/PKG-INFO
[0.701s] -- Up-to-date: /home/bjl/bjl_ws/install/autopartol_interface/local/lib/python3.10/dist-packages/autopartol_interface
[0.702s] -- Up-to-date: /home/bjl/bjl_ws/install/autopartol_interface/local/lib/python3.10/dist-packages/autopartol_interface/autopartol_interface_s__rosidl_typesupport_fastrtps_c.cpython-310-x86_64-linux-gnu.so
[0.702s] -- Up-to-date: /home/bjl/bjl_ws/install/autopartol_interface/local/lib/python3.10/dist-packages/autopartol_interface/_autopartol_interface_s.ep.rosidl_typesupport_c.c
[0.702s] -- Up-to-date: /home/bjl/bjl_ws/install/autopartol_interface/local/lib/python3.10/dist-packages/autopartol_interface/_autopartol_interface_s.ep.rosidl_typesupport_introspection_c.c
[0.703s] -- Up-to-date: /home/bjl/bjl_ws/install/autopartol_interface/local/lib/python3.10/dist-packages/autopartol_interface/libautopartol_interface__rosidl_generator_py.so
[0.705s] -- Up-to-date: /home/bjl/bjl_ws/install/autopartol_interface/local/lib/python3.10/dist-packages/autopartol_interface/_autopartol_interface_s.ep.rosidl_typesupport_fastrtps_c.c
[0.705s] -- Up-to-date: /home/bjl/bjl_ws/install/autopartol_interface/local/lib/python3.10/dist-packages/autopartol_interface/srv
[0.705s] -- Up-to-date: /home/bjl/bjl_ws/install/autopartol_interface/local/lib/python3.10/dist-packages/autopartol_interface/srv/_speech_text.py
[0.705s] -- Up-to-date: /home/bjl/bjl_ws/install/autopartol_interface/local/lib/python3.10/dist-packages/autopartol_interface/srv/_speech_text_s.c
[0.706s] -- Up-to-date: /home/bjl/bjl_ws/install/autopartol_interface/local/lib/python3.10/dist-packages/autopartol_interface/srv/__init__.py
[0.707s] -- Up-to-date: /home/bjl/bjl_ws/install/autopartol_interface/local/lib/python3.10/dist-packages/autopartol_interface/autopartol_interface_s__rosidl_typesupport_introspection_c.cpython-310-x86_64-linux-gnu.so
[0.707s] -- Up-to-date: /home/bjl/bjl_ws/install/autopartol_interface/local/lib/python3.10/dist-packages/autopartol_interface/autopartol_interface_s__rosidl_typesupport_c.cpython-310-x86_64-linux-gnu.so
[0.707s] -- Up-to-date: /home/bjl/bjl_ws/install/autopartol_interface/local/lib/python3.10/dist-packages/autopartol_interface/__init__.py
[0.750s] Listing '/home/bjl/bjl_ws/install/autopartol_interface/local/lib/python3.10/dist-packages/autopartol_interface'...
[0.750s] Listing '/home/bjl/bjl_ws/install/autopartol_interface/local/lib/python3.10/dist-packages/autopartol_interface/srv'...
[0.751s] -- Up-to-date: /home/bjl/bjl_ws/install/autopartol_interface/local/lib/python3.10/dist-packages/autopartol_interface/autopartol_interface_s__rosidl_typesupport_fastrtps_c.cpython-310-x86_64-linux-gnu.so
[0.751s] -- Up-to-date: /home/bjl/bjl_ws/install/autopartol_interface/local/lib/python3.10/dist-packages/autopartol_interface/autopartol_interface_s__rosidl_typesupport_introspection_c.cpython-310-x86_64-linux-gnu.so
[0.752s] -- Up-to-date: /home/bjl/bjl_ws/install/autopartol_interface/local/lib/python3.10/dist-packages/autopartol_interface/autopartol_interface_s__rosidl_typesupport_c.cpython-310-x86_64-linux-gnu.so
[0.752s] -- Up-to-date: /home/bjl/bjl_ws/install/autopartol_interface/lib/libautopartol_interface__rosidl_generator_py.so
[0.752s] -- Up-to-date: /home/bjl/bjl_ws/install/autopartol_interface/share/autopartol_interface/srv/SpeechText.idl
[0.752s] -- Up-to-date: /home/bjl/bjl_ws/install/autopartol_interface/share/autopartol_interface/srv/SpeechText.srv
[0.753s] -- Up-to-date: /home/bjl/bjl_ws/install/autopartol_interface/share/autopartol_interface/srv/SpeechText_Request.msg
[0.753s] -- Up-to-date: /home/bjl/bjl_ws/install/autopartol_interface/share/autopartol_interface/srv/SpeechText_Response.msg
[0.753s] -- Up-to-date: /home/bjl/bjl_ws/install/autopartol_interface/share/ament_index/resource_index/package_run_dependencies/autopartol_interface
[0.753s] -- Up-to-date: /home/bjl/bjl_ws/install/autopartol_interface/share/ament_index/resource_index/parent_prefix_path/autopartol_interface
[0.753s] -- Up-to-date: /home/bjl/bjl_ws/install/autopartol_interface/share/autopartol_interface/environment/ament_prefix_path.sh
[0.754s] -- Up-to-date: /home/bjl/bjl_ws/install/autopartol_interface/share/autopartol_interface/environment/ament_prefix_path.dsv
[0.754s] -- Up-to-date: /home/bjl/bjl_ws/install/autopartol_interface/share/autopartol_interface/environment/path.sh
[0.754s] -- Up-to-date: /home/bjl/bjl_ws/install/autopartol_interface/share/autopartol_interface/environment/path.dsv
[0.754s] -- Up-to-date: /home/bjl/bjl_ws/install/autopartol_interface/share/autopartol_interface/local_setup.bash
[0.754s] -- Up-to-date: /home/bjl/bjl_ws/install/autopartol_interface/share/autopartol_interface/local_setup.sh
[0.755s] -- Up-to-date: /home/bjl/bjl_ws/install/autopartol_interface/share/autopartol_interface/local_setup.zsh
[0.755s] -- Up-to-date: /home/bjl/bjl_ws/install/autopartol_interface/share/autopartol_interface/local_setup.dsv
[0.755s] -- Installing: /home/bjl/bjl_ws/install/autopartol_interface/share/autopartol_interface/package.dsv
[0.755s] -- Up-to-date: /home/bjl/bjl_ws/install/autopartol_interface/share/ament_index/resource_index/packages/autopartol_interface
[0.755s] -- Up-to-date: /home/bjl/bjl_ws/install/autopartol_interface/share/autopartol_interface/cmake/export_autopartol_interface__rosidl_generator_cExport.cmake
[0.756s] -- Up-to-date: /home/bjl/bjl_ws/install/autopartol_interface/share/autopartol_interface/cmake/export_autopartol_interface__rosidl_generator_cExport-noconfig.cmake
[0.756s] -- Up-to-date: /home/bjl/bjl_ws/install/autopartol_interface/share/autopartol_interface/cmake/export_autopartol_interface__rosidl_typesupport_fastrtps_cExport.cmake
[0.756s] -- Up-to-date: /home/bjl/bjl_ws/install/autopartol_interface/share/autopartol_interface/cmake/export_autopartol_interface__rosidl_typesupport_fastrtps_cExport-noconfig.cmake
[0.756s] -- Up-to-date: /home/bjl/bjl_ws/install/autopartol_interface/share/autopartol_interface/cmake/autopartol_interface__rosidl_typesupport_introspection_cExport.cmake
[0.756s] -- Up-to-date: /home/bjl/bjl_ws/install/autopartol_interface/share/autopartol_interface/cmake/autopartol_interface__rosidl_typesupport_introspection_cExport-noconfig.cmake
[0.757s] -- Up-to-date: /home/bjl/bjl_ws/install/autopartol_interface/share/autopartol_interface/cmake/autopartol_interface__rosidl_typesupport_cExport.cmake
[0.757s] -- Up-to-date: /home/bjl/bjl_ws/install/autopartol_interface/share/autopartol_interface/cmake/autopartol_interface__rosidl_typesupport_cExport-noconfig.cmake
[0.757s] -- Up-to-date: /home/bjl/bjl_ws/install/autopartol_interface/share/autopartol_interface/cmake/export_autopartol_interface__rosidl_generator_cppExport.cmake
[0.757s] -- Up-to-date: /home/bjl/bjl_ws/install/autopartol_interface/share/autopartol_interface/cmake/export_autopartol_interface__rosidl_typesupport_fastrtps_cppExport.cmake
[0.757s] -- Up-to-date: /home/bjl/bjl_ws/install/autopartol_interface/share/autopartol_interface/cmake/export_autopartol_interface__rosidl_typesupport_fastrtps_cppExport-noconfig.cmake
[0.758s] -- Up-to-date: /home/bjl/bjl_ws/install/autopartol_interface/share/autopartol_interface/cmake/autopartol_interface__rosidl_typesupport_introspection_cppExport.cmake
[0.758s] -- Up-to-date: /home/bjl/bjl_ws/install/autopartol_interface/share/autopartol_interface/cmake/autopartol_interface__rosidl_typesupport_introspection_cppExport-noconfig.cmake
[0.759s] -- Up-to-date: /home/bjl/bjl_ws/install/autopartol_interface/share/autopartol_interface/cmake/autopartol_interface__rosidl_typesupport_cppExport.cmake
[0.759s] -- Up-to-date: /home/bjl/bjl_ws/install/autopartol_interface/share/autopartol_interface/cmake/autopartol_interface__rosidl_typesupport_cppExport-noconfig.cmake
[0.759s] -- Up-to-date: /home/bjl/bjl_ws/install/autopartol_interface/share/autopartol_interface/cmake/export_autopartol_interface__rosidl_generator_pyExport.cmake
[0.759s] -- Up-to-date: /home/bjl/bjl_ws/install/autopartol_interface/share/autopartol_interface/cmake/export_autopartol_interface__rosidl_generator_pyExport-noconfig.cmake
[0.760s] -- Up-to-date: /home/bjl/bjl_ws/install/autopartol_interface/share/autopartol_interface/cmake/rosidl_cmake-extras.cmake
[0.761s] -- Up-to-date: /home/bjl/bjl_ws/install/autopartol_interface/share/autopartol_interface/cmake/ament_cmake_export_include_directories-extras.cmake
[0.774s] -- Up-to-date: /home/bjl/bjl_ws/install/autopartol_interface/share/autopartol_interface/cmake/ament_cmake_export_libraries-extras.cmake
[0.774s] -- Up-to-date: /home/bjl/bjl_ws/install/autopartol_interface/share/autopartol_interface/cmake/ament_cmake_export_targets-extras.cmake
[0.774s] -- Up-to-date: /home/bjl/bjl_ws/install/autopartol_interface/share/autopartol_interface/cmake/rosidl_cmake_export_typesupport_targets-extras.cmake
[0.774s] -- Up-to-date: /home/bjl/bjl_ws/install/autopartol_interface/share/autopartol_interface/cmake/ament_cmake_export_dependencies-extras.cmake
[0.775s] -- Up-to-date: /home/bjl/bjl_ws/install/autopartol_interface/share/autopartol_interface/cmake/rosidl_cmake_export_typesupport_libraries-extras.cmake
[0.775s] -- Up-to-date: /home/bjl/bjl_ws/install/autopartol_interface/share/autopartol_interface/cmake/autopartol_interfaceConfig.cmake
[0.775s] -- Up-to-date: /home/bjl/bjl_ws/install/autopartol_interface/share/autopartol_interface/cmake/autopartol_interfaceConfig-version.cmake
[0.775s] -- Up-to-date: /home/bjl/bjl_ws/install/autopartol_interface/share/autopartol_interface/package.xml
[0.814s] Invoked command in '/home/bjl/bjl_ws/build/autopartol_interface' returned '0': CMAKE_PREFIX_PATH=${CMAKE_PREFIX_PATH}:/home/bjl/bjl_ws/install/status_publisher:/home/bjl/bjl_ws/install/face_python_service:/home/bjl/bjl_ws/install/demo_python_topic:/home/bjl/bjl_ws/install/birdbot_application:/home/bjl/bjl_ws/install/autopartol_robot:/opt/ros/humble /usr/bin/cmake --install /home/bjl/bjl_ws/build/autopartol_interface
