[0.316s] Invoking command in '/home/bjl/bjl_ws/build/birdbot_navigation2': CMAKE_PREFIX_PATH=/opt/ros/humble /usr/bin/cmake /home/bjl/bjl_ws/src/birdbot_navigation2 -DCMAKE_INSTALL_PREFIX=/home/bjl/bjl_ws/install/birdbot_navigation2
[0.386s] -- The C compiler identification is GNU 11.4.0
[0.642s] -- The CXX compiler identification is GNU 11.4.0
[0.816s] -- Detecting C compiler ABI info
[0.920s] -- Detecting C compiler ABI info - done
[0.924s] -- Check for working C compiler: /usr/bin/cc - skipped
[0.924s] -- Detecting C compile features
[0.924s] -- Detecting C compile features - done
[0.928s] -- Detecting CXX compiler ABI info
[1.047s] -- Detecting CXX compiler ABI info - done
[1.052s] -- Check for working CXX compiler: /usr/bin/c++ - skipped
[1.052s] -- Detecting CXX compile features
[1.052s] -- Detecting CXX compile features - done
[1.053s] -- Found ament_cmake: 1.3.11 (/opt/ros/humble/share/ament_cmake/cmake)
[1.162s] -- Found Python3: /usr/bin/python3 (found version "3.10.12") found components: Interpreter 
[1.224s] -- Found ament_lint_auto: 0.12.11 (/opt/ros/humble/share/ament_lint_auto/cmake)
[1.285s] -- Added test 'flake8' to check Python code syntax and style conventions
[1.286s] -- Added test 'lint_cmake' to check CMake code style
[1.287s] -- Added test 'pep257' to check Python code against some of the docstring style conventions in PEP 257
[1.288s] -- Added test 'xmllint' to check XML markup files
[1.289s] -- Configuring done
[1.292s] -- Generating done
[1.293s] -- Build files have been written to: /home/bjl/bjl_ws/build/birdbot_navigation2
[1.297s] Invoked command in '/home/bjl/bjl_ws/build/birdbot_navigation2' returned '0': CMAKE_PREFIX_PATH=/opt/ros/humble /usr/bin/cmake /home/bjl/bjl_ws/src/birdbot_navigation2 -DCMAKE_INSTALL_PREFIX=/home/bjl/bjl_ws/install/birdbot_navigation2
[1.299s] Invoking command in '/home/bjl/bjl_ws/build/birdbot_navigation2': CMAKE_PREFIX_PATH=/opt/ros/humble /usr/bin/cmake --build /home/bjl/bjl_ws/build/birdbot_navigation2 -- -j16 -l16
[1.325s] Invoked command in '/home/bjl/bjl_ws/build/birdbot_navigation2' returned '0': CMAKE_PREFIX_PATH=/opt/ros/humble /usr/bin/cmake --build /home/bjl/bjl_ws/build/birdbot_navigation2 -- -j16 -l16
[1.333s] Invoking command in '/home/bjl/bjl_ws/build/birdbot_navigation2': CMAKE_PREFIX_PATH=/opt/ros/humble /usr/bin/cmake --install /home/bjl/bjl_ws/build/birdbot_navigation2
[1.337s] -- Install configuration: ""
[1.337s] -- Installing: /home/bjl/bjl_ws/install/birdbot_navigation2/share/birdbot_navigation2/launch
[1.337s] -- Installing: /home/bjl/bjl_ws/install/birdbot_navigation2/share/birdbot_navigation2/launch/navigation2.launch.py
[1.337s] -- Installing: /home/bjl/bjl_ws/install/birdbot_navigation2/share/birdbot_navigation2/config
[1.338s] -- Installing: /home/bjl/bjl_ws/install/birdbot_navigation2/share/birdbot_navigation2/config/nav2_params.yaml
[1.338s] -- Installing: /home/bjl/bjl_ws/install/birdbot_navigation2/share/birdbot_navigation2/maps
[1.338s] -- Installing: /home/bjl/bjl_ws/install/birdbot_navigation2/share/birdbot_navigation2/maps/room2.pgm
[1.339s] -- Installing: /home/bjl/bjl_ws/install/birdbot_navigation2/share/birdbot_navigation2/maps/room2.yaml
[1.339s] -- Installing: /home/bjl/bjl_ws/install/birdbot_navigation2/share/ament_index/resource_index/package_run_dependencies/birdbot_navigation2
[1.339s] -- Installing: /home/bjl/bjl_ws/install/birdbot_navigation2/share/ament_index/resource_index/parent_prefix_path/birdbot_navigation2
[1.340s] -- Installing: /home/bjl/bjl_ws/install/birdbot_navigation2/share/birdbot_navigation2/environment/ament_prefix_path.sh
[1.340s] -- Installing: /home/bjl/bjl_ws/install/birdbot_navigation2/share/birdbot_navigation2/environment/ament_prefix_path.dsv
[1.340s] -- Installing: /home/bjl/bjl_ws/install/birdbot_navigation2/share/birdbot_navigation2/environment/path.sh
[1.340s] -- Installing: /home/bjl/bjl_ws/install/birdbot_navigation2/share/birdbot_navigation2/environment/path.dsv
[1.341s] -- Installing: /home/bjl/bjl_ws/install/birdbot_navigation2/share/birdbot_navigation2/local_setup.bash
[1.341s] -- Installing: /home/bjl/bjl_ws/install/birdbot_navigation2/share/birdbot_navigation2/local_setup.sh
[1.342s] -- Installing: /home/bjl/bjl_ws/install/birdbot_navigation2/share/birdbot_navigation2/local_setup.zsh
[1.342s] -- Installing: /home/bjl/bjl_ws/install/birdbot_navigation2/share/birdbot_navigation2/local_setup.dsv
[1.342s] -- Installing: /home/bjl/bjl_ws/install/birdbot_navigation2/share/birdbot_navigation2/package.dsv
[1.342s] -- Installing: /home/bjl/bjl_ws/install/birdbot_navigation2/share/ament_index/resource_index/packages/birdbot_navigation2
[1.342s] -- Installing: /home/bjl/bjl_ws/install/birdbot_navigation2/share/birdbot_navigation2/cmake/birdbot_navigation2Config.cmake
[1.342s] -- Installing: /home/bjl/bjl_ws/install/birdbot_navigation2/share/birdbot_navigation2/cmake/birdbot_navigation2Config-version.cmake
[1.343s] -- Installing: /home/bjl/bjl_ws/install/birdbot_navigation2/share/birdbot_navigation2/package.xml
[1.353s] Invoked command in '/home/bjl/bjl_ws/build/birdbot_navigation2' returned '0': CMAKE_PREFIX_PATH=/opt/ros/humble /usr/bin/cmake --install /home/bjl/bjl_ws/build/birdbot_navigation2
