[0.075s] Invoking command in '/home/bjl/bjl_ws/build/status_interfaces': CMAKE_PREFIX_PATH=/opt/ros/humble /usr/bin/cmake --build /home/bjl/bjl_ws/build/status_interfaces -- -j16 -l16
[0.949s] [  3%] Built target status_interfaces__cpp
[0.949s] [ 12%] Built target status_interfaces__rosidl_generator_c
[0.949s] [ 12%] Built target ament_cmake_python_copy_status_interfaces
[0.950s] [ 22%] Built target status_interfaces__rosidl_typesupport_introspection_cpp
[0.950s] [ 32%] Built target status_interfaces__rosidl_typesupport_cpp
[0.951s] [ 41%] Built target status_interfaces__rosidl_typesupport_c
[0.951s] [ 51%] Built target status_interfaces__rosidl_typesupport_fastrtps_cpp
[0.951s] [ 61%] Built target status_interfaces__rosidl_typesupport_introspection_c
[0.951s] [ 70%] Built target status_interfaces__rosidl_typesupport_fastrtps_c
[0.951s] [ 70%] Built target status_interfaces
[0.951s] [ 74%] Built target status_interfaces__py
[0.951s] [ 80%] Built target status_interfaces__rosidl_generator_py
[0.951s] [ 87%] Built target status_interfaces__rosidl_typesupport_introspection_c__pyext
[0.951s] [100%] Built target status_interfaces__rosidl_typesupport_fastrtps_c__pyext
[0.951s] [100%] Built target status_interfaces__rosidl_typesupport_c__pyext
[0.951s] running egg_info
[0.951s] writing status_interfaces.egg-info/PKG-INFO
[0.951s] writing dependency_links to status_interfaces.egg-info/dependency_links.txt
[0.951s] writing top-level names to status_interfaces.egg-info/top_level.txt
[0.951s] reading manifest file 'status_interfaces.egg-info/SOURCES.txt'
[0.951s] writing manifest file 'status_interfaces.egg-info/SOURCES.txt'
[0.952s] [100%] Built target ament_cmake_python_build_status_interfaces_egg
[0.971s] Invoked command in '/home/bjl/bjl_ws/build/status_interfaces' returned '0': CMAKE_PREFIX_PATH=/opt/ros/humble /usr/bin/cmake --build /home/bjl/bjl_ws/build/status_interfaces -- -j16 -l16
[0.974s] Invoking command in '/home/bjl/bjl_ws/build/status_interfaces': CMAKE_PREFIX_PATH=/opt/ros/humble /usr/bin/cmake --install /home/bjl/bjl_ws/build/status_interfaces
[1.023s] -- Install configuration: ""
[1.023s] -- Up-to-date: /home/bjl/bjl_ws/install/status_interfaces/share/ament_index/resource_index/rosidl_interfaces/status_interfaces
[1.023s] -- Up-to-date: /home/bjl/bjl_ws/install/status_interfaces/include/status_interfaces/status_interfaces
[1.023s] -- Up-to-date: /home/bjl/bjl_ws/install/status_interfaces/include/status_interfaces/status_interfaces/msg
[1.023s] -- Up-to-date: /home/bjl/bjl_ws/install/status_interfaces/include/status_interfaces/status_interfaces/msg/rosidl_generator_c__visibility_control.h
[1.024s] -- Up-to-date: /home/bjl/bjl_ws/install/status_interfaces/include/status_interfaces/status_interfaces/msg/system_status.h
[1.024s] -- Up-to-date: /home/bjl/bjl_ws/install/status_interfaces/include/status_interfaces/status_interfaces/msg/detail
[1.024s] -- Up-to-date: /home/bjl/bjl_ws/install/status_interfaces/include/status_interfaces/status_interfaces/msg/detail/system_status__functions.h
[1.024s] -- Up-to-date: /home/bjl/bjl_ws/install/status_interfaces/include/status_interfaces/status_interfaces/msg/detail/system_status__type_support.h
[1.024s] -- Up-to-date: /home/bjl/bjl_ws/install/status_interfaces/include/status_interfaces/status_interfaces/msg/detail/system_status__struct.h
[1.024s] -- Up-to-date: /home/bjl/bjl_ws/install/status_interfaces/include/status_interfaces/status_interfaces/msg/detail/system_status__functions.c
[1.024s] -- Up-to-date: /home/bjl/bjl_ws/install/status_interfaces/share/status_interfaces/environment/library_path.sh
[1.024s] -- Up-to-date: /home/bjl/bjl_ws/install/status_interfaces/share/status_interfaces/environment/library_path.dsv
[1.024s] -- Up-to-date: /home/bjl/bjl_ws/install/status_interfaces/lib/libstatus_interfaces__rosidl_generator_c.so
[1.024s] -- Up-to-date: /home/bjl/bjl_ws/install/status_interfaces/include/status_interfaces/status_interfaces
[1.024s] -- Up-to-date: /home/bjl/bjl_ws/install/status_interfaces/include/status_interfaces/status_interfaces/msg
[1.024s] -- Up-to-date: /home/bjl/bjl_ws/install/status_interfaces/include/status_interfaces/status_interfaces/msg/detail
[1.024s] -- Up-to-date: /home/bjl/bjl_ws/install/status_interfaces/include/status_interfaces/status_interfaces/msg/detail/system_status__rosidl_typesupport_fastrtps_c.h
[1.025s] -- Up-to-date: /home/bjl/bjl_ws/install/status_interfaces/include/status_interfaces/status_interfaces/msg/rosidl_typesupport_fastrtps_c__visibility_control.h
[1.025s] -- Up-to-date: /home/bjl/bjl_ws/install/status_interfaces/lib/libstatus_interfaces__rosidl_typesupport_fastrtps_c.so
[1.025s] -- Up-to-date: /home/bjl/bjl_ws/install/status_interfaces/include/status_interfaces/status_interfaces
[1.025s] -- Up-to-date: /home/bjl/bjl_ws/install/status_interfaces/include/status_interfaces/status_interfaces/msg
[1.025s] -- Up-to-date: /home/bjl/bjl_ws/install/status_interfaces/include/status_interfaces/status_interfaces/msg/rosidl_generator_cpp__visibility_control.hpp
[1.025s] -- Up-to-date: /home/bjl/bjl_ws/install/status_interfaces/include/status_interfaces/status_interfaces/msg/detail
[1.025s] -- Up-to-date: /home/bjl/bjl_ws/install/status_interfaces/include/status_interfaces/status_interfaces/msg/detail/system_status__struct.hpp
[1.025s] -- Up-to-date: /home/bjl/bjl_ws/install/status_interfaces/include/status_interfaces/status_interfaces/msg/detail/system_status__traits.hpp
[1.025s] -- Up-to-date: /home/bjl/bjl_ws/install/status_interfaces/include/status_interfaces/status_interfaces/msg/detail/system_status__type_support.hpp
[1.035s] -- Up-to-date: /home/bjl/bjl_ws/install/status_interfaces/include/status_interfaces/status_interfaces/msg/detail/system_status__builder.hpp
[1.035s] -- Up-to-date: /home/bjl/bjl_ws/install/status_interfaces/include/status_interfaces/status_interfaces/msg/system_status.hpp
[1.035s] -- Up-to-date: /home/bjl/bjl_ws/install/status_interfaces/include/status_interfaces/status_interfaces
[1.035s] -- Up-to-date: /home/bjl/bjl_ws/install/status_interfaces/include/status_interfaces/status_interfaces/msg
[1.052s] -- Up-to-date: /home/bjl/bjl_ws/install/status_interfaces/include/status_interfaces/status_interfaces/msg/detail
[1.052s] -- Up-to-date: /home/bjl/bjl_ws/install/status_interfaces/include/status_interfaces/status_interfaces/msg/detail/dds_fastrtps
[1.052s] -- Up-to-date: /home/bjl/bjl_ws/install/status_interfaces/include/status_interfaces/status_interfaces/msg/detail/system_status__rosidl_typesupport_fastrtps_cpp.hpp
[1.052s] -- Up-to-date: /home/bjl/bjl_ws/install/status_interfaces/include/status_interfaces/status_interfaces/msg/rosidl_typesupport_fastrtps_cpp__visibility_control.h
[1.052s] -- Up-to-date: /home/bjl/bjl_ws/install/status_interfaces/lib/libstatus_interfaces__rosidl_typesupport_fastrtps_cpp.so
[1.053s] -- Up-to-date: /home/bjl/bjl_ws/install/status_interfaces/include/status_interfaces/status_interfaces
[1.053s] -- Up-to-date: /home/bjl/bjl_ws/install/status_interfaces/include/status_interfaces/status_interfaces/msg
[1.053s] -- Up-to-date: /home/bjl/bjl_ws/install/status_interfaces/include/status_interfaces/status_interfaces/msg/detail
[1.053s] -- Up-to-date: /home/bjl/bjl_ws/install/status_interfaces/include/status_interfaces/status_interfaces/msg/detail/system_status__rosidl_typesupport_introspection_c.h
[1.053s] -- Up-to-date: /home/bjl/bjl_ws/install/status_interfaces/include/status_interfaces/status_interfaces/msg/detail/system_status__type_support.c
[1.053s] -- Up-to-date: /home/bjl/bjl_ws/install/status_interfaces/include/status_interfaces/status_interfaces/msg/rosidl_typesupport_introspection_c__visibility_control.h
[1.053s] -- Up-to-date: /home/bjl/bjl_ws/install/status_interfaces/lib/libstatus_interfaces__rosidl_typesupport_introspection_c.so
[1.053s] -- Up-to-date: /home/bjl/bjl_ws/install/status_interfaces/lib/libstatus_interfaces__rosidl_typesupport_c.so
[1.053s] -- Up-to-date: /home/bjl/bjl_ws/install/status_interfaces/include/status_interfaces/status_interfaces
[1.053s] -- Up-to-date: /home/bjl/bjl_ws/install/status_interfaces/include/status_interfaces/status_interfaces/msg
[1.053s] -- Up-to-date: /home/bjl/bjl_ws/install/status_interfaces/include/status_interfaces/status_interfaces/msg/detail
[1.053s] -- Up-to-date: /home/bjl/bjl_ws/install/status_interfaces/include/status_interfaces/status_interfaces/msg/detail/system_status__type_support.cpp
[1.053s] -- Up-to-date: /home/bjl/bjl_ws/install/status_interfaces/include/status_interfaces/status_interfaces/msg/detail/system_status__rosidl_typesupport_introspection_cpp.hpp
[1.054s] -- Up-to-date: /home/bjl/bjl_ws/install/status_interfaces/lib/libstatus_interfaces__rosidl_typesupport_introspection_cpp.so
[1.054s] -- Up-to-date: /home/bjl/bjl_ws/install/status_interfaces/lib/libstatus_interfaces__rosidl_typesupport_cpp.so
[1.054s] -- Up-to-date: /home/bjl/bjl_ws/install/status_interfaces/share/status_interfaces/environment/pythonpath.sh
[1.054s] -- Up-to-date: /home/bjl/bjl_ws/install/status_interfaces/share/status_interfaces/environment/pythonpath.dsv
[1.054s] -- Up-to-date: /home/bjl/bjl_ws/install/status_interfaces/local/lib/python3.10/dist-packages/status_interfaces-0.0.0-py3.10.egg-info
[1.054s] -- Installing: /home/bjl/bjl_ws/install/status_interfaces/local/lib/python3.10/dist-packages/status_interfaces-0.0.0-py3.10.egg-info/dependency_links.txt
[1.054s] -- Installing: /home/bjl/bjl_ws/install/status_interfaces/local/lib/python3.10/dist-packages/status_interfaces-0.0.0-py3.10.egg-info/SOURCES.txt
[1.054s] -- Installing: /home/bjl/bjl_ws/install/status_interfaces/local/lib/python3.10/dist-packages/status_interfaces-0.0.0-py3.10.egg-info/top_level.txt
[1.054s] -- Installing: /home/bjl/bjl_ws/install/status_interfaces/local/lib/python3.10/dist-packages/status_interfaces-0.0.0-py3.10.egg-info/PKG-INFO
[1.054s] -- Up-to-date: /home/bjl/bjl_ws/install/status_interfaces/local/lib/python3.10/dist-packages/status_interfaces
[1.054s] -- Up-to-date: /home/bjl/bjl_ws/install/status_interfaces/local/lib/python3.10/dist-packages/status_interfaces/status_interfaces_s__rosidl_typesupport_introspection_c.cpython-310-x86_64-linux-gnu.so
[1.054s] -- Up-to-date: /home/bjl/bjl_ws/install/status_interfaces/local/lib/python3.10/dist-packages/status_interfaces/status_interfaces_s__rosidl_typesupport_fastrtps_c.cpython-310-x86_64-linux-gnu.so
[1.054s] -- Up-to-date: /home/bjl/bjl_ws/install/status_interfaces/local/lib/python3.10/dist-packages/status_interfaces/_status_interfaces_s.ep.rosidl_typesupport_c.c
[1.054s] -- Up-to-date: /home/bjl/bjl_ws/install/status_interfaces/local/lib/python3.10/dist-packages/status_interfaces/_status_interfaces_s.ep.rosidl_typesupport_introspection_c.c
[1.055s] -- Up-to-date: /home/bjl/bjl_ws/install/status_interfaces/local/lib/python3.10/dist-packages/status_interfaces/_status_interfaces_s.ep.rosidl_typesupport_fastrtps_c.c
[1.055s] -- Up-to-date: /home/bjl/bjl_ws/install/status_interfaces/local/lib/python3.10/dist-packages/status_interfaces/msg
[1.055s] -- Up-to-date: /home/bjl/bjl_ws/install/status_interfaces/local/lib/python3.10/dist-packages/status_interfaces/msg/_system_status_s.c
[1.055s] -- Up-to-date: /home/bjl/bjl_ws/install/status_interfaces/local/lib/python3.10/dist-packages/status_interfaces/msg/_system_status.py
[1.055s] -- Up-to-date: /home/bjl/bjl_ws/install/status_interfaces/local/lib/python3.10/dist-packages/status_interfaces/msg/__init__.py
[1.055s] -- Up-to-date: /home/bjl/bjl_ws/install/status_interfaces/local/lib/python3.10/dist-packages/status_interfaces/status_interfaces_s__rosidl_typesupport_c.cpython-310-x86_64-linux-gnu.so
[1.055s] -- Up-to-date: /home/bjl/bjl_ws/install/status_interfaces/local/lib/python3.10/dist-packages/status_interfaces/libstatus_interfaces__rosidl_generator_py.so
[1.055s] -- Up-to-date: /home/bjl/bjl_ws/install/status_interfaces/local/lib/python3.10/dist-packages/status_interfaces/__init__.py
[1.093s] Listing '/home/bjl/bjl_ws/install/status_interfaces/local/lib/python3.10/dist-packages/status_interfaces'...
[1.093s] Listing '/home/bjl/bjl_ws/install/status_interfaces/local/lib/python3.10/dist-packages/status_interfaces/msg'...
[1.093s] -- Up-to-date: /home/bjl/bjl_ws/install/status_interfaces/local/lib/python3.10/dist-packages/status_interfaces/status_interfaces_s__rosidl_typesupport_fastrtps_c.cpython-310-x86_64-linux-gnu.so
[1.093s] -- Up-to-date: /home/bjl/bjl_ws/install/status_interfaces/local/lib/python3.10/dist-packages/status_interfaces/status_interfaces_s__rosidl_typesupport_introspection_c.cpython-310-x86_64-linux-gnu.so
[1.094s] -- Up-to-date: /home/bjl/bjl_ws/install/status_interfaces/local/lib/python3.10/dist-packages/status_interfaces/status_interfaces_s__rosidl_typesupport_c.cpython-310-x86_64-linux-gnu.so
[1.095s] -- Up-to-date: /home/bjl/bjl_ws/install/status_interfaces/lib/libstatus_interfaces__rosidl_generator_py.so
[1.095s] -- Up-to-date: /home/bjl/bjl_ws/install/status_interfaces/share/status_interfaces/msg/SystemStatus.idl
[1.095s] -- Up-to-date: /home/bjl/bjl_ws/install/status_interfaces/share/status_interfaces/msg/SystemStatus.msg
[1.095s] -- Up-to-date: /home/bjl/bjl_ws/install/status_interfaces/share/ament_index/resource_index/package_run_dependencies/status_interfaces
[1.095s] -- Up-to-date: /home/bjl/bjl_ws/install/status_interfaces/share/ament_index/resource_index/parent_prefix_path/status_interfaces
[1.097s] -- Up-to-date: /home/bjl/bjl_ws/install/status_interfaces/share/status_interfaces/environment/ament_prefix_path.sh
[1.097s] -- Up-to-date: /home/bjl/bjl_ws/install/status_interfaces/share/status_interfaces/environment/ament_prefix_path.dsv
[1.097s] -- Up-to-date: /home/bjl/bjl_ws/install/status_interfaces/share/status_interfaces/environment/path.sh
[1.097s] -- Up-to-date: /home/bjl/bjl_ws/install/status_interfaces/share/status_interfaces/environment/path.dsv
[1.097s] -- Up-to-date: /home/bjl/bjl_ws/install/status_interfaces/share/status_interfaces/local_setup.bash
[1.097s] -- Up-to-date: /home/bjl/bjl_ws/install/status_interfaces/share/status_interfaces/local_setup.sh
[1.097s] -- Up-to-date: /home/bjl/bjl_ws/install/status_interfaces/share/status_interfaces/local_setup.zsh
[1.097s] -- Up-to-date: /home/bjl/bjl_ws/install/status_interfaces/share/status_interfaces/local_setup.dsv
[1.098s] -- Installing: /home/bjl/bjl_ws/install/status_interfaces/share/status_interfaces/package.dsv
[1.099s] -- Up-to-date: /home/bjl/bjl_ws/install/status_interfaces/share/ament_index/resource_index/packages/status_interfaces
[1.102s] -- Up-to-date: /home/bjl/bjl_ws/install/status_interfaces/share/status_interfaces/cmake/export_status_interfaces__rosidl_generator_cExport.cmake
[1.103s] -- Up-to-date: /home/bjl/bjl_ws/install/status_interfaces/share/status_interfaces/cmake/export_status_interfaces__rosidl_generator_cExport-noconfig.cmake
[1.103s] -- Up-to-date: /home/bjl/bjl_ws/install/status_interfaces/share/status_interfaces/cmake/export_status_interfaces__rosidl_typesupport_fastrtps_cExport.cmake
[1.103s] -- Up-to-date: /home/bjl/bjl_ws/install/status_interfaces/share/status_interfaces/cmake/export_status_interfaces__rosidl_typesupport_fastrtps_cExport-noconfig.cmake
[1.103s] -- Up-to-date: /home/bjl/bjl_ws/install/status_interfaces/share/status_interfaces/cmake/export_status_interfaces__rosidl_generator_cppExport.cmake
[1.105s] -- Up-to-date: /home/bjl/bjl_ws/install/status_interfaces/share/status_interfaces/cmake/export_status_interfaces__rosidl_typesupport_fastrtps_cppExport.cmake
[1.105s] -- Up-to-date: /home/bjl/bjl_ws/install/status_interfaces/share/status_interfaces/cmake/export_status_interfaces__rosidl_typesupport_fastrtps_cppExport-noconfig.cmake
[1.105s] -- Up-to-date: /home/bjl/bjl_ws/install/status_interfaces/share/status_interfaces/cmake/status_interfaces__rosidl_typesupport_introspection_cExport.cmake
[1.105s] -- Up-to-date: /home/bjl/bjl_ws/install/status_interfaces/share/status_interfaces/cmake/status_interfaces__rosidl_typesupport_introspection_cExport-noconfig.cmake
[1.106s] -- Up-to-date: /home/bjl/bjl_ws/install/status_interfaces/share/status_interfaces/cmake/status_interfaces__rosidl_typesupport_cExport.cmake
[1.106s] -- Up-to-date: /home/bjl/bjl_ws/install/status_interfaces/share/status_interfaces/cmake/status_interfaces__rosidl_typesupport_cExport-noconfig.cmake
[1.107s] -- Up-to-date: /home/bjl/bjl_ws/install/status_interfaces/share/status_interfaces/cmake/status_interfaces__rosidl_typesupport_introspection_cppExport.cmake
[1.107s] -- Up-to-date: /home/bjl/bjl_ws/install/status_interfaces/share/status_interfaces/cmake/status_interfaces__rosidl_typesupport_introspection_cppExport-noconfig.cmake
[1.107s] -- Up-to-date: /home/bjl/bjl_ws/install/status_interfaces/share/status_interfaces/cmake/status_interfaces__rosidl_typesupport_cppExport.cmake
[1.108s] -- Up-to-date: /home/bjl/bjl_ws/install/status_interfaces/share/status_interfaces/cmake/status_interfaces__rosidl_typesupport_cppExport-noconfig.cmake
[1.111s] -- Up-to-date: /home/bjl/bjl_ws/install/status_interfaces/share/status_interfaces/cmake/export_status_interfaces__rosidl_generator_pyExport.cmake
[1.111s] -- Up-to-date: /home/bjl/bjl_ws/install/status_interfaces/share/status_interfaces/cmake/export_status_interfaces__rosidl_generator_pyExport-noconfig.cmake
[1.111s] -- Up-to-date: /home/bjl/bjl_ws/install/status_interfaces/share/status_interfaces/cmake/rosidl_cmake-extras.cmake
[1.111s] -- Up-to-date: /home/bjl/bjl_ws/install/status_interfaces/share/status_interfaces/cmake/ament_cmake_export_dependencies-extras.cmake
[1.112s] -- Up-to-date: /home/bjl/bjl_ws/install/status_interfaces/share/status_interfaces/cmake/ament_cmake_export_include_directories-extras.cmake
[1.112s] -- Up-to-date: /home/bjl/bjl_ws/install/status_interfaces/share/status_interfaces/cmake/ament_cmake_export_libraries-extras.cmake
[1.112s] -- Up-to-date: /home/bjl/bjl_ws/install/status_interfaces/share/status_interfaces/cmake/ament_cmake_export_targets-extras.cmake
[1.112s] -- Up-to-date: /home/bjl/bjl_ws/install/status_interfaces/share/status_interfaces/cmake/rosidl_cmake_export_typesupport_targets-extras.cmake
[1.113s] -- Up-to-date: /home/bjl/bjl_ws/install/status_interfaces/share/status_interfaces/cmake/rosidl_cmake_export_typesupport_libraries-extras.cmake
[1.113s] -- Up-to-date: /home/bjl/bjl_ws/install/status_interfaces/share/status_interfaces/cmake/status_interfacesConfig.cmake
[1.113s] -- Up-to-date: /home/bjl/bjl_ws/install/status_interfaces/share/status_interfaces/cmake/status_interfacesConfig-version.cmake
[1.114s] -- Up-to-date: /home/bjl/bjl_ws/install/status_interfaces/share/status_interfaces/package.xml
[1.234s] Invoked command in '/home/bjl/bjl_ws/build/status_interfaces' returned '0': CMAKE_PREFIX_PATH=/opt/ros/humble /usr/bin/cmake --install /home/bjl/bjl_ws/build/status_interfaces
