[0.805s] Invoking command in '/home/bjl/bjl_ws/src/status_publisher': CMAKE_PREFIX_PATH=/home/bjl/bjl_ws/install/status_interfaces:/home/bjl/bjl_ws/install/status_display:/home/bjl/bjl_ws/install/patrol_control_service:/home/bjl/bjl_ws/install/face_interfaces:/home/bjl/bjl_ws/install/demo_cpp_topic:/home/bjl/bjl_ws/install/birdbot_navigation2:/home/bjl/bjl_ws/install/birdbot_description:/home/bjl/bjl_ws/install/autopartol_interface PYTHONPATH=/home/bjl/bjl_ws/build/status_publisher/prefix_override:/usr/lib/python3/dist-packages/colcon_core/task/python/colcon_distutils_commands:/home/bjl/bjl_ws/install/status_publisher/lib/python3.10/site-packages:${PYTHONPATH} /usr/bin/python3 -W ignore:setup.py install is deprecated -W ignore:easy_install command is deprecated setup.py egg_info --egg-base ../../build/status_publisher build --build-base /home/bjl/bjl_ws/build/status_publisher/build install --record /home/bjl/bjl_ws/build/status_publisher/install.log --single-version-externally-managed install_data
[0.967s] running egg_info
[0.967s] writing ../../build/status_publisher/status_publisher.egg-info/PKG-INFO
[0.968s] writing dependency_links to ../../build/status_publisher/status_publisher.egg-info/dependency_links.txt
[0.968s] writing entry points to ../../build/status_publisher/status_publisher.egg-info/entry_points.txt
[0.968s] writing requirements to ../../build/status_publisher/status_publisher.egg-info/requires.txt
[0.968s] writing top-level names to ../../build/status_publisher/status_publisher.egg-info/top_level.txt
[0.969s] reading manifest file '../../build/status_publisher/status_publisher.egg-info/SOURCES.txt'
[0.969s] writing manifest file '../../build/status_publisher/status_publisher.egg-info/SOURCES.txt'
[0.970s] running build
[0.970s] running build_py
[0.970s] running install
[0.970s] running install_lib
[0.971s] running install_data
[0.971s] running install_egg_info
[0.972s] removing '/home/bjl/bjl_ws/install/status_publisher/lib/python3.10/site-packages/status_publisher-0.0.0-py3.10.egg-info' (and everything under it)
[0.973s] Copying ../../build/status_publisher/status_publisher.egg-info to /home/bjl/bjl_ws/install/status_publisher/lib/python3.10/site-packages/status_publisher-0.0.0-py3.10.egg-info
[0.973s] running install_scripts
[0.990s] Installing sys_status_pub script to /home/bjl/bjl_ws/install/status_publisher/lib/status_publisher
[0.991s] writing list of installed files to '/home/bjl/bjl_ws/build/status_publisher/install.log'
[1.016s] Invoked command in '/home/bjl/bjl_ws/src/status_publisher' returned '0': CMAKE_PREFIX_PATH=/home/bjl/bjl_ws/install/status_interfaces:/home/bjl/bjl_ws/install/status_display:/home/bjl/bjl_ws/install/patrol_control_service:/home/bjl/bjl_ws/install/face_interfaces:/home/bjl/bjl_ws/install/demo_cpp_topic:/home/bjl/bjl_ws/install/birdbot_navigation2:/home/bjl/bjl_ws/install/birdbot_description:/home/bjl/bjl_ws/install/autopartol_interface PYTHONPATH=/home/bjl/bjl_ws/build/status_publisher/prefix_override:/usr/lib/python3/dist-packages/colcon_core/task/python/colcon_distutils_commands:/home/bjl/bjl_ws/install/status_publisher/lib/python3.10/site-packages:${PYTHONPATH} /usr/bin/python3 -W ignore:setup.py install is deprecated -W ignore:easy_install command is deprecated setup.py egg_info --egg-base ../../build/status_publisher build --build-base /home/bjl/bjl_ws/build/status_publisher/build install --record /home/bjl/bjl_ws/build/status_publisher/install.log --single-version-externally-managed install_data
