[0.415s] Invoking command in '/home/bjl/bjl_ws/build/birdbot_navigation2': CMAKE_PREFIX_PATH=${CMAKE_PREFIX_PATH}:/home/bjl/bjl_ws/install/status_publisher:/home/bjl/bjl_ws/install/face_python_service:/home/bjl/bjl_ws/install/demo_python_topic:/home/bjl/bjl_ws/install/birdbot_application:/home/bjl/bjl_ws/install/autopartol_robot:/opt/ros/humble /usr/bin/cmake --build /home/bjl/bjl_ws/build/birdbot_navigation2 -- -j16 -l16
[0.616s] Invoked command in '/home/bjl/bjl_ws/build/birdbot_navigation2' returned '0': CMAKE_PREFIX_PATH=${CMAKE_PREFIX_PATH}:/home/bjl/bjl_ws/install/status_publisher:/home/bjl/bjl_ws/install/face_python_service:/home/bjl/bjl_ws/install/demo_python_topic:/home/bjl/bjl_ws/install/birdbot_application:/home/bjl/bjl_ws/install/autopartol_robot:/opt/ros/humble /usr/bin/cmake --build /home/bjl/bjl_ws/build/birdbot_navigation2 -- -j16 -l16
[0.618s] Invoking command in '/home/bjl/bjl_ws/build/birdbot_navigation2': CMAKE_PREFIX_PATH=${CMAKE_PREFIX_PATH}:/home/bjl/bjl_ws/install/status_publisher:/home/bjl/bjl_ws/install/face_python_service:/home/bjl/bjl_ws/install/demo_python_topic:/home/bjl/bjl_ws/install/birdbot_application:/home/bjl/bjl_ws/install/autopartol_robot:/opt/ros/humble /usr/bin/cmake --install /home/bjl/bjl_ws/build/birdbot_navigation2
[0.720s] -- Install configuration: ""
[0.721s] -- Up-to-date: /home/bjl/bjl_ws/install/birdbot_navigation2/share/birdbot_navigation2/launch
[0.721s] -- Up-to-date: /home/bjl/bjl_ws/install/birdbot_navigation2/share/birdbot_navigation2/launch/navigation2.launch.py
[0.721s] -- Up-to-date: /home/bjl/bjl_ws/install/birdbot_navigation2/share/birdbot_navigation2/config
[0.721s] -- Up-to-date: /home/bjl/bjl_ws/install/birdbot_navigation2/share/birdbot_navigation2/config/nav2_params.yaml
[0.722s] -- Up-to-date: /home/bjl/bjl_ws/install/birdbot_navigation2/share/birdbot_navigation2/maps
[0.722s] -- Up-to-date: /home/bjl/bjl_ws/install/birdbot_navigation2/share/birdbot_navigation2/maps/room2.pgm
[0.722s] -- Up-to-date: /home/bjl/bjl_ws/install/birdbot_navigation2/share/birdbot_navigation2/maps/room2.yaml
[0.722s] -- Up-to-date: /home/bjl/bjl_ws/install/birdbot_navigation2/share/ament_index/resource_index/package_run_dependencies/birdbot_navigation2
[0.722s] -- Up-to-date: /home/bjl/bjl_ws/install/birdbot_navigation2/share/ament_index/resource_index/parent_prefix_path/birdbot_navigation2
[0.722s] -- Up-to-date: /home/bjl/bjl_ws/install/birdbot_navigation2/share/birdbot_navigation2/environment/ament_prefix_path.sh
[0.723s] -- Up-to-date: /home/bjl/bjl_ws/install/birdbot_navigation2/share/birdbot_navigation2/environment/ament_prefix_path.dsv
[0.723s] -- Up-to-date: /home/bjl/bjl_ws/install/birdbot_navigation2/share/birdbot_navigation2/environment/path.sh
[0.723s] -- Up-to-date: /home/bjl/bjl_ws/install/birdbot_navigation2/share/birdbot_navigation2/environment/path.dsv
[0.724s] -- Up-to-date: /home/bjl/bjl_ws/install/birdbot_navigation2/share/birdbot_navigation2/local_setup.bash
[0.724s] -- Up-to-date: /home/bjl/bjl_ws/install/birdbot_navigation2/share/birdbot_navigation2/local_setup.sh
[0.724s] -- Up-to-date: /home/bjl/bjl_ws/install/birdbot_navigation2/share/birdbot_navigation2/local_setup.zsh
[0.724s] -- Up-to-date: /home/bjl/bjl_ws/install/birdbot_navigation2/share/birdbot_navigation2/local_setup.dsv
[0.724s] -- Installing: /home/bjl/bjl_ws/install/birdbot_navigation2/share/birdbot_navigation2/package.dsv
[0.725s] -- Up-to-date: /home/bjl/bjl_ws/install/birdbot_navigation2/share/ament_index/resource_index/packages/birdbot_navigation2
[0.725s] -- Up-to-date: /home/bjl/bjl_ws/install/birdbot_navigation2/share/birdbot_navigation2/cmake/birdbot_navigation2Config.cmake
[0.725s] -- Up-to-date: /home/bjl/bjl_ws/install/birdbot_navigation2/share/birdbot_navigation2/cmake/birdbot_navigation2Config-version.cmake
[0.725s] -- Up-to-date: /home/bjl/bjl_ws/install/birdbot_navigation2/share/birdbot_navigation2/package.xml
[0.770s] Invoked command in '/home/bjl/bjl_ws/build/birdbot_navigation2' returned '0': CMAKE_PREFIX_PATH=${CMAKE_PREFIX_PATH}:/home/bjl/bjl_ws/install/status_publisher:/home/bjl/bjl_ws/install/face_python_service:/home/bjl/bjl_ws/install/demo_python_topic:/home/bjl/bjl_ws/install/birdbot_application:/home/bjl/bjl_ws/install/autopartol_robot:/opt/ros/humble /usr/bin/cmake --install /home/bjl/bjl_ws/build/birdbot_navigation2
