[1.002s] Invoking command in '/home/bjl/bjl_ws/src/demo_python_topic': PYTHONPATH=/home/bjl/bjl_ws/build/demo_python_topic/prefix_override:/usr/lib/python3/dist-packages/colcon_core/task/python/colcon_distutils_commands:/home/bjl/bjl_ws/install/demo_python_topic/lib/python3.10/site-packages:${PYTHONPATH} /usr/bin/python3 -W ignore:setup.py install is deprecated -W ignore:easy_install command is deprecated setup.py egg_info --egg-base ../../build/demo_python_topic build --build-base /home/bjl/bjl_ws/build/demo_python_topic/build install --record /home/bjl/bjl_ws/build/demo_python_topic/install.log --single-version-externally-managed install_data
[1.255s] running egg_info
[1.255s] writing ../../build/demo_python_topic/demo_python_topic.egg-info/PKG-INFO
[1.255s] writing dependency_links to ../../build/demo_python_topic/demo_python_topic.egg-info/dependency_links.txt
[1.255s] writing entry points to ../../build/demo_python_topic/demo_python_topic.egg-info/entry_points.txt
[1.256s] writing requirements to ../../build/demo_python_topic/demo_python_topic.egg-info/requires.txt
[1.256s] writing top-level names to ../../build/demo_python_topic/demo_python_topic.egg-info/top_level.txt
[1.257s] reading manifest file '../../build/demo_python_topic/demo_python_topic.egg-info/SOURCES.txt'
[1.257s] writing manifest file '../../build/demo_python_topic/demo_python_topic.egg-info/SOURCES.txt'
[1.258s] running build
[1.259s] running build_py
[1.259s] running install
[1.259s] running install_lib
[1.260s] running install_data
[1.260s] running install_egg_info
[1.263s] removing '/home/bjl/bjl_ws/install/demo_python_topic/lib/python3.10/site-packages/demo_python_topic-0.0.0-py3.10.egg-info' (and everything under it)
[1.264s] Copying ../../build/demo_python_topic/demo_python_topic.egg-info to /home/bjl/bjl_ws/install/demo_python_topic/lib/python3.10/site-packages/demo_python_topic-0.0.0-py3.10.egg-info
[1.264s] running install_scripts
[1.264s] Installing novel_pub_node script to /home/bjl/bjl_ws/install/demo_python_topic/lib/demo_python_topic
[1.265s] Installing novel_sub_node script to /home/bjl/bjl_ws/install/demo_python_topic/lib/demo_python_topic
[1.265s] writing list of installed files to '/home/bjl/bjl_ws/build/demo_python_topic/install.log'
[1.314s] Invoked command in '/home/bjl/bjl_ws/src/demo_python_topic' returned '0': PYTHONPATH=/home/bjl/bjl_ws/build/demo_python_topic/prefix_override:/usr/lib/python3/dist-packages/colcon_core/task/python/colcon_distutils_commands:/home/bjl/bjl_ws/install/demo_python_topic/lib/python3.10/site-packages:${PYTHONPATH} /usr/bin/python3 -W ignore:setup.py install is deprecated -W ignore:easy_install command is deprecated setup.py egg_info --egg-base ../../build/demo_python_topic build --build-base /home/bjl/bjl_ws/build/demo_python_topic/build install --record /home/bjl/bjl_ws/build/demo_python_topic/install.log --single-version-externally-managed install_data
