[0.693s] Invoking command in '/home/bjl/bjl_ws/src/face_python_service': CMAKE_PREFIX_PATH=/home/bjl/bjl_ws/install/face_interfaces:/home/bjl/bjl_ws/install/status_display:/home/bjl/bjl_ws/install/status_interfaces:/home/bjl/bjl_ws/install/patrol_control_service:/home/bjl/bjl_ws/install/demo_cpp_topic:/home/bjl/bjl_ws/install/birdbot_navigation2:/home/bjl/bjl_ws/install/birdbot_description:/home/bjl/bjl_ws/install/autopartol_interface LD_LIBRARY_PATH=/home/bjl/bjl_ws/install/face_interfaces/lib:/home/bjl/bjl_ws/install/status_interfaces/lib:/home/bjl/bjl_ws/install/autopartol_interface/lib:/usr/lib/x86_64-linux-gnu/gazebo-11/plugins:/opt/ros/humble/opt/rviz_ogre_vendor/lib:/opt/ros/humble/lib/x86_64-linux-gnu:/opt/ros/humble/lib PYTHONPATH=/home/bjl/bjl_ws/build/face_python_service/prefix_override:/usr/lib/python3/dist-packages/colcon_core/task/python/colcon_distutils_commands:/home/bjl/bjl_ws/install/face_python_service/lib/python3.10/site-packages:${PYTHONPATH} /usr/bin/python3 -W ignore:setup.py install is deprecated -W ignore:easy_install command is deprecated setup.py egg_info --egg-base ../../build/face_python_service build --build-base /home/bjl/bjl_ws/build/face_python_service/build install --record /home/bjl/bjl_ws/build/face_python_service/install.log --single-version-externally-managed install_data
[0.828s] running egg_info
[0.829s] writing ../../build/face_python_service/face_python_service.egg-info/PKG-INFO
[0.829s] writing dependency_links to ../../build/face_python_service/face_python_service.egg-info/dependency_links.txt
[0.829s] writing entry points to ../../build/face_python_service/face_python_service.egg-info/entry_points.txt
[0.830s] writing requirements to ../../build/face_python_service/face_python_service.egg-info/requires.txt
[0.830s] writing top-level names to ../../build/face_python_service/face_python_service.egg-info/top_level.txt
[0.831s] reading manifest file '../../build/face_python_service/face_python_service.egg-info/SOURCES.txt'
[0.832s] writing manifest file '../../build/face_python_service/face_python_service.egg-info/SOURCES.txt'
[0.832s] running build
[0.832s] running build_py
[0.832s] running install
[0.832s] running install_lib
[0.833s] running install_data
[0.833s] running install_egg_info
[0.835s] removing '/home/bjl/bjl_ws/install/face_python_service/lib/python3.10/site-packages/face_python_service-0.0.0-py3.10.egg-info' (and everything under it)
[0.835s] Copying ../../build/face_python_service/face_python_service.egg-info to /home/bjl/bjl_ws/install/face_python_service/lib/python3.10/site-packages/face_python_service-0.0.0-py3.10.egg-info
[0.835s] running install_scripts
[0.849s] Installing face_detect_client_node script to /home/bjl/bjl_ws/install/face_python_service/lib/face_python_service
[0.849s] Installing face_detect_client_node2 script to /home/bjl/bjl_ws/install/face_python_service/lib/face_python_service
[0.850s] Installing face_detect_node script to /home/bjl/bjl_ws/install/face_python_service/lib/face_python_service
[0.850s] Installing learn_face_detect script to /home/bjl/bjl_ws/install/face_python_service/lib/face_python_service
[0.850s] writing list of installed files to '/home/bjl/bjl_ws/build/face_python_service/install.log'
[0.873s] Invoked command in '/home/bjl/bjl_ws/src/face_python_service' returned '0': CMAKE_PREFIX_PATH=/home/bjl/bjl_ws/install/face_interfaces:/home/bjl/bjl_ws/install/status_display:/home/bjl/bjl_ws/install/status_interfaces:/home/bjl/bjl_ws/install/patrol_control_service:/home/bjl/bjl_ws/install/demo_cpp_topic:/home/bjl/bjl_ws/install/birdbot_navigation2:/home/bjl/bjl_ws/install/birdbot_description:/home/bjl/bjl_ws/install/autopartol_interface LD_LIBRARY_PATH=/home/bjl/bjl_ws/install/face_interfaces/lib:/home/bjl/bjl_ws/install/status_interfaces/lib:/home/bjl/bjl_ws/install/autopartol_interface/lib:/usr/lib/x86_64-linux-gnu/gazebo-11/plugins:/opt/ros/humble/opt/rviz_ogre_vendor/lib:/opt/ros/humble/lib/x86_64-linux-gnu:/opt/ros/humble/lib PYTHONPATH=/home/bjl/bjl_ws/build/face_python_service/prefix_override:/usr/lib/python3/dist-packages/colcon_core/task/python/colcon_distutils_commands:/home/bjl/bjl_ws/install/face_python_service/lib/python3.10/site-packages:${PYTHONPATH} /usr/bin/python3 -W ignore:setup.py install is deprecated -W ignore:easy_install command is deprecated setup.py egg_info --egg-base ../../build/face_python_service build --build-base /home/bjl/bjl_ws/build/face_python_service/build install --record /home/bjl/bjl_ws/build/face_python_service/install.log --single-version-externally-managed install_data
