[1.962s] Invoking command in '/home/bjl/bjl_ws/src/birdbot_application': PYTHONPATH=/home/bjl/bjl_ws/build/birdbot_application/prefix_override:/usr/lib/python3/dist-packages/colcon_core/task/python/colcon_distutils_commands:/home/bjl/bjl_ws/install/birdbot_application/lib/python3.10/site-packages:${PYTHONPATH} /usr/bin/python3 -W ignore:setup.py install is deprecated -W ignore:easy_install command is deprecated setup.py egg_info --egg-base ../../build/birdbot_application build --build-base /home/bjl/bjl_ws/build/birdbot_application/build install --record /home/bjl/bjl_ws/build/birdbot_application/install.log --single-version-externally-managed install_data
[2.317s] running egg_info
[2.319s] writing ../../build/birdbot_application/birdbot_application.egg-info/PKG-INFO
[2.320s] writing dependency_links to ../../build/birdbot_application/birdbot_application.egg-info/dependency_links.txt
[2.320s] writing entry points to ../../build/birdbot_application/birdbot_application.egg-info/entry_points.txt
[2.320s] writing requirements to ../../build/birdbot_application/birdbot_application.egg-info/requires.txt
[2.320s] writing top-level names to ../../build/birdbot_application/birdbot_application.egg-info/top_level.txt
[2.322s] reading manifest file '../../build/birdbot_application/birdbot_application.egg-info/SOURCES.txt'
[2.323s] writing manifest file '../../build/birdbot_application/birdbot_application.egg-info/SOURCES.txt'
[2.323s] running build
[2.324s] running build_py
[2.324s] running install
[2.324s] running install_lib
[2.326s] running install_data
[2.326s] running install_egg_info
[2.329s] removing '/home/bjl/bjl_ws/install/birdbot_application/lib/python3.10/site-packages/birdbot_application-0.0.0-py3.10.egg-info' (and everything under it)
[2.329s] Copying ../../build/birdbot_application/birdbot_application.egg-info to /home/bjl/bjl_ws/install/birdbot_application/lib/python3.10/site-packages/birdbot_application-0.0.0-py3.10.egg-info
[2.330s] running install_scripts
[2.359s] Installing get_robot_pose script to /home/bjl/bjl_ws/install/birdbot_application/lib/birdbot_application
[2.360s] Installing init_robot_pose script to /home/bjl/bjl_ws/install/birdbot_application/lib/birdbot_application
[2.360s] Installing nav_to_pose script to /home/bjl/bjl_ws/install/birdbot_application/lib/birdbot_application
[2.360s] Installing waypoint_follower script to /home/bjl/bjl_ws/install/birdbot_application/lib/birdbot_application
[2.361s] writing list of installed files to '/home/bjl/bjl_ws/build/birdbot_application/install.log'
[2.394s] Invoked command in '/home/bjl/bjl_ws/src/birdbot_application' returned '0': PYTHONPATH=/home/bjl/bjl_ws/build/birdbot_application/prefix_override:/usr/lib/python3/dist-packages/colcon_core/task/python/colcon_distutils_commands:/home/bjl/bjl_ws/install/birdbot_application/lib/python3.10/site-packages:${PYTHONPATH} /usr/bin/python3 -W ignore:setup.py install is deprecated -W ignore:easy_install command is deprecated setup.py egg_info --egg-base ../../build/birdbot_application build --build-base /home/bjl/bjl_ws/build/birdbot_application/build install --record /home/bjl/bjl_ws/build/birdbot_application/install.log --single-version-externally-managed install_data
