[0.086s] Invoking command in '/home/bjl/bjl_ws/build/face_interfaces': CMAKE_PREFIX_PATH=${CMAKE_PREFIX_PATH}:/home/bjl/bjl_ws/install/status_publisher:/home/bjl/bjl_ws/install/face_python_service:/home/bjl/bjl_ws/install/demo_python_topic:/home/bjl/bjl_ws/install/birdbot_application:/home/bjl/bjl_ws/install/autopartol_robot:/opt/ros/humble /usr/bin/cmake --build /home/bjl/bjl_ws/build/face_interfaces -- -j16 -l16
[0.776s] [ 10%] Built target face_interfaces__rosidl_generator_c
[0.776s] [ 12%] Built target face_interfaces__cpp
[0.776s] [ 23%] Built target face_interfaces__rosidl_typesupport_introspection_c
[0.776s] [ 33%] Built target face_interfaces__rosidl_typesupport_c
[0.776s] [ 33%] Built target ament_cmake_python_copy_face_interfaces
[0.776s] [ 43%] Built target face_interfaces__rosidl_typesupport_fastrtps_c
[0.776s] [ 53%] Built target face_interfaces__rosidl_typesupport_introspection_cpp
[0.776s] [ 64%] Built target face_interfaces__rosidl_typesupport_cpp
[0.776s] [ 74%] Built target face_interfaces__rosidl_typesupport_fastrtps_cpp
[0.776s] [ 74%] Built target face_interfaces
[0.776s] [ 76%] Built target face_interfaces__py
[0.776s] [ 84%] Built target face_interfaces__rosidl_generator_py
[0.777s] [ 89%] Built target face_interfaces__rosidl_typesupport_introspection_c__pyext
[0.778s] [ 94%] Built target face_interfaces__rosidl_typesupport_c__pyext
[0.778s] [100%] Built target face_interfaces__rosidl_typesupport_fastrtps_c__pyext
[0.778s] running egg_info
[0.778s] writing face_interfaces.egg-info/PKG-INFO
[0.779s] writing dependency_links to face_interfaces.egg-info/dependency_links.txt
[0.779s] writing top-level names to face_interfaces.egg-info/top_level.txt
[0.779s] reading manifest file 'face_interfaces.egg-info/SOURCES.txt'
[0.779s] writing manifest file 'face_interfaces.egg-info/SOURCES.txt'
[0.779s] [100%] Built target ament_cmake_python_build_face_interfaces_egg
[1.057s] Invoked command in '/home/bjl/bjl_ws/build/face_interfaces' returned '0': CMAKE_PREFIX_PATH=${CMAKE_PREFIX_PATH}:/home/bjl/bjl_ws/install/status_publisher:/home/bjl/bjl_ws/install/face_python_service:/home/bjl/bjl_ws/install/demo_python_topic:/home/bjl/bjl_ws/install/birdbot_application:/home/bjl/bjl_ws/install/autopartol_robot:/opt/ros/humble /usr/bin/cmake --build /home/bjl/bjl_ws/build/face_interfaces -- -j16 -l16
[1.069s] Invoking command in '/home/bjl/bjl_ws/build/face_interfaces': CMAKE_PREFIX_PATH=${CMAKE_PREFIX_PATH}:/home/bjl/bjl_ws/install/status_publisher:/home/bjl/bjl_ws/install/face_python_service:/home/bjl/bjl_ws/install/demo_python_topic:/home/bjl/bjl_ws/install/birdbot_application:/home/bjl/bjl_ws/install/autopartol_robot:/opt/ros/humble /usr/bin/cmake --install /home/bjl/bjl_ws/build/face_interfaces
[1.081s] -- Install configuration: ""
[1.081s] -- Up-to-date: /home/bjl/bjl_ws/install/face_interfaces/share/ament_index/resource_index/rosidl_interfaces/face_interfaces
[1.081s] -- Up-to-date: /home/bjl/bjl_ws/install/face_interfaces/include/face_interfaces/face_interfaces
[1.081s] -- Up-to-date: /home/bjl/bjl_ws/install/face_interfaces/include/face_interfaces/face_interfaces/msg
[1.081s] -- Up-to-date: /home/bjl/bjl_ws/install/face_interfaces/include/face_interfaces/face_interfaces/msg/rosidl_generator_c__visibility_control.h
[1.082s] -- Up-to-date: /home/bjl/bjl_ws/install/face_interfaces/include/face_interfaces/face_interfaces/srv
[1.082s] -- Up-to-date: /home/bjl/bjl_ws/install/face_interfaces/include/face_interfaces/face_interfaces/srv/detail
[1.082s] -- Up-to-date: /home/bjl/bjl_ws/install/face_interfaces/include/face_interfaces/face_interfaces/srv/detail/partol__type_support.h
[1.082s] -- Up-to-date: /home/bjl/bjl_ws/install/face_interfaces/include/face_interfaces/face_interfaces/srv/detail/partol__functions.h
[1.082s] -- Up-to-date: /home/bjl/bjl_ws/install/face_interfaces/include/face_interfaces/face_interfaces/srv/detail/face_detector__functions.h
[1.082s] -- Up-to-date: /home/bjl/bjl_ws/install/face_interfaces/include/face_interfaces/face_interfaces/srv/detail/partol__struct.h
[1.082s] -- Up-to-date: /home/bjl/bjl_ws/install/face_interfaces/include/face_interfaces/face_interfaces/srv/detail/face_detector__struct.h
[1.082s] -- Up-to-date: /home/bjl/bjl_ws/install/face_interfaces/include/face_interfaces/face_interfaces/srv/detail/partol__functions.c
[1.082s] -- Up-to-date: /home/bjl/bjl_ws/install/face_interfaces/include/face_interfaces/face_interfaces/srv/detail/face_detector__type_support.h
[1.082s] -- Up-to-date: /home/bjl/bjl_ws/install/face_interfaces/include/face_interfaces/face_interfaces/srv/detail/face_detector__functions.c
[1.082s] -- Up-to-date: /home/bjl/bjl_ws/install/face_interfaces/include/face_interfaces/face_interfaces/srv/face_detector.h
[1.082s] -- Up-to-date: /home/bjl/bjl_ws/install/face_interfaces/include/face_interfaces/face_interfaces/srv/partol.h
[1.082s] -- Up-to-date: /home/bjl/bjl_ws/install/face_interfaces/share/face_interfaces/environment/library_path.sh
[1.082s] -- Up-to-date: /home/bjl/bjl_ws/install/face_interfaces/share/face_interfaces/environment/library_path.dsv
[1.097s] -- Up-to-date: /home/bjl/bjl_ws/install/face_interfaces/lib/libface_interfaces__rosidl_generator_c.so
[1.097s] -- Up-to-date: /home/bjl/bjl_ws/install/face_interfaces/include/face_interfaces/face_interfaces
[1.097s] -- Up-to-date: /home/bjl/bjl_ws/install/face_interfaces/include/face_interfaces/face_interfaces/msg
[1.097s] -- Up-to-date: /home/bjl/bjl_ws/install/face_interfaces/include/face_interfaces/face_interfaces/msg/rosidl_typesupport_fastrtps_c__visibility_control.h
[1.097s] -- Up-to-date: /home/bjl/bjl_ws/install/face_interfaces/include/face_interfaces/face_interfaces/srv
[1.097s] -- Up-to-date: /home/bjl/bjl_ws/install/face_interfaces/include/face_interfaces/face_interfaces/srv/detail
[1.097s] -- Up-to-date: /home/bjl/bjl_ws/install/face_interfaces/include/face_interfaces/face_interfaces/srv/detail/partol__rosidl_typesupport_fastrtps_c.h
[1.097s] -- Up-to-date: /home/bjl/bjl_ws/install/face_interfaces/include/face_interfaces/face_interfaces/srv/detail/face_detector__rosidl_typesupport_fastrtps_c.h
[1.097s] -- Up-to-date: /home/bjl/bjl_ws/install/face_interfaces/lib/libface_interfaces__rosidl_typesupport_fastrtps_c.so
[1.097s] -- Up-to-date: /home/bjl/bjl_ws/install/face_interfaces/include/face_interfaces/face_interfaces
[1.097s] -- Up-to-date: /home/bjl/bjl_ws/install/face_interfaces/include/face_interfaces/face_interfaces/msg
[1.097s] -- Up-to-date: /home/bjl/bjl_ws/install/face_interfaces/include/face_interfaces/face_interfaces/msg/rosidl_generator_cpp__visibility_control.hpp
[1.097s] -- Up-to-date: /home/bjl/bjl_ws/install/face_interfaces/include/face_interfaces/face_interfaces/srv
[1.097s] -- Up-to-date: /home/bjl/bjl_ws/install/face_interfaces/include/face_interfaces/face_interfaces/srv/partol.hpp
[1.097s] -- Up-to-date: /home/bjl/bjl_ws/install/face_interfaces/include/face_interfaces/face_interfaces/srv/detail
[1.097s] -- Up-to-date: /home/bjl/bjl_ws/install/face_interfaces/include/face_interfaces/face_interfaces/srv/detail/face_detector__builder.hpp
[1.097s] -- Up-to-date: /home/bjl/bjl_ws/install/face_interfaces/include/face_interfaces/face_interfaces/srv/detail/face_detector__struct.hpp
[1.098s] -- Up-to-date: /home/bjl/bjl_ws/install/face_interfaces/include/face_interfaces/face_interfaces/srv/detail/partol__traits.hpp
[1.098s] -- Up-to-date: /home/bjl/bjl_ws/install/face_interfaces/include/face_interfaces/face_interfaces/srv/detail/partol__type_support.hpp
[1.098s] -- Up-to-date: /home/bjl/bjl_ws/install/face_interfaces/include/face_interfaces/face_interfaces/srv/detail/face_detector__type_support.hpp
[1.098s] -- Up-to-date: /home/bjl/bjl_ws/install/face_interfaces/include/face_interfaces/face_interfaces/srv/detail/partol__builder.hpp
[1.098s] -- Up-to-date: /home/bjl/bjl_ws/install/face_interfaces/include/face_interfaces/face_interfaces/srv/detail/face_detector__traits.hpp
[1.098s] -- Up-to-date: /home/bjl/bjl_ws/install/face_interfaces/include/face_interfaces/face_interfaces/srv/detail/partol__struct.hpp
[1.098s] -- Up-to-date: /home/bjl/bjl_ws/install/face_interfaces/include/face_interfaces/face_interfaces/srv/face_detector.hpp
[1.099s] -- Up-to-date: /home/bjl/bjl_ws/install/face_interfaces/include/face_interfaces/face_interfaces
[1.099s] -- Up-to-date: /home/bjl/bjl_ws/install/face_interfaces/include/face_interfaces/face_interfaces/msg
[1.099s] -- Up-to-date: /home/bjl/bjl_ws/install/face_interfaces/include/face_interfaces/face_interfaces/msg/rosidl_typesupport_fastrtps_cpp__visibility_control.h
[1.099s] -- Up-to-date: /home/bjl/bjl_ws/install/face_interfaces/include/face_interfaces/face_interfaces/srv
[1.099s] -- Up-to-date: /home/bjl/bjl_ws/install/face_interfaces/include/face_interfaces/face_interfaces/srv/detail
[1.099s] -- Up-to-date: /home/bjl/bjl_ws/install/face_interfaces/include/face_interfaces/face_interfaces/srv/detail/partol__rosidl_typesupport_fastrtps_cpp.hpp
[1.099s] -- Up-to-date: /home/bjl/bjl_ws/install/face_interfaces/include/face_interfaces/face_interfaces/srv/detail/face_detector__rosidl_typesupport_fastrtps_cpp.hpp
[1.099s] -- Up-to-date: /home/bjl/bjl_ws/install/face_interfaces/include/face_interfaces/face_interfaces/srv/detail/dds_fastrtps
[1.099s] -- Up-to-date: /home/bjl/bjl_ws/install/face_interfaces/lib/libface_interfaces__rosidl_typesupport_fastrtps_cpp.so
[1.099s] -- Up-to-date: /home/bjl/bjl_ws/install/face_interfaces/include/face_interfaces/face_interfaces
[1.099s] -- Up-to-date: /home/bjl/bjl_ws/install/face_interfaces/include/face_interfaces/face_interfaces/msg
[1.099s] -- Up-to-date: /home/bjl/bjl_ws/install/face_interfaces/include/face_interfaces/face_interfaces/msg/rosidl_typesupport_introspection_c__visibility_control.h
[1.099s] -- Up-to-date: /home/bjl/bjl_ws/install/face_interfaces/include/face_interfaces/face_interfaces/srv
[1.099s] -- Up-to-date: /home/bjl/bjl_ws/install/face_interfaces/include/face_interfaces/face_interfaces/srv/detail
[1.099s] -- Up-to-date: /home/bjl/bjl_ws/install/face_interfaces/include/face_interfaces/face_interfaces/srv/detail/partol__type_support.c
[1.099s] -- Up-to-date: /home/bjl/bjl_ws/install/face_interfaces/include/face_interfaces/face_interfaces/srv/detail/partol__rosidl_typesupport_introspection_c.h
[1.099s] -- Up-to-date: /home/bjl/bjl_ws/install/face_interfaces/include/face_interfaces/face_interfaces/srv/detail/face_detector__rosidl_typesupport_introspection_c.h
[1.100s] -- Up-to-date: /home/bjl/bjl_ws/install/face_interfaces/include/face_interfaces/face_interfaces/srv/detail/face_detector__type_support.c
[1.100s] -- Up-to-date: /home/bjl/bjl_ws/install/face_interfaces/lib/libface_interfaces__rosidl_typesupport_introspection_c.so
[1.100s] -- Up-to-date: /home/bjl/bjl_ws/install/face_interfaces/lib/libface_interfaces__rosidl_typesupport_c.so
[1.100s] -- Up-to-date: /home/bjl/bjl_ws/install/face_interfaces/include/face_interfaces/face_interfaces
[1.100s] -- Up-to-date: /home/bjl/bjl_ws/install/face_interfaces/include/face_interfaces/face_interfaces/srv
[1.100s] -- Up-to-date: /home/bjl/bjl_ws/install/face_interfaces/include/face_interfaces/face_interfaces/srv/detail
[1.100s] -- Up-to-date: /home/bjl/bjl_ws/install/face_interfaces/include/face_interfaces/face_interfaces/srv/detail/face_detector__type_support.cpp
[1.100s] -- Up-to-date: /home/bjl/bjl_ws/install/face_interfaces/include/face_interfaces/face_interfaces/srv/detail/face_detector__rosidl_typesupport_introspection_cpp.hpp
[1.100s] -- Up-to-date: /home/bjl/bjl_ws/install/face_interfaces/include/face_interfaces/face_interfaces/srv/detail/partol__rosidl_typesupport_introspection_cpp.hpp
[1.100s] -- Up-to-date: /home/bjl/bjl_ws/install/face_interfaces/include/face_interfaces/face_interfaces/srv/detail/partol__type_support.cpp
[1.100s] -- Up-to-date: /home/bjl/bjl_ws/install/face_interfaces/lib/libface_interfaces__rosidl_typesupport_introspection_cpp.so
[1.100s] -- Up-to-date: /home/bjl/bjl_ws/install/face_interfaces/lib/libface_interfaces__rosidl_typesupport_cpp.so
[1.100s] -- Up-to-date: /home/bjl/bjl_ws/install/face_interfaces/share/face_interfaces/environment/pythonpath.sh
[1.100s] -- Up-to-date: /home/bjl/bjl_ws/install/face_interfaces/share/face_interfaces/environment/pythonpath.dsv
[1.101s] -- Up-to-date: /home/bjl/bjl_ws/install/face_interfaces/local/lib/python3.10/dist-packages/face_interfaces-0.0.0-py3.10.egg-info
[1.101s] -- Installing: /home/bjl/bjl_ws/install/face_interfaces/local/lib/python3.10/dist-packages/face_interfaces-0.0.0-py3.10.egg-info/dependency_links.txt
[1.101s] -- Installing: /home/bjl/bjl_ws/install/face_interfaces/local/lib/python3.10/dist-packages/face_interfaces-0.0.0-py3.10.egg-info/SOURCES.txt
[1.101s] -- Installing: /home/bjl/bjl_ws/install/face_interfaces/local/lib/python3.10/dist-packages/face_interfaces-0.0.0-py3.10.egg-info/top_level.txt
[1.101s] -- Installing: /home/bjl/bjl_ws/install/face_interfaces/local/lib/python3.10/dist-packages/face_interfaces-0.0.0-py3.10.egg-info/PKG-INFO
[1.101s] -- Up-to-date: /home/bjl/bjl_ws/install/face_interfaces/local/lib/python3.10/dist-packages/face_interfaces
[1.113s] -- Up-to-date: /home/bjl/bjl_ws/install/face_interfaces/local/lib/python3.10/dist-packages/face_interfaces/_face_interfaces_s.ep.rosidl_typesupport_fastrtps_c.c
[1.114s] -- Up-to-date: /home/bjl/bjl_ws/install/face_interfaces/local/lib/python3.10/dist-packages/face_interfaces/libface_interfaces__rosidl_generator_py.so
[1.114s] -- Up-to-date: /home/bjl/bjl_ws/install/face_interfaces/local/lib/python3.10/dist-packages/face_interfaces/srv
[1.114s] -- Up-to-date: /home/bjl/bjl_ws/install/face_interfaces/local/lib/python3.10/dist-packages/face_interfaces/srv/_face_detector_s.c
[1.114s] -- Up-to-date: /home/bjl/bjl_ws/install/face_interfaces/local/lib/python3.10/dist-packages/face_interfaces/srv/_partol_s.c
[1.114s] -- Up-to-date: /home/bjl/bjl_ws/install/face_interfaces/local/lib/python3.10/dist-packages/face_interfaces/srv/_partol.py
[1.115s] -- Up-to-date: /home/bjl/bjl_ws/install/face_interfaces/local/lib/python3.10/dist-packages/face_interfaces/srv/_face_detector.py
[1.115s] -- Up-to-date: /home/bjl/bjl_ws/install/face_interfaces/local/lib/python3.10/dist-packages/face_interfaces/srv/__init__.py
[1.115s] -- Up-to-date: /home/bjl/bjl_ws/install/face_interfaces/local/lib/python3.10/dist-packages/face_interfaces/face_interfaces_s__rosidl_typesupport_fastrtps_c.cpython-310-x86_64-linux-gnu.so
[1.115s] -- Up-to-date: /home/bjl/bjl_ws/install/face_interfaces/local/lib/python3.10/dist-packages/face_interfaces/_face_interfaces_s.ep.rosidl_typesupport_introspection_c.c
[1.115s] -- Up-to-date: /home/bjl/bjl_ws/install/face_interfaces/local/lib/python3.10/dist-packages/face_interfaces/face_interfaces_s__rosidl_typesupport_c.cpython-310-x86_64-linux-gnu.so
[1.116s] -- Up-to-date: /home/bjl/bjl_ws/install/face_interfaces/local/lib/python3.10/dist-packages/face_interfaces/_face_interfaces_s.ep.rosidl_typesupport_c.c
[1.116s] -- Up-to-date: /home/bjl/bjl_ws/install/face_interfaces/local/lib/python3.10/dist-packages/face_interfaces/face_interfaces_s__rosidl_typesupport_introspection_c.cpython-310-x86_64-linux-gnu.so
[1.116s] -- Up-to-date: /home/bjl/bjl_ws/install/face_interfaces/local/lib/python3.10/dist-packages/face_interfaces/__init__.py
[1.187s] Listing '/home/bjl/bjl_ws/install/face_interfaces/local/lib/python3.10/dist-packages/face_interfaces'...
[1.187s] Listing '/home/bjl/bjl_ws/install/face_interfaces/local/lib/python3.10/dist-packages/face_interfaces/srv'...
[1.211s] -- Up-to-date: /home/bjl/bjl_ws/install/face_interfaces/local/lib/python3.10/dist-packages/face_interfaces/face_interfaces_s__rosidl_typesupport_fastrtps_c.cpython-310-x86_64-linux-gnu.so
[1.219s] -- Up-to-date: /home/bjl/bjl_ws/install/face_interfaces/local/lib/python3.10/dist-packages/face_interfaces/face_interfaces_s__rosidl_typesupport_introspection_c.cpython-310-x86_64-linux-gnu.so
[1.220s] -- Up-to-date: /home/bjl/bjl_ws/install/face_interfaces/local/lib/python3.10/dist-packages/face_interfaces/face_interfaces_s__rosidl_typesupport_c.cpython-310-x86_64-linux-gnu.so
[1.220s] -- Up-to-date: /home/bjl/bjl_ws/install/face_interfaces/lib/libface_interfaces__rosidl_generator_py.so
[1.220s] -- Up-to-date: /home/bjl/bjl_ws/install/face_interfaces/share/face_interfaces/srv/FaceDetector.idl
[1.220s] -- Up-to-date: /home/bjl/bjl_ws/install/face_interfaces/share/face_interfaces/srv/Partol.idl
[1.221s] -- Up-to-date: /home/bjl/bjl_ws/install/face_interfaces/share/face_interfaces/srv/FaceDetector.srv
[1.222s] -- Up-to-date: /home/bjl/bjl_ws/install/face_interfaces/share/face_interfaces/srv/FaceDetector_Request.msg
[1.222s] -- Up-to-date: /home/bjl/bjl_ws/install/face_interfaces/share/face_interfaces/srv/FaceDetector_Response.msg
[1.222s] -- Up-to-date: /home/bjl/bjl_ws/install/face_interfaces/share/face_interfaces/srv/Partol.srv
[1.222s] -- Up-to-date: /home/bjl/bjl_ws/install/face_interfaces/share/face_interfaces/srv/Partol_Request.msg
[1.222s] -- Up-to-date: /home/bjl/bjl_ws/install/face_interfaces/share/face_interfaces/srv/Partol_Response.msg
[1.222s] -- Up-to-date: /home/bjl/bjl_ws/install/face_interfaces/share/ament_index/resource_index/package_run_dependencies/face_interfaces
[1.222s] -- Up-to-date: /home/bjl/bjl_ws/install/face_interfaces/share/ament_index/resource_index/parent_prefix_path/face_interfaces
[1.222s] -- Up-to-date: /home/bjl/bjl_ws/install/face_interfaces/share/face_interfaces/environment/ament_prefix_path.sh
[1.223s] -- Up-to-date: /home/bjl/bjl_ws/install/face_interfaces/share/face_interfaces/environment/ament_prefix_path.dsv
[1.223s] -- Up-to-date: /home/bjl/bjl_ws/install/face_interfaces/share/face_interfaces/environment/path.sh
[1.223s] -- Up-to-date: /home/bjl/bjl_ws/install/face_interfaces/share/face_interfaces/environment/path.dsv
[1.223s] -- Up-to-date: /home/bjl/bjl_ws/install/face_interfaces/share/face_interfaces/local_setup.bash
[1.223s] -- Up-to-date: /home/bjl/bjl_ws/install/face_interfaces/share/face_interfaces/local_setup.sh
[1.223s] -- Up-to-date: /home/bjl/bjl_ws/install/face_interfaces/share/face_interfaces/local_setup.zsh
[1.223s] -- Up-to-date: /home/bjl/bjl_ws/install/face_interfaces/share/face_interfaces/local_setup.dsv
[1.223s] -- Installing: /home/bjl/bjl_ws/install/face_interfaces/share/face_interfaces/package.dsv
[1.224s] -- Up-to-date: /home/bjl/bjl_ws/install/face_interfaces/share/ament_index/resource_index/packages/face_interfaces
[1.224s] -- Up-to-date: /home/bjl/bjl_ws/install/face_interfaces/share/face_interfaces/cmake/export_face_interfaces__rosidl_generator_cExport.cmake
[1.224s] -- Up-to-date: /home/bjl/bjl_ws/install/face_interfaces/share/face_interfaces/cmake/export_face_interfaces__rosidl_generator_cExport-noconfig.cmake
[1.224s] -- Up-to-date: /home/bjl/bjl_ws/install/face_interfaces/share/face_interfaces/cmake/export_face_interfaces__rosidl_typesupport_fastrtps_cExport.cmake
[1.224s] -- Up-to-date: /home/bjl/bjl_ws/install/face_interfaces/share/face_interfaces/cmake/export_face_interfaces__rosidl_typesupport_fastrtps_cExport-noconfig.cmake
[1.224s] -- Up-to-date: /home/bjl/bjl_ws/install/face_interfaces/share/face_interfaces/cmake/export_face_interfaces__rosidl_generator_cppExport.cmake
[1.224s] -- Up-to-date: /home/bjl/bjl_ws/install/face_interfaces/share/face_interfaces/cmake/export_face_interfaces__rosidl_typesupport_fastrtps_cppExport.cmake
[1.224s] -- Up-to-date: /home/bjl/bjl_ws/install/face_interfaces/share/face_interfaces/cmake/export_face_interfaces__rosidl_typesupport_fastrtps_cppExport-noconfig.cmake
[1.224s] -- Up-to-date: /home/bjl/bjl_ws/install/face_interfaces/share/face_interfaces/cmake/face_interfaces__rosidl_typesupport_introspection_cExport.cmake
[1.225s] -- Up-to-date: /home/bjl/bjl_ws/install/face_interfaces/share/face_interfaces/cmake/face_interfaces__rosidl_typesupport_introspection_cExport-noconfig.cmake
[1.225s] -- Up-to-date: /home/bjl/bjl_ws/install/face_interfaces/share/face_interfaces/cmake/face_interfaces__rosidl_typesupport_cExport.cmake
[1.225s] -- Up-to-date: /home/bjl/bjl_ws/install/face_interfaces/share/face_interfaces/cmake/face_interfaces__rosidl_typesupport_cExport-noconfig.cmake
[1.225s] -- Up-to-date: /home/bjl/bjl_ws/install/face_interfaces/share/face_interfaces/cmake/face_interfaces__rosidl_typesupport_introspection_cppExport.cmake
[1.225s] -- Up-to-date: /home/bjl/bjl_ws/install/face_interfaces/share/face_interfaces/cmake/face_interfaces__rosidl_typesupport_introspection_cppExport-noconfig.cmake
[1.225s] -- Up-to-date: /home/bjl/bjl_ws/install/face_interfaces/share/face_interfaces/cmake/face_interfaces__rosidl_typesupport_cppExport.cmake
[1.225s] -- Up-to-date: /home/bjl/bjl_ws/install/face_interfaces/share/face_interfaces/cmake/face_interfaces__rosidl_typesupport_cppExport-noconfig.cmake
[1.225s] -- Up-to-date: /home/bjl/bjl_ws/install/face_interfaces/share/face_interfaces/cmake/export_face_interfaces__rosidl_generator_pyExport.cmake
[1.225s] -- Up-to-date: /home/bjl/bjl_ws/install/face_interfaces/share/face_interfaces/cmake/export_face_interfaces__rosidl_generator_pyExport-noconfig.cmake
[1.225s] -- Up-to-date: /home/bjl/bjl_ws/install/face_interfaces/share/face_interfaces/cmake/rosidl_cmake-extras.cmake
[1.225s] -- Up-to-date: /home/bjl/bjl_ws/install/face_interfaces/share/face_interfaces/cmake/ament_cmake_export_dependencies-extras.cmake
[1.225s] -- Up-to-date: /home/bjl/bjl_ws/install/face_interfaces/share/face_interfaces/cmake/ament_cmake_export_include_directories-extras.cmake
[1.226s] -- Up-to-date: /home/bjl/bjl_ws/install/face_interfaces/share/face_interfaces/cmake/ament_cmake_export_libraries-extras.cmake
[1.226s] -- Up-to-date: /home/bjl/bjl_ws/install/face_interfaces/share/face_interfaces/cmake/ament_cmake_export_targets-extras.cmake
[1.226s] -- Up-to-date: /home/bjl/bjl_ws/install/face_interfaces/share/face_interfaces/cmake/rosidl_cmake_export_typesupport_targets-extras.cmake
[1.226s] -- Up-to-date: /home/bjl/bjl_ws/install/face_interfaces/share/face_interfaces/cmake/rosidl_cmake_export_typesupport_libraries-extras.cmake
[1.226s] -- Up-to-date: /home/bjl/bjl_ws/install/face_interfaces/share/face_interfaces/cmake/face_interfacesConfig.cmake
[1.226s] -- Up-to-date: /home/bjl/bjl_ws/install/face_interfaces/share/face_interfaces/cmake/face_interfacesConfig-version.cmake
[1.226s] -- Up-to-date: /home/bjl/bjl_ws/install/face_interfaces/share/face_interfaces/package.xml
[1.302s] Invoked command in '/home/bjl/bjl_ws/build/face_interfaces' returned '0': CMAKE_PREFIX_PATH=${CMAKE_PREFIX_PATH}:/home/bjl/bjl_ws/install/status_publisher:/home/bjl/bjl_ws/install/face_python_service:/home/bjl/bjl_ws/install/demo_python_topic:/home/bjl/bjl_ws/install/birdbot_application:/home/bjl/bjl_ws/install/autopartol_robot:/opt/ros/humble /usr/bin/cmake --install /home/bjl/bjl_ws/build/face_interfaces
